Determining if the pthread_create exist failed with the following output:
Change Dir: /home/jose/ROS_Project_2020/catkin_turtlebot3/build/CMakeFiles/CMakeTmp

Run Build Command:"/usr/bin/make" "cmTC_d24cf/fast"
/usr/bin/make -f CMakeFiles/cmTC_d24cf.dir/build.make CMakeFiles/cmTC_d24cf.dir/build
make[1]: Entering directory '/home/jose/ROS_Project_2020/catkin_turtlebot3/build/CMakeFiles/CMakeTmp'
Building C object CMakeFiles/cmTC_d24cf.dir/CheckSymbolExists.c.o
/usr/bin/cc    -o CMakeFiles/cmTC_d24cf.dir/CheckSymbolExists.c.o   -c /home/jose/ROS_Project_2020/catkin_turtlebot3/build/CMakeFiles/CMakeTmp/CheckSymbolExists.c
Linking C executable cmTC_d24cf
/usr/bin/cmake -E cmake_link_script CMakeFiles/cmTC_d24cf.dir/link.txt --verbose=1
/usr/bin/cc      -rdynamic CMakeFiles/cmTC_d24cf.dir/CheckSymbolExists.c.o  -o cmTC_d24cf 
CMakeFiles/cmTC_d24cf.dir/CheckSymbolExists.c.o: In function `main':
CheckSymbolExists.c:(.text+0x1b): undefined reference to `pthread_create'
collect2: error: ld returned 1 exit status
CMakeFiles/cmTC_d24cf.dir/build.make:97: recipe for target 'cmTC_d24cf' failed
make[1]: *** [cmTC_d24cf] Error 1
make[1]: Leaving directory '/home/jose/ROS_Project_2020/catkin_turtlebot3/build/CMakeFiles/CMakeTmp'
Makefile:126: recipe for target 'cmTC_d24cf/fast' failed
make: *** [cmTC_d24cf/fast] Error 2

File /home/jose/ROS_Project_2020/catkin_turtlebot3/build/CMakeFiles/CMakeTmp/CheckSymbolExists.c:
/* */
#include <pthread.h>

int main(int argc, char** argv)
{
  (void)argv;
#ifndef pthread_create
  return ((int*)(&pthread_create))[argc];
#else
  (void)argc;
  return 0;
#endif
}

Determining if the function pthread_create exists in the pthreads failed with the following output:
Change Dir: /home/jose/ROS_Project_2020/catkin_turtlebot3/build/CMakeFiles/CMakeTmp

Run Build Command:"/usr/bin/make" "cmTC_06e02/fast"
/usr/bin/make -f CMakeFiles/cmTC_06e02.dir/build.make CMakeFiles/cmTC_06e02.dir/build
make[1]: Entering directory '/home/jose/ROS_Project_2020/catkin_turtlebot3/build/CMakeFiles/CMakeTmp'
Building C object CMakeFiles/cmTC_06e02.dir/CheckFunctionExists.c.o
/usr/bin/cc   -DCHECK_FUNCTION_EXISTS=pthread_create   -o CMakeFiles/cmTC_06e02.dir/CheckFunctionExists.c.o   -c /usr/share/cmake-3.10/Modules/CheckFunctionExists.c
Linking C executable cmTC_06e02
/usr/bin/cmake -E cmake_link_script CMakeFiles/cmTC_06e02.dir/link.txt --verbose=1
/usr/bin/cc  -DCHECK_FUNCTION_EXISTS=pthread_create    -rdynamic CMakeFiles/cmTC_06e02.dir/CheckFunctionExists.c.o  -o cmTC_06e02 -lpthreads 
/usr/bin/ld: cannot find -lpthreads
collect2: error: ld returned 1 exit status
CMakeFiles/cmTC_06e02.dir/build.make:97: recipe for target 'cmTC_06e02' failed
make[1]: *** [cmTC_06e02] Error 1
make[1]: Leaving directory '/home/jose/ROS_Project_2020/catkin_turtlebot3/build/CMakeFiles/CMakeTmp'
Makefile:126: recipe for target 'cmTC_06e02/fast' failed
make: *** [cmTC_06e02/fast] Error 2


