[rospy.client][INFO] 2020-06-16 16:24:23,755: init_node, name[/obj_node], pid[10149]
[xmlrpc][INFO] 2020-06-16 16:24:23,773: XML-RPC server binding to 0.0.0.0:0
[xmlrpc][INFO] 2020-06-16 16:24:23,774: Started XML-RPC server [http://jose-Lenovo-V110-15AST:37669/]
[rospy.init][INFO] 2020-06-16 16:24:23,774: ROS Slave URI: [http://jose-Lenovo-V110-15AST:37669/]
[rospy.impl.masterslave][INFO] 2020-06-16 16:24:23,775: _ready: http://jose-Lenovo-V110-15AST:37669/
[xmlrpc][INFO] 2020-06-16 16:24:23,786: xml rpc node: starting XML-RPC server
[rospy.registration][INFO] 2020-06-16 16:24:23,787: Registering with master node http://localhost:11311
[rospy.init][INFO] 2020-06-16 16:24:23,876: registered with master
[rospy.rosout][INFO] 2020-06-16 16:24:23,876: initializing /rosout core topic
[rospy.rosout][INFO] 2020-06-16 16:24:23,892: connected to core topic /rosout
[rospy.simtime][INFO] 2020-06-16 16:24:23,899: /use_sim_time is not set, will not subscribe to simulated time [/clock] topic
[rospy.internal][INFO] 2020-06-16 16:24:24,162: topic[/rosout] adding connection to [/rosout], count 0
[rospy.internal][INFO] 2020-06-16 16:24:24,565: topic[/ready_img] adding connection to [/show_img], count 0
[rospy.internal][INFO] 2020-06-16 16:24:24,998: topic[/obj_detector] adding connection to [/robot_move], count 0
[rospy.internal][INFO] 2020-06-16 16:24:25,072: topic[/robot_status] adding connection to [http://jose-Lenovo-V110-15AST:44611/], count 0
[rospy.core][INFO] 2020-06-16 16:27:14,258: signal_shutdown [signal-2]
[rospy.internal][WARNING] 2020-06-16 16:27:14,279: Unknown error initiating TCP/IP socket to jose-Lenovo-V110-15AST:38499 (http://jose-Lenovo-V110-15AST:44611/): Traceback (most recent call last):
  File "/opt/ros/melodic/lib/python2.7/dist-packages/rospy/impl/tcpros_base.py", line 562, in connect
    self.read_header()
  File "/opt/ros/melodic/lib/python2.7/dist-packages/rospy/impl/tcpros_base.py", line 657, in read_header
    self._validate_header(read_ros_handshake_header(sock, self.read_buff, self.protocol.buff_size))
  File "/opt/ros/melodic/lib/python2.7/dist-packages/rosgraph/network.py", line 357, in read_ros_handshake_header
    d = sock.recv(buff_size)
error: [Errno 104] Connection reset by peer

[rospy.internal][INFO] 2020-06-16 16:27:14,279: topic[/robot_status] removing connection to http://jose-Lenovo-V110-15AST:44611/
[rospy.internal][INFO] 2020-06-16 16:27:14,280: topic[/obj_detector] removing connection to /robot_move
[rospy.internal][INFO] 2020-06-16 16:27:14,281: topic[/rosout] removing connection to /rosout
[rospy.internal][INFO] 2020-06-16 16:27:14,281: topic[/ready_img] removing connection to /show_img
[rospy.impl.masterslave][INFO] 2020-06-16 16:27:14,283: signal-2
[rospy.core][INFO] 2020-06-16 16:27:14,419: signal_shutdown [atexit]
