[rospy.client][INFO] 2020-06-16 16:24:24,941: init_node, name[/robot_move], pid[10151]
[xmlrpc][INFO] 2020-06-16 16:24:24,944: XML-RPC server binding to 0.0.0.0:0
[xmlrpc][INFO] 2020-06-16 16:24:24,945: Started XML-RPC server [http://jose-Lenovo-V110-15AST:44611/]
[rospy.impl.masterslave][INFO] 2020-06-16 16:24:24,945: _ready: http://jose-Lenovo-V110-15AST:44611/
[xmlrpc][INFO] 2020-06-16 16:24:24,946: xml rpc node: starting XML-RPC server
[rospy.registration][INFO] 2020-06-16 16:24:24,947: Registering with master node http://localhost:11311
[rospy.init][INFO] 2020-06-16 16:24:24,947: ROS Slave URI: [http://jose-Lenovo-V110-15AST:44611/]
[rospy.init][INFO] 2020-06-16 16:24:24,948: registered with master
[rospy.rosout][INFO] 2020-06-16 16:24:24,948: initializing /rosout core topic
[rospy.rosout][INFO] 2020-06-16 16:24:24,957: connected to core topic /rosout
[rospy.simtime][INFO] 2020-06-16 16:24:24,960: /use_sim_time is not set, will not subscribe to simulated time [/clock] topic
[rospy.internal][INFO] 2020-06-16 16:24:24,987: topic[/odom] adding connection to [http://jose-Lenovo-V110-15AST:46833/], count 0
[rospy.internal][INFO] 2020-06-16 16:24:24,992: topic[/obj_detector] adding connection to [http://jose-Lenovo-V110-15AST:37669/], count 0
[rospy.internal][INFO] 2020-06-16 16:24:25,076: topic[/robot_status] adding connection to [/obj_node], count 0
[rospy.internal][INFO] 2020-06-16 16:24:25,171: topic[/cmd_vel] adding connection to [/turtlebot3_fake_node], count 0
[rospy.internal][INFO] 2020-06-16 16:24:25,178: topic[/rosout] adding connection to [/rosout], count 0
[rospy.core][INFO] 2020-06-16 16:27:14,242: signal_shutdown [signal-2]
[rospy.internal][INFO] 2020-06-16 16:27:14,250: topic[/robot_status] removing connection to /obj_node
[rospy.internal][INFO] 2020-06-16 16:27:14,250: topic[/rosout] removing connection to /rosout
[rospy.internal][INFO] 2020-06-16 16:27:14,251: topic[/cmd_vel] removing connection to /turtlebot3_fake_node
[rospy.internal][INFO] 2020-06-16 16:27:14,270: topic[/obj_detector] removing connection to http://jose-Lenovo-V110-15AST:37669/
[rospy.internal][INFO] 2020-06-16 16:27:14,271: topic[/odom] removing connection to http://jose-Lenovo-V110-15AST:46833/
[rospy.impl.masterslave][INFO] 2020-06-16 16:27:14,271: signal-2
[rospy.core][INFO] 2020-06-16 16:27:14,385: signal_shutdown [atexit]
