[rospy.client][INFO] 2020-06-16 16:24:24,346: init_node, name[/show_img], pid[10148]
[xmlrpc][INFO] 2020-06-16 16:24:24,354: XML-RPC server binding to 0.0.0.0:0
[rospy.init][INFO] 2020-06-16 16:24:24,356: ROS Slave URI: [http://jose-Lenovo-V110-15AST:37559/]
[xmlrpc][INFO] 2020-06-16 16:24:24,356: Started XML-RPC server [http://jose-Lenovo-V110-15AST:37559/]
[rospy.impl.masterslave][INFO] 2020-06-16 16:24:24,357: _ready: http://jose-Lenovo-V110-15AST:37559/
[rospy.registration][INFO] 2020-06-16 16:24:24,363: Registering with master node http://localhost:11311
[xmlrpc][INFO] 2020-06-16 16:24:24,363: xml rpc node: starting XML-RPC server
[rospy.init][INFO] 2020-06-16 16:24:24,457: registered with master
[rospy.rosout][INFO] 2020-06-16 16:24:24,457: initializing /rosout core topic
[rospy.rosout][INFO] 2020-06-16 16:24:24,466: connected to core topic /rosout
[rospy.simtime][INFO] 2020-06-16 16:24:24,471: /use_sim_time is not set, will not subscribe to simulated time [/clock] topic
[rospy.internal][INFO] 2020-06-16 16:24:24,552: topic[/ready_img] adding connection to [http://jose-Lenovo-V110-15AST:37669/], count 0
[rospy.internal][INFO] 2020-06-16 16:24:24,760: topic[/rosout] adding connection to [/rosout], count 0
[rospy.internal][INFO] 2020-06-16 16:24:25,361: topic[/img_rviz] adding connection to [/rviz], count 0
[rospy.core][INFO] 2020-06-16 16:27:14,260: signal_shutdown [signal-2]
[rospy.internal][INFO] 2020-06-16 16:27:14,267: topic[/rosout] removing connection to /rosout
[rospy.internal][INFO] 2020-06-16 16:27:14,267: topic[/img_rviz] removing connection to /rviz
[rospy.internal][INFO] 2020-06-16 16:27:14,268: topic[/ready_img] removing connection to http://jose-Lenovo-V110-15AST:37669/
[rospy.impl.masterslave][INFO] 2020-06-16 16:27:14,268: signal-2
[rospy.core][INFO] 2020-06-16 16:27:14,386: signal_shutdown [atexit]
