[rosmaster.main][INFO] 2020-06-16 16:23:13,496: initialization complete, waiting for shutdown
[rosmaster.main][INFO] 2020-06-16 16:23:13,496: Starting ROS Master Node
[xmlrpc][INFO] 2020-06-16 16:23:13,500: XML-RPC server binding to 0.0.0.0:11311
[xmlrpc][INFO] 2020-06-16 16:23:13,500: Started XML-RPC server [http://jose-Lenovo-V110-15AST:11311/]
[rosmaster.master][INFO] 2020-06-16 16:23:13,500: Master initialized: port[11311], uri[http://jose-Lenovo-V110-15AST:11311/]
[xmlrpc][INFO] 2020-06-16 16:23:13,501: xml rpc node: starting XML-RPC server
[rosmaster.master][INFO] 2020-06-16 16:23:13,524: +PARAM [/run_id] by /roslaunch
[rosmaster.master][INFO] 2020-06-16 16:23:13,526: +PARAM [/roslaunch/uris/host_jose_lenovo_v110_15ast__43901] by /roslaunch
[rosmaster.master][INFO] 2020-06-16 16:23:13,646: +PARAM [/rosversion] by /roslaunch
[rosmaster.master][INFO] 2020-06-16 16:23:13,646: +PARAM [/robot_description] by /roslaunch
[rosmaster.master][INFO] 2020-06-16 16:23:13,647: +PARAM [/rosdistro] by /roslaunch
[rosmaster.master][INFO] 2020-06-16 16:23:13,647: +PARAM [/tb3_model] by /roslaunch
[rosmaster.master][INFO] 2020-06-16 16:23:13,647: +PARAM [/robot_state_publisher/publish_frequency] by /roslaunch
[rosmaster.master][INFO] 2020-06-16 16:23:13,656: +SERVICE [/rosout/get_loggers] /rosout http://jose-Lenovo-V110-15AST:34581/
[rosmaster.master][INFO] 2020-06-16 16:23:13,657: +SERVICE [/rosout/set_logger_level] /rosout http://jose-Lenovo-V110-15AST:34581/
[rosmaster.master][INFO] 2020-06-16 16:23:13,660: +PUB [/rosout_agg] /rosout http://jose-Lenovo-V110-15AST:34581/
[rosmaster.master][INFO] 2020-06-16 16:23:13,669: +SUB [/rosout] /rosout http://jose-Lenovo-V110-15AST:34581/
[rosmaster.master][INFO] 2020-06-16 16:23:13,702: +PUB [/rosout] /turtlebot3_fake_node http://jose-Lenovo-V110-15AST:35383/
[rosmaster.master][INFO] 2020-06-16 16:23:13,703: +SERVICE [/turtlebot3_fake_node/get_loggers] /turtlebot3_fake_node http://jose-Lenovo-V110-15AST:35383/
[rosmaster.master][INFO] 2020-06-16 16:23:13,705: +SERVICE [/turtlebot3_fake_node/set_logger_level] /turtlebot3_fake_node http://jose-Lenovo-V110-15AST:35383/
[rosmaster.master][INFO] 2020-06-16 16:23:13,707: +PUB [/tf] /turtlebot3_fake_node http://jose-Lenovo-V110-15AST:35383/
[rosmaster.master][INFO] 2020-06-16 16:23:13,713: +PUB [/joint_states] /turtlebot3_fake_node http://jose-Lenovo-V110-15AST:35383/
[rosmaster.master][INFO] 2020-06-16 16:23:13,716: +PUB [/odom] /turtlebot3_fake_node http://jose-Lenovo-V110-15AST:35383/
[rosmaster.master][INFO] 2020-06-16 16:23:13,723: +SUB [/cmd_vel] /turtlebot3_fake_node http://jose-Lenovo-V110-15AST:35383/
[rosmaster.master][INFO] 2020-06-16 16:23:13,738: +PUB [/rosout] /robot_state_publisher http://jose-Lenovo-V110-15AST:36051/
[rosmaster.master][INFO] 2020-06-16 16:23:13,744: +SERVICE [/robot_state_publisher/get_loggers] /robot_state_publisher http://jose-Lenovo-V110-15AST:36051/
[rosmaster.master][INFO] 2020-06-16 16:23:13,745: +SERVICE [/robot_state_publisher/set_logger_level] /robot_state_publisher http://jose-Lenovo-V110-15AST:36051/
[rosmaster.master][INFO] 2020-06-16 16:23:13,770: +PUB [/tf] /robot_state_publisher http://jose-Lenovo-V110-15AST:36051/
[rosmaster.master][INFO] 2020-06-16 16:23:13,771: +PUB [/tf_static] /robot_state_publisher http://jose-Lenovo-V110-15AST:36051/
[rosmaster.master][INFO] 2020-06-16 16:23:13,798: publisherUpdate[/rosout] -> http://jose-Lenovo-V110-15AST:34581/ ['http://jose-Lenovo-V110-15AST:35383/']
[rosmaster.master][INFO] 2020-06-16 16:23:13,801: publisherUpdate[/rosout] -> http://jose-Lenovo-V110-15AST:34581/ ['http://jose-Lenovo-V110-15AST:35383/']: sec=0.00, result=[1, '', 0]
[rosmaster.master][INFO] 2020-06-16 16:23:13,802: publisherUpdate[/rosout] -> http://jose-Lenovo-V110-15AST:34581/ ['http://jose-Lenovo-V110-15AST:35383/', 'http://jose-Lenovo-V110-15AST:36051/']
[rosmaster.master][INFO] 2020-06-16 16:23:13,803: publisherUpdate[/rosout] -> http://jose-Lenovo-V110-15AST:34581/ ['http://jose-Lenovo-V110-15AST:35383/', 'http://jose-Lenovo-V110-15AST:36051/']: sec=0.00, result=[1, '', 0]
[rosmaster.master][INFO] 2020-06-16 16:23:13,812: +SUB [/joint_states] /robot_state_publisher http://jose-Lenovo-V110-15AST:36051/
[rosmaster.master][INFO] 2020-06-16 16:23:14,587: +PUB [/rosout] /rviz http://jose-Lenovo-V110-15AST:35645/
[rosmaster.master][INFO] 2020-06-16 16:23:14,588: +SERVICE [/rviz/get_loggers] /rviz http://jose-Lenovo-V110-15AST:35645/
[rosmaster.master][INFO] 2020-06-16 16:23:14,591: +SERVICE [/rviz/set_logger_level] /rviz http://jose-Lenovo-V110-15AST:35645/
[rosmaster.master][INFO] 2020-06-16 16:23:14,602: publisherUpdate[/rosout] -> http://jose-Lenovo-V110-15AST:34581/ ['http://jose-Lenovo-V110-15AST:35383/', 'http://jose-Lenovo-V110-15AST:36051/', 'http://jose-Lenovo-V110-15AST:35645/']
[rosmaster.master][INFO] 2020-06-16 16:23:14,605: publisherUpdate[/rosout] -> http://jose-Lenovo-V110-15AST:34581/ ['http://jose-Lenovo-V110-15AST:35383/', 'http://jose-Lenovo-V110-15AST:36051/', 'http://jose-Lenovo-V110-15AST:35645/']: sec=0.00, result=[1, '', 0]
[rosmaster.master][INFO] 2020-06-16 16:23:15,722: +SUB [/tf] /rviz http://jose-Lenovo-V110-15AST:35645/
[rosmaster.master][INFO] 2020-06-16 16:23:15,727: +SUB [/tf_static] /rviz http://jose-Lenovo-V110-15AST:35645/
[rosmaster.master][INFO] 2020-06-16 16:23:15,886: +PUB [/rosout] /obj_node http://jose-Lenovo-V110-15AST:45117/
[rosmaster.master][INFO] 2020-06-16 16:23:15,899: +SERVICE [/obj_node/get_loggers] /obj_node http://jose-Lenovo-V110-15AST:45117/
[rosmaster.master][INFO] 2020-06-16 16:23:15,902: +SERVICE [/obj_node/set_logger_level] /obj_node http://jose-Lenovo-V110-15AST:45117/
[rosmaster.master][INFO] 2020-06-16 16:23:15,904: +PUB [/obj_detector] /obj_node http://jose-Lenovo-V110-15AST:45117/
[rosmaster.master][INFO] 2020-06-16 16:23:15,908: publisherUpdate[/rosout] -> http://jose-Lenovo-V110-15AST:34581/ ['http://jose-Lenovo-V110-15AST:35383/', 'http://jose-Lenovo-V110-15AST:36051/', 'http://jose-Lenovo-V110-15AST:35645/', 'http://jose-Lenovo-V110-15AST:45117/']
[rosmaster.master][INFO] 2020-06-16 16:23:15,910: publisherUpdate[/rosout] -> http://jose-Lenovo-V110-15AST:34581/ ['http://jose-Lenovo-V110-15AST:35383/', 'http://jose-Lenovo-V110-15AST:36051/', 'http://jose-Lenovo-V110-15AST:35645/', 'http://jose-Lenovo-V110-15AST:45117/']: sec=0.00, result=[1, '', 0]
[rosmaster.master][INFO] 2020-06-16 16:23:15,911: +PUB [/ready_img] /obj_node http://jose-Lenovo-V110-15AST:45117/
[rosmaster.master][INFO] 2020-06-16 16:23:15,919: +SUB [/robot_status] /obj_node http://jose-Lenovo-V110-15AST:45117/
[rosmaster.master][INFO] 2020-06-16 16:23:15,936: +PUB [/initialpose] /rviz http://jose-Lenovo-V110-15AST:35645/
[rosmaster.master][INFO] 2020-06-16 16:23:15,939: +PUB [/goal] /rviz http://jose-Lenovo-V110-15AST:35645/
[rosmaster.master][INFO] 2020-06-16 16:23:15,991: +SUB [/visualization_marker] /rviz http://jose-Lenovo-V110-15AST:35645/
[rosmaster.master][INFO] 2020-06-16 16:23:15,996: +SUB [/visualization_marker_array] /rviz http://jose-Lenovo-V110-15AST:35645/
[rosmaster.master][INFO] 2020-06-16 16:23:16,355: +PUB [/rosout] /show_img http://jose-Lenovo-V110-15AST:42843/
[rosmaster.master][INFO] 2020-06-16 16:23:16,377: +SERVICE [/show_img/get_loggers] /show_img http://jose-Lenovo-V110-15AST:42843/
[rosmaster.master][INFO] 2020-06-16 16:23:16,380: +SERVICE [/show_img/set_logger_level] /show_img http://jose-Lenovo-V110-15AST:42843/
[rosmaster.master][INFO] 2020-06-16 16:23:16,382: +PUB [/img_rviz] /show_img http://jose-Lenovo-V110-15AST:42843/
[rosmaster.master][INFO] 2020-06-16 16:23:16,389: +SUB [/ready_img] /show_img http://jose-Lenovo-V110-15AST:42843/
[rosmaster.master][INFO] 2020-06-16 16:23:16,410: publisherUpdate[/rosout] -> http://jose-Lenovo-V110-15AST:34581/ ['http://jose-Lenovo-V110-15AST:35383/', 'http://jose-Lenovo-V110-15AST:36051/', 'http://jose-Lenovo-V110-15AST:35645/', 'http://jose-Lenovo-V110-15AST:45117/', 'http://jose-Lenovo-V110-15AST:42843/']
[rosmaster.master][INFO] 2020-06-16 16:23:16,412: publisherUpdate[/rosout] -> http://jose-Lenovo-V110-15AST:34581/ ['http://jose-Lenovo-V110-15AST:35383/', 'http://jose-Lenovo-V110-15AST:36051/', 'http://jose-Lenovo-V110-15AST:35645/', 'http://jose-Lenovo-V110-15AST:45117/', 'http://jose-Lenovo-V110-15AST:42843/']: sec=0.00, result=[1, '', 0]
[rosmaster.master][INFO] 2020-06-16 16:23:16,478: +SUB [/img_rviz] /rviz http://jose-Lenovo-V110-15AST:35645/
[rosmaster.master][INFO] 2020-06-16 16:23:16,599: +PUB [/visualization_marker_array] /register http://jose-Lenovo-V110-15AST:43065/
[rosmaster.master][INFO] 2020-06-16 16:23:16,611: publisherUpdate[/visualization_marker_array] -> http://jose-Lenovo-V110-15AST:35645/ ['http://jose-Lenovo-V110-15AST:43065/']
[rosmaster.master][INFO] 2020-06-16 16:23:16,613: publisherUpdate[/visualization_marker_array] -> http://jose-Lenovo-V110-15AST:35645/ ['http://jose-Lenovo-V110-15AST:43065/']: sec=0.00, result=[1, '', 0]
[rosmaster.master][INFO] 2020-06-16 16:23:16,676: +PUB [/rosout] /register http://jose-Lenovo-V110-15AST:43065/
[rosmaster.master][INFO] 2020-06-16 16:23:16,691: +SERVICE [/register/get_loggers] /register http://jose-Lenovo-V110-15AST:43065/
[rosmaster.master][INFO] 2020-06-16 16:23:16,693: +SERVICE [/register/set_logger_level] /register http://jose-Lenovo-V110-15AST:43065/
[rosmaster.master][INFO] 2020-06-16 16:23:16,713: publisherUpdate[/rosout] -> http://jose-Lenovo-V110-15AST:34581/ ['http://jose-Lenovo-V110-15AST:35383/', 'http://jose-Lenovo-V110-15AST:36051/', 'http://jose-Lenovo-V110-15AST:35645/', 'http://jose-Lenovo-V110-15AST:45117/', 'http://jose-Lenovo-V110-15AST:42843/', 'http://jose-Lenovo-V110-15AST:43065/']
[rosmaster.master][INFO] 2020-06-16 16:23:16,714: publisherUpdate[/rosout] -> http://jose-Lenovo-V110-15AST:34581/ ['http://jose-Lenovo-V110-15AST:35383/', 'http://jose-Lenovo-V110-15AST:36051/', 'http://jose-Lenovo-V110-15AST:35645/', 'http://jose-Lenovo-V110-15AST:45117/', 'http://jose-Lenovo-V110-15AST:42843/', 'http://jose-Lenovo-V110-15AST:43065/']: sec=0.00, result=[1, '', 0]
[rosmaster.master][INFO] 2020-06-16 16:23:16,946: +PUB [/rosout] /robot_move http://jose-Lenovo-V110-15AST:41831/
[rosmaster.master][INFO] 2020-06-16 16:23:16,952: +SERVICE [/robot_move/get_loggers] /robot_move http://jose-Lenovo-V110-15AST:41831/
[rosmaster.master][INFO] 2020-06-16 16:23:16,955: +SERVICE [/robot_move/set_logger_level] /robot_move http://jose-Lenovo-V110-15AST:41831/
[rosmaster.master][INFO] 2020-06-16 16:23:16,958: +PUB [/cmd_vel] /robot_move http://jose-Lenovo-V110-15AST:41831/
[rosmaster.master][INFO] 2020-06-16 16:23:16,961: +PUB [/robot_status] /robot_move http://jose-Lenovo-V110-15AST:41831/
[rosmaster.master][INFO] 2020-06-16 16:23:16,968: +SUB [/odom] /robot_move http://jose-Lenovo-V110-15AST:41831/
[rosmaster.master][INFO] 2020-06-16 16:23:16,973: +SUB [/obj_detector] /robot_move http://jose-Lenovo-V110-15AST:41831/
[rosmaster.master][INFO] 2020-06-16 16:23:17,014: publisherUpdate[/rosout] -> http://jose-Lenovo-V110-15AST:34581/ ['http://jose-Lenovo-V110-15AST:35383/', 'http://jose-Lenovo-V110-15AST:36051/', 'http://jose-Lenovo-V110-15AST:35645/', 'http://jose-Lenovo-V110-15AST:45117/', 'http://jose-Lenovo-V110-15AST:42843/', 'http://jose-Lenovo-V110-15AST:43065/', 'http://jose-Lenovo-V110-15AST:41831/']
[rosmaster.master][INFO] 2020-06-16 16:23:17,015: publisherUpdate[/cmd_vel] -> http://jose-Lenovo-V110-15AST:35383/ ['http://jose-Lenovo-V110-15AST:41831/']
[rosmaster.master][INFO] 2020-06-16 16:23:17,016: publisherUpdate[/robot_status] -> http://jose-Lenovo-V110-15AST:45117/ ['http://jose-Lenovo-V110-15AST:41831/']
[rosmaster.master][INFO] 2020-06-16 16:23:17,018: publisherUpdate[/rosout] -> http://jose-Lenovo-V110-15AST:34581/ ['http://jose-Lenovo-V110-15AST:35383/', 'http://jose-Lenovo-V110-15AST:36051/', 'http://jose-Lenovo-V110-15AST:35645/', 'http://jose-Lenovo-V110-15AST:45117/', 'http://jose-Lenovo-V110-15AST:42843/', 'http://jose-Lenovo-V110-15AST:43065/', 'http://jose-Lenovo-V110-15AST:41831/']: sec=0.00, result=[1, '', 0]
[rosmaster.master][INFO] 2020-06-16 16:23:17,018: publisherUpdate[/cmd_vel] -> http://jose-Lenovo-V110-15AST:35383/ ['http://jose-Lenovo-V110-15AST:41831/']: sec=0.00, result=[1, '', 0]
[rosmaster.master][INFO] 2020-06-16 16:23:17,019: publisherUpdate[/robot_status] -> http://jose-Lenovo-V110-15AST:45117/ ['http://jose-Lenovo-V110-15AST:41831/']: sec=0.00, result=[1, '', 0]
[rosmaster.master][INFO] 2020-06-16 16:23:17,087: -PUB [/goal] /rviz http://jose-Lenovo-V110-15AST:35645/
[rosmaster.master][INFO] 2020-06-16 16:23:17,089: -PUB [/initialpose] /rviz http://jose-Lenovo-V110-15AST:35645/
[rosmaster.master][INFO] 2020-06-16 16:23:17,105: +PUB [/initialpose] /rviz http://jose-Lenovo-V110-15AST:35645/
[rosmaster.master][INFO] 2020-06-16 16:23:17,106: +PUB [/goal] /rviz http://jose-Lenovo-V110-15AST:35645/
[rosmaster.master][INFO] 2020-06-16 16:23:17,108: +PUB [/move_base_simple/goal] /rviz http://jose-Lenovo-V110-15AST:35645/
[rosmaster.master][INFO] 2020-06-16 16:23:17,109: -PUB [/goal] /rviz http://jose-Lenovo-V110-15AST:35645/
[rosmaster.master][INFO] 2020-06-16 16:23:17,110: +PUB [/clicked_point] /rviz http://jose-Lenovo-V110-15AST:35645/
[rosmaster.master][INFO] 2020-06-16 16:23:17,204: +SERVICE [/rviz/reload_shaders] /rviz http://jose-Lenovo-V110-15AST:35645/
[rosmaster.master][INFO] 2020-06-16 16:23:17,205: +SERVICE [/rviz/load_config] /rviz http://jose-Lenovo-V110-15AST:35645/
[rosmaster.master][INFO] 2020-06-16 16:23:17,206: +SERVICE [/rviz/save_config] /rviz http://jose-Lenovo-V110-15AST:35645/
[rosmaster.master][INFO] 2020-06-16 16:23:50,217: -SUB [/obj_detector] /robot_move http://jose-Lenovo-V110-15AST:41831/
[rosmaster.master][INFO] 2020-06-16 16:23:50,218: -SUB [/odom] /robot_move http://jose-Lenovo-V110-15AST:41831/
[rosmaster.master][INFO] 2020-06-16 16:23:50,218: -PUB [/robot_status] /robot_move http://jose-Lenovo-V110-15AST:41831/
[rosmaster.master][INFO] 2020-06-16 16:23:50,218: -PUB [/rosout] /robot_move http://jose-Lenovo-V110-15AST:41831/
[rosmaster.master][INFO] 2020-06-16 16:23:50,219: -PUB [/cmd_vel] /robot_move http://jose-Lenovo-V110-15AST:41831/
[rosmaster.master][INFO] 2020-06-16 16:23:50,219: -SERVICE [/robot_move/set_logger_level] /robot_move rosrpc://jose-Lenovo-V110-15AST:39287
[rosmaster.master][INFO] 2020-06-16 16:23:50,219: -SERVICE [/robot_move/get_loggers] /robot_move rosrpc://jose-Lenovo-V110-15AST:39287
[rosmaster.master][INFO] 2020-06-16 16:23:50,235: -SUB [/robot_status] /obj_node http://jose-Lenovo-V110-15AST:45117/
[rosmaster.master][INFO] 2020-06-16 16:23:50,236: -PUB [/obj_detector] /obj_node http://jose-Lenovo-V110-15AST:45117/
[rosmaster.master][INFO] 2020-06-16 16:23:50,236: -PUB [/rosout] /obj_node http://jose-Lenovo-V110-15AST:45117/
[rosmaster.master][INFO] 2020-06-16 16:23:50,236: -PUB [/ready_img] /obj_node http://jose-Lenovo-V110-15AST:45117/
[rosmaster.master][INFO] 2020-06-16 16:23:50,236: -SERVICE [/obj_node/set_logger_level] /obj_node rosrpc://jose-Lenovo-V110-15AST:33297
[rosmaster.master][INFO] 2020-06-16 16:23:50,236: -SERVICE [/obj_node/get_loggers] /obj_node rosrpc://jose-Lenovo-V110-15AST:33297
[rosmaster.master][INFO] 2020-06-16 16:23:50,240: -SUB [/ready_img] /show_img http://jose-Lenovo-V110-15AST:42843/
[rosmaster.master][INFO] 2020-06-16 16:23:50,240: -PUB [/rosout] /show_img http://jose-Lenovo-V110-15AST:42843/
[rosmaster.master][INFO] 2020-06-16 16:23:50,240: -PUB [/img_rviz] /show_img http://jose-Lenovo-V110-15AST:42843/
[rosmaster.master][INFO] 2020-06-16 16:23:50,240: -SERVICE [/show_img/get_loggers] /show_img rosrpc://jose-Lenovo-V110-15AST:42967
[rosmaster.master][INFO] 2020-06-16 16:23:50,240: -SERVICE [/show_img/set_logger_level] /show_img rosrpc://jose-Lenovo-V110-15AST:42967
[rosmaster.master][INFO] 2020-06-16 16:23:50,246: -PUB [/rosout] /register http://jose-Lenovo-V110-15AST:43065/
[rosmaster.master][INFO] 2020-06-16 16:23:50,246: -PUB [/visualization_marker_array] /register http://jose-Lenovo-V110-15AST:43065/
[rosmaster.master][INFO] 2020-06-16 16:23:50,247: -SERVICE [/register/get_loggers] /register rosrpc://jose-Lenovo-V110-15AST:44391
[rosmaster.master][INFO] 2020-06-16 16:23:50,247: -SERVICE [/register/set_logger_level] /register rosrpc://jose-Lenovo-V110-15AST:44391
[rosmaster.master][INFO] 2020-06-16 16:23:50,301: publisherUpdate[/robot_status] -> http://jose-Lenovo-V110-15AST:45117/ []
[rosmaster.master][INFO] 2020-06-16 16:23:50,301: publisherUpdate[/rosout] -> http://jose-Lenovo-V110-15AST:34581/ ['http://jose-Lenovo-V110-15AST:35383/', 'http://jose-Lenovo-V110-15AST:36051/', 'http://jose-Lenovo-V110-15AST:35645/', 'http://jose-Lenovo-V110-15AST:45117/', 'http://jose-Lenovo-V110-15AST:42843/', 'http://jose-Lenovo-V110-15AST:43065/']
[rosmaster.master][INFO] 2020-06-16 16:23:50,303: publisherUpdate[/rosout] -> http://jose-Lenovo-V110-15AST:34581/ ['http://jose-Lenovo-V110-15AST:35383/', 'http://jose-Lenovo-V110-15AST:36051/', 'http://jose-Lenovo-V110-15AST:35645/', 'http://jose-Lenovo-V110-15AST:45117/', 'http://jose-Lenovo-V110-15AST:42843/', 'http://jose-Lenovo-V110-15AST:43065/']: sec=0.00, result=[1, '', 0]
[rosmaster.master][INFO] 2020-06-16 16:23:50,304: publisherUpdate[/cmd_vel] -> http://jose-Lenovo-V110-15AST:35383/ []
[rosmaster.master][INFO] 2020-06-16 16:23:50,304: publisherUpdate[/rosout] -> http://jose-Lenovo-V110-15AST:34581/ ['http://jose-Lenovo-V110-15AST:35383/', 'http://jose-Lenovo-V110-15AST:36051/', 'http://jose-Lenovo-V110-15AST:35645/', 'http://jose-Lenovo-V110-15AST:42843/', 'http://jose-Lenovo-V110-15AST:43065/']
[rosmaster.master][INFO] 2020-06-16 16:23:50,306: publisherUpdate[/rosout] -> http://jose-Lenovo-V110-15AST:34581/ ['http://jose-Lenovo-V110-15AST:35383/', 'http://jose-Lenovo-V110-15AST:36051/', 'http://jose-Lenovo-V110-15AST:35645/', 'http://jose-Lenovo-V110-15AST:42843/', 'http://jose-Lenovo-V110-15AST:43065/']: sec=0.00, result=[1, '', 0]
[rosmaster.master][INFO] 2020-06-16 16:23:50,306: publisherUpdate[/ready_img] -> http://jose-Lenovo-V110-15AST:42843/ []
[rosmaster.master][INFO] 2020-06-16 16:23:50,310: publisherUpdate[/cmd_vel] -> http://jose-Lenovo-V110-15AST:35383/ []: sec=0.01, result=[1, '', 0]
[rosmaster.master][INFO] 2020-06-16 16:23:50,310: publisherUpdate[/rosout] -> http://jose-Lenovo-V110-15AST:34581/ ['http://jose-Lenovo-V110-15AST:35383/', 'http://jose-Lenovo-V110-15AST:36051/', 'http://jose-Lenovo-V110-15AST:35645/', 'http://jose-Lenovo-V110-15AST:43065/']
[rosmaster.master][INFO] 2020-06-16 16:23:50,311: publisherUpdate[/rosout] -> http://jose-Lenovo-V110-15AST:34581/ ['http://jose-Lenovo-V110-15AST:35383/', 'http://jose-Lenovo-V110-15AST:36051/', 'http://jose-Lenovo-V110-15AST:35645/', 'http://jose-Lenovo-V110-15AST:43065/']: sec=0.00, result=[1, '', 0]
[rosmaster.master][INFO] 2020-06-16 16:23:50,311: publisherUpdate[/img_rviz] -> http://jose-Lenovo-V110-15AST:35645/ []
[rosmaster.master][INFO] 2020-06-16 16:23:50,313: publisherUpdate[/img_rviz] -> http://jose-Lenovo-V110-15AST:35645/ []: sec=0.00, result=[1, '', 0]
[rosmaster.master][INFO] 2020-06-16 16:23:50,313: publisherUpdate[/rosout] -> http://jose-Lenovo-V110-15AST:34581/ ['http://jose-Lenovo-V110-15AST:35383/', 'http://jose-Lenovo-V110-15AST:36051/', 'http://jose-Lenovo-V110-15AST:35645/']
[rosmaster.master][INFO] 2020-06-16 16:23:50,314: publisherUpdate[/rosout] -> http://jose-Lenovo-V110-15AST:34581/ ['http://jose-Lenovo-V110-15AST:35383/', 'http://jose-Lenovo-V110-15AST:36051/', 'http://jose-Lenovo-V110-15AST:35645/']: sec=0.00, result=[1, '', 0]
[rosmaster.master][INFO] 2020-06-16 16:23:50,314: publisherUpdate[/visualization_marker_array] -> http://jose-Lenovo-V110-15AST:35645/ []
[rosmaster.master][INFO] 2020-06-16 16:23:50,315: publisherUpdate[/visualization_marker_array] -> http://jose-Lenovo-V110-15AST:35645/ []: sec=0.00, result=[1, '', 0]
[rosmaster.master][INFO] 2020-06-16 16:23:50,410: -PUB [/rosout] /turtlebot3_fake_node http://jose-Lenovo-V110-15AST:35383/
[rosmaster.master][INFO] 2020-06-16 16:23:50,411: -PUB [/tf] /turtlebot3_fake_node http://jose-Lenovo-V110-15AST:35383/
[rosmaster.master][INFO] 2020-06-16 16:23:50,413: -PUB [/joint_states] /turtlebot3_fake_node http://jose-Lenovo-V110-15AST:35383/
[rosmaster.master][INFO] 2020-06-16 16:23:50,414: -PUB [/odom] /turtlebot3_fake_node http://jose-Lenovo-V110-15AST:35383/
[rosmaster.master][INFO] 2020-06-16 16:23:50,416: -PUB [/rosout] /rviz http://jose-Lenovo-V110-15AST:35645/
[rosmaster.master][INFO] 2020-06-16 16:23:50,416: publisherUpdate[/rosout] -> http://jose-Lenovo-V110-15AST:34581/ ['http://jose-Lenovo-V110-15AST:36051/', 'http://jose-Lenovo-V110-15AST:35645/']
[rosmaster.master][INFO] 2020-06-16 16:23:50,418: publisherUpdate[/rosout] -> http://jose-Lenovo-V110-15AST:34581/ ['http://jose-Lenovo-V110-15AST:36051/', 'http://jose-Lenovo-V110-15AST:35645/']: sec=0.00, result=[1, '', 0]
[rosmaster.master][INFO] 2020-06-16 16:23:50,419: publisherUpdate[/tf] -> http://jose-Lenovo-V110-15AST:35645/ ['http://jose-Lenovo-V110-15AST:36051/']
[rosmaster.master][INFO] 2020-06-16 16:23:50,419: -PUB [/initialpose] /rviz http://jose-Lenovo-V110-15AST:35645/
[rosmaster.master][INFO] 2020-06-16 16:23:50,420: -PUB [/move_base_simple/goal] /rviz http://jose-Lenovo-V110-15AST:35645/
[rosmaster.master][INFO] 2020-06-16 16:23:50,422: -PUB [/clicked_point] /rviz http://jose-Lenovo-V110-15AST:35645/
[rosmaster.master][INFO] 2020-06-16 16:23:50,424: -SUB [/tf] /rviz http://jose-Lenovo-V110-15AST:35645/
[rosmaster.master][INFO] 2020-06-16 16:23:50,425: -SUB [/cmd_vel] /turtlebot3_fake_node http://jose-Lenovo-V110-15AST:35383/
[rosmaster.master][INFO] 2020-06-16 16:23:50,425: publisherUpdate[/tf] -> http://jose-Lenovo-V110-15AST:35645/ ['http://jose-Lenovo-V110-15AST:36051/']: sec=0.01, exception=<Fault -1: 'publisherUpdate: unknown method name'>
[rosmaster.threadpool][ERROR] 2020-06-16 16:23:50,427: Traceback (most recent call last):
  File "/opt/ros/melodic/lib/python2.7/dist-packages/rosmaster/threadpool.py", line 218, in run
    result = cmd(*args)
  File "/opt/ros/melodic/lib/python2.7/dist-packages/rosmaster/master_api.py", line 210, in publisher_update_task
    ret = xmlrpcapi(api).publisherUpdate('/master', topic, pub_uris)
  File "/usr/lib/python2.7/xmlrpclib.py", line 1243, in __call__
    return self.__send(self.__name, args)
  File "/usr/lib/python2.7/xmlrpclib.py", line 1602, in __request
    verbose=self.__verbose
  File "/usr/lib/python2.7/xmlrpclib.py", line 1283, in request
    return self.single_request(host, handler, request_body, verbose)
  File "/usr/lib/python2.7/xmlrpclib.py", line 1316, in single_request
    return self.parse_response(response)
  File "/usr/lib/python2.7/xmlrpclib.py", line 1493, in parse_response
    return u.close()
  File "/usr/lib/python2.7/xmlrpclib.py", line 800, in close
    raise Fault(**self._stack[0])
Fault: <Fault -1: 'publisherUpdate: unknown method name'>

[rosmaster.master][INFO] 2020-06-16 16:23:50,427: publisherUpdate[/joint_states] -> http://jose-Lenovo-V110-15AST:36051/ []
[rosmaster.master][INFO] 2020-06-16 16:23:50,429: publisherUpdate[/joint_states] -> http://jose-Lenovo-V110-15AST:36051/ []: sec=0.00, result=[0, 'Unknown Error', 0]
[rosmaster.master][INFO] 2020-06-16 16:23:50,429: publisherUpdate[/rosout] -> http://jose-Lenovo-V110-15AST:34581/ ['http://jose-Lenovo-V110-15AST:36051/']
[rosmaster.master][INFO] 2020-06-16 16:23:50,431: -SERVICE [/turtlebot3_fake_node/get_loggers] /turtlebot3_fake_node rosrpc://jose-Lenovo-V110-15AST:54777
[rosmaster.master][INFO] 2020-06-16 16:23:50,432: -SUB [/tf_static] /rviz http://jose-Lenovo-V110-15AST:35645/
[rosmaster.master][INFO] 2020-06-16 16:23:50,438: publisherUpdate[/rosout] -> http://jose-Lenovo-V110-15AST:34581/ ['http://jose-Lenovo-V110-15AST:36051/']: sec=0.01, result=[1, '', 0]
[rosmaster.master][INFO] 2020-06-16 16:23:50,439: -SERVICE [/turtlebot3_fake_node/set_logger_level] /turtlebot3_fake_node rosrpc://jose-Lenovo-V110-15AST:54777
[rosmaster.master][INFO] 2020-06-16 16:23:50,444: -SUB [/visualization_marker] /rviz http://jose-Lenovo-V110-15AST:35645/
[rosmaster.master][INFO] 2020-06-16 16:23:50,446: -SUB [/visualization_marker_array] /rviz http://jose-Lenovo-V110-15AST:35645/
[rosmaster.master][INFO] 2020-06-16 16:23:50,455: -SUB [/img_rviz] /rviz http://jose-Lenovo-V110-15AST:35645/
[rosmaster.master][INFO] 2020-06-16 16:23:50,458: -SERVICE [/rviz/get_loggers] /rviz rosrpc://jose-Lenovo-V110-15AST:38211
[rosmaster.master][INFO] 2020-06-16 16:23:50,464: -SERVICE [/rviz/set_logger_level] /rviz rosrpc://jose-Lenovo-V110-15AST:38211
[rosmaster.master][INFO] 2020-06-16 16:23:50,466: -SERVICE [/rviz/reload_shaders] /rviz rosrpc://jose-Lenovo-V110-15AST:38211
[rosmaster.master][INFO] 2020-06-16 16:23:50,474: -SERVICE [/rviz/load_config] /rviz rosrpc://jose-Lenovo-V110-15AST:38211
[rosmaster.master][INFO] 2020-06-16 16:23:50,480: -SERVICE [/rviz/save_config] /rviz rosrpc://jose-Lenovo-V110-15AST:38211
[rosmaster.master][INFO] 2020-06-16 16:23:50,528: publisherUpdate[/ready_img] -> http://jose-Lenovo-V110-15AST:42843/ []: sec=0.22, exception=[Errno 111] Connection refused
[rosmaster.threadpool][ERROR] 2020-06-16 16:23:50,529: Traceback (most recent call last):
  File "/opt/ros/melodic/lib/python2.7/dist-packages/rosmaster/threadpool.py", line 218, in run
    result = cmd(*args)
  File "/opt/ros/melodic/lib/python2.7/dist-packages/rosmaster/master_api.py", line 210, in publisher_update_task
    ret = xmlrpcapi(api).publisherUpdate('/master', topic, pub_uris)
  File "/usr/lib/python2.7/xmlrpclib.py", line 1243, in __call__
    return self.__send(self.__name, args)
  File "/usr/lib/python2.7/xmlrpclib.py", line 1602, in __request
    verbose=self.__verbose
  File "/usr/lib/python2.7/xmlrpclib.py", line 1283, in request
    return self.single_request(host, handler, request_body, verbose)
  File "/usr/lib/python2.7/xmlrpclib.py", line 1311, in single_request
    self.send_content(h, request_body)
  File "/usr/lib/python2.7/xmlrpclib.py", line 1459, in send_content
    connection.endheaders(request_body)
  File "/usr/lib/python2.7/httplib.py", line 1078, in endheaders
    self._send_output(message_body)
  File "/usr/lib/python2.7/httplib.py", line 894, in _send_output
    self.send(msg)
  File "/usr/lib/python2.7/httplib.py", line 856, in send
    self.connect()
  File "/usr/lib/python2.7/httplib.py", line 833, in connect
    self.timeout, self.source_address)
  File "/usr/lib/python2.7/socket.py", line 575, in create_connection
    raise err
error: [Errno 111] Connection refused

[rosmaster.master][INFO] 2020-06-16 16:23:50,530: -PUB [/rosout] /robot_state_publisher http://jose-Lenovo-V110-15AST:36051/
[rosmaster.master][INFO] 2020-06-16 16:23:50,533: -PUB [/tf] /robot_state_publisher http://jose-Lenovo-V110-15AST:36051/
[rosmaster.master][INFO] 2020-06-16 16:23:50,536: -PUB [/tf_static] /robot_state_publisher http://jose-Lenovo-V110-15AST:36051/
[rosmaster.master][INFO] 2020-06-16 16:23:50,539: publisherUpdate[/rosout] -> http://jose-Lenovo-V110-15AST:34581/ []
[rosmaster.master][INFO] 2020-06-16 16:23:50,540: -SUB [/joint_states] /robot_state_publisher http://jose-Lenovo-V110-15AST:36051/
[rosmaster.master][INFO] 2020-06-16 16:23:50,541: publisherUpdate[/rosout] -> http://jose-Lenovo-V110-15AST:34581/ []: sec=0.00, result=[1, '', 0]
[rosmaster.master][INFO] 2020-06-16 16:23:50,542: -SERVICE [/robot_state_publisher/get_loggers] /robot_state_publisher rosrpc://jose-Lenovo-V110-15AST:33701
[rosmaster.master][INFO] 2020-06-16 16:23:50,543: -SERVICE [/robot_state_publisher/set_logger_level] /robot_state_publisher rosrpc://jose-Lenovo-V110-15AST:33701
[rosmaster.master][INFO] 2020-06-16 16:23:50,556: publisherUpdate[/robot_status] -> http://jose-Lenovo-V110-15AST:45117/ []: sec=0.26, exception=[Errno 111] Connection refused
[rosmaster.threadpool][ERROR] 2020-06-16 16:23:50,557: Traceback (most recent call last):
  File "/opt/ros/melodic/lib/python2.7/dist-packages/rosmaster/threadpool.py", line 218, in run
    result = cmd(*args)
  File "/opt/ros/melodic/lib/python2.7/dist-packages/rosmaster/master_api.py", line 210, in publisher_update_task
    ret = xmlrpcapi(api).publisherUpdate('/master', topic, pub_uris)
  File "/usr/lib/python2.7/xmlrpclib.py", line 1243, in __call__
    return self.__send(self.__name, args)
  File "/usr/lib/python2.7/xmlrpclib.py", line 1602, in __request
    verbose=self.__verbose
  File "/usr/lib/python2.7/xmlrpclib.py", line 1283, in request
    return self.single_request(host, handler, request_body, verbose)
  File "/usr/lib/python2.7/xmlrpclib.py", line 1311, in single_request
    self.send_content(h, request_body)
  File "/usr/lib/python2.7/xmlrpclib.py", line 1459, in send_content
    connection.endheaders(request_body)
  File "/usr/lib/python2.7/httplib.py", line 1078, in endheaders
    self._send_output(message_body)
  File "/usr/lib/python2.7/httplib.py", line 894, in _send_output
    self.send(msg)
  File "/usr/lib/python2.7/httplib.py", line 856, in send
    self.connect()
  File "/usr/lib/python2.7/httplib.py", line 833, in connect
    self.timeout, self.source_address)
  File "/usr/lib/python2.7/socket.py", line 575, in create_connection
    raise err
error: [Errno 111] Connection refused

[rosmaster.master][INFO] 2020-06-16 16:23:50,941: -PUB [/rosout_agg] /rosout http://jose-Lenovo-V110-15AST:34581/
[rosmaster.master][INFO] 2020-06-16 16:23:50,942: -SUB [/rosout] /rosout http://jose-Lenovo-V110-15AST:34581/
[rosmaster.master][INFO] 2020-06-16 16:23:50,943: -SERVICE [/rosout/get_loggers] /rosout rosrpc://jose-Lenovo-V110-15AST:34009
[rosmaster.master][INFO] 2020-06-16 16:23:50,944: -SERVICE [/rosout/set_logger_level] /rosout rosrpc://jose-Lenovo-V110-15AST:34009
[rosmaster.main][INFO] 2020-06-16 16:23:50,961: keyboard interrupt, will exit
[rosmaster.main][INFO] 2020-06-16 16:23:50,962: stopping master...
[rospy.core][INFO] 2020-06-16 16:23:50,962: signal_shutdown [atexit]
