[INFO] [1592317397.024940]: 0.0
[INFO] [1592317397.058302]: 0.0
[INFO] [1592317397.091954]: 0.0
[INFO] [1592317397.125093]: 0.0
[INFO] [1592317402.139013]: 0.0
[INFO] [1592317402.142946]: 0.75
[INFO] [1592317402.145664]: 0.0
[INFO] [1592317402.150136]: 0.75
[INFO] [1592317402.153042]: 0.0
[INFO] [1592317402.155150]: 0.75
[INFO] [1592317402.157169]: 0.0
[INFO] [1592317402.160058]: 0.75
[INFO] [1592317402.162692]: 0.0
[INFO] [1592317402.164955]: 0.75
[INFO] [1592317402.174009]: 0.0
[INFO] [1592317402.180327]: 0.75
[INFO] [1592317402.182478]: 0.0
[INFO] [1592317402.184629]: 0.75
[INFO] [1592317402.186911]: 0.0
[INFO] [1592317402.189241]: 0.75
[INFO] [1592317402.191835]: 0.0
[INFO] [1592317402.194484]: 0.75
[INFO] [1592317402.196738]: 0.0
[INFO] [1592317402.204766]: 0.75
[INFO] [1592317402.210171]: 0.0
[INFO] [1592317402.212575]: 0.75
[INFO] [1592317402.215882]: 0.0
[INFO] [1592317402.218913]: 0.75
[INFO] [1592317402.221407]: 0.0
[INFO] [1592317402.223662]: 0.75
[INFO] [1592317402.226537]: 0.0
[INFO] [1592317402.229108]: 0.75
[INFO] [1592317402.232431]: 0.0
[INFO] [1592317402.236230]: 0.75
[INFO] [1592317402.239350]: 0.0
[INFO] [1592317402.242165]: 0.75
[INFO] [1592317402.244415]: 0.0
[INFO] [1592317402.246548]: 0.75
[INFO] [1592317402.249551]: 0.0
[INFO] [1592317402.251725]: 0.75
[INFO] [1592317402.253852]: 0.0
[INFO] [1592317402.256269]: 0.75
[INFO] [1592317402.259021]: 0.0
[INFO] [1592317402.261642]: 0.75
[INFO] [1592317402.265726]: 0.0
[INFO] [1592317402.268307]: 0.75
[INFO] [1592317402.271881]: 0.0
[INFO] [1592317402.274578]: 0.75
[INFO] [1592317402.276920]: 0.0
[INFO] [1592317402.279201]: 0.75
[INFO] [1592317402.284386]: 0.0
[INFO] [1592317402.287272]: 0.75
[INFO] [1592317402.289516]: 0.0
[INFO] [1592317402.291750]: 0.75
[INFO] [1592317402.294104]: 0.0
[INFO] [1592317402.296379]: 0.75
[INFO] [1592317402.301549]: 0.0
[INFO] [1592317402.305157]: 0.75
[INFO] [1592317402.307628]: 0.0
[INFO] [1592317402.310151]: 0.75
[INFO] [1592317402.312646]: 0.0
[INFO] [1592317402.317076]: 0.75
[INFO] [1592317402.319145]: 0.0
[INFO] [1592317402.321124]: 0.75
[INFO] [1592317402.323391]: 0.0
[INFO] [1592317402.326186]: 0.75
[INFO] [1592317402.329270]: 0.0
[INFO] [1592317402.333885]: 0.75
[INFO] [1592317402.337229]: 0.0
[INFO] [1592317402.340269]: 0.75
[INFO] [1592317402.342758]: 0.0
[INFO] [1592317402.345123]: 0.75
[INFO] [1592317402.349866]: 0.0
[INFO] [1592317402.351873]: 0.75
[INFO] [1592317402.353978]: 0.0
[INFO] [1592317402.356034]: 0.75
[INFO] [1592317402.359024]: 0.0
[INFO] [1592317402.365037]: 0.75
[INFO] [1592317402.368626]: 0.0
[INFO] [1592317402.372400]: 0.75
[INFO] [1592317402.379262]: 0.0
[INFO] [1592317402.383280]: 0.75
[INFO] [1592317402.385563]: 0.0
[INFO] [1592317402.387673]: 0.75
[INFO] [1592317402.390489]: 0.0
[INFO] [1592317402.394650]: 0.75
[INFO] [1592317402.400365]: 0.0
[INFO] [1592317402.402937]: 0.75
[INFO] [1592317402.405063]: 0.0
[INFO] [1592317402.407366]: 0.75
[INFO] [1592317402.410207]: 0.0
[INFO] [1592317402.412627]: 0.75
[INFO] [1592317402.416463]: 0.0
[INFO] [1592317402.418870]: 0.75
[INFO] [1592317402.421293]: 0.0
[INFO] [1592317402.424508]: 0.75
[INFO] [1592317402.430128]: 0.0
[INFO] [1592317402.436611]: 0.75
[INFO] [1592317402.438786]: 0.0
[INFO] [1592317402.441060]: 0.75
[INFO] [1592317402.443414]: 0.0
[INFO] [1592317402.445961]: 0.75
[INFO] [1592317402.449930]: 0.0
[INFO] [1592317402.452285]: 0.75
[INFO] [1592317402.462197]: 0.0
[INFO] [1592317402.468806]: 0.75
[INFO] [1592317402.471578]: 0.0
[INFO] [1592317402.473608]: 0.75
[INFO] [1592317402.476452]: 0.0
[INFO] [1592317402.478916]: 0.75
[INFO] [1592317402.482672]: 0.0
[INFO] [1592317402.486034]: 0.75
[INFO] [1592317402.496550]: 0.0
[INFO] [1592317402.500290]: 0.75
[INFO] [1592317402.502329]: 0.0
[INFO] [1592317402.504395]: 0.75
[INFO] [1592317402.506750]: 0.0
[INFO] [1592317402.508984]: 0.75
[INFO] [1592317402.511541]: 0.0
[INFO] [1592317402.515328]: 0.75
[INFO] [1592317402.517962]: 0.0
[INFO] [1592317402.537092]: 0.75
[INFO] [1592317402.542501]: 0.0
[INFO] [1592317402.550874]: 0.75
[INFO] [1592317402.554328]: 0.0
[INFO] [1592317402.557496]: 0.75
[INFO] [1592317402.563746]: 0.0
[INFO] [1592317402.567554]: 0.75
[INFO] [1592317402.570365]: 0.0
[INFO] [1592317402.573071]: 0.75
[INFO] [1592317402.575806]: 0.0
[INFO] [1592317402.587791]: 0.75
[INFO] [1592317402.592021]: 0.0
[INFO] [1592317402.599344]: 0.75
[INFO] [1592317402.603325]: 0.0
[INFO] [1592317402.608328]: 0.75
[INFO] [1592317402.614713]: 0.0
[INFO] [1592317402.618148]: 0.75
[INFO] [1592317402.622239]: 0.0
[INFO] [1592317402.629742]: 0.75
[INFO] [1592317402.635716]: 0.0
[INFO] [1592317402.642417]: 0.75
[INFO] [1592317402.646166]: 0.0
[INFO] [1592317402.650654]: 0.75
[INFO] [1592317402.655167]: 0.0
[INFO] [1592317402.661647]: 0.75
[INFO] [1592317402.665125]: 0.0
[INFO] [1592317402.672649]: 0.75
[INFO] [1592317402.677402]: 0.0
[INFO] [1592317402.683791]: 0.75
[INFO] [1592317402.693790]: 0.0
[INFO] [1592317402.701300]: 0.75
[INFO] [1592317402.709971]: 0.0
[INFO] [1592317402.713000]: 0.75
[INFO] [1592317402.715951]: 0.0
[INFO] [1592317402.721611]: 0.75
[INFO] [1592317402.724842]: 0.0
[INFO] [1592317402.730207]: 0.75
[INFO] [1592317402.737953]: 0.0
[INFO] [1592317402.744834]: 0.75
[INFO] [1592317402.747527]: 0.0
[INFO] [1592317402.756568]: 0.75
[INFO] [1592317402.763520]: 0.0
[INFO] [1592317402.768601]: 0.75
[INFO] [1592317402.774354]: 0.0
[INFO] [1592317402.780626]: 0.75
[INFO] [1592317402.787126]: 0.0
[INFO] [1592317402.795663]: 0.75
[INFO] [1592317402.798877]: 0.0
[INFO] [1592317402.802980]: 0.75
[INFO] [1592317402.806040]: 0.0
[INFO] [1592317402.809307]: 0.75
[INFO] [1592317402.813046]: 0.0
[INFO] [1592317402.816415]: 0.75
[INFO] [1592317402.820616]: 0.0
[INFO] [1592317402.825511]: 0.75
[INFO] [1592317402.830900]: 0.0
[INFO] [1592317402.834144]: 0.75
[INFO] [1592317402.836940]: 0.0
[INFO] [1592317402.839445]: 0.75
[INFO] [1592317402.841824]: 0.0
[INFO] [1592317402.844336]: 0.75
[INFO] [1592317402.846751]: 0.0
[INFO] [1592317402.857417]: 0.75
[INFO] [1592317402.864033]: 0.0
[INFO] [1592317402.867668]: 0.75
[INFO] [1592317402.871716]: 0.0
[INFO] [1592317402.874106]: 0.75
[INFO] [1592317402.876566]: 0.0
[INFO] [1592317402.879181]: 0.75
[INFO] [1592317402.887874]: 0.0
[INFO] [1592317402.891693]: 0.75
[INFO] [1592317402.894500]: 0.0
[INFO] [1592317402.896809]: 0.75
[INFO] [1592317402.900806]: 0.0
[INFO] [1592317402.903399]: 0.75
[INFO] [1592317402.905859]: 0.0
[INFO] [1592317402.908213]: 0.75
[INFO] [1592317402.911833]: 0.0
[INFO] [1592317402.918595]: 0.75
[INFO] [1592317402.921546]: 0.0
[INFO] [1592317402.925145]: 0.75
[INFO] [1592317402.929445]: 0.0
[INFO] [1592317402.934300]: 0.75
[INFO] [1592317402.936985]: 0.0
[INFO] [1592317402.939711]: 0.75
[INFO] [1592317402.942205]: 0.0
[INFO] [1592317402.945603]: 0.75
[INFO] [1592317402.949773]: 0.0
[INFO] [1592317402.953422]: 0.75
[INFO] [1592317402.956483]: 0.0
[INFO] [1592317402.959665]: 0.75
[INFO] [1592317402.962447]: 0.0
[INFO] [1592317402.967465]: 0.75
[INFO] [1592317402.971163]: 0.0
[INFO] [1592317402.973854]: 0.75
[INFO] [1592317402.977038]: 0.0
[INFO] [1592317402.982358]: 0.75
[INFO] [1592317402.985786]: 0.0
[INFO] [1592317402.988706]: 0.75
[INFO] [1592317402.992136]: 0.0
[INFO] [1592317402.996183]: 0.75
[INFO] [1592317403.000162]: 0.0
[INFO] [1592317403.003029]: 0.75
[INFO] [1592317403.007712]: 0.0
[INFO] [1592317403.011881]: 0.75
[INFO] [1592317403.019584]: 0.0
[INFO] [1592317403.022351]: 0.75
[INFO] [1592317403.026205]: 0.0
[INFO] [1592317403.032435]: 0.75
[INFO] [1592317403.036770]: 0.0
[INFO] [1592317403.040817]: 0.75
[INFO] [1592317403.048327]: 0.0
[INFO] [1592317403.051369]: 0.75
[INFO] [1592317403.054773]: 0.0
[INFO] [1592317403.058083]: 0.75
[INFO] [1592317403.062584]: 0.0
[INFO] [1592317403.067889]: 0.75
[INFO] [1592317403.073745]: 0.0
[INFO] [1592317403.077855]: 0.75
[INFO] [1592317403.084147]: 0.0
[INFO] [1592317403.087281]: 0.75
[INFO] [1592317403.090181]: 0.0
[INFO] [1592317403.097438]: 0.75
[INFO] [1592317403.102010]: 0.0
[INFO] [1592317403.105403]: 0.75
[INFO] [1592317403.110476]: 0.0
[INFO] [1592317403.114113]: 0.75
[INFO] [1592317403.117425]: 0.0
[INFO] [1592317403.120947]: 0.75
[INFO] [1592317403.123893]: 0.0
[INFO] [1592317403.128979]: 0.75
[INFO] [1592317403.137874]: 0.0
[INFO] [1592317403.142264]: 0.75
[INFO] [1592317403.147091]: 0.0
[INFO] [1592317403.151061]: 0.75
[INFO] [1592317403.154113]: 0.0
[INFO] [1592317403.158620]: 0.75
[INFO] [1592317403.162141]: 0.0
[INFO] [1592317403.165779]: 0.75
[INFO] [1592317403.169881]: 0.0
[INFO] [1592317403.173790]: 0.75
[INFO] [1592317403.178024]: 0.0
[INFO] [1592317403.181818]: 0.75
[INFO] [1592317403.185463]: 0.0
[INFO] [1592317403.189922]: 0.75
[INFO] [1592317403.193838]: 0.0
[INFO] [1592317403.200487]: 0.75
[INFO] [1592317403.204400]: 0.0
[INFO] [1592317403.208911]: 0.75
[INFO] [1592317403.212197]: 0.0
[INFO] [1592317403.216160]: 0.75
[INFO] [1592317403.218849]: 0.0
[INFO] [1592317403.221253]: 0.75
[INFO] [1592317403.223860]: 0.0
[INFO] [1592317403.226875]: 0.75
[INFO] [1592317403.229379]: 0.0
[INFO] [1592317403.236057]: 0.75
[INFO] [1592317403.241098]: 0.0
[INFO] [1592317403.248552]: 0.75
[INFO] [1592317403.252001]: 0.0
[INFO] [1592317403.254346]: 0.75
[INFO] [1592317403.256865]: 0.0
[INFO] [1592317403.259849]: 0.75
[INFO] [1592317403.262523]: 0.0
[INFO] [1592317403.275174]: 0.75
[INFO] [1592317403.277931]: 0.0
[INFO] [1592317403.280588]: 0.75
[INFO] [1592317403.284015]: 0.0
[INFO] [1592317403.286433]: 0.75
[INFO] [1592317403.288935]: 0.0
[INFO] [1592317403.291458]: 0.75
[INFO] [1592317403.294427]: 0.0
[INFO] [1592317403.301311]: 0.75
[INFO] [1592317403.307740]: 0.0
[INFO] [1592317403.310169]: 0.75
[INFO] [1592317403.312640]: 0.0
[INFO] [1592317403.316770]: 0.75
[INFO] [1592317403.319275]: 0.0
[INFO] [1592317403.321651]: 0.75
[INFO] [1592317403.324641]: 0.0
[INFO] [1592317403.327567]: 0.75
[INFO] [1592317403.335366]: 0.0
[INFO] [1592317403.341216]: 0.75
[INFO] [1592317403.343991]: 0.0
[INFO] [1592317403.346436]: 0.75
[INFO] [1592317403.352671]: 0.0250165630132
[INFO] [1592317403.355298]: 0.75
[INFO] [1592317403.358255]: 0.0500117540359
[INFO] [1592317403.367104]: 0.75
[INFO] [1592317403.378628]: 0.0750056356192
[INFO] [1592317403.382899]: 0.75
[INFO] [1592317403.385396]: 0.100001037121
[INFO] [1592317403.387832]: 0.75
[INFO] [1592317403.390456]: 0.125005140901
[INFO] [1592317403.394504]: 0.75
[INFO] [1592317403.400821]: 0.150003060699
[INFO] [1592317403.403273]: 0.75
[INFO] [1592317403.405795]: 0.17499935627
[INFO] [1592317403.408157]: 0.75
[INFO] [1592317403.410961]: 0.2000028193
[INFO] [1592317403.413296]: 0.75
[INFO] [1592317403.416788]: 0.225004509091
[INFO] [1592317403.419035]: 0.75
[INFO] [1592317403.421389]: 0.250005841255
[INFO] [1592317403.426064]: 0.75
[INFO] [1592317403.432904]: 0.275010198355
[INFO] [1592317403.435450]: 0.75
[INFO] [1592317403.438236]: 0.299999266863
[INFO] [1592317403.440948]: 0.75
[INFO] [1592317403.444039]: 0.325058847666
[INFO] [1592317403.448776]: 0.75
[INFO] [1592317403.451947]: 0.350005060434
[INFO] [1592317403.454443]: 0.75
[INFO] [1592317403.458843]: 0.37500679493
[INFO] [1592317403.463043]: 0.75
[INFO] [1592317403.467148]: 0.40000513196
[INFO] [1592317403.469793]: 0.75
[INFO] [1592317403.472656]: 0.425011962652
[INFO] [1592317403.477485]: 0.75
[INFO] [1592317403.480029]: 0.450056970119
[INFO] [1592317403.483694]: 0.75
[INFO] [1592317403.490177]: 0.47500193119
[INFO] [1592317403.493811]: 0.75
[INFO] [1592317403.496412]: 0.500005424023
[INFO] [1592317403.500296]: 0.75
[INFO] [1592317403.504551]: 0.525001108646
[INFO] [1592317403.507949]: 0.75
[INFO] [1592317403.510643]: 0.550001442432
[INFO] [1592317403.512971]: 0.75
[INFO] [1592317403.516644]: 0.575030565262
[INFO] [1592317403.519687]: 0.75
[INFO] [1592317403.526580]: 0.600009381771
[INFO] [1592317403.529373]: 0.75
[INFO] [1592317403.533739]: 0.625001192093
[INFO] [1592317403.537707]: 0.75
[INFO] [1592317403.540722]: 0.650048494339
[INFO] [1592317403.544420]: 0.75
[INFO] [1592317403.548386]: 0.675017058849
[INFO] [1592317403.553492]: 0.75
[INFO] [1592317403.558178]: 0.700302362442
[INFO] [1592317403.561805]: 0.75
[INFO] [1592317403.565828]: 0.725015640259
[INFO] [1592317403.568355]: 0.75
[INFO] [1592317403.570949]: 0.75004440546
[INFO] [1592317403.574414]: 0.75
[INFO] [1592317403.576858]: 0.775093019009
[INFO] [1592317403.579179]: 0.75
[INFO] [1592317403.583512]: 0.800002753735
[INFO] [1592317403.586730]: 0.75
[INFO] [1592317403.589421]: 0.825006484985
[INFO] [1592317403.594234]: 0.75
[INFO] [1592317403.599260]: 0.85000193119
[INFO] [1592317403.602131]: 0.75
[INFO] [1592317403.605977]: 0.875002801418
[INFO] [1592317403.608756]: 0.75
[INFO] [1592317403.611465]: 0.900008916855
[INFO] [1592317403.615514]: 0.75
[INFO] [1592317403.618621]: 0.925001561642
[INFO] [1592317403.621872]: 0.75
[INFO] [1592317403.626732]: 0.950001299381
[INFO] [1592317403.629578]: 0.75
[INFO] [1592317403.634165]: 0.975005090237
[INFO] [1592317403.638123]: 0.75
[INFO] [1592317403.641054]: 1.00001549721
[INFO] [1592317403.643766]: 0.75
[INFO] [1592317403.646137]: 1.02504909039
[INFO] [1592317403.651242]: 0.75
[INFO] [1592317403.653854]: 1.05001604557
[INFO] [1592317403.658548]: 0.75
[INFO] [1592317403.661562]: 1.07500374317
[INFO] [1592317403.666222]: 0.75
[INFO] [1592317403.671214]: 1.10001051426
[INFO] [1592317403.673782]: 0.75
[INFO] [1592317403.679284]: 1.12504935265
[INFO] [1592317403.683900]: 0.75
[INFO] [1592317403.691824]: 1.15000295639
[INFO] [1592317403.694639]: 0.75
[INFO] [1592317403.735412]: 1.17512786388
[INFO] [1592317403.738467]: 0.75
[INFO] [1592317403.779474]: 1.20009994507
[INFO] [1592317403.782705]: 0.75
[INFO] [1592317403.823266]: 1.22500240803
[INFO] [1592317403.825980]: 0.75
[INFO] [1592317403.867315]: 1.25000739098
[INFO] [1592317403.870724]: 0.75
[INFO] [1592317403.874659]: 1.27510607243
[INFO] [1592317403.878478]: 0.75
[INFO] [1592317403.911163]: 1.30000734329
[INFO] [1592317403.914235]: 0.75
[INFO] [1592317403.925317]: 1.32510280609
[INFO] [1592317403.928523]: 0.75
[INFO] [1592317403.967355]: 1.3501085043
[INFO] [1592317403.971995]: 0.75
[INFO] [1592317404.011066]: 1.37510204315
[INFO] [1592317404.014615]: 0.75
[INFO] [1592317404.055615]: 1.40010809898
[INFO] [1592317404.059290]: 0.75
[INFO] [1592317404.099386]: 1.42501282692
[INFO] [1592317404.103065]: 0.75
[INFO] [1592317404.105910]: 1.45001316071
[INFO] [1592317404.108838]: 0.75
[INFO] [1592317404.143327]: 1.47510397434
[INFO] [1592317404.145938]: 0.75
[INFO] [1592317404.158916]: 1.50013244152
[INFO] [1592317404.199400]: 1.52501642704
[INFO] [1592317404.243441]: 1.52668261528
[INFO] [1592317404.287323]: 1.52834928036
[INFO] [1592317404.331112]: 1.53001558781
[INFO] [1592317404.334214]: 1.53168237209
[INFO] [1592317404.375344]: 1.53334927559
[INFO] [1592317404.391722]: 1.53501594067
[INFO] [1592317404.435446]: 1.53668308258
[INFO] [1592317404.483874]: 1.5383849144
[INFO] [1592317404.531605]: 1.54001569748
[INFO] [1592317404.535181]: 1.54169034958
[INFO] [1592317404.575326]: 1.54334878922
[INFO] [1592317404.591776]: 1.54502189159
[INFO] [1592317404.635313]: 1.54668939114
[INFO] [1592317404.679278]: 1.54835581779
[INFO] [1592317404.723386]: 1.55001592636
[INFO] [1592317404.767410]: 1.55168259144
[INFO] [1592317404.772072]: 1.5533592701
[INFO] [1592317404.810981]: 1.55502104759
[INFO] [1592317404.825391]: 1.55668866634
[INFO] [1592317404.867403]: 1.55835592747
[INFO] [1592317404.911548]: 1.56001543999
[INFO] [1592317404.955406]: 1.5616825819
[INFO] [1592317404.999141]: 1.56334936619
[INFO] [1592317405.001570]: 1.56501567364
[INFO] [1592317405.043520]: 1.5666821003
[INFO] [1592317405.058345]: 1.56834924221
[INFO] [1592317405.099241]: 1.57002103329
[INFO] [1592317405.147395]: 1.57002103329
[INFO] [1592317405.195245]: 1.57002103329
[INFO] [1592317405.197669]: 1.57002103329
[INFO] [1592317405.239319]: 1.57002103329
[INFO] [1592317405.258712]: 1.57002103329
[INFO] [1592317405.299482]: 1.57002103329
[INFO] [1592317405.343506]: 1.57002103329
[INFO] [1592317405.387085]: 1.57002103329
[INFO] [1592317405.431212]: 1.57002103329
[INFO] [1592317405.435692]: 1.57002103329
[INFO] [1592317405.475518]: 1.57002103329
[INFO] [1592317405.491474]: 1.57002103329
[INFO] [1592317405.535372]: 1.57002103329
[INFO] [1592317405.579238]: 1.57002103329
[INFO] [1592317405.623355]: 1.57002103329
[INFO] [1592317405.667369]: 1.57002103329
[INFO] [1592317405.671376]: 1.57002103329
[INFO] [1592317405.711407]: 1.57002103329
[INFO] [1592317405.725179]: 1.57002103329
[INFO] [1592317405.767222]: 1.57002103329
[INFO] [1592317405.811264]: 1.57002103329
[INFO] [1592317405.855469]: 1.57002103329
[INFO] [1592317405.903197]: 1.57002103329
[INFO] [1592317405.906584]: 1.57002103329
[INFO] [1592317405.947264]: 1.57002103329
[INFO] [1592317405.958603]: 1.57002103329
[INFO] [1592317405.999405]: 1.57002103329
[INFO] [1592317406.043534]: 1.57002103329
[INFO] [1592317406.087196]: 1.57002103329
[INFO] [1592317406.135487]: 1.57002103329
[INFO] [1592317406.138611]: 1.57002103329
[INFO] [1592317406.183275]: 1.57002103329
[INFO] [1592317406.191812]: 1.57002103329
[INFO] [1592317406.235407]: 1.57002103329
[INFO] [1592317406.279123]: 1.57002103329
[INFO] [1592317406.323047]: 1.57002103329
[INFO] [1592317406.367238]: 1.57002103329
[INFO] [1592317406.371015]: 1.57002103329
[INFO] [1592317406.411193]: 1.57002103329
[INFO] [1592317406.425099]: 1.57002103329
[INFO] [1592317406.467816]: 1.57002103329
[INFO] [1592317406.511281]: 1.57002103329
[INFO] [1592317406.555455]: 1.57002103329
[INFO] [1592317406.603398]: 1.57002103329
[INFO] [1592317406.606457]: 1.57002103329
[INFO] [1592317406.647394]: 1.57002103329
[INFO] [1592317406.658307]: 1.57002103329
[INFO] [1592317406.699046]: 1.57002103329
[INFO] [1592317406.743355]: 1.57002103329
[INFO] [1592317406.787319]: 1.57002103329
[INFO] [1592317406.831658]: 1.57002103329
[INFO] [1592317406.834837]: 1.57002103329
[INFO] [1592317406.875344]: 1.57002103329
[INFO] [1592317406.891635]: 1.57002103329
[INFO] [1592317406.935367]: 1.57002103329
[INFO] [1592317406.979388]: 1.57002103329
[INFO] [1592317407.023005]: 1.57002103329
[INFO] [1592317407.067312]: 1.57002103329
[INFO] [1592317407.071262]: 1.57002103329
[INFO] [1592317407.111031]: 1.57002103329
[INFO] [1592317407.125232]: 1.57002103329
[INFO] [1592317407.167442]: 1.57002103329
[INFO] [1592317407.211021]: 1.57002103329
[INFO] [1592317407.255475]: 1.57002103329
[INFO] [1592317407.299376]: 1.57002103329
[INFO] [1592317407.303386]: 1.57002103329
[INFO] [1592317407.343238]: 1.57002103329
[INFO] [1592317407.358741]: 1.57002103329
[INFO] [1592317407.399551]: 1.57002103329
[INFO] [1592317407.443425]: 1.57002103329
[INFO] [1592317407.487401]: 1.57002103329
[INFO] [1592317407.531126]: 1.57002103329
[INFO] [1592317407.533941]: 1.57002103329
[INFO] [1592317407.575407]: 1.57002103329
[INFO] [1592317407.591811]: 1.57002103329
[INFO] [1592317407.639273]: 1.57002103329
[INFO] [1592317407.679379]: 1.57002103329
[INFO] [1592317407.723202]: 1.57002103329
[INFO] [1592317407.767334]: 1.57002103329
[INFO] [1592317407.771052]: 1.57002103329
[INFO] [1592317407.811726]: 1.57002103329
[INFO] [1592317412.826856]: 1.57002103329
[INFO] [1592317412.829248]: 1.57002103329
[INFO] [1592317412.834251]: 1.57002103329
[INFO] [1592317412.840152]: 1.57002103329
[INFO] [1592317412.844510]: 1.57002103329
[INFO] [1592317412.847315]: 1.57002103329
[INFO] [1592317412.849661]: 1.57002103329
[INFO] [1592317412.851897]: 1.57002103329
[INFO] [1592317412.854061]: 1.57002103329
[INFO] [1592317412.856615]: 1.57002103329
[INFO] [1592317412.859821]: 1.57002103329
[INFO] [1592317412.870346]: 1.57002103329
[INFO] [1592317412.873141]: 1.57002103329
[INFO] [1592317412.875527]: 1.57002103329
[INFO] [1592317412.877807]: 1.57002103329
[INFO] [1592317412.880410]: 1.57002103329
[INFO] [1592317412.883195]: 1.57002103329
[INFO] [1592317412.886229]: 1.57002103329
[INFO] [1592317412.889481]: 1.57002103329
[INFO] [1592317412.892034]: 1.57002103329
[INFO] [1592317412.894505]: 1.57002103329
[INFO] [1592317412.903785]: 1.57002103329
[INFO] [1592317412.908798]: 1.57002103329
[INFO] [1592317412.912144]: 1.57002103329
[INFO] [1592317412.915637]: 1.57002103329
[INFO] [1592317412.919155]: 1.57002103329
[INFO] [1592317412.921340]: 1.57002103329
[INFO] [1592317412.923932]: 1.57002103329
[INFO] [1592317412.937726]: 1.57002103329
[INFO] [1592317412.940404]: 1.57002103329
[INFO] [1592317412.942927]: 1.57002103329
[INFO] [1592317412.945114]: 1.57002103329
[INFO] [1592317412.948681]: 1.57002103329
[INFO] [1592317412.952592]: 1.57002103329
[INFO] [1592317412.955751]: 1.57002103329
[INFO] [1592317412.960317]: 1.57002103329
[INFO] [1592317412.965373]: 1.57002103329
[INFO] [1592317412.968700]: 1.57002103329
[INFO] [1592317412.972822]: 1.57002103329
[INFO] [1592317412.976538]: 1.57002103329
[INFO] [1592317412.979689]: 1.57002103329
[INFO] [1592317412.983243]: 1.57002103329
[INFO] [1592317412.985656]: 1.57002103329
[INFO] [1592317412.988018]: 1.57002103329
[INFO] [1592317412.991460]: 1.57002103329
[INFO] [1592317412.995039]: 1.57002103329
[INFO] [1592317413.002613]: 1.57002103329
[INFO] [1592317413.005432]: 1.57002103329
[INFO] [1592317413.008831]: 1.57002103329
[INFO] [1592317413.011447]: 1.57002103329
[INFO] [1592317413.015628]: 1.57002103329
[INFO] [1592317413.018675]: 1.57002103329
[INFO] [1592317413.021239]: 1.57002103329
[INFO] [1592317413.027270]: 1.57002103329
[INFO] [1592317413.031683]: 1.57002103329
[INFO] [1592317413.036074]: 1.57002103329
[INFO] [1592317413.039996]: 1.57002103329
[INFO] [1592317413.042879]: 1.57002103329
[INFO] [1592317413.045606]: 1.57002103329
[INFO] [1592317413.051152]: 1.57002103329
[INFO] [1592317413.053757]: 1.57002103329
[INFO] [1592317413.057237]: 1.57002103329
[INFO] [1592317413.063882]: 1.57002103329
[INFO] [1592317413.067638]: 1.57002103329
[INFO] [1592317413.070754]: 1.57002103329
[INFO] [1592317413.074791]: 1.57002103329
[INFO] [1592317413.078469]: 1.57002103329
[INFO] [1592317413.082818]: 1.57002103329
[INFO] [1592317413.085434]: 1.57002103329
[INFO] [1592317413.089650]: 1.57002103329
[INFO] [1592317413.097236]: 1.57002103329
[INFO] [1592317413.100761]: 1.57002103329
[INFO] [1592317413.103630]: 1.57002103329
[INFO] [1592317413.107506]: 1.57002103329
[INFO] [1592317413.110169]: 1.57002103329
[INFO] [1592317413.112492]: 1.57002103329
[INFO] [1592317413.117582]: 1.57002103329
[INFO] [1592317413.122770]: 1.57002103329
[INFO] [1592317413.127559]: 1.57002103329
[INFO] [1592317413.136273]: 1.57002103329
[INFO] [1592317413.138870]: 1.57002103329
[INFO] [1592317413.141371]: 1.57002103329
[INFO] [1592317413.144108]: 1.57002103329
[INFO] [1592317413.146762]: 1.57002103329
[INFO] [1592317413.159821]: 1.57002103329
[INFO] [1592317413.165793]: 1.57002103329
[INFO] [1592317413.170151]: 1.57002103329
[INFO] [1592317413.173552]: 1.57002103329
[INFO] [1592317413.176707]: 1.57002103329
[INFO] [1592317413.180020]: 1.57002103329
[INFO] [1592317413.201018]: 1.57002103329
[INFO] [1592317413.204249]: 1.57002103329
[INFO] [1592317413.207980]: 1.57002103329
[INFO] [1592317413.211570]: 1.57002103329
[INFO] [1592317413.215810]: 1.57002103329
[INFO] [1592317413.220259]: 1.57002103329
[INFO] [1592317413.223584]: 1.57002103329
[INFO] [1592317413.228371]: 1.57002103329
[INFO] [1592317413.232410]: 1.57002103329
[INFO] [1592317413.235910]: 1.57002103329
[INFO] [1592317413.238660]: 1.57002103329
[INFO] [1592317413.241162]: 1.57002103329
[INFO] [1592317413.244307]: 1.57002103329
[INFO] [1592317413.249108]: 1.57002103329
[INFO] [1592317413.255410]: 1.57002103329
[INFO] [1592317413.261427]: 1.57002103329
[INFO] [1592317413.264299]: 1.57002103329
[INFO] [1592317413.267072]: 1.57002103329
[INFO] [1592317413.271315]: 1.57002103329
[INFO] [1592317413.274519]: 1.57002103329
[INFO] [1592317413.277487]: 1.57002103329
[INFO] [1592317413.284186]: 1.57002103329
[INFO] [1592317413.289614]: 1.57002103329
[INFO] [1592317413.295839]: 1.57002103329
[INFO] [1592317413.299326]: 1.57002103329
[INFO] [1592317413.301894]: 1.57002103329
[INFO] [1592317413.304450]: 1.57002103329
[INFO] [1592317413.308168]: 1.57002103329
[INFO] [1592317413.311280]: 1.57002103329
[INFO] [1592317413.316081]: 1.57002103329
[INFO] [1592317413.319707]: 1.57002103329
[INFO] [1592317413.325188]: 1.57002103329
[INFO] [1592317413.329924]: 1.57002103329
[INFO] [1592317413.334482]: 1.57002103329
[INFO] [1592317413.338302]: 1.57002103329
[INFO] [1592317413.341026]: 1.57002103329
[INFO] [1592317413.346060]: 1.57002103329
[INFO] [1592317413.349943]: 1.57002103329
[INFO] [1592317413.354147]: 1.57002103329
[INFO] [1592317413.358533]: 1.57002103329
[INFO] [1592317413.362160]: 1.57002103329
[INFO] [1592317413.365495]: 1.57002103329
[INFO] [1592317413.378875]: 1.57002103329
[INFO] [1592317413.387090]: 1.57002103329
[INFO] [1592317413.391075]: 1.57002103329
[INFO] [1592317413.396383]: 1.57002103329
[INFO] [1592317413.400362]: 1.57002103329
[INFO] [1592317413.403564]: 1.57002103329
[INFO] [1592317413.406111]: 1.57002103329
[INFO] [1592317413.415845]: 1.57002103329
[INFO] [1592317413.418998]: 1.57002103329
[INFO] [1592317413.421876]: 1.57002103329
[INFO] [1592317413.426332]: 1.57002103329
[INFO] [1592317413.429431]: 1.57002103329
[INFO] [1592317413.433015]: 1.57002103329
[INFO] [1592317413.435638]: 1.57002103329
[INFO] [1592317413.439438]: 1.57002103329
[INFO] [1592317413.443374]: 1.57002103329
[INFO] [1592317413.446608]: 1.57002103329
[INFO] [1592317413.452047]: 1.57002103329
[INFO] [1592317413.455405]: 1.57002103329
[INFO] [1592317413.460079]: 1.57002103329
[INFO] [1592317413.463211]: 1.57002103329
[INFO] [1592317413.466443]: 1.57002103329
[INFO] [1592317413.469530]: 1.57002103329
[INFO] [1592317413.473262]: 1.57002103329
[INFO] [1592317413.477331]: 1.57002103329
[INFO] [1592317413.481970]: 1.57002103329
[INFO] [1592317413.488009]: 1.57002103329
[INFO] [1592317413.492372]: 1.57002103329
[INFO] [1592317413.495227]: 1.57002103329
[INFO] [1592317413.499425]: 1.57002103329
[INFO] [1592317413.502014]: 1.57002103329
[INFO] [1592317413.505360]: 1.57002103329
[INFO] [1592317413.508771]: 1.57002103329
[INFO] [1592317413.512276]: 1.57002103329
[INFO] [1592317413.515705]: 1.57002103329
[INFO] [1592317413.518896]: 1.57002103329
[INFO] [1592317413.522059]: 1.57002103329
[INFO] [1592317413.525173]: 1.57002103329
[INFO] [1592317413.528058]: 1.57002103329
[INFO] [1592317413.543291]: 1.57002103329
[INFO] [1592317413.558652]: 1.57002103329
[INFO] [1592317413.599368]: 1.57002103329
[INFO] [1592317413.643336]: 1.57002103329
[INFO] [1592317413.687349]: 1.57002103329
[INFO] [1592317413.731323]: 1.57002103329
[INFO] [1592317413.735471]: 1.57002103329
[INFO] [1592317413.779244]: 1.57002103329
[INFO] [1592317413.792554]: 1.57002103329
[INFO] [1592317413.835010]: 1.57002103329
[INFO] [1592317413.883384]: 1.57002103329
[INFO] [1592317413.927119]: 1.57002103329
[INFO] [1592317413.930273]: 1.57002103329
[INFO] [1592317413.971080]: 1.57002103329
[INFO] [1592317413.991975]: 1.57002103329
[INFO] [1592317414.035241]: 1.57002103329
[INFO] [1592317414.079650]: 1.57002103329
[INFO] [1592317414.123090]: 1.57002103329
[INFO] [1592317414.167301]: 1.57002103329
[INFO] [1592317414.171258]: 1.57002103329
[INFO] [1592317414.211441]: 1.57002103329
[INFO] [1592317414.225198]: 1.57002103329
[INFO] [1592317414.267086]: 1.57002103329
[INFO] [1592317414.315004]: 1.57002103329
[INFO] [1592317414.359300]: 1.57002103329
[INFO] [1592317414.362591]: 1.57002103329
[INFO] [1592317414.403272]: 1.57002103329
[INFO] [1592317414.424945]: 1.57002103329
[INFO] [1592317414.467491]: 1.57002103329
[INFO] [1592317414.515550]: 1.57002103329
[INFO] [1592317414.559538]: 1.57002103329
[INFO] [1592317414.564721]: 1.57002103329
[INFO] [1592317414.603307]: 1.57002103329
[INFO] [1592317414.627371]: 1.57002103329
[INFO] [1592317414.668027]: 1.57002103329
[INFO] [1592317414.715303]: 1.57002103329
[INFO] [1592317414.759077]: 1.57002103329
[INFO] [1592317414.761989]: 1.57002103329
[INFO] [1592317414.803255]: 1.57002103329
[INFO] [1592317414.825284]: 1.57002103329
[INFO] [1592317414.867357]: 1.57002103329
[INFO] [1592317414.911321]: 1.57002103329
[INFO] [1592317414.955093]: 1.57002103329
[INFO] [1592317414.999542]: 1.57002103329
[INFO] [1592317415.002859]: 1.57002103329
[INFO] [1592317415.043382]: 1.57002103329
[INFO] [1592317415.058318]: 1.57002103329
[INFO] [1592317415.099516]: 1.57002103329
[INFO] [1592317415.143183]: 1.57002103329
[INFO] [1592317415.187327]: 1.57002103329
[INFO] [1592317415.231482]: 1.57002103329
[INFO] [1592317415.236421]: 1.57002103329
[INFO] [1592317415.275223]: 1.57002103329
[INFO] [1592317415.292051]: 1.57002103329
[INFO] [1592317415.339164]: 1.57002103329
[INFO] [1592317415.383101]: 1.57002103329
[INFO] [1592317415.427389]: 1.57002103329
[INFO] [1592317415.431656]: 1.57002103329
[INFO] [1592317415.470981]: 1.57002103329
[INFO] [1592317415.492007]: 1.57002103329
[INFO] [1592317415.535403]: 1.57002103329
[INFO] [1592317415.579267]: 1.57002103329
[INFO] [1592317415.623136]: 1.57002103329
[INFO] [1592317415.667427]: 1.57002103329
[INFO] [1592317415.671026]: 1.57002103329
[INFO] [1592317415.715356]: 1.57002103329
[INFO] [1592317415.724995]: 1.57002103329
[INFO] [1592317415.767247]: 1.57002103329
[INFO] [1592317415.811258]: 1.57002103329
[INFO] [1592317415.855253]: 1.57002103329
[INFO] [1592317415.899435]: 1.57002103329
[INFO] [1592317415.902689]: 1.57002103329
[INFO] [1592317415.943244]: 1.57002103329
[INFO] [1592317415.958618]: 1.57002103329
[INFO] [1592317415.999346]: 1.57002103329
[INFO] [1592317416.043048]: 1.57002103329
[INFO] [1592317416.087485]: 1.57002103329
[INFO] [1592317416.131475]: 1.57002103329
[INFO] [1592317421.139157]: 1.57002103329
[INFO] [1592317421.142574]: 0.75
[INFO] [1592317421.153050]: 1.57002103329
[INFO] [1592317421.156542]: 0.75
[INFO] [1592317421.160326]: 1.57002103329
[INFO] [1592317421.162304]: 0.75
[INFO] [1592317421.166110]: 1.57002103329
[INFO] [1592317421.169071]: 0.75
[INFO] [1592317421.172857]: 1.57002103329
[INFO] [1592317421.175130]: 0.75
[INFO] [1592317421.177929]: 1.57002103329
[INFO] [1592317421.181628]: 0.75
[INFO] [1592317421.184454]: 1.57002103329
[INFO] [1592317421.188006]: 0.75
[INFO] [1592317421.192900]: 1.57002103329
[INFO] [1592317421.194967]: 0.75
[INFO] [1592317421.198465]: 1.57002103329
[INFO] [1592317421.200411]: 0.75
[INFO] [1592317421.202918]: 1.57002103329
[INFO] [1592317421.205117]: 0.75
[INFO] [1592317421.207616]: 1.57002103329
[INFO] [1592317421.210081]: 0.75
[INFO] [1592317421.212548]: 1.57002103329
[INFO] [1592317421.215141]: 0.75
[INFO] [1592317421.218449]: 1.57002103329
[INFO] [1592317421.223063]: 0.75
[INFO] [1592317421.228918]: 1.57002103329
[INFO] [1592317421.232918]: 0.75
[INFO] [1592317421.235288]: 1.57002103329
[INFO] [1592317421.237625]: 0.75
[INFO] [1592317421.239971]: 1.57002103329
[INFO] [1592317421.242543]: 0.75
[INFO] [1592317421.244910]: 1.57002103329
[INFO] [1592317421.247533]: 0.75
[INFO] [1592317421.250951]: 1.57002103329
[INFO] [1592317421.255430]: 0.75
[INFO] [1592317421.260367]: 1.57002103329
[INFO] [1592317421.262467]: 0.75
[INFO] [1592317421.266278]: 1.57002103329
[INFO] [1592317421.269289]: 0.75
[INFO] [1592317421.273011]: 1.57002103329
[INFO] [1592317421.275295]: 0.75
[INFO] [1592317421.278163]: 1.57002103329
[INFO] [1592317421.282995]: 0.75
[INFO] [1592317421.286737]: 1.57002103329
[INFO] [1592317421.289615]: 0.75
[INFO] [1592317421.293184]: 1.57002103329
[INFO] [1592317421.296418]: 0.75
[INFO] [1592317421.299519]: 1.57002103329
[INFO] [1592317421.301555]: 0.75
[INFO] [1592317421.303635]: 1.57002103329
[INFO] [1592317421.305650]: 0.75
[INFO] [1592317421.308251]: 1.57002103329
[INFO] [1592317421.311094]: 0.75
[INFO] [1592317421.314509]: 1.57002103329
[INFO] [1592317421.319339]: 0.75
[INFO] [1592317421.322193]: 1.57002103329
[INFO] [1592317421.325858]: 0.75
[INFO] [1592317421.329080]: 1.57002103329
[INFO] [1592317421.332131]: 0.75
[INFO] [1592317421.334284]: 1.57002103329
[INFO] [1592317421.336555]: 0.75
[INFO] [1592317421.338976]: 1.57002103329
[INFO] [1592317421.341223]: 0.75
[INFO] [1592317421.343909]: 1.57002103329
[INFO] [1592317421.347354]: 0.75
[INFO] [1592317421.350852]: 1.57002103329
[INFO] [1592317421.353750]: 0.75
[INFO] [1592317421.356213]: 1.57002103329
[INFO] [1592317421.359224]: 0.75
[INFO] [1592317421.361718]: 1.57002103329
[INFO] [1592317421.364773]: 0.75
[INFO] [1592317421.372808]: 1.57002103329
[INFO] [1592317421.376477]: 0.75
[INFO] [1592317421.381784]: 1.57002103329
[INFO] [1592317421.384888]: 0.75
[INFO] [1592317421.388181]: 1.57002103329
[INFO] [1592317421.390237]: 0.75
[INFO] [1592317421.392943]: 1.57002103329
[INFO] [1592317421.395197]: 0.75
[INFO] [1592317421.399067]: 1.57002103329
[INFO] [1592317421.401354]: 0.75
[INFO] [1592317421.403961]: 1.57002103329
[INFO] [1592317421.406342]: 0.75
[INFO] [1592317421.410587]: 1.57002103329
[INFO] [1592317421.413306]: 0.75
[INFO] [1592317421.417976]: 1.57002103329
[INFO] [1592317421.421067]: 0.75
[INFO] [1592317421.423888]: 1.57002103329
[INFO] [1592317421.427511]: 0.75
[INFO] [1592317421.431167]: 1.57002103329
[INFO] [1592317421.433273]: 0.75
[INFO] [1592317421.435637]: 1.57002103329
[INFO] [1592317421.438027]: 0.75
[INFO] [1592317421.441249]: 1.57002103329
[INFO] [1592317421.444857]: 0.75
[INFO] [1592317421.450270]: 1.57002103329
[INFO] [1592317421.453301]: 0.75
[INFO] [1592317421.455980]: 1.57002103329
[INFO] [1592317421.459831]: 0.75
[INFO] [1592317421.462011]: 1.57002103329
[INFO] [1592317421.465174]: 0.75
[INFO] [1592317421.467486]: 1.57002103329
[INFO] [1592317421.474273]: 0.75
[INFO] [1592317421.481744]: 1.57002103329
[INFO] [1592317421.484350]: 0.75
[INFO] [1592317421.487699]: 1.57002103329
[INFO] [1592317421.489704]: 0.75
[INFO] [1592317421.492541]: 1.57002103329
[INFO] [1592317421.494604]: 0.75
[INFO] [1592317421.498669]: 1.57002103329
[INFO] [1592317421.500965]: 0.75
[INFO] [1592317421.504587]: 1.57002103329
[INFO] [1592317421.508922]: 0.75
[INFO] [1592317421.512114]: 1.57002103329
[INFO] [1592317421.515694]: 0.75
[INFO] [1592317421.518579]: 1.57002103329
[INFO] [1592317421.520785]: 0.75
[INFO] [1592317421.522984]: 1.57002103329
[INFO] [1592317421.525465]: 0.75
[INFO] [1592317421.528108]: 1.57002103329
[INFO] [1592317421.531658]: 0.75
[INFO] [1592317421.534555]: 1.57002103329
[INFO] [1592317421.537664]: 0.75
[INFO] [1592317421.540948]: 1.57002103329
[INFO] [1592317421.544509]: 0.75
[INFO] [1592317421.549434]: 1.57002103329
[INFO] [1592317421.552498]: 0.75
[INFO] [1592317421.555493]: 1.57002103329
[INFO] [1592317421.558245]: 0.75
[INFO] [1592317421.560868]: 1.57002103329
[INFO] [1592317421.564514]: 0.75
[INFO] [1592317421.567232]: 1.57002103329
[INFO] [1592317421.571488]: 0.75
[INFO] [1592317421.575228]: 1.57002103329
[INFO] [1592317421.578422]: 0.75
[INFO] [1592317421.581060]: 1.57002103329
[INFO] [1592317421.584266]: 0.75
[INFO] [1592317421.586966]: 1.57002103329
[INFO] [1592317421.590178]: 0.75
[INFO] [1592317421.593328]: 1.57002103329
[INFO] [1592317421.595809]: 0.75
[INFO] [1592317421.599072]: 1.57002103329
[INFO] [1592317421.602425]: 0.75
[INFO] [1592317421.605597]: 1.57002103329
[INFO] [1592317421.609058]: 0.75
[INFO] [1592317421.611915]: 1.57002103329
[INFO] [1592317421.616710]: 0.75
[INFO] [1592317421.618903]: 1.57002103329
[INFO] [1592317421.620961]: 0.75
[INFO] [1592317421.623170]: 1.57002103329
[INFO] [1592317421.625609]: 0.75
[INFO] [1592317421.627979]: 1.57002103329
[INFO] [1592317421.630669]: 0.75
[INFO] [1592317421.634904]: 1.57002103329
[INFO] [1592317421.638045]: 0.75
[INFO] [1592317421.641706]: 1.57002103329
[INFO] [1592317421.644780]: 0.75
[INFO] [1592317421.650366]: 1.57002103329
[INFO] [1592317421.652576]: 0.75
[INFO] [1592317421.655008]: 1.57002103329
[INFO] [1592317421.657559]: 0.75
[INFO] [1592317421.660619]: 1.57002103329
[INFO] [1592317421.665695]: 0.75
[INFO] [1592317421.670827]: 1.57002103329
[INFO] [1592317421.673513]: 0.75
[INFO] [1592317421.676932]: 1.57002103329
[INFO] [1592317421.684882]: 0.75
[INFO] [1592317421.687496]: 1.57002103329
[INFO] [1592317421.689944]: 0.75
[INFO] [1592317421.692654]: 1.57002103329
[INFO] [1592317421.695077]: 0.75
[INFO] [1592317421.706747]: 1.57002103329
[INFO] [1592317421.709044]: 0.75
[INFO] [1592317421.711524]: 1.57002103329
[INFO] [1592317421.715085]: 0.75
[INFO] [1592317421.717595]: 1.57002103329
[INFO] [1592317421.720040]: 0.75
[INFO] [1592317421.722548]: 1.57002103329
[INFO] [1592317421.725191]: 0.75
[INFO] [1592317421.729162]: 1.57002103329
[INFO] [1592317421.733621]: 0.75
[INFO] [1592317421.741479]: 1.57002103329
[INFO] [1592317421.744122]: 0.75
[INFO] [1592317421.747238]: 1.57002103329
[INFO] [1592317421.750510]: 0.75
[INFO] [1592317421.752922]: 1.57002103329
[INFO] [1592317421.755361]: 0.75
[INFO] [1592317421.758297]: 1.57002103329
[INFO] [1592317421.761877]: 0.75
[INFO] [1592317421.765918]: 1.57002103329
[INFO] [1592317421.770952]: 0.75
[INFO] [1592317421.774003]: 1.57002103329
[INFO] [1592317421.777539]: 0.75
[INFO] [1592317421.783439]: 1.57002103329
[INFO] [1592317421.786103]: 0.75
[INFO] [1592317421.788533]: 1.57002103329
[INFO] [1592317421.791973]: 0.75
[INFO] [1592317421.795630]: 1.57002103329
[INFO] [1592317421.801285]: 0.75
[INFO] [1592317421.804600]: 1.57002103329
[INFO] [1592317421.807544]: 0.75
[INFO] [1592317421.810763]: 1.57002103329
[INFO] [1592317421.815248]: 0.75
[INFO] [1592317421.817694]: 1.57002103329
[INFO] [1592317421.820019]: 0.75
[INFO] [1592317421.822812]: 1.57002103329
[INFO] [1592317421.826895]: 0.75
[INFO] [1592317421.833046]: 1.57002103329
[INFO] [1592317421.835553]: 0.75
[INFO] [1592317421.837906]: 1.57002103329
[INFO] [1592317421.840267]: 0.75
[INFO] [1592317421.842882]: 1.57002103329
[INFO] [1592317421.845405]: 0.75
[INFO] [1592317421.849627]: 1.57002103329
[INFO] [1592317421.852180]: 0.75
[INFO] [1592317421.855027]: 1.57002103329
[INFO] [1592317421.859860]: 0.75
[INFO] [1592317421.865152]: 1.57002103329
[INFO] [1592317421.868239]: 0.75
[INFO] [1592317421.872089]: 1.57002103329
[INFO] [1592317421.876005]: 0.75
[INFO] [1592317421.878703]: 1.57002103329
[INFO] [1592317421.881935]: 0.75
[INFO] [1592317421.885286]: 1.57002103329
[INFO] [1592317421.888909]: 0.75
[INFO] [1592317421.894275]: 1.57002103329
[INFO] [1592317421.899435]: 0.75
[INFO] [1592317421.903244]: 1.57002103329
[INFO] [1592317421.905727]: 0.75
[INFO] [1592317421.908180]: 1.57002103329
[INFO] [1592317421.910700]: 0.75
[INFO] [1592317421.914762]: 1.57002103329
[INFO] [1592317421.917142]: 0.75
[INFO] [1592317421.920029]: 1.57002103329
[INFO] [1592317421.923677]: 0.75
[INFO] [1592317421.928841]: 1.57002103329
[INFO] [1592317421.933232]: 0.75
[INFO] [1592317421.936181]: 1.57002103329
[INFO] [1592317421.939660]: 0.75
[INFO] [1592317421.942632]: 1.57002103329
[INFO] [1592317421.944955]: 0.75
[INFO] [1592317421.949096]: 1.57002103329
[INFO] [1592317421.952627]: 0.75
[INFO] [1592317421.956230]: 1.57002103329
[INFO] [1592317421.960252]: 0.75
[INFO] [1592317421.963188]: 1.57002103329
[INFO] [1592317421.967120]: 0.75
[INFO] [1592317421.970749]: 1.57002103329
[INFO] [1592317421.973400]: 0.75
[INFO] [1592317421.976022]: 1.57002103329
[INFO] [1592317421.978668]: 0.75
[INFO] [1592317421.982958]: 1.57002103329
[INFO] [1592317421.985766]: 0.75
[INFO] [1592317421.988823]: 1.57002103329
[INFO] [1592317421.992720]: 0.75
[INFO] [1592317421.995712]: 1.57002103329
[INFO] [1592317422.000620]: 0.75
[INFO] [1592317422.003416]: 1.57002103329
[INFO] [1592317422.006779]: 0.75
[INFO] [1592317422.009662]: 1.57002103329
[INFO] [1592317422.012088]: 0.75
[INFO] [1592317422.016137]: 1.57002103329
[INFO] [1592317422.019393]: 0.75
[INFO] [1592317422.022890]: 1.57002103329
[INFO] [1592317422.026858]: 0.75
[INFO] [1592317422.032585]: 1.57002103329
[INFO] [1592317422.035326]: 0.75
[INFO] [1592317422.039186]: 1.57002103329
[INFO] [1592317422.041527]: 0.75
[INFO] [1592317422.044240]: 1.57002103329
[INFO] [1592317422.046755]: 0.75
[INFO] [1592317422.051269]: 1.57002103329
[INFO] [1592317422.054296]: 0.75
[INFO] [1592317422.058970]: 1.57002103329
[INFO] [1592317422.061826]: 0.75
[INFO] [1592317422.065802]: 1.57002103329
[INFO] [1592317422.068680]: 0.75
[INFO] [1592317422.074257]: 1.57002103329
[INFO] [1592317422.076917]: 0.75
[INFO] [1592317422.080091]: 1.57002103329
[INFO] [1592317422.084527]: 0.75
[INFO] [1592317422.088401]: 1.57002103329
[INFO] [1592317422.092188]: 0.75
[INFO] [1592317422.095059]: 1.57002103329
[INFO] [1592317422.097891]: 0.75
[INFO] [1592317422.101631]: 1.57002103329
[INFO] [1592317422.104487]: 0.75
[INFO] [1592317422.106979]: 1.57002103329
[INFO] [1592317422.109655]: 0.75
[INFO] [1592317422.116629]: 1.57002103329
[INFO] [1592317422.119945]: 0.75
[INFO] [1592317422.122820]: 1.57002103329
[INFO] [1592317422.127535]: 0.75
[INFO] [1592317422.131727]: 1.57002103329
[INFO] [1592317422.134197]: 0.75
[INFO] [1592317422.136777]: 1.57002103329
[INFO] [1592317422.139199]: 0.75
[INFO] [1592317422.141571]: 1.57002103329
[INFO] [1592317422.144900]: 0.75
[INFO] [1592317422.148744]: 1.57002103329
[INFO] [1592317422.152494]: 0.75
[INFO] [1592317422.155374]: 1.57002103329
[INFO] [1592317422.159043]: 0.75
[INFO] [1592317422.162261]: 1.54501080513
[INFO] [1592317422.165882]: 0.75
[INFO] [1592317422.168458]: 1.51999688148
[INFO] [1592317422.172213]: 0.75
[INFO] [1592317422.175134]: 1.49500489235
[INFO] [1592317422.178750]: 0.75
[INFO] [1592317422.183663]: 1.47002351284
[INFO] [1592317422.187399]: 0.75
[INFO] [1592317422.190176]: 1.4450070858
[INFO] [1592317422.193401]: 0.75
[INFO] [1592317422.197273]: 1.42001783848
[INFO] [1592317422.200669]: 0.75
[INFO] [1592317422.203358]: 1.39502573013
[INFO] [1592317422.205804]: 0.75
[INFO] [1592317422.209118]: 1.37000846863
[INFO] [1592317422.213164]: 0.75
[INFO] [1592317422.216854]: 1.34499931335
[INFO] [1592317422.219940]: 0.75
[INFO] [1592317422.222969]: 1.32002174854
[INFO] [1592317422.226212]: 0.75
[INFO] [1592317422.228618]: 1.29502189159
[INFO] [1592317422.231629]: 0.75
[INFO] [1592317422.234481]: 1.27002084255
[INFO] [1592317422.236937]: 0.75
[INFO] [1592317422.240771]: 1.24479484558
[INFO] [1592317422.247074]: 0.75
[INFO] [1592317422.251262]: 1.22001647949
[INFO] [1592317422.253706]: 0.75
[INFO] [1592317422.256175]: 1.19502139091
[INFO] [1592317422.263145]: 0.75
[INFO] [1592317422.266924]: 1.17001914978
[INFO] [1592317422.277686]: 0.75
[INFO] [1592317422.285182]: 1.14501392841
[INFO] [1592317422.289387]: 0.75
[INFO] [1592317422.292776]: 1.12002229691
[INFO] [1592317422.295839]: 0.75
[INFO] [1592317422.299608]: 1.09502387047
[INFO] [1592317422.302256]: 0.75
[INFO] [1592317422.305682]: 1.07002127171
[INFO] [1592317422.308397]: 0.75
[INFO] [1592317422.314674]: 1.04501664639
[INFO] [1592317422.317485]: 0.75
[INFO] [1592317422.321721]: 1.02002191544
[INFO] [1592317422.324156]: 0.75
[INFO] [1592317422.327154]: 0.995021402836
[INFO] [1592317422.330942]: 0.75
[INFO] [1592317422.333773]: 0.970014631748
[INFO] [1592317422.336528]: 0.75
[INFO] [1592317422.339902]: 0.944937348366
[INFO] [1592317422.344077]: 0.75
[INFO] [1592317422.348880]: 0.920002937317
[INFO] [1592317422.351635]: 0.75
[INFO] [1592317422.355664]: 0.895012617111
[INFO] [1592317422.358488]: 0.75
[INFO] [1592317422.361299]: 0.870023369789
[INFO] [1592317422.365176]: 0.75
[INFO] [1592317422.370612]: 0.845021903515
[INFO] [1592317422.377132]: 0.819950819016
[INFO] [1592317422.388143]: 0.795018315315
[INFO] [1592317422.391706]: 0.770016551018
[INFO] [1592317422.397979]: 0.745017707348
[INFO] [1592317422.405571]: 0.720022439957
[INFO] [1592317422.408600]: 0.695022583008
[INFO] [1592317422.411991]: 0.670017302036
[INFO] [1592317422.423172]: 0.644951105118
[INFO] [1592317422.467269]: 0.64328867197
[INFO] [1592317422.475609]: 0.641615569592
[INFO] [1592317422.511401]: 0.639955043793
[INFO] [1592317422.525206]: 0.638282120228
[INFO] [1592317422.567048]: 0.636613786221
[INFO] [1592317422.611193]: 0.634955644608
[INFO] [1592317422.655517]: 0.633287668228
[INFO] [1592317422.699150]: 0.631621420383
[INFO] [1592317422.701895]: 0.629955232143
[INFO] [1592317422.743248]: 0.628288269043
[INFO] [1592317422.758503]: 0.62662166357
[INFO] [1592317422.799167]: 0.624955534935
[INFO] [1592317422.843290]: 0.623288750648
[INFO] [1592317422.887108]: 0.62161642313
[INFO] [1592317422.935517]: 0.619951546192
[INFO] [1592317422.938799]: 0.618283212185
[INFO] [1592317422.979435]: 0.616615712643
[INFO] [1592317422.991738]: 0.614955306053
[INFO] [1592317423.035180]: 0.613288998604
[INFO] [1592317423.079183]: 0.611612260342
[INFO] [1592317423.123351]: 0.609955310822
[INFO] [1592317423.167401]: 0.608287274837
[INFO] [1592317423.171468]: 0.606615006924
[INFO] [1592317423.211259]: 0.604949235916
[INFO] [1592317423.225395]: 0.603288114071
[INFO] [1592317423.268013]: 0.601613879204
[INFO] [1592317423.311301]: 0.59995508194
[INFO] [1592317423.355429]: 0.598282158375
[INFO] [1592317423.399072]: 0.596621572971
[INFO] [1592317423.401642]: 0.594955027103
[INFO] [1592317423.443203]: 0.59328854084
[INFO] [1592317423.458543]: 0.5916223526
[INFO] [1592317423.499136]: 0.589955627918
[INFO] [1592317423.543240]: 0.588288664818
[INFO] [1592317423.587250]: 0.586621701717
[INFO] [1592317423.631446]: 0.584955871105
[INFO] [1592317423.634581]: 0.583280265331
[INFO] [1592317423.675576]: 0.581616520882
[INFO] [1592317423.691678]: 0.57995557785
[INFO] [1592317423.735242]: 0.578282475471
[INFO] [1592317423.779585]: 0.576615393162
[INFO] [1592317423.823354]: 0.574954867363
[INFO] [1592317423.867405]: 0.573288679123
[INFO] [1592317423.871185]: 0.571613907814
[INFO] [1592317423.911221]: 0.569955646992
[INFO] [1592317423.925271]: 0.568282425404
[INFO] [1592317423.967393]: 0.566615998745
[INFO] [1592317424.011324]: 0.564954936504
[INFO] [1592317424.055419]: 0.563282191753
[INFO] [1592317424.099650]: 0.561621546745
[INFO] [1592317424.103599]: 0.559955000877
[INFO] [1592317424.143287]: 0.558282196522
[INFO] [1592317424.159046]: 0.556615233421
[INFO] [1592317424.199127]: 0.554955303669
[INFO] [1592317424.247183]: 0.553288519382
[INFO] [1592317424.291429]: 0.551621973515
[INFO] [1592317424.335351]: 0.549955189228
[INFO] [1592317424.338085]: 0.548288226128
[INFO] [1592317424.383125]: 0.546621620655
[INFO] [1592317424.391632]: 0.544955551624
[INFO] [1592317424.435497]: 0.543288826942
[INFO] [1592317424.479359]: 0.541622281075
[INFO] [1592317424.523053]: 0.53992909193
[INFO] [1592317424.567354]: 0.538288354874
[INFO] [1592317424.571558]: 0.536615371704
[INFO] [1592317424.612512]: 0.534955322742
[INFO] [1592317424.625451]: 0.533282101154
[INFO] [1592317424.667434]: 0.531613826752
[INFO] [1592317424.711156]: 0.529955148697
[INFO] [1592317424.755338]: 0.528282165527
[INFO] [1592317424.799458]: 0.526621818542
[INFO] [1592317424.804310]: 0.52495521307
[INFO] [1592317424.843132]: 0.523281812668
[INFO] [1592317424.859261]: 0.521615087986
[INFO] [1592317424.899309]: 0.519955039024
[INFO] [1592317424.943301]: 0.51828199625
[INFO] [1592317424.987193]: 0.516615390778
[INFO] [1592317425.031529]: 0.514955699444
[INFO] [1592317425.034981]: 0.513286530972
[INFO] [1592317425.075255]: 0.511621713638
[INFO] [1592317425.092161]: 0.509955465794
[INFO] [1592317425.135252]: 0.508286833763
[INFO] [1592317425.179420]: 0.506621778011
[INFO] [1592317425.227197]: 0.504955649376
[INFO] [1592317425.231092]: 0.50328797102
[INFO] [1592317425.275429]: 0.501616537571
[INFO] [1592317425.291839]: 0.499955505133
[INFO] [1592317425.335351]: 0.498282432556
[INFO] [1592317425.379409]: 0.496615320444
[INFO] [1592317425.423303]: 0.494949728251
[INFO] [1592317425.467187]: 0.49328866601
[INFO] [1592317425.470972]: 0.49161568284
[INFO] [1592317425.511152]: 0.489955276251
[INFO] [1592317425.525307]: 0.488282501698
[INFO] [1592317425.567349]: 0.486615508795
[INFO] [1592317425.611064]: 0.484955251217
[INFO] [1592317425.655273]: 0.483288645744
[INFO] [1592317425.699414]: 0.481621742249
[INFO] [1592317425.702778]: 0.479955494404
[INFO] [1592317425.743430]: 0.478284090757
[INFO] [1592317425.758901]: 0.476615488529
[INFO] [1592317425.799289]: 0.474955141544
[INFO] [1592317425.847772]: 0.473286688328
[INFO] [1592317425.891277]: 0.471621781588
[INFO] [1592317425.935312]: 0.469955414534
[INFO] [1592317425.938330]: 0.468288242817
[INFO] [1592317425.983347]: 0.466621786356
[INFO] [1592317425.991661]: 0.464957892895
[INFO] [1592317426.035237]: 0.463288426399
[INFO] [1592317426.079302]: 0.461616575718
[INFO] [1592317426.123190]: 0.459955960512
[INFO] [1592317426.167323]: 0.458288878202
[INFO] [1592317426.171180]: 0.456615775824
[INFO] [1592317426.211499]: 0.454955309629
[INFO] [1592317426.225361]: 0.453282624483
[INFO] [1592317426.267348]: 0.451615601778
[INFO] [1592317426.311148]: 0.449949234724
[INFO] [1592317426.355364]: 0.448288917542
[INFO] [1592317426.399433]: 0.446621835232
[INFO] [1592317426.404844]: 0.444955170155
[INFO] [1592317426.443295]: 0.443289041519
[INFO] [1592317426.458896]: 0.441615194082
[INFO] [1592317426.499369]: 0.439955055714
[INFO] [1592317426.543342]: 0.438282161951
[INFO] [1592317426.587420]: 0.436615377665
[INFO] [1592317426.631593]: 0.434955507517
[INFO] [1592317426.634755]: 0.433288574219
[INFO] [1592317426.675470]: 0.431621909142
[INFO] [1592317426.692257]: 0.429955393076
[INFO] [1592317426.735302]: 0.42828848958
[INFO] [1592317426.779418]: 0.426622122526
[INFO] [1592317426.823187]: 0.424955695868
[INFO] [1592317426.867369]: 0.423260688782
[INFO] [1592317426.872160]: 0.421616584063
[INFO] [1592317426.911314]: 0.419955223799
[INFO] [1592317426.925367]: 0.418282479048
[INFO] [1592317426.967290]: 0.416615784168
[INFO] [1592317427.011698]: 0.414954781532
[INFO] [1592317427.055223]: 0.413282454014
[INFO] [1592317427.099366]: 0.411622524261
[INFO] [1592317427.102707]: 0.409955173731
[INFO] [1592317427.143149]: 0.408288806677
[INFO] [1592317427.159006]: 0.406615108252
[INFO] [1592317427.199354]: 0.40495505929
[INFO] [1592317427.243165]: 0.403280258179
[INFO] [1592317427.287279]: 0.401615172625
[INFO] [1592317427.331294]: 0.399955928326
[INFO] [1592317427.335458]: 0.39828184247
[INFO] [1592317427.377835]: 0.396615415812
[INFO] [1592317427.391606]: 0.394955605268
[INFO] [1592317427.435085]: 0.393288701773
[INFO] [1592317427.479328]: 0.391622155905
[INFO] [1592317427.523354]: 0.38995552063
[INFO] [1592317427.567322]: 0.388281941414
[INFO] [1592317427.570843]: 0.386622577906
[INFO] [1592317427.611379]: 0.384955316782
[INFO] [1592317427.625083]: 0.383288919926
[INFO] [1592317427.667181]: 0.381622314453
[INFO] [1592317427.711398]: 0.37995582819
[INFO] [1592317427.755067]: 0.378286242485
[INFO] [1592317427.799028]: 0.376622021198
[INFO] [1592317427.801418]: 0.374956279993
[INFO] [1592317427.843653]: 0.373288363218
[INFO] [1592317427.858213]: 0.371621549129
[INFO] [1592317427.899315]: 0.369952112436
[INFO] [1592317427.943211]: 0.368288069963
[INFO] [1592317427.987297]: 0.366621613503
[INFO] [1592317428.031460]: 0.364955842495
[INFO] [1592317428.035418]: 0.363281697035
[INFO] [1592317428.075139]: 0.361621946096
[INFO] [1592317428.092115]: 0.359955459833
[INFO] [1592317428.135173]: 0.358282417059
[INFO] [1592317428.179192]: 0.356620341539
[INFO] [1592317428.223334]: 0.354955434799
[INFO] [1592317428.267171]: 0.353274255991
[INFO] [1592317428.270244]: 0.351621210575
[INFO] [1592317428.315733]: 0.349955350161
[INFO] [1592317428.325400]: 0.348288536072
[INFO] [1592317428.367126]: 0.346621662378
[INFO] [1592317428.411088]: 0.344955027103
[INFO] [1592317428.455143]: 0.34328815341
[INFO] [1592317428.499148]: 0.341612696648
[INFO] [1592317428.503402]: 0.339956015348
[INFO] [1592317428.543122]: 0.338288545609
[INFO] [1592317428.558236]: 0.336621463299
[INFO] [1592317428.599063]: 0.334955841303
[INFO] [1592317428.643715]: 0.333289027214
[INFO] [1592317428.687314]: 0.331615507603
[INFO] [1592317428.731633]: 0.329955041409
[INFO] [1592317428.735243]: 0.328282088041
[INFO] [1592317428.775275]: 0.326621890068
[INFO] [1592317428.792167]: 0.324955642223
[INFO] [1592317428.835578]: 0.323282361031
[INFO] [1592317428.879159]: 0.321615308523
[INFO] [1592317428.923213]: 0.319949686527
[INFO] [1592317428.967432]: 0.318288564682
[INFO] [1592317428.971471]: 0.316621035337
[INFO] [1592317429.011353]: 0.31495475769
[INFO] [1592317429.025725]: 0.313288509846
[INFO] [1592317429.067069]: 0.311613619328
[INFO] [1592317429.111334]: 0.30995541811
[INFO] [1592317429.155249]: 0.308288753033
[INFO] [1592317429.199167]: 0.306621402502
[INFO] [1592317429.202059]: 0.304955542088
[INFO] [1592317429.243281]: 0.303288906813
[INFO] [1592317429.258320]: 0.301616281271
[INFO] [1592317429.299114]: 0.299955397844
[INFO] [1592317429.343299]: 0.298282384872
[INFO] [1592317429.387377]: 0.296612292528
[INFO] [1592317429.431611]: 0.294955790043
[INFO] [1592317429.434737]: 0.293282300234
[INFO] [1592317429.475439]: 0.291622012854
[INFO] [1592317429.491718]: 0.289955496788
[INFO] [1592317429.535321]: 0.288282006979
[INFO] [1592317429.579014]: 0.286621361971
[INFO] [1592317429.623367]: 0.284955203533
[INFO] [1592317429.667360]: 0.283288270235
[INFO] [1592317429.671461]: 0.281613498926
[INFO] [1592317429.715384]: 0.279955178499
[INFO] [1592317429.725486]: 0.278280645609
[INFO] [1592317429.767285]: 0.276614964008
[INFO] [1592317429.811395]: 0.274955272675
[INFO] [1592317429.855377]: 0.273288190365
[INFO] [1592317429.899163]: 0.271621882915
[INFO] [1592317429.901576]: 0.269955217838
[INFO] [1592317429.947556]: 0.26828789711
[INFO] [1592317429.958252]: 0.266621947289
[INFO] [1592317429.999066]: 0.264955699444
[INFO] [1592317430.043231]: 0.263288289309
[INFO] [1592317430.087203]: 0.261616289616
[INFO] [1592317430.131613]: 0.259955763817
[INFO] [1592317430.134719]: 0.258282363415
[INFO] [1592317430.175417]: 0.256615608931
[INFO] [1592317430.191486]: 0.254955798388
