[rospy.client][INFO] 2020-06-16 16:23:16,839: init_node, name[/robot_move], pid[9990]
[xmlrpc][INFO] 2020-06-16 16:23:16,841: XML-RPC server binding to 0.0.0.0:0
[rospy.init][INFO] 2020-06-16 16:23:16,842: ROS Slave URI: [http://jose-Lenovo-V110-15AST:41831/]
[xmlrpc][INFO] 2020-06-16 16:23:16,842: Started XML-RPC server [http://jose-Lenovo-V110-15AST:41831/]
[rospy.impl.masterslave][INFO] 2020-06-16 16:23:16,843: _ready: http://jose-Lenovo-V110-15AST:41831/
[xmlrpc][INFO] 2020-06-16 16:23:16,844: xml rpc node: starting XML-RPC server
[rospy.registration][INFO] 2020-06-16 16:23:16,845: Registering with master node http://localhost:11311
[rospy.init][INFO] 2020-06-16 16:23:16,943: registered with master
[rospy.rosout][INFO] 2020-06-16 16:23:16,943: initializing /rosout core topic
[rospy.rosout][INFO] 2020-06-16 16:23:16,948: connected to core topic /rosout
[rospy.simtime][INFO] 2020-06-16 16:23:16,950: /use_sim_time is not set, will not subscribe to simulated time [/clock] topic
[rospy.internal][INFO] 2020-06-16 16:23:17,016: topic[/obj_detector] adding connection to [http://jose-Lenovo-V110-15AST:45117/], count 0
[rospy.internal][INFO] 2020-06-16 16:23:17,014: topic[/odom] adding connection to [http://jose-Lenovo-V110-15AST:35383/], count 0
[rosout][INFO] 2020-06-16 16:23:17,024: 0.0
[rospy.internal][INFO] 2020-06-16 16:23:17,036: topic[/robot_status] adding connection to [/obj_node], count 0
[rosout][INFO] 2020-06-16 16:23:17,058: 0.0
[rosout][INFO] 2020-06-16 16:23:17,091: 0.0
[rosout][INFO] 2020-06-16 16:23:17,124: 0.0
[rospy.internal][INFO] 2020-06-16 16:23:17,218: topic[/rosout] adding connection to [/rosout], count 0
[rospy.internal][INFO] 2020-06-16 16:23:17,224: topic[/cmd_vel] adding connection to [/turtlebot3_fake_node], count 0
[rosout][INFO] 2020-06-16 16:23:22,138: 0.0
[rosout][INFO] 2020-06-16 16:23:22,142: 0.75
[rosout][INFO] 2020-06-16 16:23:22,145: 0.0
[rosout][INFO] 2020-06-16 16:23:22,149: 0.75
[rosout][INFO] 2020-06-16 16:23:22,152: 0.0
[rosout][INFO] 2020-06-16 16:23:22,154: 0.75
[rosout][INFO] 2020-06-16 16:23:22,157: 0.0
[rosout][INFO] 2020-06-16 16:23:22,159: 0.75
[rosout][INFO] 2020-06-16 16:23:22,162: 0.0
[rosout][INFO] 2020-06-16 16:23:22,164: 0.75
[rosout][INFO] 2020-06-16 16:23:22,173: 0.0
[rosout][INFO] 2020-06-16 16:23:22,180: 0.75
[rosout][INFO] 2020-06-16 16:23:22,182: 0.0
[rosout][INFO] 2020-06-16 16:23:22,184: 0.75
[rosout][INFO] 2020-06-16 16:23:22,186: 0.0
[rosout][INFO] 2020-06-16 16:23:22,189: 0.75
[rosout][INFO] 2020-06-16 16:23:22,191: 0.0
[rosout][INFO] 2020-06-16 16:23:22,194: 0.75
[rosout][INFO] 2020-06-16 16:23:22,196: 0.0
[rosout][INFO] 2020-06-16 16:23:22,204: 0.75
[rosout][INFO] 2020-06-16 16:23:22,210: 0.0
[rosout][INFO] 2020-06-16 16:23:22,212: 0.75
[rosout][INFO] 2020-06-16 16:23:22,215: 0.0
[rosout][INFO] 2020-06-16 16:23:22,218: 0.75
[rosout][INFO] 2020-06-16 16:23:22,221: 0.0
[rosout][INFO] 2020-06-16 16:23:22,223: 0.75
[rosout][INFO] 2020-06-16 16:23:22,226: 0.0
[rosout][INFO] 2020-06-16 16:23:22,228: 0.75
[rosout][INFO] 2020-06-16 16:23:22,232: 0.0
[rosout][INFO] 2020-06-16 16:23:22,236: 0.75
[rosout][INFO] 2020-06-16 16:23:22,239: 0.0
[rosout][INFO] 2020-06-16 16:23:22,242: 0.75
[rosout][INFO] 2020-06-16 16:23:22,244: 0.0
[rosout][INFO] 2020-06-16 16:23:22,246: 0.75
[rosout][INFO] 2020-06-16 16:23:22,249: 0.0
[rosout][INFO] 2020-06-16 16:23:22,251: 0.75
[rosout][INFO] 2020-06-16 16:23:22,253: 0.0
[rosout][INFO] 2020-06-16 16:23:22,256: 0.75
[rosout][INFO] 2020-06-16 16:23:22,258: 0.0
[rosout][INFO] 2020-06-16 16:23:22,261: 0.75
[rosout][INFO] 2020-06-16 16:23:22,265: 0.0
[rosout][INFO] 2020-06-16 16:23:22,268: 0.75
[rosout][INFO] 2020-06-16 16:23:22,271: 0.0
[rosout][INFO] 2020-06-16 16:23:22,274: 0.75
[rosout][INFO] 2020-06-16 16:23:22,276: 0.0
[rosout][INFO] 2020-06-16 16:23:22,279: 0.75
[rosout][INFO] 2020-06-16 16:23:22,284: 0.0
[rosout][INFO] 2020-06-16 16:23:22,286: 0.75
[rosout][INFO] 2020-06-16 16:23:22,289: 0.0
[rosout][INFO] 2020-06-16 16:23:22,291: 0.75
[rosout][INFO] 2020-06-16 16:23:22,293: 0.0
[rosout][INFO] 2020-06-16 16:23:22,296: 0.75
[rosout][INFO] 2020-06-16 16:23:22,301: 0.0
[rosout][INFO] 2020-06-16 16:23:22,304: 0.75
[rosout][INFO] 2020-06-16 16:23:22,307: 0.0
[rosout][INFO] 2020-06-16 16:23:22,309: 0.75
[rosout][INFO] 2020-06-16 16:23:22,312: 0.0
[rosout][INFO] 2020-06-16 16:23:22,316: 0.75
[rosout][INFO] 2020-06-16 16:23:22,319: 0.0
[rosout][INFO] 2020-06-16 16:23:22,320: 0.75
[rosout][INFO] 2020-06-16 16:23:22,323: 0.0
[rosout][INFO] 2020-06-16 16:23:22,326: 0.75
[rosout][INFO] 2020-06-16 16:23:22,329: 0.0
[rosout][INFO] 2020-06-16 16:23:22,333: 0.75
[rosout][INFO] 2020-06-16 16:23:22,337: 0.0
[rosout][INFO] 2020-06-16 16:23:22,340: 0.75
[rosout][INFO] 2020-06-16 16:23:22,342: 0.0
[rosout][INFO] 2020-06-16 16:23:22,344: 0.75
[rosout][INFO] 2020-06-16 16:23:22,349: 0.0
[rosout][INFO] 2020-06-16 16:23:22,351: 0.75
[rosout][INFO] 2020-06-16 16:23:22,353: 0.0
[rosout][INFO] 2020-06-16 16:23:22,355: 0.75
[rosout][INFO] 2020-06-16 16:23:22,358: 0.0
[rosout][INFO] 2020-06-16 16:23:22,364: 0.75
[rosout][INFO] 2020-06-16 16:23:22,368: 0.0
[rosout][INFO] 2020-06-16 16:23:22,372: 0.75
[rosout][INFO] 2020-06-16 16:23:22,379: 0.0
[rosout][INFO] 2020-06-16 16:23:22,383: 0.75
[rosout][INFO] 2020-06-16 16:23:22,385: 0.0
[rosout][INFO] 2020-06-16 16:23:22,387: 0.75
[rosout][INFO] 2020-06-16 16:23:22,390: 0.0
[rosout][INFO] 2020-06-16 16:23:22,394: 0.75
[rosout][INFO] 2020-06-16 16:23:22,400: 0.0
[rosout][INFO] 2020-06-16 16:23:22,402: 0.75
[rosout][INFO] 2020-06-16 16:23:22,404: 0.0
[rosout][INFO] 2020-06-16 16:23:22,407: 0.75
[rosout][INFO] 2020-06-16 16:23:22,410: 0.0
[rosout][INFO] 2020-06-16 16:23:22,412: 0.75
[rosout][INFO] 2020-06-16 16:23:22,416: 0.0
[rosout][INFO] 2020-06-16 16:23:22,418: 0.75
[rosout][INFO] 2020-06-16 16:23:22,421: 0.0
[rosout][INFO] 2020-06-16 16:23:22,424: 0.75
[rosout][INFO] 2020-06-16 16:23:22,429: 0.0
[rosout][INFO] 2020-06-16 16:23:22,436: 0.75
[rosout][INFO] 2020-06-16 16:23:22,438: 0.0
[rosout][INFO] 2020-06-16 16:23:22,440: 0.75
[rosout][INFO] 2020-06-16 16:23:22,443: 0.0
[rosout][INFO] 2020-06-16 16:23:22,445: 0.75
[rosout][INFO] 2020-06-16 16:23:22,449: 0.0
[rosout][INFO] 2020-06-16 16:23:22,452: 0.75
[rosout][INFO] 2020-06-16 16:23:22,458: 0.0
[rosout][INFO] 2020-06-16 16:23:22,468: 0.75
[rosout][INFO] 2020-06-16 16:23:22,471: 0.0
[rosout][INFO] 2020-06-16 16:23:22,473: 0.75
[rosout][INFO] 2020-06-16 16:23:22,476: 0.0
[rosout][INFO] 2020-06-16 16:23:22,478: 0.75
[rosout][INFO] 2020-06-16 16:23:22,482: 0.0
[rosout][INFO] 2020-06-16 16:23:22,485: 0.75
[rosout][INFO] 2020-06-16 16:23:22,496: 0.0
[rosout][INFO] 2020-06-16 16:23:22,500: 0.75
[rosout][INFO] 2020-06-16 16:23:22,502: 0.0
[rosout][INFO] 2020-06-16 16:23:22,504: 0.75
[rosout][INFO] 2020-06-16 16:23:22,506: 0.0
[rosout][INFO] 2020-06-16 16:23:22,508: 0.75
[rosout][INFO] 2020-06-16 16:23:22,511: 0.0
[rosout][INFO] 2020-06-16 16:23:22,515: 0.75
[rosout][INFO] 2020-06-16 16:23:22,517: 0.0
[rosout][INFO] 2020-06-16 16:23:22,536: 0.75
[rosout][INFO] 2020-06-16 16:23:22,542: 0.0
[rosout][INFO] 2020-06-16 16:23:22,550: 0.75
[rosout][INFO] 2020-06-16 16:23:22,553: 0.0
[rosout][INFO] 2020-06-16 16:23:22,557: 0.75
[rosout][INFO] 2020-06-16 16:23:22,563: 0.0
[rosout][INFO] 2020-06-16 16:23:22,567: 0.75
[rosout][INFO] 2020-06-16 16:23:22,570: 0.0
[rosout][INFO] 2020-06-16 16:23:22,572: 0.75
[rosout][INFO] 2020-06-16 16:23:22,575: 0.0
[rosout][INFO] 2020-06-16 16:23:22,587: 0.75
[rosout][INFO] 2020-06-16 16:23:22,591: 0.0
[rosout][INFO] 2020-06-16 16:23:22,599: 0.75
[rosout][INFO] 2020-06-16 16:23:22,603: 0.0
[rosout][INFO] 2020-06-16 16:23:22,608: 0.75
[rosout][INFO] 2020-06-16 16:23:22,614: 0.0
[rosout][INFO] 2020-06-16 16:23:22,617: 0.75
[rosout][INFO] 2020-06-16 16:23:22,622: 0.0
[rosout][INFO] 2020-06-16 16:23:22,629: 0.75
[rosout][INFO] 2020-06-16 16:23:22,635: 0.0
[rosout][INFO] 2020-06-16 16:23:22,642: 0.75
[rosout][INFO] 2020-06-16 16:23:22,646: 0.0
[rosout][INFO] 2020-06-16 16:23:22,650: 0.75
[rosout][INFO] 2020-06-16 16:23:22,655: 0.0
[rosout][INFO] 2020-06-16 16:23:22,661: 0.75
[rosout][INFO] 2020-06-16 16:23:22,664: 0.0
[rosout][INFO] 2020-06-16 16:23:22,672: 0.75
[rosout][INFO] 2020-06-16 16:23:22,677: 0.0
[rosout][INFO] 2020-06-16 16:23:22,683: 0.75
[rosout][INFO] 2020-06-16 16:23:22,693: 0.0
[rosout][INFO] 2020-06-16 16:23:22,701: 0.75
[rosout][INFO] 2020-06-16 16:23:22,709: 0.0
[rosout][INFO] 2020-06-16 16:23:22,712: 0.75
[rosout][INFO] 2020-06-16 16:23:22,715: 0.0
[rosout][INFO] 2020-06-16 16:23:22,721: 0.75
[rosout][INFO] 2020-06-16 16:23:22,724: 0.0
[rosout][INFO] 2020-06-16 16:23:22,729: 0.75
[rosout][INFO] 2020-06-16 16:23:22,737: 0.0
[rosout][INFO] 2020-06-16 16:23:22,744: 0.75
[rosout][INFO] 2020-06-16 16:23:22,747: 0.0
[rosout][INFO] 2020-06-16 16:23:22,753: 0.75
[rosout][INFO] 2020-06-16 16:23:22,763: 0.0
[rosout][INFO] 2020-06-16 16:23:22,768: 0.75
[rosout][INFO] 2020-06-16 16:23:22,773: 0.0
[rosout][INFO] 2020-06-16 16:23:22,779: 0.75
[rosout][INFO] 2020-06-16 16:23:22,786: 0.0
[rosout][INFO] 2020-06-16 16:23:22,795: 0.75
[rosout][INFO] 2020-06-16 16:23:22,798: 0.0
[rosout][INFO] 2020-06-16 16:23:22,802: 0.75
[rosout][INFO] 2020-06-16 16:23:22,805: 0.0
[rosout][INFO] 2020-06-16 16:23:22,809: 0.75
[rosout][INFO] 2020-06-16 16:23:22,812: 0.0
[rosout][INFO] 2020-06-16 16:23:22,816: 0.75
[rosout][INFO] 2020-06-16 16:23:22,820: 0.0
[rosout][INFO] 2020-06-16 16:23:22,825: 0.75
[rosout][INFO] 2020-06-16 16:23:22,830: 0.0
[rosout][INFO] 2020-06-16 16:23:22,834: 0.75
[rosout][INFO] 2020-06-16 16:23:22,836: 0.0
[rosout][INFO] 2020-06-16 16:23:22,839: 0.75
[rosout][INFO] 2020-06-16 16:23:22,841: 0.0
[rosout][INFO] 2020-06-16 16:23:22,844: 0.75
[rosout][INFO] 2020-06-16 16:23:22,846: 0.0
[rosout][INFO] 2020-06-16 16:23:22,857: 0.75
[rosout][INFO] 2020-06-16 16:23:22,863: 0.0
[rosout][INFO] 2020-06-16 16:23:22,867: 0.75
[rosout][INFO] 2020-06-16 16:23:22,871: 0.0
[rosout][INFO] 2020-06-16 16:23:22,873: 0.75
[rosout][INFO] 2020-06-16 16:23:22,876: 0.0
[rosout][INFO] 2020-06-16 16:23:22,879: 0.75
[rosout][INFO] 2020-06-16 16:23:22,887: 0.0
[rosout][INFO] 2020-06-16 16:23:22,891: 0.75
[rosout][INFO] 2020-06-16 16:23:22,894: 0.0
[rosout][INFO] 2020-06-16 16:23:22,896: 0.75
[rosout][INFO] 2020-06-16 16:23:22,900: 0.0
[rosout][INFO] 2020-06-16 16:23:22,903: 0.75
[rosout][INFO] 2020-06-16 16:23:22,905: 0.0
[rosout][INFO] 2020-06-16 16:23:22,908: 0.75
[rosout][INFO] 2020-06-16 16:23:22,911: 0.0
[rosout][INFO] 2020-06-16 16:23:22,918: 0.75
[rosout][INFO] 2020-06-16 16:23:22,921: 0.0
[rosout][INFO] 2020-06-16 16:23:22,924: 0.75
[rosout][INFO] 2020-06-16 16:23:22,929: 0.0
[rosout][INFO] 2020-06-16 16:23:22,934: 0.75
[rosout][INFO] 2020-06-16 16:23:22,936: 0.0
[rosout][INFO] 2020-06-16 16:23:22,939: 0.75
[rosout][INFO] 2020-06-16 16:23:22,942: 0.0
[rosout][INFO] 2020-06-16 16:23:22,945: 0.75
[rosout][INFO] 2020-06-16 16:23:22,949: 0.0
[rosout][INFO] 2020-06-16 16:23:22,953: 0.75
[rosout][INFO] 2020-06-16 16:23:22,956: 0.0
[rosout][INFO] 2020-06-16 16:23:22,959: 0.75
[rosout][INFO] 2020-06-16 16:23:22,962: 0.0
[rosout][INFO] 2020-06-16 16:23:22,967: 0.75
[rosout][INFO] 2020-06-16 16:23:22,970: 0.0
[rosout][INFO] 2020-06-16 16:23:22,973: 0.75
[rosout][INFO] 2020-06-16 16:23:22,976: 0.0
[rosout][INFO] 2020-06-16 16:23:22,981: 0.75
[rosout][INFO] 2020-06-16 16:23:22,985: 0.0
[rosout][INFO] 2020-06-16 16:23:22,988: 0.75
[rosout][INFO] 2020-06-16 16:23:22,991: 0.0
[rosout][INFO] 2020-06-16 16:23:22,996: 0.75
[rosout][INFO] 2020-06-16 16:23:23,000: 0.0
[rosout][INFO] 2020-06-16 16:23:23,002: 0.75
[rosout][INFO] 2020-06-16 16:23:23,007: 0.0
[rosout][INFO] 2020-06-16 16:23:23,011: 0.75
[rosout][INFO] 2020-06-16 16:23:23,019: 0.0
[rosout][INFO] 2020-06-16 16:23:23,022: 0.75
[rosout][INFO] 2020-06-16 16:23:23,026: 0.0
[rosout][INFO] 2020-06-16 16:23:23,032: 0.75
[rosout][INFO] 2020-06-16 16:23:23,036: 0.0
[rosout][INFO] 2020-06-16 16:23:23,040: 0.75
[rosout][INFO] 2020-06-16 16:23:23,047: 0.0
[rosout][INFO] 2020-06-16 16:23:23,051: 0.75
[rosout][INFO] 2020-06-16 16:23:23,054: 0.0
[rosout][INFO] 2020-06-16 16:23:23,057: 0.75
[rosout][INFO] 2020-06-16 16:23:23,062: 0.0
[rosout][INFO] 2020-06-16 16:23:23,067: 0.75
[rosout][INFO] 2020-06-16 16:23:23,073: 0.0
[rosout][INFO] 2020-06-16 16:23:23,077: 0.75
[rosout][INFO] 2020-06-16 16:23:23,083: 0.0
[rosout][INFO] 2020-06-16 16:23:23,087: 0.75
[rosout][INFO] 2020-06-16 16:23:23,090: 0.0
[rosout][INFO] 2020-06-16 16:23:23,096: 0.75
[rosout][INFO] 2020-06-16 16:23:23,101: 0.0
[rosout][INFO] 2020-06-16 16:23:23,105: 0.75
[rosout][INFO] 2020-06-16 16:23:23,110: 0.0
[rosout][INFO] 2020-06-16 16:23:23,113: 0.75
[rosout][INFO] 2020-06-16 16:23:23,117: 0.0
[rosout][INFO] 2020-06-16 16:23:23,120: 0.75
[rosout][INFO] 2020-06-16 16:23:23,123: 0.0
[rosout][INFO] 2020-06-16 16:23:23,128: 0.75
[rosout][INFO] 2020-06-16 16:23:23,137: 0.0
[rosout][INFO] 2020-06-16 16:23:23,141: 0.75
[rosout][INFO] 2020-06-16 16:23:23,146: 0.0
[rosout][INFO] 2020-06-16 16:23:23,150: 0.75
[rosout][INFO] 2020-06-16 16:23:23,153: 0.0
[rosout][INFO] 2020-06-16 16:23:23,158: 0.75
[rosout][INFO] 2020-06-16 16:23:23,161: 0.0
[rosout][INFO] 2020-06-16 16:23:23,165: 0.75
[rosout][INFO] 2020-06-16 16:23:23,169: 0.0
[rosout][INFO] 2020-06-16 16:23:23,173: 0.75
[rosout][INFO] 2020-06-16 16:23:23,177: 0.0
[rosout][INFO] 2020-06-16 16:23:23,181: 0.75
[rosout][INFO] 2020-06-16 16:23:23,185: 0.0
[rosout][INFO] 2020-06-16 16:23:23,189: 0.75
[rosout][INFO] 2020-06-16 16:23:23,193: 0.0
[rosout][INFO] 2020-06-16 16:23:23,200: 0.75
[rosout][INFO] 2020-06-16 16:23:23,204: 0.0
[rosout][INFO] 2020-06-16 16:23:23,208: 0.75
[rosout][INFO] 2020-06-16 16:23:23,212: 0.0
[rosout][INFO] 2020-06-16 16:23:23,216: 0.75
[rosout][INFO] 2020-06-16 16:23:23,218: 0.0
[rosout][INFO] 2020-06-16 16:23:23,220: 0.75
[rosout][INFO] 2020-06-16 16:23:23,223: 0.0
[rosout][INFO] 2020-06-16 16:23:23,226: 0.75
[rosout][INFO] 2020-06-16 16:23:23,229: 0.0
[rosout][INFO] 2020-06-16 16:23:23,235: 0.75
[rosout][INFO] 2020-06-16 16:23:23,240: 0.0
[rosout][INFO] 2020-06-16 16:23:23,248: 0.75
[rosout][INFO] 2020-06-16 16:23:23,251: 0.0
[rosout][INFO] 2020-06-16 16:23:23,254: 0.75
[rosout][INFO] 2020-06-16 16:23:23,256: 0.0
[rosout][INFO] 2020-06-16 16:23:23,259: 0.75
[rosout][INFO] 2020-06-16 16:23:23,262: 0.0
[rosout][INFO] 2020-06-16 16:23:23,275: 0.75
[rosout][INFO] 2020-06-16 16:23:23,277: 0.0
[rosout][INFO] 2020-06-16 16:23:23,280: 0.75
[rosout][INFO] 2020-06-16 16:23:23,283: 0.0
[rosout][INFO] 2020-06-16 16:23:23,286: 0.75
[rosout][INFO] 2020-06-16 16:23:23,288: 0.0
[rosout][INFO] 2020-06-16 16:23:23,291: 0.75
[rosout][INFO] 2020-06-16 16:23:23,294: 0.0
[rosout][INFO] 2020-06-16 16:23:23,301: 0.75
[rosout][INFO] 2020-06-16 16:23:23,307: 0.0
[rosout][INFO] 2020-06-16 16:23:23,310: 0.75
[rosout][INFO] 2020-06-16 16:23:23,312: 0.0
[rosout][INFO] 2020-06-16 16:23:23,316: 0.75
[rosout][INFO] 2020-06-16 16:23:23,319: 0.0
[rosout][INFO] 2020-06-16 16:23:23,321: 0.75
[rosout][INFO] 2020-06-16 16:23:23,324: 0.0
[rosout][INFO] 2020-06-16 16:23:23,327: 0.75
[rosout][INFO] 2020-06-16 16:23:23,335: 0.0
[rosout][INFO] 2020-06-16 16:23:23,341: 0.75
[rosout][INFO] 2020-06-16 16:23:23,343: 0.0
[rosout][INFO] 2020-06-16 16:23:23,346: 0.75
[rosout][INFO] 2020-06-16 16:23:23,352: 0.0250165630132
[rosout][INFO] 2020-06-16 16:23:23,355: 0.75
[rosout][INFO] 2020-06-16 16:23:23,358: 0.0500117540359
[rosout][INFO] 2020-06-16 16:23:23,366: 0.75
[rosout][INFO] 2020-06-16 16:23:23,378: 0.0750056356192
[rosout][INFO] 2020-06-16 16:23:23,382: 0.75
[rosout][INFO] 2020-06-16 16:23:23,385: 0.100001037121
[rosout][INFO] 2020-06-16 16:23:23,387: 0.75
[rosout][INFO] 2020-06-16 16:23:23,390: 0.125005140901
[rosout][INFO] 2020-06-16 16:23:23,394: 0.75
[rosout][INFO] 2020-06-16 16:23:23,400: 0.150003060699
[rosout][INFO] 2020-06-16 16:23:23,403: 0.75
[rosout][INFO] 2020-06-16 16:23:23,405: 0.17499935627
[rosout][INFO] 2020-06-16 16:23:23,408: 0.75
[rosout][INFO] 2020-06-16 16:23:23,410: 0.2000028193
[rosout][INFO] 2020-06-16 16:23:23,412: 0.75
[rosout][INFO] 2020-06-16 16:23:23,416: 0.225004509091
[rosout][INFO] 2020-06-16 16:23:23,418: 0.75
[rosout][INFO] 2020-06-16 16:23:23,421: 0.250005841255
[rosout][INFO] 2020-06-16 16:23:23,425: 0.75
[rosout][INFO] 2020-06-16 16:23:23,432: 0.275010198355
[rosout][INFO] 2020-06-16 16:23:23,435: 0.75
[rosout][INFO] 2020-06-16 16:23:23,438: 0.299999266863
[rosout][INFO] 2020-06-16 16:23:23,440: 0.75
[rosout][INFO] 2020-06-16 16:23:23,443: 0.325058847666
[rosout][INFO] 2020-06-16 16:23:23,448: 0.75
[rosout][INFO] 2020-06-16 16:23:23,451: 0.350005060434
[rosout][INFO] 2020-06-16 16:23:23,454: 0.75
[rosout][INFO] 2020-06-16 16:23:23,457: 0.37500679493
[rosout][INFO] 2020-06-16 16:23:23,462: 0.75
[rosout][INFO] 2020-06-16 16:23:23,467: 0.40000513196
[rosout][INFO] 2020-06-16 16:23:23,469: 0.75
[rosout][INFO] 2020-06-16 16:23:23,472: 0.425011962652
[rosout][INFO] 2020-06-16 16:23:23,477: 0.75
[rosout][INFO] 2020-06-16 16:23:23,479: 0.450056970119
[rosout][INFO] 2020-06-16 16:23:23,483: 0.75
[rosout][INFO] 2020-06-16 16:23:23,489: 0.47500193119
[rosout][INFO] 2020-06-16 16:23:23,493: 0.75
[rosout][INFO] 2020-06-16 16:23:23,496: 0.500005424023
[rosout][INFO] 2020-06-16 16:23:23,500: 0.75
[rosout][INFO] 2020-06-16 16:23:23,504: 0.525001108646
[rosout][INFO] 2020-06-16 16:23:23,507: 0.75
[rosout][INFO] 2020-06-16 16:23:23,510: 0.550001442432
[rosout][INFO] 2020-06-16 16:23:23,512: 0.75
[rosout][INFO] 2020-06-16 16:23:23,516: 0.575030565262
[rosout][INFO] 2020-06-16 16:23:23,519: 0.75
[rosout][INFO] 2020-06-16 16:23:23,526: 0.600009381771
[rosout][INFO] 2020-06-16 16:23:23,529: 0.75
[rosout][INFO] 2020-06-16 16:23:23,533: 0.625001192093
[rosout][INFO] 2020-06-16 16:23:23,537: 0.75
[rosout][INFO] 2020-06-16 16:23:23,540: 0.650048494339
[rosout][INFO] 2020-06-16 16:23:23,544: 0.75
[rosout][INFO] 2020-06-16 16:23:23,548: 0.675017058849
[rosout][INFO] 2020-06-16 16:23:23,553: 0.75
[rosout][INFO] 2020-06-16 16:23:23,557: 0.700302362442
[rosout][INFO] 2020-06-16 16:23:23,561: 0.75
[rosout][INFO] 2020-06-16 16:23:23,565: 0.725015640259
[rosout][INFO] 2020-06-16 16:23:23,568: 0.75
[rosout][INFO] 2020-06-16 16:23:23,570: 0.75004440546
[rosout][INFO] 2020-06-16 16:23:23,574: 0.75
[rosout][INFO] 2020-06-16 16:23:23,576: 0.775093019009
[rosout][INFO] 2020-06-16 16:23:23,578: 0.75
[rosout][INFO] 2020-06-16 16:23:23,583: 0.800002753735
[rosout][INFO] 2020-06-16 16:23:23,586: 0.75
[rosout][INFO] 2020-06-16 16:23:23,589: 0.825006484985
[rosout][INFO] 2020-06-16 16:23:23,593: 0.75
[rosout][INFO] 2020-06-16 16:23:23,599: 0.85000193119
[rosout][INFO] 2020-06-16 16:23:23,601: 0.75
[rosout][INFO] 2020-06-16 16:23:23,605: 0.875002801418
[rosout][INFO] 2020-06-16 16:23:23,608: 0.75
[rosout][INFO] 2020-06-16 16:23:23,611: 0.900008916855
[rosout][INFO] 2020-06-16 16:23:23,615: 0.75
[rosout][INFO] 2020-06-16 16:23:23,618: 0.925001561642
[rosout][INFO] 2020-06-16 16:23:23,621: 0.75
[rosout][INFO] 2020-06-16 16:23:23,626: 0.950001299381
[rosout][INFO] 2020-06-16 16:23:23,629: 0.75
[rosout][INFO] 2020-06-16 16:23:23,634: 0.975005090237
[rosout][INFO] 2020-06-16 16:23:23,637: 0.75
[rosout][INFO] 2020-06-16 16:23:23,640: 1.00001549721
[rosout][INFO] 2020-06-16 16:23:23,643: 0.75
[rosout][INFO] 2020-06-16 16:23:23,646: 1.02504909039
[rosout][INFO] 2020-06-16 16:23:23,651: 0.75
[rosout][INFO] 2020-06-16 16:23:23,653: 1.05001604557
[rosout][INFO] 2020-06-16 16:23:23,658: 0.75
[rosout][INFO] 2020-06-16 16:23:23,661: 1.07500374317
[rosout][INFO] 2020-06-16 16:23:23,666: 0.75
[rosout][INFO] 2020-06-16 16:23:23,671: 1.10001051426
[rosout][INFO] 2020-06-16 16:23:23,673: 0.75
[rosout][INFO] 2020-06-16 16:23:23,679: 1.12504935265
[rosout][INFO] 2020-06-16 16:23:23,683: 0.75
[rosout][INFO] 2020-06-16 16:23:23,691: 1.15000295639
[rosout][INFO] 2020-06-16 16:23:23,694: 0.75
[rosout][INFO] 2020-06-16 16:23:23,735: 1.17512786388
[rosout][INFO] 2020-06-16 16:23:23,738: 0.75
[rosout][INFO] 2020-06-16 16:23:23,779: 1.20009994507
[rosout][INFO] 2020-06-16 16:23:23,782: 0.75
[rosout][INFO] 2020-06-16 16:23:23,823: 1.22500240803
[rosout][INFO] 2020-06-16 16:23:23,825: 0.75
[rosout][INFO] 2020-06-16 16:23:23,867: 1.25000739098
[rosout][INFO] 2020-06-16 16:23:23,870: 0.75
[rosout][INFO] 2020-06-16 16:23:23,874: 1.27510607243
[rosout][INFO] 2020-06-16 16:23:23,878: 0.75
[rosout][INFO] 2020-06-16 16:23:23,911: 1.30000734329
[rosout][INFO] 2020-06-16 16:23:23,914: 0.75
[rosout][INFO] 2020-06-16 16:23:23,925: 1.32510280609
[rosout][INFO] 2020-06-16 16:23:23,928: 0.75
[rosout][INFO] 2020-06-16 16:23:23,967: 1.3501085043
[rosout][INFO] 2020-06-16 16:23:23,971: 0.75
[rosout][INFO] 2020-06-16 16:23:24,010: 1.37510204315
[rosout][INFO] 2020-06-16 16:23:24,014: 0.75
[rosout][INFO] 2020-06-16 16:23:24,055: 1.40010809898
[rosout][INFO] 2020-06-16 16:23:24,059: 0.75
[rosout][INFO] 2020-06-16 16:23:24,099: 1.42501282692
[rosout][INFO] 2020-06-16 16:23:24,102: 0.75
[rosout][INFO] 2020-06-16 16:23:24,105: 1.45001316071
[rosout][INFO] 2020-06-16 16:23:24,108: 0.75
[rosout][INFO] 2020-06-16 16:23:24,143: 1.47510397434
[rosout][INFO] 2020-06-16 16:23:24,145: 0.75
[rosout][INFO] 2020-06-16 16:23:24,158: 1.50013244152
[rosout][INFO] 2020-06-16 16:23:24,199: 1.52501642704
[rosout][INFO] 2020-06-16 16:23:24,243: 1.52668261528
[rosout][INFO] 2020-06-16 16:23:24,287: 1.52834928036
[rosout][INFO] 2020-06-16 16:23:24,330: 1.53001558781
[rosout][INFO] 2020-06-16 16:23:24,334: 1.53168237209
[rosout][INFO] 2020-06-16 16:23:24,375: 1.53334927559
[rosout][INFO] 2020-06-16 16:23:24,391: 1.53501594067
[rosout][INFO] 2020-06-16 16:23:24,435: 1.53668308258
[rosout][INFO] 2020-06-16 16:23:24,483: 1.5383849144
[rosout][INFO] 2020-06-16 16:23:24,531: 1.54001569748
[rosout][INFO] 2020-06-16 16:23:24,534: 1.54169034958
[rosout][INFO] 2020-06-16 16:23:24,575: 1.54334878922
[rosout][INFO] 2020-06-16 16:23:24,591: 1.54502189159
[rosout][INFO] 2020-06-16 16:23:24,635: 1.54668939114
[rosout][INFO] 2020-06-16 16:23:24,679: 1.54835581779
[rosout][INFO] 2020-06-16 16:23:24,723: 1.55001592636
[rosout][INFO] 2020-06-16 16:23:24,767: 1.55168259144
[rosout][INFO] 2020-06-16 16:23:24,771: 1.5533592701
[rosout][INFO] 2020-06-16 16:23:24,810: 1.55502104759
[rosout][INFO] 2020-06-16 16:23:24,825: 1.55668866634
[rosout][INFO] 2020-06-16 16:23:24,867: 1.55835592747
[rosout][INFO] 2020-06-16 16:23:24,911: 1.56001543999
[rosout][INFO] 2020-06-16 16:23:24,955: 1.5616825819
[rosout][INFO] 2020-06-16 16:23:24,999: 1.56334936619
[rosout][INFO] 2020-06-16 16:23:25,001: 1.56501567364
[rosout][INFO] 2020-06-16 16:23:25,043: 1.5666821003
[rosout][INFO] 2020-06-16 16:23:25,058: 1.56834924221
[rosout][INFO] 2020-06-16 16:23:25,099: 1.57002103329
[rosout][INFO] 2020-06-16 16:23:25,147: 1.57002103329
[rosout][INFO] 2020-06-16 16:23:25,195: 1.57002103329
[rosout][INFO] 2020-06-16 16:23:25,197: 1.57002103329
[rosout][INFO] 2020-06-16 16:23:25,239: 1.57002103329
[rosout][INFO] 2020-06-16 16:23:25,258: 1.57002103329
[rosout][INFO] 2020-06-16 16:23:25,299: 1.57002103329
[rosout][INFO] 2020-06-16 16:23:25,343: 1.57002103329
[rosout][INFO] 2020-06-16 16:23:25,386: 1.57002103329
[rosout][INFO] 2020-06-16 16:23:25,431: 1.57002103329
[rosout][INFO] 2020-06-16 16:23:25,435: 1.57002103329
[rosout][INFO] 2020-06-16 16:23:25,475: 1.57002103329
[rosout][INFO] 2020-06-16 16:23:25,491: 1.57002103329
[rosout][INFO] 2020-06-16 16:23:25,535: 1.57002103329
[rosout][INFO] 2020-06-16 16:23:25,579: 1.57002103329
[rosout][INFO] 2020-06-16 16:23:25,623: 1.57002103329
[rosout][INFO] 2020-06-16 16:23:25,667: 1.57002103329
[rosout][INFO] 2020-06-16 16:23:25,671: 1.57002103329
[rosout][INFO] 2020-06-16 16:23:25,711: 1.57002103329
[rosout][INFO] 2020-06-16 16:23:25,725: 1.57002103329
[rosout][INFO] 2020-06-16 16:23:25,767: 1.57002103329
[rosout][INFO] 2020-06-16 16:23:25,811: 1.57002103329
[rosout][INFO] 2020-06-16 16:23:25,855: 1.57002103329
[rosout][INFO] 2020-06-16 16:23:25,903: 1.57002103329
[rosout][INFO] 2020-06-16 16:23:25,906: 1.57002103329
[rosout][INFO] 2020-06-16 16:23:25,947: 1.57002103329
[rosout][INFO] 2020-06-16 16:23:25,958: 1.57002103329
[rosout][INFO] 2020-06-16 16:23:25,999: 1.57002103329
[rosout][INFO] 2020-06-16 16:23:26,043: 1.57002103329
[rosout][INFO] 2020-06-16 16:23:26,087: 1.57002103329
[rosout][INFO] 2020-06-16 16:23:26,135: 1.57002103329
[rosout][INFO] 2020-06-16 16:23:26,138: 1.57002103329
[rosout][INFO] 2020-06-16 16:23:26,183: 1.57002103329
[rosout][INFO] 2020-06-16 16:23:26,191: 1.57002103329
[rosout][INFO] 2020-06-16 16:23:26,235: 1.57002103329
[rosout][INFO] 2020-06-16 16:23:26,278: 1.57002103329
[rosout][INFO] 2020-06-16 16:23:26,322: 1.57002103329
[rosout][INFO] 2020-06-16 16:23:26,367: 1.57002103329
[rosout][INFO] 2020-06-16 16:23:26,370: 1.57002103329
[rosout][INFO] 2020-06-16 16:23:26,411: 1.57002103329
[rosout][INFO] 2020-06-16 16:23:26,424: 1.57002103329
[rosout][INFO] 2020-06-16 16:23:26,467: 1.57002103329
[rosout][INFO] 2020-06-16 16:23:26,511: 1.57002103329
[rosout][INFO] 2020-06-16 16:23:26,555: 1.57002103329
[rosout][INFO] 2020-06-16 16:23:26,603: 1.57002103329
[rosout][INFO] 2020-06-16 16:23:26,606: 1.57002103329
[rosout][INFO] 2020-06-16 16:23:26,647: 1.57002103329
[rosout][INFO] 2020-06-16 16:23:26,658: 1.57002103329
[rosout][INFO] 2020-06-16 16:23:26,698: 1.57002103329
[rosout][INFO] 2020-06-16 16:23:26,743: 1.57002103329
[rosout][INFO] 2020-06-16 16:23:26,787: 1.57002103329
[rosout][INFO] 2020-06-16 16:23:26,831: 1.57002103329
[rosout][INFO] 2020-06-16 16:23:26,834: 1.57002103329
[rosout][INFO] 2020-06-16 16:23:26,875: 1.57002103329
[rosout][INFO] 2020-06-16 16:23:26,891: 1.57002103329
[rosout][INFO] 2020-06-16 16:23:26,935: 1.57002103329
[rosout][INFO] 2020-06-16 16:23:26,979: 1.57002103329
[rosout][INFO] 2020-06-16 16:23:27,022: 1.57002103329
[rosout][INFO] 2020-06-16 16:23:27,067: 1.57002103329
[rosout][INFO] 2020-06-16 16:23:27,071: 1.57002103329
[rosout][INFO] 2020-06-16 16:23:27,110: 1.57002103329
[rosout][INFO] 2020-06-16 16:23:27,125: 1.57002103329
[rosout][INFO] 2020-06-16 16:23:27,167: 1.57002103329
[rosout][INFO] 2020-06-16 16:23:27,210: 1.57002103329
[rosout][INFO] 2020-06-16 16:23:27,255: 1.57002103329
[rosout][INFO] 2020-06-16 16:23:27,299: 1.57002103329
[rosout][INFO] 2020-06-16 16:23:27,303: 1.57002103329
[rosout][INFO] 2020-06-16 16:23:27,343: 1.57002103329
[rosout][INFO] 2020-06-16 16:23:27,358: 1.57002103329
[rosout][INFO] 2020-06-16 16:23:27,399: 1.57002103329
[rosout][INFO] 2020-06-16 16:23:27,443: 1.57002103329
[rosout][INFO] 2020-06-16 16:23:27,487: 1.57002103329
[rosout][INFO] 2020-06-16 16:23:27,531: 1.57002103329
[rosout][INFO] 2020-06-16 16:23:27,533: 1.57002103329
[rosout][INFO] 2020-06-16 16:23:27,575: 1.57002103329
[rosout][INFO] 2020-06-16 16:23:27,591: 1.57002103329
[rosout][INFO] 2020-06-16 16:23:27,639: 1.57002103329
[rosout][INFO] 2020-06-16 16:23:27,679: 1.57002103329
[rosout][INFO] 2020-06-16 16:23:27,723: 1.57002103329
[rosout][INFO] 2020-06-16 16:23:27,767: 1.57002103329
[rosout][INFO] 2020-06-16 16:23:27,770: 1.57002103329
[rosout][INFO] 2020-06-16 16:23:27,811: 1.57002103329
[rosout][INFO] 2020-06-16 16:23:32,826: 1.57002103329
[rosout][INFO] 2020-06-16 16:23:32,829: 1.57002103329
[rosout][INFO] 2020-06-16 16:23:32,834: 1.57002103329
[rosout][INFO] 2020-06-16 16:23:32,839: 1.57002103329
[rosout][INFO] 2020-06-16 16:23:32,844: 1.57002103329
[rosout][INFO] 2020-06-16 16:23:32,847: 1.57002103329
[rosout][INFO] 2020-06-16 16:23:32,849: 1.57002103329
[rosout][INFO] 2020-06-16 16:23:32,851: 1.57002103329
[rosout][INFO] 2020-06-16 16:23:32,853: 1.57002103329
[rosout][INFO] 2020-06-16 16:23:32,856: 1.57002103329
[rosout][INFO] 2020-06-16 16:23:32,859: 1.57002103329
[rosout][INFO] 2020-06-16 16:23:32,870: 1.57002103329
[rosout][INFO] 2020-06-16 16:23:32,873: 1.57002103329
[rosout][INFO] 2020-06-16 16:23:32,875: 1.57002103329
[rosout][INFO] 2020-06-16 16:23:32,877: 1.57002103329
[rosout][INFO] 2020-06-16 16:23:32,880: 1.57002103329
[rosout][INFO] 2020-06-16 16:23:32,883: 1.57002103329
[rosout][INFO] 2020-06-16 16:23:32,885: 1.57002103329
[rosout][INFO] 2020-06-16 16:23:32,889: 1.57002103329
[rosout][INFO] 2020-06-16 16:23:32,891: 1.57002103329
[rosout][INFO] 2020-06-16 16:23:32,894: 1.57002103329
[rosout][INFO] 2020-06-16 16:23:32,903: 1.57002103329
[rosout][INFO] 2020-06-16 16:23:32,908: 1.57002103329
[rosout][INFO] 2020-06-16 16:23:32,912: 1.57002103329
[rosout][INFO] 2020-06-16 16:23:32,915: 1.57002103329
[rosout][INFO] 2020-06-16 16:23:32,918: 1.57002103329
[rosout][INFO] 2020-06-16 16:23:32,921: 1.57002103329
[rosout][INFO] 2020-06-16 16:23:32,923: 1.57002103329
[rosout][INFO] 2020-06-16 16:23:32,937: 1.57002103329
[rosout][INFO] 2020-06-16 16:23:32,940: 1.57002103329
[rosout][INFO] 2020-06-16 16:23:32,942: 1.57002103329
[rosout][INFO] 2020-06-16 16:23:32,944: 1.57002103329
[rosout][INFO] 2020-06-16 16:23:32,948: 1.57002103329
[rosout][INFO] 2020-06-16 16:23:32,952: 1.57002103329
[rosout][INFO] 2020-06-16 16:23:32,955: 1.57002103329
[rosout][INFO] 2020-06-16 16:23:32,960: 1.57002103329
[rosout][INFO] 2020-06-16 16:23:32,964: 1.57002103329
[rosout][INFO] 2020-06-16 16:23:32,968: 1.57002103329
[rosout][INFO] 2020-06-16 16:23:32,972: 1.57002103329
[rosout][INFO] 2020-06-16 16:23:32,976: 1.57002103329
[rosout][INFO] 2020-06-16 16:23:32,979: 1.57002103329
[rosout][INFO] 2020-06-16 16:23:32,983: 1.57002103329
[rosout][INFO] 2020-06-16 16:23:32,985: 1.57002103329
[rosout][INFO] 2020-06-16 16:23:32,987: 1.57002103329
[rosout][INFO] 2020-06-16 16:23:32,990: 1.57002103329
[rosout][INFO] 2020-06-16 16:23:32,994: 1.57002103329
[rosout][INFO] 2020-06-16 16:23:33,002: 1.57002103329
[rosout][INFO] 2020-06-16 16:23:33,005: 1.57002103329
[rosout][INFO] 2020-06-16 16:23:33,008: 1.57002103329
[rosout][INFO] 2020-06-16 16:23:33,011: 1.57002103329
[rosout][INFO] 2020-06-16 16:23:33,015: 1.57002103329
[rosout][INFO] 2020-06-16 16:23:33,018: 1.57002103329
[rosout][INFO] 2020-06-16 16:23:33,021: 1.57002103329
[rosout][INFO] 2020-06-16 16:23:33,027: 1.57002103329
[rosout][INFO] 2020-06-16 16:23:33,031: 1.57002103329
[rosout][INFO] 2020-06-16 16:23:33,035: 1.57002103329
[rosout][INFO] 2020-06-16 16:23:33,039: 1.57002103329
[rosout][INFO] 2020-06-16 16:23:33,042: 1.57002103329
[rosout][INFO] 2020-06-16 16:23:33,045: 1.57002103329
[rosout][INFO] 2020-06-16 16:23:33,051: 1.57002103329
[rosout][INFO] 2020-06-16 16:23:33,053: 1.57002103329
[rosout][INFO] 2020-06-16 16:23:33,057: 1.57002103329
[rosout][INFO] 2020-06-16 16:23:33,062: 1.57002103329
[rosout][INFO] 2020-06-16 16:23:33,067: 1.57002103329
[rosout][INFO] 2020-06-16 16:23:33,070: 1.57002103329
[rosout][INFO] 2020-06-16 16:23:33,074: 1.57002103329
[rosout][INFO] 2020-06-16 16:23:33,078: 1.57002103329
[rosout][INFO] 2020-06-16 16:23:33,082: 1.57002103329
[rosout][INFO] 2020-06-16 16:23:33,085: 1.57002103329
[rosout][INFO] 2020-06-16 16:23:33,089: 1.57002103329
[rosout][INFO] 2020-06-16 16:23:33,096: 1.57002103329
[rosout][INFO] 2020-06-16 16:23:33,100: 1.57002103329
[rosout][INFO] 2020-06-16 16:23:33,103: 1.57002103329
[rosout][INFO] 2020-06-16 16:23:33,107: 1.57002103329
[rosout][INFO] 2020-06-16 16:23:33,110: 1.57002103329
[rosout][INFO] 2020-06-16 16:23:33,112: 1.57002103329
[rosout][INFO] 2020-06-16 16:23:33,117: 1.57002103329
[rosout][INFO] 2020-06-16 16:23:33,122: 1.57002103329
[rosout][INFO] 2020-06-16 16:23:33,126: 1.57002103329
[rosout][INFO] 2020-06-16 16:23:33,136: 1.57002103329
[rosout][INFO] 2020-06-16 16:23:33,138: 1.57002103329
[rosout][INFO] 2020-06-16 16:23:33,141: 1.57002103329
[rosout][INFO] 2020-06-16 16:23:33,143: 1.57002103329
[rosout][INFO] 2020-06-16 16:23:33,146: 1.57002103329
[rosout][INFO] 2020-06-16 16:23:33,159: 1.57002103329
[rosout][INFO] 2020-06-16 16:23:33,165: 1.57002103329
[rosout][INFO] 2020-06-16 16:23:33,169: 1.57002103329
[rosout][INFO] 2020-06-16 16:23:33,173: 1.57002103329
[rosout][INFO] 2020-06-16 16:23:33,176: 1.57002103329
[rosout][INFO] 2020-06-16 16:23:33,179: 1.57002103329
[rosout][INFO] 2020-06-16 16:23:33,200: 1.57002103329
[rosout][INFO] 2020-06-16 16:23:33,204: 1.57002103329
[rosout][INFO] 2020-06-16 16:23:33,207: 1.57002103329
[rosout][INFO] 2020-06-16 16:23:33,211: 1.57002103329
[rosout][INFO] 2020-06-16 16:23:33,215: 1.57002103329
[rosout][INFO] 2020-06-16 16:23:33,220: 1.57002103329
[rosout][INFO] 2020-06-16 16:23:33,223: 1.57002103329
[rosout][INFO] 2020-06-16 16:23:33,228: 1.57002103329
[rosout][INFO] 2020-06-16 16:23:33,232: 1.57002103329
[rosout][INFO] 2020-06-16 16:23:33,235: 1.57002103329
[rosout][INFO] 2020-06-16 16:23:33,238: 1.57002103329
[rosout][INFO] 2020-06-16 16:23:33,241: 1.57002103329
[rosout][INFO] 2020-06-16 16:23:33,244: 1.57002103329
[rosout][INFO] 2020-06-16 16:23:33,248: 1.57002103329
[rosout][INFO] 2020-06-16 16:23:33,255: 1.57002103329
[rosout][INFO] 2020-06-16 16:23:33,261: 1.57002103329
[rosout][INFO] 2020-06-16 16:23:33,264: 1.57002103329
[rosout][INFO] 2020-06-16 16:23:33,266: 1.57002103329
[rosout][INFO] 2020-06-16 16:23:33,271: 1.57002103329
[rosout][INFO] 2020-06-16 16:23:33,274: 1.57002103329
[rosout][INFO] 2020-06-16 16:23:33,277: 1.57002103329
[rosout][INFO] 2020-06-16 16:23:33,283: 1.57002103329
[rosout][INFO] 2020-06-16 16:23:33,289: 1.57002103329
[rosout][INFO] 2020-06-16 16:23:33,295: 1.57002103329
[rosout][INFO] 2020-06-16 16:23:33,299: 1.57002103329
[rosout][INFO] 2020-06-16 16:23:33,301: 1.57002103329
[rosout][INFO] 2020-06-16 16:23:33,304: 1.57002103329
[rosout][INFO] 2020-06-16 16:23:33,307: 1.57002103329
[rosout][INFO] 2020-06-16 16:23:33,311: 1.57002103329
[rosout][INFO] 2020-06-16 16:23:33,315: 1.57002103329
[rosout][INFO] 2020-06-16 16:23:33,319: 1.57002103329
[rosout][INFO] 2020-06-16 16:23:33,325: 1.57002103329
[rosout][INFO] 2020-06-16 16:23:33,329: 1.57002103329
[rosout][INFO] 2020-06-16 16:23:33,334: 1.57002103329
[rosout][INFO] 2020-06-16 16:23:33,338: 1.57002103329
[rosout][INFO] 2020-06-16 16:23:33,340: 1.57002103329
[rosout][INFO] 2020-06-16 16:23:33,345: 1.57002103329
[rosout][INFO] 2020-06-16 16:23:33,349: 1.57002103329
[rosout][INFO] 2020-06-16 16:23:33,354: 1.57002103329
[rosout][INFO] 2020-06-16 16:23:33,358: 1.57002103329
[rosout][INFO] 2020-06-16 16:23:33,362: 1.57002103329
[rosout][INFO] 2020-06-16 16:23:33,365: 1.57002103329
[rosout][INFO] 2020-06-16 16:23:33,378: 1.57002103329
[rosout][INFO] 2020-06-16 16:23:33,386: 1.57002103329
[rosout][INFO] 2020-06-16 16:23:33,390: 1.57002103329
[rosout][INFO] 2020-06-16 16:23:33,396: 1.57002103329
[rosout][INFO] 2020-06-16 16:23:33,400: 1.57002103329
[rosout][INFO] 2020-06-16 16:23:33,403: 1.57002103329
[rosout][INFO] 2020-06-16 16:23:33,405: 1.57002103329
[rosout][INFO] 2020-06-16 16:23:33,415: 1.57002103329
[rosout][INFO] 2020-06-16 16:23:33,418: 1.57002103329
[rosout][INFO] 2020-06-16 16:23:33,421: 1.57002103329
[rosout][INFO] 2020-06-16 16:23:33,425: 1.57002103329
[rosout][INFO] 2020-06-16 16:23:33,429: 1.57002103329
[rosout][INFO] 2020-06-16 16:23:33,432: 1.57002103329
[rosout][INFO] 2020-06-16 16:23:33,435: 1.57002103329
[rosout][INFO] 2020-06-16 16:23:33,439: 1.57002103329
[rosout][INFO] 2020-06-16 16:23:33,443: 1.57002103329
[rosout][INFO] 2020-06-16 16:23:33,446: 1.57002103329
[rosout][INFO] 2020-06-16 16:23:33,451: 1.57002103329
[rosout][INFO] 2020-06-16 16:23:33,455: 1.57002103329
[rosout][INFO] 2020-06-16 16:23:33,459: 1.57002103329
[rosout][INFO] 2020-06-16 16:23:33,463: 1.57002103329
[rosout][INFO] 2020-06-16 16:23:33,466: 1.57002103329
[rosout][INFO] 2020-06-16 16:23:33,469: 1.57002103329
[rosout][INFO] 2020-06-16 16:23:33,473: 1.57002103329
[rosout][INFO] 2020-06-16 16:23:33,477: 1.57002103329
[rosout][INFO] 2020-06-16 16:23:33,481: 1.57002103329
[rosout][INFO] 2020-06-16 16:23:33,487: 1.57002103329
[rosout][INFO] 2020-06-16 16:23:33,492: 1.57002103329
[rosout][INFO] 2020-06-16 16:23:33,495: 1.57002103329
[rosout][INFO] 2020-06-16 16:23:33,499: 1.57002103329
[rosout][INFO] 2020-06-16 16:23:33,501: 1.57002103329
[rosout][INFO] 2020-06-16 16:23:33,505: 1.57002103329
[rosout][INFO] 2020-06-16 16:23:33,508: 1.57002103329
[rosout][INFO] 2020-06-16 16:23:33,512: 1.57002103329
[rosout][INFO] 2020-06-16 16:23:33,515: 1.57002103329
[rosout][INFO] 2020-06-16 16:23:33,518: 1.57002103329
[rosout][INFO] 2020-06-16 16:23:33,521: 1.57002103329
[rosout][INFO] 2020-06-16 16:23:33,525: 1.57002103329
[rosout][INFO] 2020-06-16 16:23:33,527: 1.57002103329
[rosout][INFO] 2020-06-16 16:23:33,543: 1.57002103329
[rosout][INFO] 2020-06-16 16:23:33,558: 1.57002103329
[rosout][INFO] 2020-06-16 16:23:33,599: 1.57002103329
[rosout][INFO] 2020-06-16 16:23:33,643: 1.57002103329
[rosout][INFO] 2020-06-16 16:23:33,687: 1.57002103329
[rosout][INFO] 2020-06-16 16:23:33,731: 1.57002103329
[rosout][INFO] 2020-06-16 16:23:33,735: 1.57002103329
[rosout][INFO] 2020-06-16 16:23:33,779: 1.57002103329
[rosout][INFO] 2020-06-16 16:23:33,792: 1.57002103329
[rosout][INFO] 2020-06-16 16:23:33,834: 1.57002103329
[rosout][INFO] 2020-06-16 16:23:33,883: 1.57002103329
[rosout][INFO] 2020-06-16 16:23:33,926: 1.57002103329
[rosout][INFO] 2020-06-16 16:23:33,930: 1.57002103329
[rosout][INFO] 2020-06-16 16:23:33,970: 1.57002103329
[rosout][INFO] 2020-06-16 16:23:33,991: 1.57002103329
[rosout][INFO] 2020-06-16 16:23:34,035: 1.57002103329
[rosout][INFO] 2020-06-16 16:23:34,079: 1.57002103329
[rosout][INFO] 2020-06-16 16:23:34,122: 1.57002103329
[rosout][INFO] 2020-06-16 16:23:34,167: 1.57002103329
[rosout][INFO] 2020-06-16 16:23:34,171: 1.57002103329
[rosout][INFO] 2020-06-16 16:23:34,211: 1.57002103329
[rosout][INFO] 2020-06-16 16:23:34,225: 1.57002103329
[rosout][INFO] 2020-06-16 16:23:34,266: 1.57002103329
[rosout][INFO] 2020-06-16 16:23:34,314: 1.57002103329
[rosout][INFO] 2020-06-16 16:23:34,358: 1.57002103329
[rosout][INFO] 2020-06-16 16:23:34,362: 1.57002103329
[rosout][INFO] 2020-06-16 16:23:34,403: 1.57002103329
[rosout][INFO] 2020-06-16 16:23:34,424: 1.57002103329
[rosout][INFO] 2020-06-16 16:23:34,467: 1.57002103329
[rosout][INFO] 2020-06-16 16:23:34,515: 1.57002103329
[rosout][INFO] 2020-06-16 16:23:34,559: 1.57002103329
[rosout][INFO] 2020-06-16 16:23:34,564: 1.57002103329
[rosout][INFO] 2020-06-16 16:23:34,603: 1.57002103329
[rosout][INFO] 2020-06-16 16:23:34,627: 1.57002103329
[rosout][INFO] 2020-06-16 16:23:34,667: 1.57002103329
[rosout][INFO] 2020-06-16 16:23:34,715: 1.57002103329
[rosout][INFO] 2020-06-16 16:23:34,758: 1.57002103329
[rosout][INFO] 2020-06-16 16:23:34,761: 1.57002103329
[rosout][INFO] 2020-06-16 16:23:34,803: 1.57002103329
[rosout][INFO] 2020-06-16 16:23:34,825: 1.57002103329
[rosout][INFO] 2020-06-16 16:23:34,867: 1.57002103329
[rosout][INFO] 2020-06-16 16:23:34,911: 1.57002103329
[rosout][INFO] 2020-06-16 16:23:34,954: 1.57002103329
[rosout][INFO] 2020-06-16 16:23:34,999: 1.57002103329
[rosout][INFO] 2020-06-16 16:23:35,002: 1.57002103329
[rosout][INFO] 2020-06-16 16:23:35,043: 1.57002103329
[rosout][INFO] 2020-06-16 16:23:35,058: 1.57002103329
[rosout][INFO] 2020-06-16 16:23:35,099: 1.57002103329
[rosout][INFO] 2020-06-16 16:23:35,143: 1.57002103329
[rosout][INFO] 2020-06-16 16:23:35,187: 1.57002103329
[rosout][INFO] 2020-06-16 16:23:35,231: 1.57002103329
[rosout][INFO] 2020-06-16 16:23:35,236: 1.57002103329
[rosout][INFO] 2020-06-16 16:23:35,275: 1.57002103329
[rosout][INFO] 2020-06-16 16:23:35,291: 1.57002103329
[rosout][INFO] 2020-06-16 16:23:35,339: 1.57002103329
[rosout][INFO] 2020-06-16 16:23:35,382: 1.57002103329
[rosout][INFO] 2020-06-16 16:23:35,427: 1.57002103329
[rosout][INFO] 2020-06-16 16:23:35,431: 1.57002103329
[rosout][INFO] 2020-06-16 16:23:35,470: 1.57002103329
[rosout][INFO] 2020-06-16 16:23:35,491: 1.57002103329
[rosout][INFO] 2020-06-16 16:23:35,535: 1.57002103329
[rosout][INFO] 2020-06-16 16:23:35,579: 1.57002103329
[rosout][INFO] 2020-06-16 16:23:35,622: 1.57002103329
[rosout][INFO] 2020-06-16 16:23:35,667: 1.57002103329
[rosout][INFO] 2020-06-16 16:23:35,670: 1.57002103329
[rosout][INFO] 2020-06-16 16:23:35,715: 1.57002103329
[rosout][INFO] 2020-06-16 16:23:35,724: 1.57002103329
[rosout][INFO] 2020-06-16 16:23:35,767: 1.57002103329
[rosout][INFO] 2020-06-16 16:23:35,811: 1.57002103329
[rosout][INFO] 2020-06-16 16:23:35,855: 1.57002103329
[rosout][INFO] 2020-06-16 16:23:35,899: 1.57002103329
[rosout][INFO] 2020-06-16 16:23:35,902: 1.57002103329
[rosout][INFO] 2020-06-16 16:23:35,943: 1.57002103329
[rosout][INFO] 2020-06-16 16:23:35,958: 1.57002103329
[rosout][INFO] 2020-06-16 16:23:35,999: 1.57002103329
[rosout][INFO] 2020-06-16 16:23:36,042: 1.57002103329
[rosout][INFO] 2020-06-16 16:23:36,087: 1.57002103329
[rosout][INFO] 2020-06-16 16:23:36,131: 1.57002103329
[rosout][INFO] 2020-06-16 16:23:41,138: 1.57002103329
[rosout][INFO] 2020-06-16 16:23:41,142: 0.75
[rosout][INFO] 2020-06-16 16:23:41,152: 1.57002103329
[rosout][INFO] 2020-06-16 16:23:41,156: 0.75
[rosout][INFO] 2020-06-16 16:23:41,160: 1.57002103329
[rosout][INFO] 2020-06-16 16:23:41,162: 0.75
[rosout][INFO] 2020-06-16 16:23:41,165: 1.57002103329
[rosout][INFO] 2020-06-16 16:23:41,168: 0.75
[rosout][INFO] 2020-06-16 16:23:41,172: 1.57002103329
[rosout][INFO] 2020-06-16 16:23:41,174: 0.75
[rosout][INFO] 2020-06-16 16:23:41,177: 1.57002103329
[rosout][INFO] 2020-06-16 16:23:41,181: 0.75
[rosout][INFO] 2020-06-16 16:23:41,184: 1.57002103329
[rosout][INFO] 2020-06-16 16:23:41,187: 0.75
[rosout][INFO] 2020-06-16 16:23:41,192: 1.57002103329
[rosout][INFO] 2020-06-16 16:23:41,194: 0.75
[rosout][INFO] 2020-06-16 16:23:41,198: 1.57002103329
[rosout][INFO] 2020-06-16 16:23:41,200: 0.75
[rosout][INFO] 2020-06-16 16:23:41,202: 1.57002103329
[rosout][INFO] 2020-06-16 16:23:41,204: 0.75
[rosout][INFO] 2020-06-16 16:23:41,207: 1.57002103329
[rosout][INFO] 2020-06-16 16:23:41,209: 0.75
[rosout][INFO] 2020-06-16 16:23:41,212: 1.57002103329
[rosout][INFO] 2020-06-16 16:23:41,214: 0.75
[rosout][INFO] 2020-06-16 16:23:41,218: 1.57002103329
[rosout][INFO] 2020-06-16 16:23:41,222: 0.75
[rosout][INFO] 2020-06-16 16:23:41,228: 1.57002103329
[rosout][INFO] 2020-06-16 16:23:41,232: 0.75
[rosout][INFO] 2020-06-16 16:23:41,235: 1.57002103329
[rosout][INFO] 2020-06-16 16:23:41,237: 0.75
[rosout][INFO] 2020-06-16 16:23:41,239: 1.57002103329
[rosout][INFO] 2020-06-16 16:23:41,242: 0.75
[rosout][INFO] 2020-06-16 16:23:41,244: 1.57002103329
[rosout][INFO] 2020-06-16 16:23:41,247: 0.75
[rosout][INFO] 2020-06-16 16:23:41,250: 1.57002103329
[rosout][INFO] 2020-06-16 16:23:41,255: 0.75
[rosout][INFO] 2020-06-16 16:23:41,260: 1.57002103329
[rosout][INFO] 2020-06-16 16:23:41,262: 0.75
[rosout][INFO] 2020-06-16 16:23:41,266: 1.57002103329
[rosout][INFO] 2020-06-16 16:23:41,269: 0.75
[rosout][INFO] 2020-06-16 16:23:41,272: 1.57002103329
[rosout][INFO] 2020-06-16 16:23:41,275: 0.75
[rosout][INFO] 2020-06-16 16:23:41,278: 1.57002103329
[rosout][INFO] 2020-06-16 16:23:41,282: 0.75
[rosout][INFO] 2020-06-16 16:23:41,286: 1.57002103329
[rosout][INFO] 2020-06-16 16:23:41,289: 0.75
[rosout][INFO] 2020-06-16 16:23:41,293: 1.57002103329
[rosout][INFO] 2020-06-16 16:23:41,296: 0.75
[rosout][INFO] 2020-06-16 16:23:41,299: 1.57002103329
[rosout][INFO] 2020-06-16 16:23:41,301: 0.75
[rosout][INFO] 2020-06-16 16:23:41,303: 1.57002103329
[rosout][INFO] 2020-06-16 16:23:41,305: 0.75
[rosout][INFO] 2020-06-16 16:23:41,308: 1.57002103329
[rosout][INFO] 2020-06-16 16:23:41,310: 0.75
[rosout][INFO] 2020-06-16 16:23:41,314: 1.57002103329
[rosout][INFO] 2020-06-16 16:23:41,319: 0.75
[rosout][INFO] 2020-06-16 16:23:41,322: 1.57002103329
[rosout][INFO] 2020-06-16 16:23:41,325: 0.75
[rosout][INFO] 2020-06-16 16:23:41,328: 1.57002103329
[rosout][INFO] 2020-06-16 16:23:41,332: 0.75
[rosout][INFO] 2020-06-16 16:23:41,334: 1.57002103329
[rosout][INFO] 2020-06-16 16:23:41,336: 0.75
[rosout][INFO] 2020-06-16 16:23:41,338: 1.57002103329
[rosout][INFO] 2020-06-16 16:23:41,341: 0.75
[rosout][INFO] 2020-06-16 16:23:41,343: 1.57002103329
[rosout][INFO] 2020-06-16 16:23:41,347: 0.75
[rosout][INFO] 2020-06-16 16:23:41,350: 1.57002103329
[rosout][INFO] 2020-06-16 16:23:41,353: 0.75
[rosout][INFO] 2020-06-16 16:23:41,356: 1.57002103329
[rosout][INFO] 2020-06-16 16:23:41,359: 0.75
[rosout][INFO] 2020-06-16 16:23:41,361: 1.57002103329
[rosout][INFO] 2020-06-16 16:23:41,364: 0.75
[rosout][INFO] 2020-06-16 16:23:41,372: 1.57002103329
[rosout][INFO] 2020-06-16 16:23:41,376: 0.75
[rosout][INFO] 2020-06-16 16:23:41,381: 1.57002103329
[rosout][INFO] 2020-06-16 16:23:41,384: 0.75
[rosout][INFO] 2020-06-16 16:23:41,388: 1.57002103329
[rosout][INFO] 2020-06-16 16:23:41,390: 0.75
[rosout][INFO] 2020-06-16 16:23:41,392: 1.57002103329
[rosout][INFO] 2020-06-16 16:23:41,395: 0.75
[rosout][INFO] 2020-06-16 16:23:41,398: 1.57002103329
[rosout][INFO] 2020-06-16 16:23:41,401: 0.75
[rosout][INFO] 2020-06-16 16:23:41,403: 1.57002103329
[rosout][INFO] 2020-06-16 16:23:41,406: 0.75
[rosout][INFO] 2020-06-16 16:23:41,410: 1.57002103329
[rosout][INFO] 2020-06-16 16:23:41,413: 0.75
[rosout][INFO] 2020-06-16 16:23:41,417: 1.57002103329
[rosout][INFO] 2020-06-16 16:23:41,420: 0.75
[rosout][INFO] 2020-06-16 16:23:41,423: 1.57002103329
[rosout][INFO] 2020-06-16 16:23:41,427: 0.75
[rosout][INFO] 2020-06-16 16:23:41,431: 1.57002103329
[rosout][INFO] 2020-06-16 16:23:41,433: 0.75
[rosout][INFO] 2020-06-16 16:23:41,435: 1.57002103329
[rosout][INFO] 2020-06-16 16:23:41,437: 0.75
[rosout][INFO] 2020-06-16 16:23:41,441: 1.57002103329
[rosout][INFO] 2020-06-16 16:23:41,444: 0.75
[rosout][INFO] 2020-06-16 16:23:41,450: 1.57002103329
[rosout][INFO] 2020-06-16 16:23:41,453: 0.75
[rosout][INFO] 2020-06-16 16:23:41,455: 1.57002103329
[rosout][INFO] 2020-06-16 16:23:41,459: 0.75
[rosout][INFO] 2020-06-16 16:23:41,461: 1.57002103329
[rosout][INFO] 2020-06-16 16:23:41,464: 0.75
[rosout][INFO] 2020-06-16 16:23:41,467: 1.57002103329
[rosout][INFO] 2020-06-16 16:23:41,473: 0.75
[rosout][INFO] 2020-06-16 16:23:41,481: 1.57002103329
[rosout][INFO] 2020-06-16 16:23:41,484: 0.75
[rosout][INFO] 2020-06-16 16:23:41,487: 1.57002103329
[rosout][INFO] 2020-06-16 16:23:41,489: 0.75
[rosout][INFO] 2020-06-16 16:23:41,492: 1.57002103329
[rosout][INFO] 2020-06-16 16:23:41,494: 0.75
[rosout][INFO] 2020-06-16 16:23:41,498: 1.57002103329
[rosout][INFO] 2020-06-16 16:23:41,500: 0.75
[rosout][INFO] 2020-06-16 16:23:41,504: 1.57002103329
[rosout][INFO] 2020-06-16 16:23:41,508: 0.75
[rosout][INFO] 2020-06-16 16:23:41,511: 1.57002103329
[rosout][INFO] 2020-06-16 16:23:41,515: 0.75
[rosout][INFO] 2020-06-16 16:23:41,518: 1.57002103329
[rosout][INFO] 2020-06-16 16:23:41,520: 0.75
[rosout][INFO] 2020-06-16 16:23:41,522: 1.57002103329
[rosout][INFO] 2020-06-16 16:23:41,525: 0.75
[rosout][INFO] 2020-06-16 16:23:41,527: 1.57002103329
[rosout][INFO] 2020-06-16 16:23:41,531: 0.75
[rosout][INFO] 2020-06-16 16:23:41,534: 1.57002103329
[rosout][INFO] 2020-06-16 16:23:41,537: 0.75
[rosout][INFO] 2020-06-16 16:23:41,540: 1.57002103329
[rosout][INFO] 2020-06-16 16:23:41,544: 0.75
[rosout][INFO] 2020-06-16 16:23:41,549: 1.57002103329
[rosout][INFO] 2020-06-16 16:23:41,551: 0.75
[rosout][INFO] 2020-06-16 16:23:41,555: 1.57002103329
[rosout][INFO] 2020-06-16 16:23:41,558: 0.75
[rosout][INFO] 2020-06-16 16:23:41,560: 1.57002103329
[rosout][INFO] 2020-06-16 16:23:41,564: 0.75
[rosout][INFO] 2020-06-16 16:23:41,567: 1.57002103329
[rosout][INFO] 2020-06-16 16:23:41,571: 0.75
[rosout][INFO] 2020-06-16 16:23:41,575: 1.57002103329
[rosout][INFO] 2020-06-16 16:23:41,578: 0.75
[rosout][INFO] 2020-06-16 16:23:41,580: 1.57002103329
[rosout][INFO] 2020-06-16 16:23:41,584: 0.75
[rosout][INFO] 2020-06-16 16:23:41,586: 1.57002103329
[rosout][INFO] 2020-06-16 16:23:41,590: 0.75
[rosout][INFO] 2020-06-16 16:23:41,593: 1.57002103329
[rosout][INFO] 2020-06-16 16:23:41,595: 0.75
[rosout][INFO] 2020-06-16 16:23:41,598: 1.57002103329
[rosout][INFO] 2020-06-16 16:23:41,602: 0.75
[rosout][INFO] 2020-06-16 16:23:41,605: 1.57002103329
[rosout][INFO] 2020-06-16 16:23:41,608: 0.75
[rosout][INFO] 2020-06-16 16:23:41,611: 1.57002103329
[rosout][INFO] 2020-06-16 16:23:41,616: 0.75
[rosout][INFO] 2020-06-16 16:23:41,618: 1.57002103329
[rosout][INFO] 2020-06-16 16:23:41,620: 0.75
[rosout][INFO] 2020-06-16 16:23:41,623: 1.57002103329
[rosout][INFO] 2020-06-16 16:23:41,625: 0.75
[rosout][INFO] 2020-06-16 16:23:41,627: 1.57002103329
[rosout][INFO] 2020-06-16 16:23:41,630: 0.75
[rosout][INFO] 2020-06-16 16:23:41,634: 1.57002103329
[rosout][INFO] 2020-06-16 16:23:41,637: 0.75
[rosout][INFO] 2020-06-16 16:23:41,641: 1.57002103329
[rosout][INFO] 2020-06-16 16:23:41,644: 0.75
[rosout][INFO] 2020-06-16 16:23:41,650: 1.57002103329
[rosout][INFO] 2020-06-16 16:23:41,652: 0.75
[rosout][INFO] 2020-06-16 16:23:41,654: 1.57002103329
[rosout][INFO] 2020-06-16 16:23:41,657: 0.75
[rosout][INFO] 2020-06-16 16:23:41,660: 1.57002103329
[rosout][INFO] 2020-06-16 16:23:41,665: 0.75
[rosout][INFO] 2020-06-16 16:23:41,669: 1.57002103329
[rosout][INFO] 2020-06-16 16:23:41,673: 0.75
[rosout][INFO] 2020-06-16 16:23:41,676: 1.57002103329
[rosout][INFO] 2020-06-16 16:23:41,683: 0.75
[rosout][INFO] 2020-06-16 16:23:41,687: 1.57002103329
[rosout][INFO] 2020-06-16 16:23:41,689: 0.75
[rosout][INFO] 2020-06-16 16:23:41,692: 1.57002103329
[rosout][INFO] 2020-06-16 16:23:41,694: 0.75
[rosout][INFO] 2020-06-16 16:23:41,706: 1.57002103329
[rosout][INFO] 2020-06-16 16:23:41,708: 0.75
[rosout][INFO] 2020-06-16 16:23:41,711: 1.57002103329
[rosout][INFO] 2020-06-16 16:23:41,714: 0.75
[rosout][INFO] 2020-06-16 16:23:41,717: 1.57002103329
[rosout][INFO] 2020-06-16 16:23:41,719: 0.75
[rosout][INFO] 2020-06-16 16:23:41,722: 1.57002103329
[rosout][INFO] 2020-06-16 16:23:41,725: 0.75
[rosout][INFO] 2020-06-16 16:23:41,729: 1.57002103329
[rosout][INFO] 2020-06-16 16:23:41,733: 0.75
[rosout][INFO] 2020-06-16 16:23:41,741: 1.57002103329
[rosout][INFO] 2020-06-16 16:23:41,743: 0.75
[rosout][INFO] 2020-06-16 16:23:41,746: 1.57002103329
[rosout][INFO] 2020-06-16 16:23:41,750: 0.75
[rosout][INFO] 2020-06-16 16:23:41,752: 1.57002103329
[rosout][INFO] 2020-06-16 16:23:41,755: 0.75
[rosout][INFO] 2020-06-16 16:23:41,758: 1.57002103329
[rosout][INFO] 2020-06-16 16:23:41,761: 0.75
[rosout][INFO] 2020-06-16 16:23:41,765: 1.57002103329
[rosout][INFO] 2020-06-16 16:23:41,770: 0.75
[rosout][INFO] 2020-06-16 16:23:41,773: 1.57002103329
[rosout][INFO] 2020-06-16 16:23:41,776: 0.75
[rosout][INFO] 2020-06-16 16:23:41,783: 1.57002103329
[rosout][INFO] 2020-06-16 16:23:41,785: 0.75
[rosout][INFO] 2020-06-16 16:23:41,788: 1.57002103329
[rosout][INFO] 2020-06-16 16:23:41,791: 0.75
[rosout][INFO] 2020-06-16 16:23:41,795: 1.57002103329
[rosout][INFO] 2020-06-16 16:23:41,800: 0.75
[rosout][INFO] 2020-06-16 16:23:41,804: 1.57002103329
[rosout][INFO] 2020-06-16 16:23:41,807: 0.75
[rosout][INFO] 2020-06-16 16:23:41,810: 1.57002103329
[rosout][INFO] 2020-06-16 16:23:41,815: 0.75
[rosout][INFO] 2020-06-16 16:23:41,817: 1.57002103329
[rosout][INFO] 2020-06-16 16:23:41,819: 0.75
[rosout][INFO] 2020-06-16 16:23:41,822: 1.57002103329
[rosout][INFO] 2020-06-16 16:23:41,826: 0.75
[rosout][INFO] 2020-06-16 16:23:41,832: 1.57002103329
[rosout][INFO] 2020-06-16 16:23:41,835: 0.75
[rosout][INFO] 2020-06-16 16:23:41,837: 1.57002103329
[rosout][INFO] 2020-06-16 16:23:41,840: 0.75
[rosout][INFO] 2020-06-16 16:23:41,842: 1.57002103329
[rosout][INFO] 2020-06-16 16:23:41,845: 0.75
[rosout][INFO] 2020-06-16 16:23:41,849: 1.57002103329
[rosout][INFO] 2020-06-16 16:23:41,852: 0.75
[rosout][INFO] 2020-06-16 16:23:41,854: 1.57002103329
[rosout][INFO] 2020-06-16 16:23:41,859: 0.75
[rosout][INFO] 2020-06-16 16:23:41,864: 1.57002103329
[rosout][INFO] 2020-06-16 16:23:41,868: 0.75
[rosout][INFO] 2020-06-16 16:23:41,871: 1.57002103329
[rosout][INFO] 2020-06-16 16:23:41,875: 0.75
[rosout][INFO] 2020-06-16 16:23:41,878: 1.57002103329
[rosout][INFO] 2020-06-16 16:23:41,881: 0.75
[rosout][INFO] 2020-06-16 16:23:41,885: 1.57002103329
[rosout][INFO] 2020-06-16 16:23:41,888: 0.75
[rosout][INFO] 2020-06-16 16:23:41,894: 1.57002103329
[rosout][INFO] 2020-06-16 16:23:41,899: 0.75
[rosout][INFO] 2020-06-16 16:23:41,903: 1.57002103329
[rosout][INFO] 2020-06-16 16:23:41,905: 0.75
[rosout][INFO] 2020-06-16 16:23:41,908: 1.57002103329
[rosout][INFO] 2020-06-16 16:23:41,910: 0.75
[rosout][INFO] 2020-06-16 16:23:41,914: 1.57002103329
[rosout][INFO] 2020-06-16 16:23:41,917: 0.75
[rosout][INFO] 2020-06-16 16:23:41,919: 1.57002103329
[rosout][INFO] 2020-06-16 16:23:41,923: 0.75
[rosout][INFO] 2020-06-16 16:23:41,928: 1.57002103329
[rosout][INFO] 2020-06-16 16:23:41,933: 0.75
[rosout][INFO] 2020-06-16 16:23:41,936: 1.57002103329
[rosout][INFO] 2020-06-16 16:23:41,939: 0.75
[rosout][INFO] 2020-06-16 16:23:41,942: 1.57002103329
[rosout][INFO] 2020-06-16 16:23:41,944: 0.75
[rosout][INFO] 2020-06-16 16:23:41,948: 1.57002103329
[rosout][INFO] 2020-06-16 16:23:41,952: 0.75
[rosout][INFO] 2020-06-16 16:23:41,956: 1.57002103329
[rosout][INFO] 2020-06-16 16:23:41,960: 0.75
[rosout][INFO] 2020-06-16 16:23:41,963: 1.57002103329
[rosout][INFO] 2020-06-16 16:23:41,966: 0.75
[rosout][INFO] 2020-06-16 16:23:41,970: 1.57002103329
[rosout][INFO] 2020-06-16 16:23:41,973: 0.75
[rosout][INFO] 2020-06-16 16:23:41,975: 1.57002103329
[rosout][INFO] 2020-06-16 16:23:41,978: 0.75
[rosout][INFO] 2020-06-16 16:23:41,982: 1.57002103329
[rosout][INFO] 2020-06-16 16:23:41,985: 0.75
[rosout][INFO] 2020-06-16 16:23:41,988: 1.57002103329
[rosout][INFO] 2020-06-16 16:23:41,992: 0.75
[rosout][INFO] 2020-06-16 16:23:41,995: 1.57002103329
[rosout][INFO] 2020-06-16 16:23:42,000: 0.75
[rosout][INFO] 2020-06-16 16:23:42,003: 1.57002103329
[rosout][INFO] 2020-06-16 16:23:42,006: 0.75
[rosout][INFO] 2020-06-16 16:23:42,009: 1.57002103329
[rosout][INFO] 2020-06-16 16:23:42,011: 0.75
[rosout][INFO] 2020-06-16 16:23:42,016: 1.57002103329
[rosout][INFO] 2020-06-16 16:23:42,019: 0.75
[rosout][INFO] 2020-06-16 16:23:42,022: 1.57002103329
[rosout][INFO] 2020-06-16 16:23:42,026: 0.75
[rosout][INFO] 2020-06-16 16:23:42,032: 1.57002103329
[rosout][INFO] 2020-06-16 16:23:42,035: 0.75
[rosout][INFO] 2020-06-16 16:23:42,039: 1.57002103329
[rosout][INFO] 2020-06-16 16:23:42,041: 0.75
[rosout][INFO] 2020-06-16 16:23:42,044: 1.57002103329
[rosout][INFO] 2020-06-16 16:23:42,046: 0.75
[rosout][INFO] 2020-06-16 16:23:42,050: 1.57002103329
[rosout][INFO] 2020-06-16 16:23:42,053: 0.75
[rosout][INFO] 2020-06-16 16:23:42,058: 1.57002103329
[rosout][INFO] 2020-06-16 16:23:42,061: 0.75
[rosout][INFO] 2020-06-16 16:23:42,065: 1.57002103329
[rosout][INFO] 2020-06-16 16:23:42,068: 0.75
[rosout][INFO] 2020-06-16 16:23:42,074: 1.57002103329
[rosout][INFO] 2020-06-16 16:23:42,076: 0.75
[rosout][INFO] 2020-06-16 16:23:42,079: 1.57002103329
[rosout][INFO] 2020-06-16 16:23:42,084: 0.75
[rosout][INFO] 2020-06-16 16:23:42,088: 1.57002103329
[rosout][INFO] 2020-06-16 16:23:42,091: 0.75
[rosout][INFO] 2020-06-16 16:23:42,094: 1.57002103329
[rosout][INFO] 2020-06-16 16:23:42,097: 0.75
[rosout][INFO] 2020-06-16 16:23:42,101: 1.57002103329
[rosout][INFO] 2020-06-16 16:23:42,104: 0.75
[rosout][INFO] 2020-06-16 16:23:42,106: 1.57002103329
[rosout][INFO] 2020-06-16 16:23:42,109: 0.75
[rosout][INFO] 2020-06-16 16:23:42,116: 1.57002103329
[rosout][INFO] 2020-06-16 16:23:42,119: 0.75
[rosout][INFO] 2020-06-16 16:23:42,122: 1.57002103329
[rosout][INFO] 2020-06-16 16:23:42,127: 0.75
[rosout][INFO] 2020-06-16 16:23:42,131: 1.57002103329
[rosout][INFO] 2020-06-16 16:23:42,134: 0.75
[rosout][INFO] 2020-06-16 16:23:42,136: 1.57002103329
[rosout][INFO] 2020-06-16 16:23:42,139: 0.75
[rosout][INFO] 2020-06-16 16:23:42,141: 1.57002103329
[rosout][INFO] 2020-06-16 16:23:42,144: 0.75
[rosout][INFO] 2020-06-16 16:23:42,148: 1.57002103329
[rosout][INFO] 2020-06-16 16:23:42,152: 0.75
[rosout][INFO] 2020-06-16 16:23:42,155: 1.57002103329
[rosout][INFO] 2020-06-16 16:23:42,158: 0.75
[rosout][INFO] 2020-06-16 16:23:42,162: 1.54501080513
[rosout][INFO] 2020-06-16 16:23:42,165: 0.75
[rosout][INFO] 2020-06-16 16:23:42,168: 1.51999688148
[rosout][INFO] 2020-06-16 16:23:42,172: 0.75
[rosout][INFO] 2020-06-16 16:23:42,174: 1.49500489235
[rosout][INFO] 2020-06-16 16:23:42,178: 0.75
[rosout][INFO] 2020-06-16 16:23:42,183: 1.47002351284
[rosout][INFO] 2020-06-16 16:23:42,187: 0.75
[rosout][INFO] 2020-06-16 16:23:42,190: 1.4450070858
[rosout][INFO] 2020-06-16 16:23:42,193: 0.75
[rosout][INFO] 2020-06-16 16:23:42,197: 1.42001783848
[rosout][INFO] 2020-06-16 16:23:42,200: 0.75
[rosout][INFO] 2020-06-16 16:23:42,203: 1.39502573013
[rosout][INFO] 2020-06-16 16:23:42,205: 0.75
[rosout][INFO] 2020-06-16 16:23:42,208: 1.37000846863
[rosout][INFO] 2020-06-16 16:23:42,213: 0.75
[rosout][INFO] 2020-06-16 16:23:42,216: 1.34499931335
[rosout][INFO] 2020-06-16 16:23:42,219: 0.75
[rosout][INFO] 2020-06-16 16:23:42,222: 1.32002174854
[rosout][INFO] 2020-06-16 16:23:42,226: 0.75
[rosout][INFO] 2020-06-16 16:23:42,228: 1.29502189159
[rosout][INFO] 2020-06-16 16:23:42,231: 0.75
[rosout][INFO] 2020-06-16 16:23:42,234: 1.27002084255
[rosout][INFO] 2020-06-16 16:23:42,236: 0.75
[rosout][INFO] 2020-06-16 16:23:42,240: 1.24479484558
[rosout][INFO] 2020-06-16 16:23:42,246: 0.75
[rosout][INFO] 2020-06-16 16:23:42,251: 1.22001647949
[rosout][INFO] 2020-06-16 16:23:42,253: 0.75
[rosout][INFO] 2020-06-16 16:23:42,256: 1.19502139091
[rosout][INFO] 2020-06-16 16:23:42,262: 0.75
[rosout][INFO] 2020-06-16 16:23:42,266: 1.17001914978
[rosout][INFO] 2020-06-16 16:23:42,277: 0.75
[rosout][INFO] 2020-06-16 16:23:42,285: 1.14501392841
[rosout][INFO] 2020-06-16 16:23:42,289: 0.75
[rosout][INFO] 2020-06-16 16:23:42,292: 1.12002229691
[rosout][INFO] 2020-06-16 16:23:42,295: 0.75
[rosout][INFO] 2020-06-16 16:23:42,299: 1.09502387047
[rosout][INFO] 2020-06-16 16:23:42,302: 0.75
[rosout][INFO] 2020-06-16 16:23:42,305: 1.07002127171
[rosout][INFO] 2020-06-16 16:23:42,308: 0.75
[rosout][INFO] 2020-06-16 16:23:42,314: 1.04501664639
[rosout][INFO] 2020-06-16 16:23:42,317: 0.75
[rosout][INFO] 2020-06-16 16:23:42,321: 1.02002191544
[rosout][INFO] 2020-06-16 16:23:42,324: 0.75
[rosout][INFO] 2020-06-16 16:23:42,327: 0.995021402836
[rosout][INFO] 2020-06-16 16:23:42,330: 0.75
[rosout][INFO] 2020-06-16 16:23:42,333: 0.970014631748
[rosout][INFO] 2020-06-16 16:23:42,336: 0.75
[rosout][INFO] 2020-06-16 16:23:42,339: 0.944937348366
[rosout][INFO] 2020-06-16 16:23:42,343: 0.75
[rosout][INFO] 2020-06-16 16:23:42,348: 0.920002937317
[rosout][INFO] 2020-06-16 16:23:42,351: 0.75
[rosout][INFO] 2020-06-16 16:23:42,355: 0.895012617111
[rosout][INFO] 2020-06-16 16:23:42,358: 0.75
[rosout][INFO] 2020-06-16 16:23:42,361: 0.870023369789
[rosout][INFO] 2020-06-16 16:23:42,364: 0.75
[rosout][INFO] 2020-06-16 16:23:42,370: 0.845021903515
[rosout][INFO] 2020-06-16 16:23:42,376: 0.819950819016
[rosout][INFO] 2020-06-16 16:23:42,387: 0.795018315315
[rosout][INFO] 2020-06-16 16:23:42,391: 0.770016551018
[rosout][INFO] 2020-06-16 16:23:42,397: 0.745017707348
[rosout][INFO] 2020-06-16 16:23:42,405: 0.720022439957
[rosout][INFO] 2020-06-16 16:23:42,408: 0.695022583008
[rosout][INFO] 2020-06-16 16:23:42,411: 0.670017302036
[rosout][INFO] 2020-06-16 16:23:42,423: 0.644951105118
[rosout][INFO] 2020-06-16 16:23:42,467: 0.64328867197
[rosout][INFO] 2020-06-16 16:23:42,475: 0.641615569592
[rosout][INFO] 2020-06-16 16:23:42,511: 0.639955043793
[rosout][INFO] 2020-06-16 16:23:42,525: 0.638282120228
[rosout][INFO] 2020-06-16 16:23:42,566: 0.636613786221
[rosout][INFO] 2020-06-16 16:23:42,611: 0.634955644608
[rosout][INFO] 2020-06-16 16:23:42,655: 0.633287668228
[rosout][INFO] 2020-06-16 16:23:42,699: 0.631621420383
[rosout][INFO] 2020-06-16 16:23:42,701: 0.629955232143
[rosout][INFO] 2020-06-16 16:23:42,743: 0.628288269043
[rosout][INFO] 2020-06-16 16:23:42,758: 0.62662166357
[rosout][INFO] 2020-06-16 16:23:42,799: 0.624955534935
[rosout][INFO] 2020-06-16 16:23:42,843: 0.623288750648
[rosout][INFO] 2020-06-16 16:23:42,886: 0.62161642313
[rosout][INFO] 2020-06-16 16:23:42,935: 0.619951546192
[rosout][INFO] 2020-06-16 16:23:42,938: 0.618283212185
[rosout][INFO] 2020-06-16 16:23:42,979: 0.616615712643
[rosout][INFO] 2020-06-16 16:23:42,991: 0.614955306053
[rosout][INFO] 2020-06-16 16:23:43,035: 0.613288998604
[rosout][INFO] 2020-06-16 16:23:43,079: 0.611612260342
[rosout][INFO] 2020-06-16 16:23:43,123: 0.609955310822
[rosout][INFO] 2020-06-16 16:23:43,167: 0.608287274837
[rosout][INFO] 2020-06-16 16:23:43,171: 0.606615006924
[rosout][INFO] 2020-06-16 16:23:43,211: 0.604949235916
[rosout][INFO] 2020-06-16 16:23:43,225: 0.603288114071
[rosout][INFO] 2020-06-16 16:23:43,267: 0.601613879204
[rosout][INFO] 2020-06-16 16:23:43,311: 0.59995508194
[rosout][INFO] 2020-06-16 16:23:43,355: 0.598282158375
[rosout][INFO] 2020-06-16 16:23:43,398: 0.596621572971
[rosout][INFO] 2020-06-16 16:23:43,401: 0.594955027103
[rosout][INFO] 2020-06-16 16:23:43,443: 0.59328854084
[rosout][INFO] 2020-06-16 16:23:43,458: 0.5916223526
[rosout][INFO] 2020-06-16 16:23:43,499: 0.589955627918
[rosout][INFO] 2020-06-16 16:23:43,543: 0.588288664818
[rosout][INFO] 2020-06-16 16:23:43,587: 0.586621701717
[rosout][INFO] 2020-06-16 16:23:43,631: 0.584955871105
[rosout][INFO] 2020-06-16 16:23:43,634: 0.583280265331
[rosout][INFO] 2020-06-16 16:23:43,675: 0.581616520882
[rosout][INFO] 2020-06-16 16:23:43,691: 0.57995557785
[rosout][INFO] 2020-06-16 16:23:43,735: 0.578282475471
[rosout][INFO] 2020-06-16 16:23:43,779: 0.576615393162
[rosout][INFO] 2020-06-16 16:23:43,823: 0.574954867363
[rosout][INFO] 2020-06-16 16:23:43,867: 0.573288679123
[rosout][INFO] 2020-06-16 16:23:43,870: 0.571613907814
[rosout][INFO] 2020-06-16 16:23:43,911: 0.569955646992
[rosout][INFO] 2020-06-16 16:23:43,925: 0.568282425404
[rosout][INFO] 2020-06-16 16:23:43,967: 0.566615998745
[rosout][INFO] 2020-06-16 16:23:44,011: 0.564954936504
[rosout][INFO] 2020-06-16 16:23:44,055: 0.563282191753
[rosout][INFO] 2020-06-16 16:23:44,099: 0.561621546745
[rosout][INFO] 2020-06-16 16:23:44,103: 0.559955000877
[rosout][INFO] 2020-06-16 16:23:44,143: 0.558282196522
[rosout][INFO] 2020-06-16 16:23:44,158: 0.556615233421
[rosout][INFO] 2020-06-16 16:23:44,198: 0.554955303669
[rosout][INFO] 2020-06-16 16:23:44,247: 0.553288519382
[rosout][INFO] 2020-06-16 16:23:44,291: 0.551621973515
[rosout][INFO] 2020-06-16 16:23:44,335: 0.549955189228
[rosout][INFO] 2020-06-16 16:23:44,337: 0.548288226128
[rosout][INFO] 2020-06-16 16:23:44,382: 0.546621620655
[rosout][INFO] 2020-06-16 16:23:44,391: 0.544955551624
[rosout][INFO] 2020-06-16 16:23:44,435: 0.543288826942
[rosout][INFO] 2020-06-16 16:23:44,479: 0.541622281075
[rosout][INFO] 2020-06-16 16:23:44,522: 0.53992909193
[rosout][INFO] 2020-06-16 16:23:44,567: 0.538288354874
[rosout][INFO] 2020-06-16 16:23:44,571: 0.536615371704
[rosout][INFO] 2020-06-16 16:23:44,612: 0.534955322742
[rosout][INFO] 2020-06-16 16:23:44,625: 0.533282101154
[rosout][INFO] 2020-06-16 16:23:44,667: 0.531613826752
[rosout][INFO] 2020-06-16 16:23:44,711: 0.529955148697
[rosout][INFO] 2020-06-16 16:23:44,755: 0.528282165527
[rosout][INFO] 2020-06-16 16:23:44,799: 0.526621818542
[rosout][INFO] 2020-06-16 16:23:44,804: 0.52495521307
[rosout][INFO] 2020-06-16 16:23:44,843: 0.523281812668
[rosout][INFO] 2020-06-16 16:23:44,858: 0.521615087986
[rosout][INFO] 2020-06-16 16:23:44,899: 0.519955039024
[rosout][INFO] 2020-06-16 16:23:44,943: 0.51828199625
[rosout][INFO] 2020-06-16 16:23:44,987: 0.516615390778
[rosout][INFO] 2020-06-16 16:23:45,031: 0.514955699444
[rosout][INFO] 2020-06-16 16:23:45,034: 0.513286530972
[rosout][INFO] 2020-06-16 16:23:45,075: 0.511621713638
[rosout][INFO] 2020-06-16 16:23:45,091: 0.509955465794
[rosout][INFO] 2020-06-16 16:23:45,135: 0.508286833763
[rosout][INFO] 2020-06-16 16:23:45,179: 0.506621778011
[rosout][INFO] 2020-06-16 16:23:45,227: 0.504955649376
[rosout][INFO] 2020-06-16 16:23:45,230: 0.50328797102
[rosout][INFO] 2020-06-16 16:23:45,275: 0.501616537571
[rosout][INFO] 2020-06-16 16:23:45,291: 0.499955505133
[rosout][INFO] 2020-06-16 16:23:45,335: 0.498282432556
[rosout][INFO] 2020-06-16 16:23:45,379: 0.496615320444
[rosout][INFO] 2020-06-16 16:23:45,423: 0.494949728251
[rosout][INFO] 2020-06-16 16:23:45,466: 0.49328866601
[rosout][INFO] 2020-06-16 16:23:45,470: 0.49161568284
[rosout][INFO] 2020-06-16 16:23:45,511: 0.489955276251
[rosout][INFO] 2020-06-16 16:23:45,525: 0.488282501698
[rosout][INFO] 2020-06-16 16:23:45,567: 0.486615508795
[rosout][INFO] 2020-06-16 16:23:45,610: 0.484955251217
[rosout][INFO] 2020-06-16 16:23:45,655: 0.483288645744
[rosout][INFO] 2020-06-16 16:23:45,699: 0.481621742249
[rosout][INFO] 2020-06-16 16:23:45,702: 0.479955494404
[rosout][INFO] 2020-06-16 16:23:45,743: 0.478284090757
[rosout][INFO] 2020-06-16 16:23:45,758: 0.476615488529
[rosout][INFO] 2020-06-16 16:23:45,799: 0.474955141544
[rosout][INFO] 2020-06-16 16:23:45,847: 0.473286688328
[rosout][INFO] 2020-06-16 16:23:45,891: 0.471621781588
[rosout][INFO] 2020-06-16 16:23:45,935: 0.469955414534
[rosout][INFO] 2020-06-16 16:23:45,938: 0.468288242817
[rosout][INFO] 2020-06-16 16:23:45,983: 0.466621786356
[rosout][INFO] 2020-06-16 16:23:45,991: 0.464957892895
[rosout][INFO] 2020-06-16 16:23:46,035: 0.463288426399
[rosout][INFO] 2020-06-16 16:23:46,079: 0.461616575718
[rosout][INFO] 2020-06-16 16:23:46,123: 0.459955960512
[rosout][INFO] 2020-06-16 16:23:46,167: 0.458288878202
[rosout][INFO] 2020-06-16 16:23:46,171: 0.456615775824
[rosout][INFO] 2020-06-16 16:23:46,211: 0.454955309629
[rosout][INFO] 2020-06-16 16:23:46,225: 0.453282624483
[rosout][INFO] 2020-06-16 16:23:46,267: 0.451615601778
[rosout][INFO] 2020-06-16 16:23:46,310: 0.449949234724
[rosout][INFO] 2020-06-16 16:23:46,355: 0.448288917542
[rosout][INFO] 2020-06-16 16:23:46,399: 0.446621835232
[rosout][INFO] 2020-06-16 16:23:46,404: 0.444955170155
[rosout][INFO] 2020-06-16 16:23:46,443: 0.443289041519
[rosout][INFO] 2020-06-16 16:23:46,458: 0.441615194082
[rosout][INFO] 2020-06-16 16:23:46,499: 0.439955055714
[rosout][INFO] 2020-06-16 16:23:46,543: 0.438282161951
[rosout][INFO] 2020-06-16 16:23:46,587: 0.436615377665
[rosout][INFO] 2020-06-16 16:23:46,631: 0.434955507517
[rosout][INFO] 2020-06-16 16:23:46,634: 0.433288574219
[rosout][INFO] 2020-06-16 16:23:46,675: 0.431621909142
[rosout][INFO] 2020-06-16 16:23:46,691: 0.429955393076
[rosout][INFO] 2020-06-16 16:23:46,735: 0.42828848958
[rosout][INFO] 2020-06-16 16:23:46,779: 0.426622122526
[rosout][INFO] 2020-06-16 16:23:46,823: 0.424955695868
[rosout][INFO] 2020-06-16 16:23:46,867: 0.423260688782
[rosout][INFO] 2020-06-16 16:23:46,871: 0.421616584063
[rosout][INFO] 2020-06-16 16:23:46,911: 0.419955223799
[rosout][INFO] 2020-06-16 16:23:46,925: 0.418282479048
[rosout][INFO] 2020-06-16 16:23:46,967: 0.416615784168
[rosout][INFO] 2020-06-16 16:23:47,011: 0.414954781532
[rosout][INFO] 2020-06-16 16:23:47,055: 0.413282454014
[rosout][INFO] 2020-06-16 16:23:47,099: 0.411622524261
[rosout][INFO] 2020-06-16 16:23:47,102: 0.409955173731
[rosout][INFO] 2020-06-16 16:23:47,142: 0.408288806677
[rosout][INFO] 2020-06-16 16:23:47,158: 0.406615108252
[rosout][INFO] 2020-06-16 16:23:47,199: 0.40495505929
[rosout][INFO] 2020-06-16 16:23:47,243: 0.403280258179
[rosout][INFO] 2020-06-16 16:23:47,287: 0.401615172625
[rosout][INFO] 2020-06-16 16:23:47,331: 0.399955928326
[rosout][INFO] 2020-06-16 16:23:47,335: 0.39828184247
[rosout][INFO] 2020-06-16 16:23:47,377: 0.396615415812
[rosout][INFO] 2020-06-16 16:23:47,391: 0.394955605268
[rosout][INFO] 2020-06-16 16:23:47,434: 0.393288701773
[rosout][INFO] 2020-06-16 16:23:47,479: 0.391622155905
[rosout][INFO] 2020-06-16 16:23:47,523: 0.38995552063
[rosout][INFO] 2020-06-16 16:23:47,567: 0.388281941414
[rosout][INFO] 2020-06-16 16:23:47,570: 0.386622577906
[rosout][INFO] 2020-06-16 16:23:47,611: 0.384955316782
[rosout][INFO] 2020-06-16 16:23:47,624: 0.383288919926
[rosout][INFO] 2020-06-16 16:23:47,667: 0.381622314453
[rosout][INFO] 2020-06-16 16:23:47,711: 0.37995582819
[rosout][INFO] 2020-06-16 16:23:47,754: 0.378286242485
[rosout][INFO] 2020-06-16 16:23:47,798: 0.376622021198
[rosout][INFO] 2020-06-16 16:23:47,801: 0.374956279993
[rosout][INFO] 2020-06-16 16:23:47,843: 0.373288363218
[rosout][INFO] 2020-06-16 16:23:47,858: 0.371621549129
[rosout][INFO] 2020-06-16 16:23:47,899: 0.369952112436
[rosout][INFO] 2020-06-16 16:23:47,943: 0.368288069963
[rosout][INFO] 2020-06-16 16:23:47,987: 0.366621613503
[rosout][INFO] 2020-06-16 16:23:48,031: 0.364955842495
[rosout][INFO] 2020-06-16 16:23:48,035: 0.363281697035
[rosout][INFO] 2020-06-16 16:23:48,074: 0.361621946096
[rosout][INFO] 2020-06-16 16:23:48,091: 0.359955459833
[rosout][INFO] 2020-06-16 16:23:48,134: 0.358282417059
[rosout][INFO] 2020-06-16 16:23:48,179: 0.356620341539
[rosout][INFO] 2020-06-16 16:23:48,223: 0.354955434799
[rosout][INFO] 2020-06-16 16:23:48,267: 0.353274255991
[rosout][INFO] 2020-06-16 16:23:48,270: 0.351621210575
[rosout][INFO] 2020-06-16 16:23:48,315: 0.349955350161
[rosout][INFO] 2020-06-16 16:23:48,325: 0.348288536072
[rosout][INFO] 2020-06-16 16:23:48,366: 0.346621662378
[rosout][INFO] 2020-06-16 16:23:48,410: 0.344955027103
[rosout][INFO] 2020-06-16 16:23:48,454: 0.34328815341
[rosout][INFO] 2020-06-16 16:23:48,499: 0.341612696648
[rosout][INFO] 2020-06-16 16:23:48,503: 0.339956015348
[rosout][INFO] 2020-06-16 16:23:48,542: 0.338288545609
[rosout][INFO] 2020-06-16 16:23:48,558: 0.336621463299
[rosout][INFO] 2020-06-16 16:23:48,598: 0.334955841303
[rosout][INFO] 2020-06-16 16:23:48,643: 0.333289027214
[rosout][INFO] 2020-06-16 16:23:48,687: 0.331615507603
[rosout][INFO] 2020-06-16 16:23:48,731: 0.329955041409
[rosout][INFO] 2020-06-16 16:23:48,735: 0.328282088041
[rosout][INFO] 2020-06-16 16:23:48,775: 0.326621890068
[rosout][INFO] 2020-06-16 16:23:48,791: 0.324955642223
[rosout][INFO] 2020-06-16 16:23:48,835: 0.323282361031
[rosout][INFO] 2020-06-16 16:23:48,879: 0.321615308523
[rosout][INFO] 2020-06-16 16:23:48,923: 0.319949686527
[rosout][INFO] 2020-06-16 16:23:48,967: 0.318288564682
[rosout][INFO] 2020-06-16 16:23:48,971: 0.316621035337
[rosout][INFO] 2020-06-16 16:23:49,011: 0.31495475769
[rosout][INFO] 2020-06-16 16:23:49,025: 0.313288509846
[rosout][INFO] 2020-06-16 16:23:49,066: 0.311613619328
[rosout][INFO] 2020-06-16 16:23:49,111: 0.30995541811
[rosout][INFO] 2020-06-16 16:23:49,155: 0.308288753033
[rosout][INFO] 2020-06-16 16:23:49,199: 0.306621402502
[rosout][INFO] 2020-06-16 16:23:49,201: 0.304955542088
[rosout][INFO] 2020-06-16 16:23:49,243: 0.303288906813
[rosout][INFO] 2020-06-16 16:23:49,258: 0.301616281271
[rosout][INFO] 2020-06-16 16:23:49,298: 0.299955397844
[rosout][INFO] 2020-06-16 16:23:49,343: 0.298282384872
[rosout][INFO] 2020-06-16 16:23:49,387: 0.296612292528
[rosout][INFO] 2020-06-16 16:23:49,431: 0.294955790043
[rosout][INFO] 2020-06-16 16:23:49,434: 0.293282300234
[rosout][INFO] 2020-06-16 16:23:49,475: 0.291622012854
[rosout][INFO] 2020-06-16 16:23:49,491: 0.289955496788
[rosout][INFO] 2020-06-16 16:23:49,535: 0.288282006979
[rosout][INFO] 2020-06-16 16:23:49,578: 0.286621361971
[rosout][INFO] 2020-06-16 16:23:49,623: 0.284955203533
[rosout][INFO] 2020-06-16 16:23:49,667: 0.283288270235
[rosout][INFO] 2020-06-16 16:23:49,671: 0.281613498926
[rosout][INFO] 2020-06-16 16:23:49,715: 0.279955178499
[rosout][INFO] 2020-06-16 16:23:49,725: 0.278280645609
[rosout][INFO] 2020-06-16 16:23:49,767: 0.276614964008
[rosout][INFO] 2020-06-16 16:23:49,811: 0.274955272675
[rosout][INFO] 2020-06-16 16:23:49,855: 0.273288190365
[rosout][INFO] 2020-06-16 16:23:49,899: 0.271621882915
[rosout][INFO] 2020-06-16 16:23:49,901: 0.269955217838
[rosout][INFO] 2020-06-16 16:23:49,947: 0.26828789711
[rosout][INFO] 2020-06-16 16:23:49,958: 0.266621947289
[rosout][INFO] 2020-06-16 16:23:49,998: 0.264955699444
[rosout][INFO] 2020-06-16 16:23:50,043: 0.263288289309
[rosout][INFO] 2020-06-16 16:23:50,087: 0.261616289616
[rosout][INFO] 2020-06-16 16:23:50,131: 0.259955763817
[rosout][INFO] 2020-06-16 16:23:50,134: 0.258282363415
[rosout][INFO] 2020-06-16 16:23:50,175: 0.256615608931
[rosout][INFO] 2020-06-16 16:23:50,191: 0.254955798388
[rospy.core][INFO] 2020-06-16 16:23:50,213: signal_shutdown [signal-2]
[rospy.internal][INFO] 2020-06-16 16:23:50,223: topic[/robot_status] removing connection to /obj_node
[rospy.internal][INFO] 2020-06-16 16:23:50,224: topic[/rosout] removing connection to /rosout
[rospy.internal][INFO] 2020-06-16 16:23:50,225: topic[/cmd_vel] removing connection to /turtlebot3_fake_node
[rospy.internal][INFO] 2020-06-16 16:23:50,229: topic[/obj_detector] removing connection to http://jose-Lenovo-V110-15AST:45117/
[rospy.internal][INFO] 2020-06-16 16:23:50,230: topic[/odom] removing connection to http://jose-Lenovo-V110-15AST:35383/
[rospy.impl.masterslave][INFO] 2020-06-16 16:23:50,231: signal-2
[rospy.internal][ERROR] 2020-06-16 16:23:50,231: Traceback (most recent call last):
  File "/opt/ros/melodic/lib/python2.7/dist-packages/rospy/impl/tcpros_base.py", line 737, in receive_once
    self.stat_bytes += recv_buff(sock, b, p.buff_size)
  File "/opt/ros/melodic/lib/python2.7/dist-packages/rospy/impl/tcpros_base.py", line 104, in recv_buff
    d = sock.recv(buff_size)
error: [Errno 104] Connection reset by peer

[rospy.core][INFO] 2020-06-16 16:23:50,370: signal_shutdown [atexit]
