[rospy.client][INFO] 2020-06-16 16:23:16,239: init_node, name[/show_img], pid[9986]
[xmlrpc][INFO] 2020-06-16 16:23:16,245: XML-RPC server binding to 0.0.0.0:0
[rospy.init][INFO] 2020-06-16 16:23:16,247: ROS Slave URI: [http://jose-Lenovo-V110-15AST:42843/]
[xmlrpc][INFO] 2020-06-16 16:23:16,247: Started XML-RPC server [http://jose-Lenovo-V110-15AST:42843/]
[rospy.impl.masterslave][INFO] 2020-06-16 16:23:16,248: _ready: http://jose-Lenovo-V110-15AST:42843/
[xmlrpc][INFO] 2020-06-16 16:23:16,263: xml rpc node: starting XML-RPC server
[rospy.registration][INFO] 2020-06-16 16:23:16,266: Registering with master node http://localhost:11311
[rospy.init][INFO] 2020-06-16 16:23:16,348: registered with master
[rospy.rosout][INFO] 2020-06-16 16:23:16,348: initializing /rosout core topic
[rospy.rosout][INFO] 2020-06-16 16:23:16,356: connected to core topic /rosout
[rospy.simtime][INFO] 2020-06-16 16:23:16,362: /use_sim_time is not set, will not subscribe to simulated time [/clock] topic
[rospy.internal][INFO] 2020-06-16 16:23:16,464: topic[/ready_img] adding connection to [http://jose-Lenovo-V110-15AST:45117/], count 0
[rospy.internal][INFO] 2020-06-16 16:23:16,619: topic[/img_rviz] adding connection to [/rviz], count 0
[rospy.internal][INFO] 2020-06-16 16:23:16,622: topic[/rosout] adding connection to [/rosout], count 0
[rospy.core][INFO] 2020-06-16 16:23:50,237: signal_shutdown [signal-2]
[rospy.internal][WARNING] 2020-06-16 16:23:50,244: Unknown error initiating TCP/IP socket to jose-Lenovo-V110-15AST:33297 (http://jose-Lenovo-V110-15AST:45117/): Traceback (most recent call last):
  File "/opt/ros/melodic/lib/python2.7/dist-packages/rospy/impl/tcpros_base.py", line 562, in connect
    self.read_header()
  File "/opt/ros/melodic/lib/python2.7/dist-packages/rospy/impl/tcpros_base.py", line 657, in read_header
    self._validate_header(read_ros_handshake_header(sock, self.read_buff, self.protocol.buff_size))
  File "/opt/ros/melodic/lib/python2.7/dist-packages/rosgraph/network.py", line 357, in read_ros_handshake_header
    d = sock.recv(buff_size)
error: [Errno 104] Connection reset by peer

[rospy.internal][INFO] 2020-06-16 16:23:50,244: topic[/ready_img] removing connection to http://jose-Lenovo-V110-15AST:45117/
[rospy.internal][INFO] 2020-06-16 16:23:50,248: topic[/rosout] removing connection to /rosout
[rospy.internal][INFO] 2020-06-16 16:23:50,249: topic[/img_rviz] removing connection to /rviz
[rospy.impl.masterslave][INFO] 2020-06-16 16:23:50,249: signal-2
[rospy.core][INFO] 2020-06-16 16:23:50,383: signal_shutdown [atexit]
