[rospy.client][INFO] 2020-06-16 16:29:43,741: init_node, name[/obj_node], pid[10435]
[xmlrpc][INFO] 2020-06-16 16:29:43,747: XML-RPC server binding to 0.0.0.0:0
[rospy.init][INFO] 2020-06-16 16:29:43,750: ROS Slave URI: [http://jose-Lenovo-V110-15AST:33867/]
[xmlrpc][INFO] 2020-06-16 16:29:43,750: Started XML-RPC server [http://jose-Lenovo-V110-15AST:33867/]
[rospy.impl.masterslave][INFO] 2020-06-16 16:29:43,751: _ready: http://jose-Lenovo-V110-15AST:33867/
[xmlrpc][INFO] 2020-06-16 16:29:43,758: xml rpc node: starting XML-RPC server
[rospy.registration][INFO] 2020-06-16 16:29:43,759: Registering with master node http://localhost:11311
[rospy.init][INFO] 2020-06-16 16:29:43,851: registered with master
[rospy.rosout][INFO] 2020-06-16 16:29:43,852: initializing /rosout core topic
[rospy.rosout][INFO] 2020-06-16 16:29:43,868: connected to core topic /rosout
[rospy.simtime][INFO] 2020-06-16 16:29:43,870: /use_sim_time is not set, will not subscribe to simulated time [/clock] topic
[rospy.internal][INFO] 2020-06-16 16:29:44,114: topic[/rosout] adding connection to [/rosout], count 0
[rospy.internal][INFO] 2020-06-16 16:29:44,382: topic[/ready_img] adding connection to [/show_img], count 0
[rospy.internal][INFO] 2020-06-16 16:29:45,026: topic[/obj_detector] adding connection to [/robot_move], count 0
[rospy.internal][INFO] 2020-06-16 16:29:45,059: topic[/robot_status] adding connection to [http://jose-Lenovo-V110-15AST:41801/], count 0
[rospy.core][INFO] 2020-06-16 16:29:55,031: signal_shutdown [signal-2]
[rospy.internal][INFO] 2020-06-16 16:29:55,047: topic[/obj_detector] removing connection to /robot_move
[rospy.internal][INFO] 2020-06-16 16:29:55,053: topic[/rosout] removing connection to /rosout
[rospy.internal][ERROR] 2020-06-16 16:29:55,053: Unable to initiate TCP/IP socket to jose-Lenovo-V110-15AST:38513 (http://jose-Lenovo-V110-15AST:41801/): Traceback (most recent call last):
  File "/opt/ros/melodic/lib/python2.7/dist-packages/rospy/impl/tcpros_base.py", line 562, in connect
    self.read_header()
  File "/opt/ros/melodic/lib/python2.7/dist-packages/rospy/impl/tcpros_base.py", line 657, in read_header
    self._validate_header(read_ros_handshake_header(sock, self.read_buff, self.protocol.buff_size))
  File "/opt/ros/melodic/lib/python2.7/dist-packages/rospy/impl/tcpros_base.py", line 600, in _validate_header
    raise TransportInitError("remote error reported: %s"%header['error'])
TransportInitError: remote error reported: node shutting down

[rospy.internal][INFO] 2020-06-16 16:29:55,058: topic[/ready_img] removing connection to /show_img
[rospy.internal][INFO] 2020-06-16 16:29:55,067: topic[/robot_status] removing connection to http://jose-Lenovo-V110-15AST:41801/
[rospy.impl.masterslave][INFO] 2020-06-16 16:29:55,068: signal-2
[rospy.core][INFO] 2020-06-16 16:29:55,169: signal_shutdown [atexit]
