[INFO] [1592317785.017782]: 0.0
[INFO] [1592317785.050305]: 0.0
[INFO] [1592317785.083598]: 0.0
[INFO] [1592317785.119523]: 0.0
[INFO] [1592317785.161129]: 0.0
[INFO] [1592317785.183610]: 0.0
[INFO] [1592317790.196284]: 0.0
[INFO] [1592317790.199149]: 0.75
[INFO] [1592317790.201729]: 0.0
[INFO] [1592317790.204446]: 0.75
[INFO] [1592317790.206870]: 0.0
[INFO] [1592317790.209527]: 0.75
[INFO] [1592317790.211897]: 0.0
[INFO] [1592317790.214112]: 0.75
[INFO] [1592317790.218194]: 0.0
[INFO] [1592317790.222291]: 0.75
[INFO] [1592317790.224989]: 0.0
[INFO] [1592317790.227279]: 0.75
[INFO] [1592317790.230671]: 0.0
[INFO] [1592317790.232862]: 0.75
[INFO] [1592317790.235207]: 0.0
[INFO] [1592317790.237478]: 0.75
[INFO] [1592317790.239900]: 0.0
[INFO] [1592317790.242546]: 0.75
[INFO] [1592317790.245006]: 0.0
[INFO] [1592317790.248380]: 0.75
[INFO] [1592317790.254503]: 0.0
[INFO] [1592317790.256855]: 0.75
[INFO] [1592317790.259239]: 0.0
[INFO] [1592317790.262569]: 0.75
[INFO] [1592317790.265512]: 0.0
[INFO] [1592317790.267951]: 0.75
[INFO] [1592317790.271914]: 0.0
[INFO] [1592317790.274513]: 0.75
[INFO] [1592317790.276841]: 0.0
[INFO] [1592317790.285416]: 0.75
[INFO] [1592317790.290533]: 0.0
[INFO] [1592317790.293242]: 0.75
[INFO] [1592317790.297191]: 0.0
[INFO] [1592317790.299698]: 0.75
[INFO] [1592317790.301976]: 0.0
[INFO] [1592317790.304494]: 0.75
[INFO] [1592317790.306901]: 0.0
[INFO] [1592317790.309526]: 0.75
[INFO] [1592317790.320140]: 0.0
[INFO] [1592317790.322535]: 0.75
[INFO] [1592317790.324873]: 0.0
[INFO] [1592317790.327230]: 0.75
[INFO] [1592317790.330888]: 0.0
[INFO] [1592317790.333002]: 0.75
[INFO] [1592317790.335213]: 0.0
[INFO] [1592317790.337684]: 0.75
[INFO] [1592317790.341721]: 0.0
[INFO] [1592317790.346180]: 0.75
[INFO] [1592317790.350715]: 0.0
[INFO] [1592317790.355497]: 0.75
[INFO] [1592317790.357718]: 0.0
[INFO] [1592317790.360016]: 0.75
[INFO] [1592317790.364312]: 0.0
[INFO] [1592317790.366736]: 0.75
[INFO] [1592317790.389926]: 0.0
[INFO] [1592317790.392720]: 0.75
[INFO] [1592317790.395890]: 0.0
[INFO] [1592317790.398788]: 0.75
[INFO] [1592317790.401848]: 0.0
[INFO] [1592317790.405003]: 0.75
[INFO] [1592317790.408270]: 0.0
[INFO] [1592317790.415259]: 0.75
[INFO] [1592317790.418193]: 0.0
[INFO] [1592317790.420789]: 0.75
[INFO] [1592317790.424766]: 0.0
[INFO] [1592317790.426826]: 0.75
[INFO] [1592317790.430930]: 0.0
[INFO] [1592317790.433277]: 0.75
[INFO] [1592317790.435442]: 0.0
[INFO] [1592317790.437527]: 0.75
[INFO] [1592317790.441427]: 0.0
[INFO] [1592317790.448814]: 0.75
[INFO] [1592317790.452318]: 0.0
[INFO] [1592317790.454928]: 0.75
[INFO] [1592317790.458439]: 0.0
[INFO] [1592317790.460701]: 0.75
[INFO] [1592317790.464231]: 0.0
[INFO] [1592317790.466690]: 0.75
[INFO] [1592317790.471037]: 0.0
[INFO] [1592317790.475799]: 0.75
[INFO] [1592317790.481193]: 0.0
[INFO] [1592317790.485210]: 0.75
[INFO] [1592317790.487462]: 0.0
[INFO] [1592317790.489547]: 0.75
[INFO] [1592317790.492358]: 0.0
[INFO] [1592317790.496268]: 0.75
[INFO] [1592317790.498960]: 0.0
[INFO] [1592317790.501283]: 0.75
[INFO] [1592317790.505099]: 0.0
[INFO] [1592317790.510640]: 0.75
[INFO] [1592317790.516682]: 0.0
[INFO] [1592317790.519684]: 0.75
[INFO] [1592317790.521919]: 0.0
[INFO] [1592317790.523958]: 0.75
[INFO] [1592317790.526566]: 0.0
[INFO] [1592317790.530667]: 0.75
[INFO] [1592317790.533095]: 0.0
[INFO] [1592317790.536663]: 0.75
[INFO] [1592317790.540487]: 0.0
[INFO] [1592317790.543901]: 0.75
[INFO] [1592317790.547134]: 0.0
[INFO] [1592317790.550989]: 0.75
[INFO] [1592317790.553138]: 0.0
[INFO] [1592317790.555291]: 0.75
[INFO] [1592317790.557560]: 0.0
[INFO] [1592317790.560077]: 0.75
[INFO] [1592317790.564057]: 0.0
[INFO] [1592317790.566326]: 0.75
[INFO] [1592317790.569293]: 0.0
[INFO] [1592317790.572499]: 0.75
[INFO] [1592317790.578912]: 0.0
[INFO] [1592317790.582027]: 0.75
[INFO] [1592317790.584820]: 0.0
[INFO] [1592317790.588140]: 0.75
[INFO] [1592317790.591420]: 0.0
[INFO] [1592317790.593761]: 0.75
[INFO] [1592317790.596145]: 0.0
[INFO] [1592317790.599717]: 0.75
[INFO] [1592317790.602807]: 0.0
[INFO] [1592317790.607644]: 0.75
[INFO] [1592317790.610191]: 0.0
[INFO] [1592317790.615920]: 0.75
[INFO] [1592317790.618651]: 0.0
[INFO] [1592317790.620738]: 0.75
[INFO] [1592317790.623059]: 0.0
[INFO] [1592317790.625720]: 0.75
[INFO] [1592317790.628648]: 0.0
[INFO] [1592317790.633434]: 0.75
[INFO] [1592317790.638898]: 0.0
[INFO] [1592317790.643049]: 0.75
[INFO] [1592317790.648721]: 0.0
[INFO] [1592317790.651462]: 0.75
[INFO] [1592317790.653852]: 0.0
[INFO] [1592317790.656157]: 0.75
[INFO] [1592317790.659036]: 0.0
[INFO] [1592317790.661299]: 0.75
[INFO] [1592317790.666485]: 0.0
[INFO] [1592317790.669987]: 0.75
[INFO] [1592317790.672914]: 0.0
[INFO] [1592317790.675758]: 0.75
[INFO] [1592317790.680908]: 0.0
[INFO] [1592317790.684545]: 0.75
[INFO] [1592317790.686911]: 0.0
[INFO] [1592317790.688927]: 0.75
[INFO] [1592317790.691434]: 0.0
[INFO] [1592317790.693414]: 0.75
[INFO] [1592317790.699028]: 0.0
[INFO] [1592317790.702915]: 0.75
[INFO] [1592317790.705715]: 0.0
[INFO] [1592317790.710903]: 0.75
[INFO] [1592317790.714690]: 0.0
[INFO] [1592317790.717346]: 0.75
[INFO] [1592317790.719917]: 0.0
[INFO] [1592317790.722213]: 0.75
[INFO] [1592317790.724897]: 0.0
[INFO] [1592317790.727416]: 0.75
[INFO] [1592317790.736245]: 0.0
[INFO] [1592317790.739576]: 0.75
[INFO] [1592317790.742227]: 0.0
[INFO] [1592317790.744787]: 0.75
[INFO] [1592317790.748237]: 0.0
[INFO] [1592317790.750731]: 0.75
[INFO] [1592317790.752908]: 0.0
[INFO] [1592317790.755195]: 0.75
[INFO] [1592317790.757677]: 0.0
[INFO] [1592317790.761098]: 0.75
[INFO] [1592317790.765168]: 0.0
[INFO] [1592317790.768183]: 0.75
[INFO] [1592317790.771381]: 0.0
[INFO] [1592317790.774469]: 0.75
[INFO] [1592317790.776846]: 0.0
[INFO] [1592317790.779859]: 0.75
[INFO] [1592317790.783116]: 0.0
[INFO] [1592317790.785624]: 0.75
[INFO] [1592317790.788130]: 0.0
[INFO] [1592317790.790875]: 0.75
[INFO] [1592317790.794716]: 0.0
[INFO] [1592317790.798344]: 0.75
[INFO] [1592317790.801799]: 0.0
[INFO] [1592317790.804889]: 0.75
[INFO] [1592317790.814248]: 0.0
[INFO] [1592317790.817207]: 0.75
[INFO] [1592317790.819744]: 0.0
[INFO] [1592317790.822105]: 0.75
[INFO] [1592317790.825174]: 0.0
[INFO] [1592317790.828331]: 0.75
[INFO] [1592317790.831533]: 0.0
[INFO] [1592317790.835307]: 0.75
[INFO] [1592317790.838236]: 0.0
[INFO] [1592317790.841521]: 0.75
[INFO] [1592317790.844516]: 0.0
[INFO] [1592317790.847991]: 0.75
[INFO] [1592317790.850875]: 0.0
[INFO] [1592317790.853299]: 0.75
[INFO] [1592317790.856051]: 0.0
[INFO] [1592317790.860123]: 0.75
[INFO] [1592317790.865822]: 0.0
[INFO] [1592317790.868769]: 0.75
[INFO] [1592317790.871782]: 0.0
[INFO] [1592317790.875962]: 0.75
[INFO] [1592317790.880915]: 0.0
[INFO] [1592317790.883862]: 0.75
[INFO] [1592317790.886568]: 0.0
[INFO] [1592317790.889893]: 0.75
[INFO] [1592317790.893585]: 0.0
[INFO] [1592317790.898746]: 0.75
[INFO] [1592317790.901663]: 0.0
[INFO] [1592317790.905496]: 0.75
[INFO] [1592317790.908475]: 0.0
[INFO] [1592317790.912973]: 0.75
[INFO] [1592317790.915544]: 0.0
[INFO] [1592317790.918343]: 0.75
[INFO] [1592317790.921249]: 0.0
[INFO] [1592317790.924664]: 0.75
[INFO] [1592317790.930130]: 0.0
[INFO] [1592317790.933210]: 0.75
[INFO] [1592317790.936012]: 0.0
[INFO] [1592317790.938623]: 0.75
[INFO] [1592317790.942771]: 0.0
[INFO] [1592317790.946954]: 0.75
[INFO] [1592317790.949896]: 0.0
[INFO] [1592317790.954347]: 0.75
[INFO] [1592317790.959134]: 0.0
[INFO] [1592317790.963825]: 0.75
[INFO] [1592317790.966746]: 0.0
[INFO] [1592317790.969349]: 0.75
[INFO] [1592317790.974285]: 0.0
[INFO] [1592317790.978320]: 0.75
[INFO] [1592317790.981345]: 0.0
[INFO] [1592317790.988644]: 0.75
[INFO] [1592317790.991564]: 0.0
[INFO] [1592317790.993996]: 0.75
[INFO] [1592317790.996883]: 0.0
[INFO] [1592317790.999887]: 0.75
[INFO] [1592317791.002702]: 0.0
[INFO] [1592317791.005292]: 0.75
[INFO] [1592317791.008499]: 0.0
[INFO] [1592317791.011424]: 0.75
[INFO] [1592317791.013931]: 0.0
[INFO] [1592317791.020770]: 0.75
[INFO] [1592317791.024071]: 0.0
[INFO] [1592317791.027121]: 0.75
[INFO] [1592317791.031810]: 0.0
[INFO] [1592317791.034801]: 0.75
[INFO] [1592317791.037324]: 0.0
[INFO] [1592317791.039831]: 0.75
[INFO] [1592317791.042769]: 0.0
[INFO] [1592317791.045848]: 0.75
[INFO] [1592317791.050773]: 0.0
[INFO] [1592317791.053740]: 0.75
[INFO] [1592317791.057759]: 0.0
[INFO] [1592317791.060869]: 0.75
[INFO] [1592317791.064803]: 0.0
[INFO] [1592317791.067930]: 0.75
[INFO] [1592317791.071348]: 0.0
[INFO] [1592317791.074295]: 0.75
[INFO] [1592317791.077205]: 0.0
[INFO] [1592317791.082135]: 0.75
[INFO] [1592317791.085929]: 0.0
[INFO] [1592317791.089422]: 0.75
[INFO] [1592317791.092707]: 0.0
[INFO] [1592317791.098544]: 0.75
[INFO] [1592317791.100945]: 0.0
[INFO] [1592317791.103457]: 0.75
[INFO] [1592317791.105980]: 0.0
[INFO] [1592317791.108676]: 0.75
[INFO] [1592317791.114430]: 0.0
[INFO] [1592317791.119263]: 0.75
[INFO] [1592317791.122118]: 0.0
[INFO] [1592317791.125287]: 0.75
[INFO] [1592317791.130040]: 0.0
[INFO] [1592317791.133813]: 0.75
[INFO] [1592317791.136313]: 0.0
[INFO] [1592317791.138727]: 0.75
[INFO] [1592317791.141433]: 0.0
[INFO] [1592317791.145041]: 0.75
[INFO] [1592317791.150119]: 0.0
[INFO] [1592317791.154243]: 0.75
[INFO] [1592317791.157234]: 0.0
[INFO] [1592317791.162352]: 0.75
[INFO] [1592317791.166449]: 0.0
[INFO] [1592317791.170312]: 0.75
[INFO] [1592317791.173011]: 0.0
[INFO] [1592317791.183631]: 0.75
[INFO] [1592317791.187339]: 0.0
[INFO] [1592317791.189725]: 0.75
[INFO] [1592317791.192624]: 0.0
[INFO] [1592317791.195362]: 0.75
[INFO] [1592317791.199053]: 0.0
[INFO] [1592317791.201537]: 0.75
[INFO] [1592317791.204171]: 0.0
[INFO] [1592317791.206455]: 0.75
[INFO] [1592317791.219644]: 0.0
[INFO] [1592317791.222045]: 0.75
[INFO] [1592317791.224675]: 0.0
[INFO] [1592317791.227404]: 0.75
[INFO] [1592317791.231480]: 0.0
[INFO] [1592317791.233932]: 0.75
[INFO] [1592317791.236494]: 0.0
[INFO] [1592317791.240995]: 0.75
[INFO] [1592317791.247195]: 0.0
[INFO] [1592317791.250121]: 0.75
[INFO] [1592317791.253747]: 6.25812889846
[INFO] [1592317791.256143]: 0.75
[INFO] [1592317791.258909]: 6.23307956034
[INFO] [1592317791.261381]: 0.75
[INFO] [1592317791.265137]: 6.20818522224
[INFO] [1592317791.267556]: 0.75
[INFO] [1592317791.272309]: 6.18318993995
[INFO] [1592317791.276705]: 0.75
[INFO] [1592317791.282355]: 6.1581791083
[INFO] [1592317791.285472]: 0.75
[INFO] [1592317791.290202]: 6.13318832615
[INFO] [1592317791.293668]: 0.75
[INFO] [1592317791.297430]: 6.10818896094
[INFO] [1592317791.299844]: 0.75
[INFO] [1592317791.306814]: 6.08314240376
[INFO] [1592317791.315339]: 0.75
[INFO] [1592317791.318363]: 6.05789207319
[INFO] [1592317791.320657]: 0.75
[INFO] [1592317791.323260]: 6.03317854205
[INFO] [1592317791.325962]: 0.75
[INFO] [1592317791.328565]: 6.00818834106
[INFO] [1592317791.331945]: 0.75
[INFO] [1592317791.334511]: 5.98319295446
[INFO] [1592317791.345195]: 0.75
[INFO] [1592317791.349164]: 5.95819086233
[INFO] [1592317791.351969]: 0.75
[INFO] [1592317791.354313]: 5.93318835298
[INFO] [1592317791.356733]: 0.75
[INFO] [1592317791.359383]: 5.9081867973
[INFO] [1592317791.362028]: 0.75
[INFO] [1592317791.365391]: 5.8831889371
[INFO] [1592317791.376483]: 0.75
[INFO] [1592317791.383650]: 5.85819197098
[INFO] [1592317791.387346]: 0.75
[INFO] [1592317791.391254]: 5.83318585554
[INFO] [1592317791.393620]: 0.75
[INFO] [1592317791.397395]: 5.80819031993
[INFO] [1592317791.404747]: 0.75
[INFO] [1592317791.408281]: 5.78319031397
[INFO] [1592317791.411116]: 0.75
[INFO] [1592317791.415063]: 5.75818998018
[INFO] [1592317791.417939]: 0.75
[INFO] [1592317791.420677]: 5.73319107691
[INFO] [1592317791.423113]: 0.75
[INFO] [1592317791.426305]: 5.7081930081
[INFO] [1592317791.428823]: 0.75
[INFO] [1592317791.432339]: 5.68318528334
[INFO] [1592317791.435668]: 0.75
[INFO] [1592317791.439158]: 5.65816688934
[INFO] [1592317791.442306]: 0.75
[INFO] [1592317791.445203]: 5.63315791288
[INFO] [1592317791.448354]: 0.75
[INFO] [1592317791.451129]: 5.60819042126
[INFO] [1592317791.453601]: 0.75
[INFO] [1592317791.456177]: 5.58322096268
[INFO] [1592317791.458845]: 0.75
[INFO] [1592317791.461431]: 5.55814952055
[INFO] [1592317791.472671]: 0.75
[INFO] [1592317791.475648]: 5.53316623369
[INFO] [1592317791.479933]: 0.75
[INFO] [1592317791.482663]: 5.50818336407
[INFO] [1592317791.485402]: 0.75
[INFO] [1592317791.487897]: 5.4831935207
[INFO] [1592317791.490332]: 0.75
[INFO] [1592317791.493184]: 5.45819086233
[INFO] [1592317791.500574]: 0.75
[INFO] [1592317791.503590]: 5.43319136301
[INFO] [1592317791.506994]: 0.75
[INFO] [1592317791.509781]: 5.4081906716
[INFO] [1592317791.513696]: 0.75
[INFO] [1592317791.516558]: 5.38318598667
[INFO] [1592317791.519071]: 0.75
[INFO] [1592317791.521373]: 5.35818422238
[INFO] [1592317791.523776]: 0.75
[INFO] [1592317791.527128]: 5.3331905047
[INFO] [1592317791.531097]: 0.75
[INFO] [1592317791.535010]: 5.30819034973
[INFO] [1592317791.540888]: 0.75
[INFO] [1592317791.571122]: 5.28308695952
[INFO] [1592317791.573615]: 0.75
[INFO] [1592317791.583964]: 5.2581837813
[INFO] [1592317791.587009]: 0.75
[INFO] [1592317791.629944]: 5.23309547106
[INFO] [1592317791.633377]: 0.75
[INFO] [1592317791.671173]: 5.20808309713
[INFO] [1592317791.673796]: 0.75
[INFO] [1592317791.715267]: 5.18309253851
[INFO] [1592317791.718934]: 0.75
[INFO] [1592317791.759260]: 5.15818542639
[INFO] [1592317791.762478]: 0.75
[INFO] [1592317791.765533]: 5.13309127489
[INFO] [1592317791.767883]: 0.75
[INFO] [1592317791.803388]: 5.1081896464
[INFO] [1592317791.806484]: 0.75
[INFO] [1592317791.820388]: 5.08307654062
[INFO] [1592317791.826639]: 0.75
[INFO] [1592317791.859287]: 5.0581809918
[INFO] [1592317791.862038]: 0.75
[INFO] [1592317791.903418]: 5.03318828741
[INFO] [1592317791.906779]: 0.75
[INFO] [1592317791.947359]: 5.00818819204
[INFO] [1592317791.951561]: 0.75
[INFO] [1592317791.991420]: 4.98319071928
[INFO] [1592317791.993962]: 0.75
[INFO] [1592317791.998766]: 4.95818299452
[INFO] [1592317792.001598]: 0.75
[INFO] [1592317792.035492]: 4.93318301836
[INFO] [1592317792.038854]: 0.75
[INFO] [1592317792.050360]: 4.9081791083
[INFO] [1592317792.053924]: 0.75
[INFO] [1592317792.091715]: 4.88318938414
[INFO] [1592317792.095323]: 0.75
[INFO] [1592317792.135373]: 4.85809559027
[INFO] [1592317792.140288]: 0.75
[INFO] [1592317792.179684]: 4.83308166662
[INFO] [1592317792.181956]: 0.75
[INFO] [1592317792.223410]: 4.80819088617
[INFO] [1592317792.226730]: 0.75
[INFO] [1592317792.229690]: 4.78309089342
[INFO] [1592317792.267433]: 4.75809818903
[INFO] [1592317792.283558]: 4.75643629233
[INFO] [1592317792.327053]: 4.75477022329
[INFO] [1592317792.371100]: 4.75310355822
[INFO] [1592317792.415122]: 4.75143736998
[INFO] [1592317792.459285]: 4.74975318113
[INFO] [1592317792.463887]: 4.74809629122
[INFO] [1592317792.503270]: 4.74643725554
[INFO] [1592317792.517294]: 4.74476284186
[INFO] [1592317792.559200]: 4.74309593836
[INFO] [1592317792.603364]: 4.74143749872
[INFO] [1592317792.651704]: 4.73977047602
[INFO] [1592317792.656249]: 4.73810249964
[INFO] [1592317792.695499]: 4.73643726507
[INFO] [1592317792.717545]: 4.73477024237
[INFO] [1592317792.763489]: 4.73310357729
[INFO] [1592317792.807401]: 4.73143703142
[INFO] [1592317792.851121]: 4.72977084318
[INFO] [1592317792.853521]: 4.72810417811
[INFO] [1592317792.899403]: 4.72643727461
[INFO] [1592317792.917229]: 4.72476417223
[INFO] [1592317792.959383]: 4.72309762636
[INFO] [1592317793.004593]: 4.72143704096
[INFO] [1592317793.047433]: 4.71976346174
[INFO] [1592317793.091582]: 4.71810406843
[INFO] [1592317793.095282]: 4.71643120447
[INFO] [1592317793.139397]: 4.71477073828
[INFO] [1592317793.150831]: 4.71309429804
[INFO] [1592317793.191388]: 4.71309429804
[INFO] [1592317793.235235]: 4.71309429804
[INFO] [1592317793.279351]: 4.71309429804
[INFO] [1592317793.323283]: 4.71309429804
[INFO] [1592317793.328442]: 4.71309429804
[INFO] [1592317793.367317]: 4.71309429804
[INFO] [1592317793.383525]: 4.71309429804
[INFO] [1592317793.427474]: 4.71309429804
[INFO] [1592317793.471357]: 4.71309429804
[INFO] [1592317793.515615]: 4.71309429804
[INFO] [1592317793.559338]: 4.71309429804
[INFO] [1592317793.562812]: 4.71309429804
[INFO] [1592317793.603283]: 4.71309429804
[INFO] [1592317793.616927]: 4.71309429804
[INFO] [1592317793.659335]: 4.71309429804
[INFO] [1592317793.703262]: 4.71309429804
[INFO] [1592317793.747090]: 4.71309429804
[INFO] [1592317793.791011]: 4.71309429804
[INFO] [1592317793.793532]: 4.71309429804
[INFO] [1592317793.839099]: 4.71309429804
[INFO] [1592317793.850283]: 4.71309429804
[INFO] [1592317793.891017]: 4.71309429804
[INFO] [1592317793.935775]: 4.71309429804
[INFO] [1592317793.979396]: 4.71309429804
[INFO] [1592317794.027260]: 4.71309429804
[INFO] [1592317794.030354]: 4.71309429804
[INFO] [1592317794.071105]: 4.71309429804
[INFO] [1592317794.083866]: 4.71309429804
[INFO] [1592317794.127233]: 4.71309429804
[INFO] [1592317794.175251]: 4.71309429804
[INFO] [1592317794.219187]: 4.71309429804
[INFO] [1592317794.224028]: 4.71309429804
[INFO] [1592317794.263461]: 4.71309429804
[INFO] [1592317794.283995]: 4.71309429804
[INFO] [1592317794.331065]: 4.71309429804
[INFO] [1592317794.375152]: 4.71309429804
[INFO] [1592317794.419142]: 4.71309429804
[INFO] [1592317794.421759]: 4.71309429804
[INFO] [1592317794.463673]: 4.71309429804
[INFO] [1592317794.483644]: 4.71309429804
[INFO] [1592317794.527575]: 4.71309429804
[INFO] [1592317794.571440]: 4.71309429804
[INFO] [1592317794.615218]: 4.71309429804
[INFO] [1592317794.659387]: 4.71309429804
[INFO] [1592317794.662956]: 4.71309429804
[INFO] [1592317794.703150]: 4.71309429804
[INFO] [1592317794.717186]: 4.71309429804
[INFO] [1592317794.759306]: 4.71309429804
[INFO] [1592317794.803106]: 4.71309429804
[INFO] [1592317794.847576]: 4.71309429804
[INFO] [1592317794.891573]: 4.71309429804
[INFO] [1592317794.895223]: 4.71309429804
[INFO] [1592317794.939206]: 4.71309429804
[INFO] [1592317794.950683]: 4.71309429804
[INFO] [1592317794.991294]: 4.71309429804
[INFO] [1592317795.035013]: 4.71309429804
