[rospy.client][INFO] 2020-06-16 16:29:44,816: init_node, name[/robot_move], pid[10436]
[xmlrpc][INFO] 2020-06-16 16:29:44,817: XML-RPC server binding to 0.0.0.0:0
[rospy.init][INFO] 2020-06-16 16:29:44,818: ROS Slave URI: [http://jose-Lenovo-V110-15AST:41801/]
[xmlrpc][INFO] 2020-06-16 16:29:44,818: Started XML-RPC server [http://jose-Lenovo-V110-15AST:41801/]
[rospy.impl.masterslave][INFO] 2020-06-16 16:29:44,819: _ready: http://jose-Lenovo-V110-15AST:41801/
[xmlrpc][INFO] 2020-06-16 16:29:44,819: xml rpc node: starting XML-RPC server
[rospy.registration][INFO] 2020-06-16 16:29:44,820: Registering with master node http://localhost:11311
[rospy.init][INFO] 2020-06-16 16:29:44,919: registered with master
[rospy.rosout][INFO] 2020-06-16 16:29:44,919: initializing /rosout core topic
[rospy.rosout][INFO] 2020-06-16 16:29:44,925: connected to core topic /rosout
[rospy.simtime][INFO] 2020-06-16 16:29:44,928: /use_sim_time is not set, will not subscribe to simulated time [/clock] topic
[rospy.internal][INFO] 2020-06-16 16:29:45,002: topic[/odom] adding connection to [http://jose-Lenovo-V110-15AST:40513/], count 0
[rospy.internal][INFO] 2020-06-16 16:29:45,013: topic[/obj_detector] adding connection to [http://jose-Lenovo-V110-15AST:33867/], count 0
[rosout][INFO] 2020-06-16 16:29:45,017: 0.0
[rosout][INFO] 2020-06-16 16:29:45,050: 0.0
[rospy.internal][INFO] 2020-06-16 16:29:45,077: topic[/robot_status] adding connection to [/obj_node], count 0
[rosout][INFO] 2020-06-16 16:29:45,083: 0.0
[rosout][INFO] 2020-06-16 16:29:45,119: 0.0
[rosout][INFO] 2020-06-16 16:29:45,160: 0.0
[rosout][INFO] 2020-06-16 16:29:45,183: 0.0
[rospy.internal][INFO] 2020-06-16 16:29:45,215: topic[/rosout] adding connection to [/rosout], count 0
[rospy.internal][INFO] 2020-06-16 16:29:45,218: topic[/cmd_vel] adding connection to [/turtlebot3_fake_node], count 0
[rosout][INFO] 2020-06-16 16:29:50,196: 0.0
[rosout][INFO] 2020-06-16 16:29:50,199: 0.75
[rosout][INFO] 2020-06-16 16:29:50,201: 0.0
[rosout][INFO] 2020-06-16 16:29:50,204: 0.75
[rosout][INFO] 2020-06-16 16:29:50,206: 0.0
[rosout][INFO] 2020-06-16 16:29:50,209: 0.75
[rosout][INFO] 2020-06-16 16:29:50,211: 0.0
[rosout][INFO] 2020-06-16 16:29:50,213: 0.75
[rosout][INFO] 2020-06-16 16:29:50,218: 0.0
[rosout][INFO] 2020-06-16 16:29:50,222: 0.75
[rosout][INFO] 2020-06-16 16:29:50,224: 0.0
[rosout][INFO] 2020-06-16 16:29:50,227: 0.75
[rosout][INFO] 2020-06-16 16:29:50,230: 0.0
[rosout][INFO] 2020-06-16 16:29:50,232: 0.75
[rosout][INFO] 2020-06-16 16:29:50,235: 0.0
[rosout][INFO] 2020-06-16 16:29:50,237: 0.75
[rosout][INFO] 2020-06-16 16:29:50,239: 0.0
[rosout][INFO] 2020-06-16 16:29:50,242: 0.75
[rosout][INFO] 2020-06-16 16:29:50,244: 0.0
[rosout][INFO] 2020-06-16 16:29:50,248: 0.75
[rosout][INFO] 2020-06-16 16:29:50,254: 0.0
[rosout][INFO] 2020-06-16 16:29:50,256: 0.75
[rosout][INFO] 2020-06-16 16:29:50,259: 0.0
[rosout][INFO] 2020-06-16 16:29:50,262: 0.75
[rosout][INFO] 2020-06-16 16:29:50,265: 0.0
[rosout][INFO] 2020-06-16 16:29:50,267: 0.75
[rosout][INFO] 2020-06-16 16:29:50,271: 0.0
[rosout][INFO] 2020-06-16 16:29:50,274: 0.75
[rosout][INFO] 2020-06-16 16:29:50,276: 0.0
[rosout][INFO] 2020-06-16 16:29:50,285: 0.75
[rosout][INFO] 2020-06-16 16:29:50,290: 0.0
[rosout][INFO] 2020-06-16 16:29:50,293: 0.75
[rosout][INFO] 2020-06-16 16:29:50,297: 0.0
[rosout][INFO] 2020-06-16 16:29:50,299: 0.75
[rosout][INFO] 2020-06-16 16:29:50,301: 0.0
[rosout][INFO] 2020-06-16 16:29:50,304: 0.75
[rosout][INFO] 2020-06-16 16:29:50,306: 0.0
[rosout][INFO] 2020-06-16 16:29:50,309: 0.75
[rosout][INFO] 2020-06-16 16:29:50,320: 0.0
[rosout][INFO] 2020-06-16 16:29:50,322: 0.75
[rosout][INFO] 2020-06-16 16:29:50,324: 0.0
[rosout][INFO] 2020-06-16 16:29:50,327: 0.75
[rosout][INFO] 2020-06-16 16:29:50,330: 0.0
[rosout][INFO] 2020-06-16 16:29:50,332: 0.75
[rosout][INFO] 2020-06-16 16:29:50,335: 0.0
[rosout][INFO] 2020-06-16 16:29:50,337: 0.75
[rosout][INFO] 2020-06-16 16:29:50,341: 0.0
[rosout][INFO] 2020-06-16 16:29:50,345: 0.75
[rosout][INFO] 2020-06-16 16:29:50,350: 0.0
[rosout][INFO] 2020-06-16 16:29:50,355: 0.75
[rosout][INFO] 2020-06-16 16:29:50,357: 0.0
[rosout][INFO] 2020-06-16 16:29:50,359: 0.75
[rosout][INFO] 2020-06-16 16:29:50,364: 0.0
[rosout][INFO] 2020-06-16 16:29:50,366: 0.75
[rosout][INFO] 2020-06-16 16:29:50,389: 0.0
[rosout][INFO] 2020-06-16 16:29:50,392: 0.75
[rosout][INFO] 2020-06-16 16:29:50,395: 0.0
[rosout][INFO] 2020-06-16 16:29:50,398: 0.75
[rosout][INFO] 2020-06-16 16:29:50,401: 0.0
[rosout][INFO] 2020-06-16 16:29:50,404: 0.75
[rosout][INFO] 2020-06-16 16:29:50,408: 0.0
[rosout][INFO] 2020-06-16 16:29:50,415: 0.75
[rosout][INFO] 2020-06-16 16:29:50,418: 0.0
[rosout][INFO] 2020-06-16 16:29:50,420: 0.75
[rosout][INFO] 2020-06-16 16:29:50,424: 0.0
[rosout][INFO] 2020-06-16 16:29:50,426: 0.75
[rosout][INFO] 2020-06-16 16:29:50,430: 0.0
[rosout][INFO] 2020-06-16 16:29:50,433: 0.75
[rosout][INFO] 2020-06-16 16:29:50,435: 0.0
[rosout][INFO] 2020-06-16 16:29:50,437: 0.75
[rosout][INFO] 2020-06-16 16:29:50,441: 0.0
[rosout][INFO] 2020-06-16 16:29:50,448: 0.75
[rosout][INFO] 2020-06-16 16:29:50,452: 0.0
[rosout][INFO] 2020-06-16 16:29:50,454: 0.75
[rosout][INFO] 2020-06-16 16:29:50,458: 0.0
[rosout][INFO] 2020-06-16 16:29:50,460: 0.75
[rosout][INFO] 2020-06-16 16:29:50,464: 0.0
[rosout][INFO] 2020-06-16 16:29:50,466: 0.75
[rosout][INFO] 2020-06-16 16:29:50,470: 0.0
[rosout][INFO] 2020-06-16 16:29:50,475: 0.75
[rosout][INFO] 2020-06-16 16:29:50,481: 0.0
[rosout][INFO] 2020-06-16 16:29:50,485: 0.75
[rosout][INFO] 2020-06-16 16:29:50,487: 0.0
[rosout][INFO] 2020-06-16 16:29:50,489: 0.75
[rosout][INFO] 2020-06-16 16:29:50,492: 0.0
[rosout][INFO] 2020-06-16 16:29:50,496: 0.75
[rosout][INFO] 2020-06-16 16:29:50,498: 0.0
[rosout][INFO] 2020-06-16 16:29:50,501: 0.75
[rosout][INFO] 2020-06-16 16:29:50,504: 0.0
[rosout][INFO] 2020-06-16 16:29:50,510: 0.75
[rosout][INFO] 2020-06-16 16:29:50,516: 0.0
[rosout][INFO] 2020-06-16 16:29:50,519: 0.75
[rosout][INFO] 2020-06-16 16:29:50,521: 0.0
[rosout][INFO] 2020-06-16 16:29:50,523: 0.75
[rosout][INFO] 2020-06-16 16:29:50,526: 0.0
[rosout][INFO] 2020-06-16 16:29:50,530: 0.75
[rosout][INFO] 2020-06-16 16:29:50,532: 0.0
[rosout][INFO] 2020-06-16 16:29:50,536: 0.75
[rosout][INFO] 2020-06-16 16:29:50,540: 0.0
[rosout][INFO] 2020-06-16 16:29:50,543: 0.75
[rosout][INFO] 2020-06-16 16:29:50,546: 0.0
[rosout][INFO] 2020-06-16 16:29:50,550: 0.75
[rosout][INFO] 2020-06-16 16:29:50,553: 0.0
[rosout][INFO] 2020-06-16 16:29:50,555: 0.75
[rosout][INFO] 2020-06-16 16:29:50,557: 0.0
[rosout][INFO] 2020-06-16 16:29:50,559: 0.75
[rosout][INFO] 2020-06-16 16:29:50,563: 0.0
[rosout][INFO] 2020-06-16 16:29:50,566: 0.75
[rosout][INFO] 2020-06-16 16:29:50,568: 0.0
[rosout][INFO] 2020-06-16 16:29:50,572: 0.75
[rosout][INFO] 2020-06-16 16:29:50,578: 0.0
[rosout][INFO] 2020-06-16 16:29:50,581: 0.75
[rosout][INFO] 2020-06-16 16:29:50,584: 0.0
[rosout][INFO] 2020-06-16 16:29:50,587: 0.75
[rosout][INFO] 2020-06-16 16:29:50,591: 0.0
[rosout][INFO] 2020-06-16 16:29:50,593: 0.75
[rosout][INFO] 2020-06-16 16:29:50,595: 0.0
[rosout][INFO] 2020-06-16 16:29:50,599: 0.75
[rosout][INFO] 2020-06-16 16:29:50,602: 0.0
[rosout][INFO] 2020-06-16 16:29:50,607: 0.75
[rosout][INFO] 2020-06-16 16:29:50,610: 0.0
[rosout][INFO] 2020-06-16 16:29:50,614: 0.75
[rosout][INFO] 2020-06-16 16:29:50,618: 0.0
[rosout][INFO] 2020-06-16 16:29:50,620: 0.75
[rosout][INFO] 2020-06-16 16:29:50,622: 0.0
[rosout][INFO] 2020-06-16 16:29:50,625: 0.75
[rosout][INFO] 2020-06-16 16:29:50,628: 0.0
[rosout][INFO] 2020-06-16 16:29:50,633: 0.75
[rosout][INFO] 2020-06-16 16:29:50,638: 0.0
[rosout][INFO] 2020-06-16 16:29:50,642: 0.75
[rosout][INFO] 2020-06-16 16:29:50,648: 0.0
[rosout][INFO] 2020-06-16 16:29:50,651: 0.75
[rosout][INFO] 2020-06-16 16:29:50,653: 0.0
[rosout][INFO] 2020-06-16 16:29:50,656: 0.75
[rosout][INFO] 2020-06-16 16:29:50,658: 0.0
[rosout][INFO] 2020-06-16 16:29:50,661: 0.75
[rosout][INFO] 2020-06-16 16:29:50,666: 0.0
[rosout][INFO] 2020-06-16 16:29:50,669: 0.75
[rosout][INFO] 2020-06-16 16:29:50,672: 0.0
[rosout][INFO] 2020-06-16 16:29:50,675: 0.75
[rosout][INFO] 2020-06-16 16:29:50,680: 0.0
[rosout][INFO] 2020-06-16 16:29:50,684: 0.75
[rosout][INFO] 2020-06-16 16:29:50,686: 0.0
[rosout][INFO] 2020-06-16 16:29:50,688: 0.75
[rosout][INFO] 2020-06-16 16:29:50,691: 0.0
[rosout][INFO] 2020-06-16 16:29:50,693: 0.75
[rosout][INFO] 2020-06-16 16:29:50,698: 0.0
[rosout][INFO] 2020-06-16 16:29:50,702: 0.75
[rosout][INFO] 2020-06-16 16:29:50,705: 0.0
[rosout][INFO] 2020-06-16 16:29:50,710: 0.75
[rosout][INFO] 2020-06-16 16:29:50,714: 0.0
[rosout][INFO] 2020-06-16 16:29:50,717: 0.75
[rosout][INFO] 2020-06-16 16:29:50,719: 0.0
[rosout][INFO] 2020-06-16 16:29:50,722: 0.75
[rosout][INFO] 2020-06-16 16:29:50,724: 0.0
[rosout][INFO] 2020-06-16 16:29:50,727: 0.75
[rosout][INFO] 2020-06-16 16:29:50,736: 0.0
[rosout][INFO] 2020-06-16 16:29:50,739: 0.75
[rosout][INFO] 2020-06-16 16:29:50,742: 0.0
[rosout][INFO] 2020-06-16 16:29:50,744: 0.75
[rosout][INFO] 2020-06-16 16:29:50,748: 0.0
[rosout][INFO] 2020-06-16 16:29:50,750: 0.75
[rosout][INFO] 2020-06-16 16:29:50,752: 0.0
[rosout][INFO] 2020-06-16 16:29:50,755: 0.75
[rosout][INFO] 2020-06-16 16:29:50,757: 0.0
[rosout][INFO] 2020-06-16 16:29:50,760: 0.75
[rosout][INFO] 2020-06-16 16:29:50,764: 0.0
[rosout][INFO] 2020-06-16 16:29:50,768: 0.75
[rosout][INFO] 2020-06-16 16:29:50,771: 0.0
[rosout][INFO] 2020-06-16 16:29:50,774: 0.75
[rosout][INFO] 2020-06-16 16:29:50,776: 0.0
[rosout][INFO] 2020-06-16 16:29:50,779: 0.75
[rosout][INFO] 2020-06-16 16:29:50,782: 0.0
[rosout][INFO] 2020-06-16 16:29:50,785: 0.75
[rosout][INFO] 2020-06-16 16:29:50,788: 0.0
[rosout][INFO] 2020-06-16 16:29:50,790: 0.75
[rosout][INFO] 2020-06-16 16:29:50,794: 0.0
[rosout][INFO] 2020-06-16 16:29:50,797: 0.75
[rosout][INFO] 2020-06-16 16:29:50,801: 0.0
[rosout][INFO] 2020-06-16 16:29:50,804: 0.75
[rosout][INFO] 2020-06-16 16:29:50,814: 0.0
[rosout][INFO] 2020-06-16 16:29:50,817: 0.75
[rosout][INFO] 2020-06-16 16:29:50,819: 0.0
[rosout][INFO] 2020-06-16 16:29:50,821: 0.75
[rosout][INFO] 2020-06-16 16:29:50,825: 0.0
[rosout][INFO] 2020-06-16 16:29:50,828: 0.75
[rosout][INFO] 2020-06-16 16:29:50,831: 0.0
[rosout][INFO] 2020-06-16 16:29:50,835: 0.75
[rosout][INFO] 2020-06-16 16:29:50,838: 0.0
[rosout][INFO] 2020-06-16 16:29:50,841: 0.75
[rosout][INFO] 2020-06-16 16:29:50,844: 0.0
[rosout][INFO] 2020-06-16 16:29:50,847: 0.75
[rosout][INFO] 2020-06-16 16:29:50,850: 0.0
[rosout][INFO] 2020-06-16 16:29:50,853: 0.75
[rosout][INFO] 2020-06-16 16:29:50,855: 0.0
[rosout][INFO] 2020-06-16 16:29:50,859: 0.75
[rosout][INFO] 2020-06-16 16:29:50,865: 0.0
[rosout][INFO] 2020-06-16 16:29:50,868: 0.75
[rosout][INFO] 2020-06-16 16:29:50,871: 0.0
[rosout][INFO] 2020-06-16 16:29:50,875: 0.75
[rosout][INFO] 2020-06-16 16:29:50,880: 0.0
[rosout][INFO] 2020-06-16 16:29:50,883: 0.75
[rosout][INFO] 2020-06-16 16:29:50,886: 0.0
[rosout][INFO] 2020-06-16 16:29:50,889: 0.75
[rosout][INFO] 2020-06-16 16:29:50,893: 0.0
[rosout][INFO] 2020-06-16 16:29:50,898: 0.75
[rosout][INFO] 2020-06-16 16:29:50,901: 0.0
[rosout][INFO] 2020-06-16 16:29:50,905: 0.75
[rosout][INFO] 2020-06-16 16:29:50,908: 0.0
[rosout][INFO] 2020-06-16 16:29:50,912: 0.75
[rosout][INFO] 2020-06-16 16:29:50,915: 0.0
[rosout][INFO] 2020-06-16 16:29:50,918: 0.75
[rosout][INFO] 2020-06-16 16:29:50,920: 0.0
[rosout][INFO] 2020-06-16 16:29:50,924: 0.75
[rosout][INFO] 2020-06-16 16:29:50,929: 0.0
[rosout][INFO] 2020-06-16 16:29:50,933: 0.75
[rosout][INFO] 2020-06-16 16:29:50,935: 0.0
[rosout][INFO] 2020-06-16 16:29:50,938: 0.75
[rosout][INFO] 2020-06-16 16:29:50,942: 0.0
[rosout][INFO] 2020-06-16 16:29:50,946: 0.75
[rosout][INFO] 2020-06-16 16:29:50,949: 0.0
[rosout][INFO] 2020-06-16 16:29:50,954: 0.75
[rosout][INFO] 2020-06-16 16:29:50,958: 0.0
[rosout][INFO] 2020-06-16 16:29:50,963: 0.75
[rosout][INFO] 2020-06-16 16:29:50,966: 0.0
[rosout][INFO] 2020-06-16 16:29:50,969: 0.75
[rosout][INFO] 2020-06-16 16:29:50,973: 0.0
[rosout][INFO] 2020-06-16 16:29:50,978: 0.75
[rosout][INFO] 2020-06-16 16:29:50,981: 0.0
[rosout][INFO] 2020-06-16 16:29:50,988: 0.75
[rosout][INFO] 2020-06-16 16:29:50,991: 0.0
[rosout][INFO] 2020-06-16 16:29:50,993: 0.75
[rosout][INFO] 2020-06-16 16:29:50,996: 0.0
[rosout][INFO] 2020-06-16 16:29:50,999: 0.75
[rosout][INFO] 2020-06-16 16:29:51,002: 0.0
[rosout][INFO] 2020-06-16 16:29:51,005: 0.75
[rosout][INFO] 2020-06-16 16:29:51,007: 0.0
[rosout][INFO] 2020-06-16 16:29:51,011: 0.75
[rosout][INFO] 2020-06-16 16:29:51,013: 0.0
[rosout][INFO] 2020-06-16 16:29:51,020: 0.75
[rosout][INFO] 2020-06-16 16:29:51,023: 0.0
[rosout][INFO] 2020-06-16 16:29:51,026: 0.75
[rosout][INFO] 2020-06-16 16:29:51,031: 0.0
[rosout][INFO] 2020-06-16 16:29:51,034: 0.75
[rosout][INFO] 2020-06-16 16:29:51,037: 0.0
[rosout][INFO] 2020-06-16 16:29:51,039: 0.75
[rosout][INFO] 2020-06-16 16:29:51,042: 0.0
[rosout][INFO] 2020-06-16 16:29:51,045: 0.75
[rosout][INFO] 2020-06-16 16:29:51,050: 0.0
[rosout][INFO] 2020-06-16 16:29:51,053: 0.75
[rosout][INFO] 2020-06-16 16:29:51,057: 0.0
[rosout][INFO] 2020-06-16 16:29:51,060: 0.75
[rosout][INFO] 2020-06-16 16:29:51,064: 0.0
[rosout][INFO] 2020-06-16 16:29:51,067: 0.75
[rosout][INFO] 2020-06-16 16:29:51,071: 0.0
[rosout][INFO] 2020-06-16 16:29:51,074: 0.75
[rosout][INFO] 2020-06-16 16:29:51,077: 0.0
[rosout][INFO] 2020-06-16 16:29:51,081: 0.75
[rosout][INFO] 2020-06-16 16:29:51,085: 0.0
[rosout][INFO] 2020-06-16 16:29:51,089: 0.75
[rosout][INFO] 2020-06-16 16:29:51,092: 0.0
[rosout][INFO] 2020-06-16 16:29:51,098: 0.75
[rosout][INFO] 2020-06-16 16:29:51,100: 0.0
[rosout][INFO] 2020-06-16 16:29:51,103: 0.75
[rosout][INFO] 2020-06-16 16:29:51,105: 0.0
[rosout][INFO] 2020-06-16 16:29:51,108: 0.75
[rosout][INFO] 2020-06-16 16:29:51,114: 0.0
[rosout][INFO] 2020-06-16 16:29:51,119: 0.75
[rosout][INFO] 2020-06-16 16:29:51,121: 0.0
[rosout][INFO] 2020-06-16 16:29:51,125: 0.75
[rosout][INFO] 2020-06-16 16:29:51,129: 0.0
[rosout][INFO] 2020-06-16 16:29:51,133: 0.75
[rosout][INFO] 2020-06-16 16:29:51,136: 0.0
[rosout][INFO] 2020-06-16 16:29:51,138: 0.75
[rosout][INFO] 2020-06-16 16:29:51,141: 0.0
[rosout][INFO] 2020-06-16 16:29:51,144: 0.75
[rosout][INFO] 2020-06-16 16:29:51,149: 0.0
[rosout][INFO] 2020-06-16 16:29:51,154: 0.75
[rosout][INFO] 2020-06-16 16:29:51,157: 0.0
[rosout][INFO] 2020-06-16 16:29:51,162: 0.75
[rosout][INFO] 2020-06-16 16:29:51,166: 0.0
[rosout][INFO] 2020-06-16 16:29:51,170: 0.75
[rosout][INFO] 2020-06-16 16:29:51,172: 0.0
[rosout][INFO] 2020-06-16 16:29:51,183: 0.75
[rosout][INFO] 2020-06-16 16:29:51,187: 0.0
[rosout][INFO] 2020-06-16 16:29:51,189: 0.75
[rosout][INFO] 2020-06-16 16:29:51,192: 0.0
[rosout][INFO] 2020-06-16 16:29:51,195: 0.75
[rosout][INFO] 2020-06-16 16:29:51,198: 0.0
[rosout][INFO] 2020-06-16 16:29:51,201: 0.75
[rosout][INFO] 2020-06-16 16:29:51,204: 0.0
[rosout][INFO] 2020-06-16 16:29:51,206: 0.75
[rosout][INFO] 2020-06-16 16:29:51,219: 0.0
[rosout][INFO] 2020-06-16 16:29:51,221: 0.75
[rosout][INFO] 2020-06-16 16:29:51,224: 0.0
[rosout][INFO] 2020-06-16 16:29:51,227: 0.75
[rosout][INFO] 2020-06-16 16:29:51,231: 0.0
[rosout][INFO] 2020-06-16 16:29:51,233: 0.75
[rosout][INFO] 2020-06-16 16:29:51,236: 0.0
[rosout][INFO] 2020-06-16 16:29:51,240: 0.75
[rosout][INFO] 2020-06-16 16:29:51,247: 0.0
[rosout][INFO] 2020-06-16 16:29:51,249: 0.75
[rosout][INFO] 2020-06-16 16:29:51,253: 6.25812889846
[rosout][INFO] 2020-06-16 16:29:51,256: 0.75
[rosout][INFO] 2020-06-16 16:29:51,258: 6.23307956034
[rosout][INFO] 2020-06-16 16:29:51,261: 0.75
[rosout][INFO] 2020-06-16 16:29:51,264: 6.20818522224
[rosout][INFO] 2020-06-16 16:29:51,267: 0.75
[rosout][INFO] 2020-06-16 16:29:51,272: 6.18318993995
[rosout][INFO] 2020-06-16 16:29:51,276: 0.75
[rosout][INFO] 2020-06-16 16:29:51,282: 6.1581791083
[rosout][INFO] 2020-06-16 16:29:51,285: 0.75
[rosout][INFO] 2020-06-16 16:29:51,290: 6.13318832615
[rosout][INFO] 2020-06-16 16:29:51,293: 0.75
[rosout][INFO] 2020-06-16 16:29:51,297: 6.10818896094
[rosout][INFO] 2020-06-16 16:29:51,299: 0.75
[rosout][INFO] 2020-06-16 16:29:51,302: 6.08314240376
[rosout][INFO] 2020-06-16 16:29:51,315: 0.75
[rosout][INFO] 2020-06-16 16:29:51,318: 6.05789207319
[rosout][INFO] 2020-06-16 16:29:51,320: 0.75
[rosout][INFO] 2020-06-16 16:29:51,323: 6.03317854205
[rosout][INFO] 2020-06-16 16:29:51,325: 0.75
[rosout][INFO] 2020-06-16 16:29:51,328: 6.00818834106
[rosout][INFO] 2020-06-16 16:29:51,331: 0.75
[rosout][INFO] 2020-06-16 16:29:51,334: 5.98319295446
[rosout][INFO] 2020-06-16 16:29:51,344: 0.75
[rosout][INFO] 2020-06-16 16:29:51,349: 5.95819086233
[rosout][INFO] 2020-06-16 16:29:51,351: 0.75
[rosout][INFO] 2020-06-16 16:29:51,354: 5.93318835298
[rosout][INFO] 2020-06-16 16:29:51,356: 0.75
[rosout][INFO] 2020-06-16 16:29:51,359: 5.9081867973
[rosout][INFO] 2020-06-16 16:29:51,361: 0.75
[rosout][INFO] 2020-06-16 16:29:51,365: 5.8831889371
[rosout][INFO] 2020-06-16 16:29:51,374: 0.75
[rosout][INFO] 2020-06-16 16:29:51,383: 5.85819197098
[rosout][INFO] 2020-06-16 16:29:51,387: 0.75
[rosout][INFO] 2020-06-16 16:29:51,391: 5.83318585554
[rosout][INFO] 2020-06-16 16:29:51,393: 0.75
[rosout][INFO] 2020-06-16 16:29:51,397: 5.80819031993
[rosout][INFO] 2020-06-16 16:29:51,404: 0.75
[rosout][INFO] 2020-06-16 16:29:51,408: 5.78319031397
[rosout][INFO] 2020-06-16 16:29:51,410: 0.75
[rosout][INFO] 2020-06-16 16:29:51,414: 5.75818998018
[rosout][INFO] 2020-06-16 16:29:51,417: 0.75
[rosout][INFO] 2020-06-16 16:29:51,420: 5.73319107691
[rosout][INFO] 2020-06-16 16:29:51,422: 0.75
[rosout][INFO] 2020-06-16 16:29:51,426: 5.7081930081
[rosout][INFO] 2020-06-16 16:29:51,428: 0.75
[rosout][INFO] 2020-06-16 16:29:51,432: 5.68318528334
[rosout][INFO] 2020-06-16 16:29:51,435: 0.75
[rosout][INFO] 2020-06-16 16:29:51,438: 5.65816688934
[rosout][INFO] 2020-06-16 16:29:51,441: 0.75
[rosout][INFO] 2020-06-16 16:29:51,445: 5.63315791288
[rosout][INFO] 2020-06-16 16:29:51,448: 0.75
[rosout][INFO] 2020-06-16 16:29:51,450: 5.60819042126
[rosout][INFO] 2020-06-16 16:29:51,453: 0.75
[rosout][INFO] 2020-06-16 16:29:51,456: 5.58322096268
[rosout][INFO] 2020-06-16 16:29:51,458: 0.75
[rosout][INFO] 2020-06-16 16:29:51,461: 5.55814952055
[rosout][INFO] 2020-06-16 16:29:51,472: 0.75
[rosout][INFO] 2020-06-16 16:29:51,475: 5.53316623369
[rosout][INFO] 2020-06-16 16:29:51,479: 0.75
[rosout][INFO] 2020-06-16 16:29:51,482: 5.50818336407
[rosout][INFO] 2020-06-16 16:29:51,485: 0.75
[rosout][INFO] 2020-06-16 16:29:51,487: 5.4831935207
[rosout][INFO] 2020-06-16 16:29:51,490: 0.75
[rosout][INFO] 2020-06-16 16:29:51,493: 5.45819086233
[rosout][INFO] 2020-06-16 16:29:51,500: 0.75
[rosout][INFO] 2020-06-16 16:29:51,503: 5.43319136301
[rosout][INFO] 2020-06-16 16:29:51,506: 0.75
[rosout][INFO] 2020-06-16 16:29:51,509: 5.4081906716
[rosout][INFO] 2020-06-16 16:29:51,513: 0.75
[rosout][INFO] 2020-06-16 16:29:51,516: 5.38318598667
[rosout][INFO] 2020-06-16 16:29:51,518: 0.75
[rosout][INFO] 2020-06-16 16:29:51,521: 5.35818422238
[rosout][INFO] 2020-06-16 16:29:51,523: 0.75
[rosout][INFO] 2020-06-16 16:29:51,526: 5.3331905047
[rosout][INFO] 2020-06-16 16:29:51,530: 0.75
[rosout][INFO] 2020-06-16 16:29:51,534: 5.30819034973
[rosout][INFO] 2020-06-16 16:29:51,540: 0.75
[rosout][INFO] 2020-06-16 16:29:51,570: 5.28308695952
[rosout][INFO] 2020-06-16 16:29:51,573: 0.75
[rosout][INFO] 2020-06-16 16:29:51,583: 5.2581837813
[rosout][INFO] 2020-06-16 16:29:51,586: 0.75
[rosout][INFO] 2020-06-16 16:29:51,627: 5.23309547106
[rosout][INFO] 2020-06-16 16:29:51,633: 0.75
[rosout][INFO] 2020-06-16 16:29:51,670: 5.20808309713
[rosout][INFO] 2020-06-16 16:29:51,673: 0.75
[rosout][INFO] 2020-06-16 16:29:51,715: 5.18309253851
[rosout][INFO] 2020-06-16 16:29:51,718: 0.75
[rosout][INFO] 2020-06-16 16:29:51,759: 5.15818542639
[rosout][INFO] 2020-06-16 16:29:51,762: 0.75
[rosout][INFO] 2020-06-16 16:29:51,765: 5.13309127489
[rosout][INFO] 2020-06-16 16:29:51,767: 0.75
[rosout][INFO] 2020-06-16 16:29:51,803: 5.1081896464
[rosout][INFO] 2020-06-16 16:29:51,806: 0.75
[rosout][INFO] 2020-06-16 16:29:51,819: 5.08307654062
[rosout][INFO] 2020-06-16 16:29:51,826: 0.75
[rosout][INFO] 2020-06-16 16:29:51,859: 5.0581809918
[rosout][INFO] 2020-06-16 16:29:51,861: 0.75
[rosout][INFO] 2020-06-16 16:29:51,903: 5.03318828741
[rosout][INFO] 2020-06-16 16:29:51,906: 0.75
[rosout][INFO] 2020-06-16 16:29:51,947: 5.00818819204
[rosout][INFO] 2020-06-16 16:29:51,951: 0.75
[rosout][INFO] 2020-06-16 16:29:51,991: 4.98319071928
[rosout][INFO] 2020-06-16 16:29:51,993: 0.75
[rosout][INFO] 2020-06-16 16:29:51,998: 4.95818299452
[rosout][INFO] 2020-06-16 16:29:52,001: 0.75
[rosout][INFO] 2020-06-16 16:29:52,035: 4.93318301836
[rosout][INFO] 2020-06-16 16:29:52,038: 0.75
[rosout][INFO] 2020-06-16 16:29:52,050: 4.9081791083
[rosout][INFO] 2020-06-16 16:29:52,053: 0.75
[rosout][INFO] 2020-06-16 16:29:52,091: 4.88318938414
[rosout][INFO] 2020-06-16 16:29:52,095: 0.75
[rosout][INFO] 2020-06-16 16:29:52,135: 4.85809559027
[rosout][INFO] 2020-06-16 16:29:52,140: 0.75
[rosout][INFO] 2020-06-16 16:29:52,179: 4.83308166662
[rosout][INFO] 2020-06-16 16:29:52,181: 0.75
[rosout][INFO] 2020-06-16 16:29:52,223: 4.80819088617
[rosout][INFO] 2020-06-16 16:29:52,226: 0.75
[rosout][INFO] 2020-06-16 16:29:52,229: 4.78309089342
[rosout][INFO] 2020-06-16 16:29:52,267: 4.75809818903
[rosout][INFO] 2020-06-16 16:29:52,283: 4.75643629233
[rosout][INFO] 2020-06-16 16:29:52,326: 4.75477022329
[rosout][INFO] 2020-06-16 16:29:52,370: 4.75310355822
[rosout][INFO] 2020-06-16 16:29:52,414: 4.75143736998
[rosout][INFO] 2020-06-16 16:29:52,459: 4.74975318113
[rosout][INFO] 2020-06-16 16:29:52,463: 4.74809629122
[rosout][INFO] 2020-06-16 16:29:52,503: 4.74643725554
[rosout][INFO] 2020-06-16 16:29:52,517: 4.74476284186
[rosout][INFO] 2020-06-16 16:29:52,559: 4.74309593836
[rosout][INFO] 2020-06-16 16:29:52,603: 4.74143749872
[rosout][INFO] 2020-06-16 16:29:52,651: 4.73977047602
[rosout][INFO] 2020-06-16 16:29:52,656: 4.73810249964
[rosout][INFO] 2020-06-16 16:29:52,695: 4.73643726507
[rosout][INFO] 2020-06-16 16:29:52,717: 4.73477024237
[rosout][INFO] 2020-06-16 16:29:52,763: 4.73310357729
[rosout][INFO] 2020-06-16 16:29:52,807: 4.73143703142
[rosout][INFO] 2020-06-16 16:29:52,851: 4.72977084318
[rosout][INFO] 2020-06-16 16:29:52,853: 4.72810417811
[rosout][INFO] 2020-06-16 16:29:52,899: 4.72643727461
[rosout][INFO] 2020-06-16 16:29:52,917: 4.72476417223
[rosout][INFO] 2020-06-16 16:29:52,959: 4.72309762636
[rosout][INFO] 2020-06-16 16:29:53,003: 4.72143704096
[rosout][INFO] 2020-06-16 16:29:53,047: 4.71976346174
[rosout][INFO] 2020-06-16 16:29:53,091: 4.71810406843
[rosout][INFO] 2020-06-16 16:29:53,095: 4.71643120447
[rosout][INFO] 2020-06-16 16:29:53,139: 4.71477073828
[rosout][INFO] 2020-06-16 16:29:53,150: 4.71309429804
[rosout][INFO] 2020-06-16 16:29:53,191: 4.71309429804
[rosout][INFO] 2020-06-16 16:29:53,235: 4.71309429804
[rosout][INFO] 2020-06-16 16:29:53,279: 4.71309429804
[rosout][INFO] 2020-06-16 16:29:53,323: 4.71309429804
[rosout][INFO] 2020-06-16 16:29:53,328: 4.71309429804
[rosout][INFO] 2020-06-16 16:29:53,367: 4.71309429804
[rosout][INFO] 2020-06-16 16:29:53,383: 4.71309429804
[rosout][INFO] 2020-06-16 16:29:53,427: 4.71309429804
[rosout][INFO] 2020-06-16 16:29:53,471: 4.71309429804
[rosout][INFO] 2020-06-16 16:29:53,515: 4.71309429804
[rosout][INFO] 2020-06-16 16:29:53,559: 4.71309429804
[rosout][INFO] 2020-06-16 16:29:53,562: 4.71309429804
[rosout][INFO] 2020-06-16 16:29:53,603: 4.71309429804
[rosout][INFO] 2020-06-16 16:29:53,616: 4.71309429804
[rosout][INFO] 2020-06-16 16:29:53,659: 4.71309429804
[rosout][INFO] 2020-06-16 16:29:53,703: 4.71309429804
[rosout][INFO] 2020-06-16 16:29:53,746: 4.71309429804
[rosout][INFO] 2020-06-16 16:29:53,790: 4.71309429804
[rosout][INFO] 2020-06-16 16:29:53,793: 4.71309429804
[rosout][INFO] 2020-06-16 16:29:53,838: 4.71309429804
[rosout][INFO] 2020-06-16 16:29:53,850: 4.71309429804
[rosout][INFO] 2020-06-16 16:29:53,890: 4.71309429804
[rosout][INFO] 2020-06-16 16:29:53,935: 4.71309429804
[rosout][INFO] 2020-06-16 16:29:53,979: 4.71309429804
[rosout][INFO] 2020-06-16 16:29:54,027: 4.71309429804
[rosout][INFO] 2020-06-16 16:29:54,030: 4.71309429804
[rosout][INFO] 2020-06-16 16:29:54,070: 4.71309429804
[rosout][INFO] 2020-06-16 16:29:54,083: 4.71309429804
[rosout][INFO] 2020-06-16 16:29:54,127: 4.71309429804
[rosout][INFO] 2020-06-16 16:29:54,175: 4.71309429804
[rosout][INFO] 2020-06-16 16:29:54,219: 4.71309429804
[rosout][INFO] 2020-06-16 16:29:54,223: 4.71309429804
[rosout][INFO] 2020-06-16 16:29:54,263: 4.71309429804
[rosout][INFO] 2020-06-16 16:29:54,283: 4.71309429804
[rosout][INFO] 2020-06-16 16:29:54,330: 4.71309429804
[rosout][INFO] 2020-06-16 16:29:54,375: 4.71309429804
[rosout][INFO] 2020-06-16 16:29:54,419: 4.71309429804
[rosout][INFO] 2020-06-16 16:29:54,421: 4.71309429804
[rosout][INFO] 2020-06-16 16:29:54,463: 4.71309429804
[rosout][INFO] 2020-06-16 16:29:54,483: 4.71309429804
[rosout][INFO] 2020-06-16 16:29:54,527: 4.71309429804
[rosout][INFO] 2020-06-16 16:29:54,571: 4.71309429804
[rosout][INFO] 2020-06-16 16:29:54,615: 4.71309429804
[rosout][INFO] 2020-06-16 16:29:54,659: 4.71309429804
[rosout][INFO] 2020-06-16 16:29:54,662: 4.71309429804
[rosout][INFO] 2020-06-16 16:29:54,702: 4.71309429804
[rosout][INFO] 2020-06-16 16:29:54,717: 4.71309429804
[rosout][INFO] 2020-06-16 16:29:54,759: 4.71309429804
[rosout][INFO] 2020-06-16 16:29:54,802: 4.71309429804
[rosout][INFO] 2020-06-16 16:29:54,847: 4.71309429804
[rosout][INFO] 2020-06-16 16:29:54,891: 4.71309429804
[rosout][INFO] 2020-06-16 16:29:54,895: 4.71309429804
[rosout][INFO] 2020-06-16 16:29:54,939: 4.71309429804
[rosout][INFO] 2020-06-16 16:29:54,950: 4.71309429804
[rosout][INFO] 2020-06-16 16:29:54,991: 4.71309429804
[rospy.core][INFO] 2020-06-16 16:29:55,021: signal_shutdown [signal-2]
[rospy.internal][INFO] 2020-06-16 16:29:55,043: topic[/robot_status] removing connection to /obj_node
[rospy.internal][INFO] 2020-06-16 16:29:55,043: topic[/rosout] removing connection to /rosout
[rospy.internal][INFO] 2020-06-16 16:29:55,045: topic[/cmd_vel] removing connection to /turtlebot3_fake_node
[rospy.internal][INFO] 2020-06-16 16:29:55,045: topic[/obj_detector] removing connection to http://jose-Lenovo-V110-15AST:33867/
[rospy.internal][INFO] 2020-06-16 16:29:55,050: topic[/odom] removing connection to http://jose-Lenovo-V110-15AST:40513/
[rospy.impl.masterslave][INFO] 2020-06-16 16:29:55,055: signal-2
[rosout][INFO] 2020-06-16 16:29:55,034: 4.71309429804
[rospy.core][INFO] 2020-06-16 16:29:55,673: signal_shutdown [atexit]
