

1592317781.455627232  Node Startup
1592317782.301623130 INFO /rviz [/tmp/binarydeb/ros-melodic-rviz-1.13.12/src/rviz/ogre_helpers/render_system.cpp:85(RenderSystem::forceGlVersion)] [topics: /rosout] Forcing OpenGl version 0.
1592317783.381450973 INFO /rviz [/tmp/binarydeb/ros-melodic-rviz-1.13.12/src/rviz/ogre_helpers/render_system.cpp:449(RenderWindow* rviz::RenderSystem::makeRenderWindow)] [topics: /rosout] Stereo is NOT SUPPORTED
1592317783.381889160 INFO /rviz [/tmp/binarydeb/ros-melodic-rviz-1.13.12/src/rviz/ogre_helpers/render_system.cpp:217(RenderSystem::detectGlVersion)] [topics: /rosout] OpenGl version: 4.5 (GLSL 4.5).
1592317785.185600042 INFO /robot_move [movement_node.py:57(movement_node.position_notify)] [topics: /obj_detector, /robot_status, /rosout, /cmd_vel, /odom] 0.0
1592317790.198283910 INFO /robot_move [movement_node.py:57(movement_node.position_notify)] [topics: /obj_detector, /robot_status, /rosout, /cmd_vel, /odom] 0.0
1592317790.200855970 INFO /robot_move [SM_movement.py:159(SM_movement.SM_states)] [topics: /obj_detector, /robot_status, /rosout, /cmd_vel, /odom] 0.75
1592317790.203418016 INFO /robot_move [movement_node.py:57(movement_node.position_notify)] [topics: /obj_detector, /robot_status, /rosout, /cmd_vel, /odom] 0.0
1592317790.205998897 INFO /robot_move [SM_movement.py:159(SM_movement.SM_states)] [topics: /obj_detector, /robot_status, /rosout, /cmd_vel, /odom] 0.75
1592317790.208658933 INFO /robot_move [movement_node.py:57(movement_node.position_notify)] [topics: /obj_detector, /robot_status, /rosout, /cmd_vel, /odom] 0.0
1592317790.211064100 INFO /robot_move [SM_movement.py:159(SM_movement.SM_states)] [topics: /obj_detector, /robot_status, /rosout, /cmd_vel, /odom] 0.75
1592317790.213371992 INFO /robot_move [movement_node.py:57(movement_node.position_notify)] [topics: /obj_detector, /robot_status, /rosout, /cmd_vel, /odom] 0.0
1592317790.217219114 INFO /robot_move [SM_movement.py:159(SM_movement.SM_states)] [topics: /obj_detector, /robot_status, /rosout, /cmd_vel, /odom] 0.75
1592317790.220942020 INFO /robot_move [movement_node.py:57(movement_node.position_notify)] [topics: /obj_detector, /robot_status, /rosout, /cmd_vel, /odom] 0.0
1592317790.224035024 INFO /robot_move [SM_movement.py:159(SM_movement.SM_states)] [topics: /obj_detector, /robot_status, /rosout, /cmd_vel, /odom] 0.75
1592317790.226320028 INFO /robot_move [movement_node.py:57(movement_node.position_notify)] [topics: /obj_detector, /robot_status, /rosout, /cmd_vel, /odom] 0.0
1592317790.229901075 INFO /robot_move [SM_movement.py:159(SM_movement.SM_states)] [topics: /obj_detector, /robot_status, /rosout, /cmd_vel, /odom] 0.75
1592317790.231981039 INFO /robot_move [movement_node.py:57(movement_node.position_notify)] [topics: /obj_detector, /robot_status, /rosout, /cmd_vel, /odom] 0.0
1592317790.234317064 INFO /robot_move [SM_movement.py:159(SM_movement.SM_states)] [topics: /obj_detector, /robot_status, /rosout, /cmd_vel, /odom] 0.75
1592317790.236692905 INFO /robot_move [movement_node.py:57(movement_node.position_notify)] [topics: /obj_detector, /robot_status, /rosout, /cmd_vel, /odom] 0.0
1592317790.239077091 INFO /robot_move [SM_movement.py:159(SM_movement.SM_states)] [topics: /obj_detector, /robot_status, /rosout, /cmd_vel, /odom] 0.75
1592317790.241765022 INFO /robot_move [movement_node.py:57(movement_node.position_notify)] [topics: /obj_detector, /robot_status, /rosout, /cmd_vel, /odom] 0.0
1592317790.244174003 INFO /robot_move [SM_movement.py:159(SM_movement.SM_states)] [topics: /obj_detector, /robot_status, /rosout, /cmd_vel, /odom] 0.75
1592317790.246690988 INFO /robot_move [movement_node.py:57(movement_node.position_notify)] [topics: /obj_detector, /robot_status, /rosout, /cmd_vel, /odom] 0.0
1592317790.253631114 INFO /robot_move [SM_movement.py:159(SM_movement.SM_states)] [topics: /obj_detector, /robot_status, /rosout, /cmd_vel, /odom] 0.75
1592317790.255990982 INFO /robot_move [movement_node.py:57(movement_node.position_notify)] [topics: /obj_detector, /robot_status, /rosout, /cmd_vel, /odom] 0.0
1592317790.258349895 INFO /robot_move [SM_movement.py:159(SM_movement.SM_states)] [topics: /obj_detector, /robot_status, /rosout, /cmd_vel, /odom] 0.75
1592317790.260930061 INFO /robot_move [movement_node.py:57(movement_node.position_notify)] [topics: /obj_detector, /robot_status, /rosout, /cmd_vel, /odom] 0.0
1592317790.264655113 INFO /robot_move [SM_movement.py:159(SM_movement.SM_states)] [topics: /obj_detector, /robot_status, /rosout, /cmd_vel, /odom] 0.75
1592317790.267075061 INFO /robot_move [movement_node.py:57(movement_node.position_notify)] [topics: /obj_detector, /robot_status, /rosout, /cmd_vel, /odom] 0.0
1592317790.271064043 INFO /robot_move [SM_movement.py:159(SM_movement.SM_states)] [topics: /obj_detector, /robot_status, /rosout, /cmd_vel, /odom] 0.75
1592317790.273462057 INFO /robot_move [movement_node.py:57(movement_node.position_notify)] [topics: /obj_detector, /robot_status, /rosout, /cmd_vel, /odom] 0.0
1592317790.276000022 INFO /robot_move [SM_movement.py:159(SM_movement.SM_states)] [topics: /obj_detector, /robot_status, /rosout, /cmd_vel, /odom] 0.75
1592317790.284385919 INFO /robot_move [movement_node.py:57(movement_node.position_notify)] [topics: /obj_detector, /robot_status, /rosout, /cmd_vel, /odom] 0.0
1592317790.289654970 INFO /robot_move [SM_movement.py:159(SM_movement.SM_states)] [topics: /obj_detector, /robot_status, /rosout, /cmd_vel, /odom] 0.75
1592317790.292232036 INFO /robot_move [movement_node.py:57(movement_node.position_notify)] [topics: /obj_detector, /robot_status, /rosout, /cmd_vel, /odom] 0.0
1592317790.296170949 INFO /robot_move [SM_movement.py:159(SM_movement.SM_states)] [topics: /obj_detector, /robot_status, /rosout, /cmd_vel, /odom] 0.75
1592317790.298871040 INFO /robot_move [movement_node.py:57(movement_node.position_notify)] [topics: /obj_detector, /robot_status, /rosout, /cmd_vel, /odom] 0.0
1592317790.301156997 INFO /robot_move [SM_movement.py:159(SM_movement.SM_states)] [topics: /obj_detector, /robot_status, /rosout, /cmd_vel, /odom] 0.75
1592317790.303529024 INFO /robot_move [movement_node.py:57(movement_node.position_notify)] [topics: /obj_detector, /robot_status, /rosout, /cmd_vel, /odom] 0.0
1592317790.306035995 INFO /robot_move [SM_movement.py:159(SM_movement.SM_states)] [topics: /obj_detector, /robot_status, /rosout, /cmd_vel, /odom] 0.75
1592317790.308706998 INFO /robot_move [movement_node.py:57(movement_node.position_notify)] [topics: /obj_detector, /robot_status, /rosout, /cmd_vel, /odom] 0.0
1592317790.318912029 INFO /robot_move [SM_movement.py:159(SM_movement.SM_states)] [topics: /obj_detector, /robot_status, /rosout, /cmd_vel, /odom] 0.75
1592317790.321760892 INFO /robot_move [movement_node.py:57(movement_node.position_notify)] [topics: /obj_detector, /robot_status, /rosout, /cmd_vel, /odom] 0.0
1592317790.324073076 INFO /robot_move [SM_movement.py:159(SM_movement.SM_states)] [topics: /obj_detector, /robot_status, /rosout, /cmd_vel, /odom] 0.75
1592317790.326184988 INFO /robot_move [movement_node.py:57(movement_node.position_notify)] [topics: /obj_detector, /robot_status, /rosout, /cmd_vel, /odom] 0.0
1592317790.330032110 INFO /robot_move [SM_movement.py:159(SM_movement.SM_states)] [topics: /obj_detector, /robot_status, /rosout, /cmd_vel, /odom] 0.75
1592317790.332187891 INFO /robot_move [movement_node.py:57(movement_node.position_notify)] [topics: /obj_detector, /robot_status, /rosout, /cmd_vel, /odom] 0.0
1592317790.334340095 INFO /robot_move [SM_movement.py:159(SM_movement.SM_states)] [topics: /obj_detector, /robot_status, /rosout, /cmd_vel, /odom] 0.75
1592317790.336792945 INFO /robot_move [movement_node.py:57(movement_node.position_notify)] [topics: /obj_detector, /robot_status, /rosout, /cmd_vel, /odom] 0.0
1592317790.340531110 INFO /robot_move [SM_movement.py:159(SM_movement.SM_states)] [topics: /obj_detector, /robot_status, /rosout, /cmd_vel, /odom] 0.75
1592317790.344959020 INFO /robot_move [movement_node.py:57(movement_node.position_notify)] [topics: /obj_detector, /robot_status, /rosout, /cmd_vel, /odom] 0.0
1592317790.349261999 INFO /robot_move [SM_movement.py:159(SM_movement.SM_states)] [topics: /obj_detector, /robot_status, /rosout, /cmd_vel, /odom] 0.75
1592317790.354667901 INFO /robot_move [movement_node.py:57(movement_node.position_notify)] [topics: /obj_detector, /robot_status, /rosout, /cmd_vel, /odom] 0.0
1592317790.356834888 INFO /robot_move [SM_movement.py:159(SM_movement.SM_states)] [topics: /obj_detector, /robot_status, /rosout, /cmd_vel, /odom] 0.75
1592317790.359097957 INFO /robot_move [movement_node.py:57(movement_node.position_notify)] [topics: /obj_detector, /robot_status, /rosout, /cmd_vel, /odom] 0.0
1592317790.363336086 INFO /robot_move [SM_movement.py:159(SM_movement.SM_states)] [topics: /obj_detector, /robot_status, /rosout, /cmd_vel, /odom] 0.75
1592317790.365802049 INFO /robot_move [movement_node.py:57(movement_node.position_notify)] [topics: /obj_detector, /robot_status, /rosout, /cmd_vel, /odom] 0.0
1592317790.388998031 INFO /robot_move [SM_movement.py:159(SM_movement.SM_states)] [topics: /obj_detector, /robot_status, /rosout, /cmd_vel, /odom] 0.75
1592317790.391961097 INFO /robot_move [movement_node.py:57(movement_node.position_notify)] [topics: /obj_detector, /robot_status, /rosout, /cmd_vel, /odom] 0.0
1592317790.394711971 INFO /robot_move [SM_movement.py:159(SM_movement.SM_states)] [topics: /obj_detector, /robot_status, /rosout, /cmd_vel, /odom] 0.75
1592317790.397960901 INFO /robot_move [movement_node.py:57(movement_node.position_notify)] [topics: /obj_detector, /robot_status, /rosout, /cmd_vel, /odom] 0.0
1592317790.400993108 INFO /robot_move [SM_movement.py:159(SM_movement.SM_states)] [topics: /obj_detector, /robot_status, /rosout, /cmd_vel, /odom] 0.75
1592317790.403738021 INFO /robot_move [movement_node.py:57(movement_node.position_notify)] [topics: /obj_detector, /robot_status, /rosout, /cmd_vel, /odom] 0.0
1592317790.406352043 INFO /robot_move [SM_movement.py:159(SM_movement.SM_states)] [topics: /obj_detector, /robot_status, /rosout, /cmd_vel, /odom] 0.75
1592317790.412511110 INFO /robot_move [movement_node.py:57(movement_node.position_notify)] [topics: /obj_detector, /robot_status, /rosout, /cmd_vel, /odom] 0.0
1592317790.417093038 INFO /robot_move [SM_movement.py:159(SM_movement.SM_states)] [topics: /obj_detector, /robot_status, /rosout, /cmd_vel, /odom] 0.75
1592317790.419775962 INFO /robot_move [movement_node.py:57(movement_node.position_notify)] [topics: /obj_detector, /robot_status, /rosout, /cmd_vel, /odom] 0.0
1592317790.422662019 INFO /robot_move [SM_movement.py:159(SM_movement.SM_states)] [topics: /obj_detector, /robot_status, /rosout, /cmd_vel, /odom] 0.75
1592317790.426104068 INFO /robot_move [movement_node.py:57(movement_node.position_notify)] [topics: /obj_detector, /robot_status, /rosout, /cmd_vel, /odom] 0.0
1592317790.429718971 INFO /robot_move [SM_movement.py:159(SM_movement.SM_states)] [topics: /obj_detector, /robot_status, /rosout, /cmd_vel, /odom] 0.75
1592317790.432404994 INFO /robot_move [movement_node.py:57(movement_node.position_notify)] [topics: /obj_detector, /robot_status, /rosout, /cmd_vel, /odom] 0.0
1592317790.434612035 INFO /robot_move [SM_movement.py:159(SM_movement.SM_states)] [topics: /obj_detector, /robot_status, /rosout, /cmd_vel, /odom] 0.75
1592317790.436768054 INFO /robot_move [movement_node.py:57(movement_node.position_notify)] [topics: /obj_detector, /robot_status, /rosout, /cmd_vel, /odom] 0.0
1592317790.440239906 INFO /robot_move [SM_movement.py:159(SM_movement.SM_states)] [topics: /obj_detector, /robot_status, /rosout, /cmd_vel, /odom] 0.75
1592317790.446285009 INFO /robot_move [movement_node.py:57(movement_node.position_notify)] [topics: /obj_detector, /robot_status, /rosout, /cmd_vel, /odom] 0.0
1592317790.451069116 INFO /robot_move [SM_movement.py:159(SM_movement.SM_states)] [topics: /obj_detector, /robot_status, /rosout, /cmd_vel, /odom] 0.75
1592317790.453808069 INFO /robot_move [movement_node.py:57(movement_node.position_notify)] [topics: /obj_detector, /robot_status, /rosout, /cmd_vel, /odom] 0.0
1592317790.457525968 INFO /robot_move [SM_movement.py:159(SM_movement.SM_states)] [topics: /obj_detector, /robot_status, /rosout, /cmd_vel, /odom] 0.75
1592317790.459851980 INFO /robot_move [movement_node.py:57(movement_node.position_notify)] [topics: /obj_detector, /robot_status, /rosout, /cmd_vel, /odom] 0.0
1592317790.463368892 INFO /robot_move [SM_movement.py:159(SM_movement.SM_states)] [topics: /obj_detector, /robot_status, /rosout, /cmd_vel, /odom] 0.75
1592317790.465763092 INFO /robot_move [movement_node.py:57(movement_node.position_notify)] [topics: /obj_detector, /robot_status, /rosout, /cmd_vel, /odom] 0.0
1592317790.469393014 INFO /robot_move [SM_movement.py:159(SM_movement.SM_states)] [topics: /obj_detector, /robot_status, /rosout, /cmd_vel, /odom] 0.75
1592317790.473453044 INFO /robot_move [movement_node.py:57(movement_node.position_notify)] [topics: /obj_detector, /robot_status, /rosout, /cmd_vel, /odom] 0.0
1592317790.479881048 INFO /robot_move [SM_movement.py:159(SM_movement.SM_states)] [topics: /obj_detector, /robot_status, /rosout, /cmd_vel, /odom] 0.75
1592317790.483639001 INFO /robot_move [movement_node.py:57(movement_node.position_notify)] [topics: /obj_detector, /robot_status, /rosout, /cmd_vel, /odom] 0.0
1592317790.486577987 INFO /robot_move [SM_movement.py:159(SM_movement.SM_states)] [topics: /obj_detector, /robot_status, /rosout, /cmd_vel, /odom] 0.75
1592317790.488790035 INFO /robot_move [movement_node.py:57(movement_node.position_notify)] [topics: /obj_detector, /robot_status, /rosout, /cmd_vel, /odom] 0.0
1592317790.491373062 INFO /robot_move [SM_movement.py:159(SM_movement.SM_states)] [topics: /obj_detector, /robot_status, /rosout, /cmd_vel, /odom] 0.75
1592317790.493859052 INFO /robot_move [movement_node.py:57(movement_node.position_notify)] [topics: /obj_detector, /robot_status, /rosout, /cmd_vel, /odom] 0.0
1592317790.498011112 INFO /robot_move [SM_movement.py:159(SM_movement.SM_states)] [topics: /obj_detector, /robot_status, /rosout, /cmd_vel, /odom] 0.75
1592317790.500534057 INFO /robot_move [movement_node.py:57(movement_node.position_notify)] [topics: /obj_detector, /robot_status, /rosout, /cmd_vel, /odom] 0.0
1592317790.503851890 INFO /robot_move [SM_movement.py:159(SM_movement.SM_states)] [topics: /obj_detector, /robot_status, /rosout, /cmd_vel, /odom] 0.75
1592317790.508162975 INFO /robot_move [movement_node.py:57(movement_node.position_notify)] [topics: /obj_detector, /robot_status, /rosout, /cmd_vel, /odom] 0.0
1592317790.514802932 INFO /robot_move [SM_movement.py:159(SM_movement.SM_states)] [topics: /obj_detector, /robot_status, /rosout, /cmd_vel, /odom] 0.75
1592317790.519016981 INFO /robot_move [movement_node.py:57(movement_node.position_notify)] [topics: /obj_detector, /robot_status, /rosout, /cmd_vel, /odom] 0.0
1592317790.521163940 INFO /robot_move [SM_movement.py:159(SM_movement.SM_states)] [topics: /obj_detector, /robot_status, /rosout, /cmd_vel, /odom] 0.75
1592317790.523322105 INFO /robot_move [movement_node.py:57(movement_node.position_notify)] [topics: /obj_detector, /robot_status, /rosout, /cmd_vel, /odom] 0.0
1592317790.525675058 INFO /robot_move [SM_movement.py:159(SM_movement.SM_states)] [topics: /obj_detector, /robot_status, /rosout, /cmd_vel, /odom] 0.75
1592317790.529509067 INFO /robot_move [movement_node.py:57(movement_node.position_notify)] [topics: /obj_detector, /robot_status, /rosout, /cmd_vel, /odom] 0.0
1592317790.532224893 INFO /robot_move [SM_movement.py:159(SM_movement.SM_states)] [topics: /obj_detector, /robot_status, /rosout, /cmd_vel, /odom] 0.75
1592317790.535104036 INFO /robot_move [movement_node.py:57(movement_node.position_notify)] [topics: /obj_detector, /robot_status, /rosout, /cmd_vel, /odom] 0.0
1592317790.539031028 INFO /robot_move [SM_movement.py:159(SM_movement.SM_states)] [topics: /obj_detector, /robot_status, /rosout, /cmd_vel, /odom] 0.75
1592317790.542896032 INFO /robot_move [movement_node.py:57(movement_node.position_notify)] [topics: /obj_detector, /robot_status, /rosout, /cmd_vel, /odom] 0.0
1592317790.545836925 INFO /robot_move [SM_movement.py:159(SM_movement.SM_states)] [topics: /obj_detector, /robot_status, /rosout, /cmd_vel, /odom] 0.75
1592317790.548866033 INFO /robot_move [movement_node.py:57(movement_node.position_notify)] [topics: /obj_detector, /robot_status, /rosout, /cmd_vel, /odom] 0.0
1592317790.552300930 INFO /robot_move [SM_movement.py:159(SM_movement.SM_states)] [topics: /obj_detector, /robot_status, /rosout, /cmd_vel, /odom] 0.75
1592317790.554543972 INFO /robot_move [movement_node.py:57(movement_node.position_notify)] [topics: /obj_detector, /robot_status, /rosout, /cmd_vel, /odom] 0.0
1592317790.556689977 INFO /robot_move [SM_movement.py:159(SM_movement.SM_states)] [topics: /obj_detector, /robot_status, /rosout, /cmd_vel, /odom] 0.75
1592317790.559181928 INFO /robot_move [movement_node.py:57(movement_node.position_notify)] [topics: /obj_detector, /robot_status, /rosout, /cmd_vel, /odom] 0.0
1592317790.563066959 INFO /robot_move [SM_movement.py:159(SM_movement.SM_states)] [topics: /obj_detector, /robot_status, /rosout, /cmd_vel, /odom] 0.75
1592317790.565640926 INFO /robot_move [movement_node.py:57(movement_node.position_notify)] [topics: /obj_detector, /robot_status, /rosout, /cmd_vel, /odom] 0.0
1592317790.568165063 INFO /robot_move [SM_movement.py:159(SM_movement.SM_states)] [topics: /obj_detector, /robot_status, /rosout, /cmd_vel, /odom] 0.75
1592317790.571613073 INFO /robot_move [movement_node.py:57(movement_node.position_notify)] [topics: /obj_detector, /robot_status, /rosout, /cmd_vel, /odom] 0.0
1592317790.575731992 INFO /robot_move [SM_movement.py:159(SM_movement.SM_states)] [topics: /obj_detector, /robot_status, /rosout, /cmd_vel, /odom] 0.75
1592317790.581139087 INFO /robot_move [movement_node.py:57(movement_node.position_notify)] [topics: /obj_detector, /robot_status, /rosout, /cmd_vel, /odom] 0.0
1592317790.583935022 INFO /robot_move [SM_movement.py:159(SM_movement.SM_states)] [topics: /obj_detector, /robot_status, /rosout, /cmd_vel, /odom] 0.75
1592317790.587024927 INFO /robot_move [movement_node.py:57(movement_node.position_notify)] [topics: /obj_detector, /robot_status, /rosout, /cmd_vel, /odom] 0.0
1592317790.589799880 INFO /robot_move [SM_movement.py:159(SM_movement.SM_states)] [topics: /obj_detector, /robot_status, /rosout, /cmd_vel, /odom] 0.75
1592317790.592979907 INFO /robot_move [movement_node.py:57(movement_node.position_notify)] [topics: /obj_detector, /robot_status, /rosout, /cmd_vel, /odom] 0.0
1592317790.595324993 INFO /robot_move [SM_movement.py:159(SM_movement.SM_states)] [topics: /obj_detector, /robot_status, /rosout, /cmd_vel, /odom] 0.75
1592317790.598413944 INFO /robot_move [movement_node.py:57(movement_node.position_notify)] [topics: /obj_detector, /robot_status, /rosout, /cmd_vel, /odom] 0.0
1592317790.601635932 INFO /robot_move [SM_movement.py:159(SM_movement.SM_states)] [topics: /obj_detector, /robot_status, /rosout, /cmd_vel, /odom] 0.75
1592317790.604923009 INFO /robot_move [movement_node.py:57(movement_node.position_notify)] [topics: /obj_detector, /robot_status, /rosout, /cmd_vel, /odom] 0.0
1592317790.609153985 INFO /robot_move [SM_movement.py:159(SM_movement.SM_states)] [topics: /obj_detector, /robot_status, /rosout, /cmd_vel, /odom] 0.75
1592317790.613879919 INFO /robot_move [movement_node.py:57(movement_node.position_notify)] [topics: /obj_detector, /robot_status, /rosout, /cmd_vel, /odom] 0.0
1592317790.617739915 INFO /robot_move [SM_movement.py:159(SM_movement.SM_states)] [topics: /obj_detector, /robot_status, /rosout, /cmd_vel, /odom] 0.75
1592317790.619956970 INFO /robot_move [movement_node.py:57(movement_node.position_notify)] [topics: /obj_detector, /robot_status, /rosout, /cmd_vel, /odom] 0.0
1592317790.622169971 INFO /robot_move [SM_movement.py:159(SM_movement.SM_states)] [topics: /obj_detector, /robot_status, /rosout, /cmd_vel, /odom] 0.75
1592317790.624885082 INFO /robot_move [movement_node.py:57(movement_node.position_notify)] [topics: /obj_detector, /robot_status, /rosout, /cmd_vel, /odom] 0.0
1592317790.627497911 INFO /robot_move [SM_movement.py:159(SM_movement.SM_states)] [topics: /obj_detector, /robot_status, /rosout, /cmd_vel, /odom] 0.75
1592317790.632145881 INFO /robot_move [movement_node.py:57(movement_node.position_notify)] [topics: /obj_detector, /robot_status, /rosout, /cmd_vel, /odom] 0.0
1592317790.636327028 INFO /robot_move [SM_movement.py:159(SM_movement.SM_states)] [topics: /obj_detector, /robot_status, /rosout, /cmd_vel, /odom] 0.75
1592317790.642134904 INFO /robot_move [movement_node.py:57(movement_node.position_notify)] [topics: /obj_detector, /robot_status, /rosout, /cmd_vel, /odom] 0.0
1592317790.647815942 INFO /robot_move [SM_movement.py:159(SM_movement.SM_states)] [topics: /obj_detector, /robot_status, /rosout, /cmd_vel, /odom] 0.75
1592317790.650686025 INFO /robot_move [movement_node.py:57(movement_node.position_notify)] [topics: /obj_detector, /robot_status, /rosout, /cmd_vel, /odom] 0.0
1592317790.653011083 INFO /robot_move [SM_movement.py:159(SM_movement.SM_states)] [topics: /obj_detector, /robot_status, /rosout, /cmd_vel, /odom] 0.75
1592317790.655430078 INFO /robot_move [movement_node.py:57(movement_node.position_notify)] [topics: /obj_detector, /robot_status, /rosout, /cmd_vel, /odom] 0.0
1592317790.658134937 INFO /robot_move [SM_movement.py:159(SM_movement.SM_states)] [topics: /obj_detector, /robot_status, /rosout, /cmd_vel, /odom] 0.75
1592317790.660576105 INFO /robot_move [movement_node.py:57(movement_node.position_notify)] [topics: /obj_detector, /robot_status, /rosout, /cmd_vel, /odom] 0.0
1592317790.664561033 INFO /robot_move [SM_movement.py:159(SM_movement.SM_states)] [topics: /obj_detector, /robot_status, /rosout, /cmd_vel, /odom] 0.75
1592317790.668241977 INFO /robot_move [movement_node.py:57(movement_node.position_notify)] [topics: /obj_detector, /robot_status, /rosout, /cmd_vel, /odom] 0.0
1592317790.672079086 INFO /robot_move [SM_movement.py:159(SM_movement.SM_states)] [topics: /obj_detector, /robot_status, /rosout, /cmd_vel, /odom] 0.75
1592317790.674959897 INFO /robot_move [movement_node.py:57(movement_node.position_notify)] [topics: /obj_detector, /robot_status, /rosout, /cmd_vel, /odom] 0.0
1592317790.677361965 INFO /robot_move [SM_movement.py:159(SM_movement.SM_states)] [topics: /obj_detector, /robot_status, /rosout, /cmd_vel, /odom] 0.75
1592317790.682457923 INFO /robot_move [movement_node.py:57(movement_node.position_notify)] [topics: /obj_detector, /robot_status, /rosout, /cmd_vel, /odom] 0.0
1592317790.686073064 INFO /robot_move [SM_movement.py:159(SM_movement.SM_states)] [topics: /obj_detector, /robot_status, /rosout, /cmd_vel, /odom] 0.75
1592317790.688247919 INFO /robot_move [movement_node.py:57(movement_node.position_notify)] [topics: /obj_detector, /robot_status, /rosout, /cmd_vel, /odom] 0.0
1592317790.690289020 INFO /robot_move [SM_movement.py:159(SM_movement.SM_states)] [topics: /obj_detector, /robot_status, /rosout, /cmd_vel, /odom] 0.75
1592317790.692779064 INFO /robot_move [movement_node.py:57(movement_node.position_notify)] [topics: /obj_detector, /robot_status, /rosout, /cmd_vel, /odom] 0.0
1592317790.697916984 INFO /robot_move [SM_movement.py:159(SM_movement.SM_states)] [topics: /obj_detector, /robot_status, /rosout, /cmd_vel, /odom] 0.75
1592317790.700833082 INFO /robot_move [movement_node.py:57(movement_node.position_notify)] [topics: /obj_detector, /robot_status, /rosout, /cmd_vel, /odom] 0.0
1592317790.704812049 INFO /robot_move [SM_movement.py:159(SM_movement.SM_states)] [topics: /obj_detector, /robot_status, /rosout, /cmd_vel, /odom] 0.75
1592317790.707978010 INFO /robot_move [movement_node.py:57(movement_node.position_notify)] [topics: /obj_detector, /robot_status, /rosout, /cmd_vel, /odom] 0.0
1592317790.713589906 INFO /robot_move [SM_movement.py:159(SM_movement.SM_states)] [topics: /obj_detector, /robot_status, /rosout, /cmd_vel, /odom] 0.75
1592317790.716588973 INFO /robot_move [movement_node.py:57(movement_node.position_notify)] [topics: /obj_detector, /robot_status, /rosout, /cmd_vel, /odom] 0.0
1592317790.719082117 INFO /robot_move [SM_movement.py:159(SM_movement.SM_states)] [topics: /obj_detector, /robot_status, /rosout, /cmd_vel, /odom] 0.75
1592317790.721465110 INFO /robot_move [movement_node.py:57(movement_node.position_notify)] [topics: /obj_detector, /robot_status, /rosout, /cmd_vel, /odom] 0.0
1592317790.724025011 INFO /robot_move [SM_movement.py:159(SM_movement.SM_states)] [topics: /obj_detector, /robot_status, /rosout, /cmd_vel, /odom] 0.75
1592317790.726612091 INFO /robot_move [movement_node.py:57(movement_node.position_notify)] [topics: /obj_detector, /robot_status, /rosout, /cmd_vel, /odom] 0.0
1592317790.735088109 INFO /robot_move [SM_movement.py:159(SM_movement.SM_states)] [topics: /obj_detector, /robot_status, /rosout, /cmd_vel, /odom] 0.75
1592317790.738486051 INFO /robot_move [movement_node.py:57(movement_node.position_notify)] [topics: /obj_detector, /robot_status, /rosout, /cmd_vel, /odom] 0.0
1592317790.741278886 INFO /robot_move [SM_movement.py:159(SM_movement.SM_states)] [topics: /obj_detector, /robot_status, /rosout, /cmd_vel, /odom] 0.75
1592317790.743805885 INFO /robot_move [movement_node.py:57(movement_node.position_notify)] [topics: /obj_detector, /robot_status, /rosout, /cmd_vel, /odom] 0.0
1592317790.747349977 INFO /robot_move [SM_movement.py:159(SM_movement.SM_states)] [topics: /obj_detector, /robot_status, /rosout, /cmd_vel, /odom] 0.75
1592317790.749946117 INFO /robot_move [movement_node.py:57(movement_node.position_notify)] [topics: /obj_detector, /robot_status, /rosout, /cmd_vel, /odom] 0.0
1592317790.752099037 INFO /robot_move [SM_movement.py:159(SM_movement.SM_states)] [topics: /obj_detector, /robot_status, /rosout, /cmd_vel, /odom] 0.75
1592317790.754236936 INFO /robot_move [movement_node.py:57(movement_node.position_notify)] [topics: /obj_detector, /robot_status, /rosout, /cmd_vel, /odom] 0.0
1592317790.756695985 INFO /robot_move [SM_movement.py:159(SM_movement.SM_states)] [topics: /obj_detector, /robot_status, /rosout, /cmd_vel, /odom] 0.75
1592317790.760076999 INFO /robot_move [movement_node.py:57(movement_node.position_notify)] [topics: /obj_detector, /robot_status, /rosout, /cmd_vel, /odom] 0.0
1592317790.763525962 INFO /robot_move [SM_movement.py:159(SM_movement.SM_states)] [topics: /obj_detector, /robot_status, /rosout, /cmd_vel, /odom] 0.75
1592317790.767170906 INFO /robot_move [movement_node.py:57(movement_node.position_notify)] [topics: /obj_detector, /robot_status, /rosout, /cmd_vel, /odom] 0.0
1592317790.770231962 INFO /robot_move [SM_movement.py:159(SM_movement.SM_states)] [topics: /obj_detector, /robot_status, /rosout, /cmd_vel, /odom] 0.75
1592317790.773444890 INFO /robot_move [movement_node.py:57(movement_node.position_notify)] [topics: /obj_detector, /robot_status, /rosout, /cmd_vel, /odom] 0.0
1592317790.775947093 INFO /robot_move [SM_movement.py:159(SM_movement.SM_states)] [topics: /obj_detector, /robot_status, /rosout, /cmd_vel, /odom] 0.75
1592317790.778481006 INFO /robot_move [movement_node.py:57(movement_node.position_notify)] [topics: /obj_detector, /robot_status, /rosout, /cmd_vel, /odom] 0.0
1592317790.781755924 INFO /robot_move [SM_movement.py:159(SM_movement.SM_states)] [topics: /obj_detector, /robot_status, /rosout, /cmd_vel, /odom] 0.75
1592317790.784642934 INFO /robot_move [movement_node.py:57(movement_node.position_notify)] [topics: /obj_detector, /robot_status, /rosout, /cmd_vel, /odom] 0.0
1592317790.787209033 INFO /robot_move [SM_movement.py:159(SM_movement.SM_states)] [topics: /obj_detector, /robot_status, /rosout, /cmd_vel, /odom] 0.75
1592317790.789613962 INFO /robot_move [movement_node.py:57(movement_node.position_notify)] [topics: /obj_detector, /robot_status, /rosout, /cmd_vel, /odom] 0.0
1592317790.793445110 INFO /robot_move [SM_movement.py:159(SM_movement.SM_states)] [topics: /obj_detector, /robot_status, /rosout, /cmd_vel, /odom] 0.75
1592317790.796775102 INFO /robot_move [movement_node.py:57(movement_node.position_notify)] [topics: /obj_detector, /robot_status, /rosout, /cmd_vel, /odom] 0.0
1592317790.800550937 INFO /robot_move [SM_movement.py:159(SM_movement.SM_states)] [topics: /obj_detector, /robot_status, /rosout, /cmd_vel, /odom] 0.75
1592317790.803570032 INFO /robot_move [movement_node.py:57(movement_node.position_notify)] [topics: /obj_detector, /robot_status, /rosout, /cmd_vel, /odom] 0.0
1592317790.807578086 INFO /robot_move [SM_movement.py:159(SM_movement.SM_states)] [topics: /obj_detector, /robot_status, /rosout, /cmd_vel, /odom] 0.75
1592317790.815886974 INFO /robot_move [movement_node.py:57(movement_node.position_notify)] [topics: /obj_detector, /robot_status, /rosout, /cmd_vel, /odom] 0.0
1592317790.818785905 INFO /robot_move [SM_movement.py:159(SM_movement.SM_states)] [topics: /obj_detector, /robot_status, /rosout, /cmd_vel, /odom] 0.75
1592317790.821264028 INFO /robot_move [movement_node.py:57(movement_node.position_notify)] [topics: /obj_detector, /robot_status, /rosout, /cmd_vel, /odom] 0.0
1592317790.824076890 INFO /robot_move [SM_movement.py:159(SM_movement.SM_states)] [topics: /obj_detector, /robot_status, /rosout, /cmd_vel, /odom] 0.75
1592317790.827131032 INFO /robot_move [movement_node.py:57(movement_node.position_notify)] [topics: /obj_detector, /robot_status, /rosout, /cmd_vel, /odom] 0.0
1592317790.830259084 INFO /robot_move [SM_movement.py:159(SM_movement.SM_states)] [topics: /obj_detector, /robot_status, /rosout, /cmd_vel, /odom] 0.75
1592317790.833884954 INFO /robot_move [movement_node.py:57(movement_node.position_notify)] [topics: /obj_detector, /robot_status, /rosout, /cmd_vel, /odom] 0.0
1592317790.837003946 INFO /robot_move [SM_movement.py:159(SM_movement.SM_states)] [topics: /obj_detector, /robot_status, /rosout, /cmd_vel, /odom] 0.75
1592317790.840104103 INFO /robot_move [movement_node.py:57(movement_node.position_notify)] [topics: /obj_detector, /robot_status, /rosout, /cmd_vel, /odom] 0.0
1592317790.843540906 INFO /robot_move [SM_movement.py:159(SM_movement.SM_states)] [topics: /obj_detector, /robot_status, /rosout, /cmd_vel, /odom] 0.75
1592317790.846303939 INFO /robot_move [movement_node.py:57(movement_node.position_notify)] [topics: /obj_detector, /robot_status, /rosout, /cmd_vel, /odom] 0.0
1592317790.849829912 INFO /robot_move [SM_movement.py:159(SM_movement.SM_states)] [topics: /obj_detector, /robot_status, /rosout, /cmd_vel, /odom] 0.75
1592317790.852413892 INFO /robot_move [movement_node.py:57(movement_node.position_notify)] [topics: /obj_detector, /robot_status, /rosout, /cmd_vel, /odom] 0.0
1592317790.854975938 INFO /robot_move [SM_movement.py:159(SM_movement.SM_states)] [topics: /obj_detector, /robot_status, /rosout, /cmd_vel, /odom] 0.75
1592317790.858678102 INFO /robot_move [movement_node.py:57(movement_node.position_notify)] [topics: /obj_detector, /robot_status, /rosout, /cmd_vel, /odom] 0.0
1592317790.864778041 INFO /robot_move [SM_movement.py:159(SM_movement.SM_states)] [topics: /obj_detector, /robot_status, /rosout, /cmd_vel, /odom] 0.75
1592317790.867618083 INFO /robot_move [movement_node.py:57(movement_node.position_notify)] [topics: /obj_detector, /robot_status, /rosout, /cmd_vel, /odom] 0.0
1592317790.870692014 INFO /robot_move [SM_movement.py:159(SM_movement.SM_states)] [topics: /obj_detector, /robot_status, /rosout, /cmd_vel, /odom] 0.75
1592317790.873774051 INFO /robot_move [movement_node.py:57(movement_node.position_notify)] [topics: /obj_detector, /robot_status, /rosout, /cmd_vel, /odom] 0.0
1592317790.879826068 INFO /robot_move [SM_movement.py:159(SM_movement.SM_states)] [topics: /obj_detector, /robot_status, /rosout, /cmd_vel, /odom] 0.75
1592317790.882555007 INFO /robot_move [movement_node.py:57(movement_node.position_notify)] [topics: /obj_detector, /robot_status, /rosout, /cmd_vel, /odom] 0.0
1592317790.885392904 INFO /robot_move [SM_movement.py:159(SM_movement.SM_states)] [topics: /obj_detector, /robot_status, /rosout, /cmd_vel, /odom] 0.75
1592317790.888566017 INFO /robot_move [movement_node.py:57(movement_node.position_notify)] [topics: /obj_detector, /robot_status, /rosout, /cmd_vel, /odom] 0.0
1592317790.891777992 INFO /robot_move [SM_movement.py:159(SM_movement.SM_states)] [topics: /obj_detector, /robot_status, /rosout, /cmd_vel, /odom] 0.75
1592317790.896250009 INFO /robot_move [movement_node.py:57(movement_node.position_notify)] [topics: /obj_detector, /robot_status, /rosout, /cmd_vel, /odom] 0.0
1592317790.900661945 INFO /robot_move [SM_movement.py:159(SM_movement.SM_states)] [topics: /obj_detector, /robot_status, /rosout, /cmd_vel, /odom] 0.75
1592317790.904622077 INFO /robot_move [movement_node.py:57(movement_node.position_notify)] [topics: /obj_detector, /robot_status, /rosout, /cmd_vel, /odom] 0.0
1592317790.907080888 INFO /robot_move [SM_movement.py:159(SM_movement.SM_states)] [topics: /obj_detector, /robot_status, /rosout, /cmd_vel, /odom] 0.75
1592317790.910175085 INFO /robot_move [movement_node.py:57(movement_node.position_notify)] [topics: /obj_detector, /robot_status, /rosout, /cmd_vel, /odom] 0.0
1592317790.914639949 INFO /robot_move [SM_movement.py:159(SM_movement.SM_states)] [topics: /obj_detector, /robot_status, /rosout, /cmd_vel, /odom] 0.75
1592317790.917450904 INFO /robot_move [movement_node.py:57(movement_node.position_notify)] [topics: /obj_detector, /robot_status, /rosout, /cmd_vel, /odom] 0.0
1592317790.920149087 INFO /robot_move [SM_movement.py:159(SM_movement.SM_states)] [topics: /obj_detector, /robot_status, /rosout, /cmd_vel, /odom] 0.75
1592317790.923230886 INFO /robot_move [movement_node.py:57(movement_node.position_notify)] [topics: /obj_detector, /robot_status, /rosout, /cmd_vel, /odom] 0.0
1592317790.926568031 INFO /robot_move [SM_movement.py:159(SM_movement.SM_states)] [topics: /obj_detector, /robot_status, /rosout, /cmd_vel, /odom] 0.75
1592317790.932331085 INFO /robot_move [movement_node.py:57(movement_node.position_notify)] [topics: /obj_detector, /robot_status, /rosout, /cmd_vel, /odom] 0.0
1592317790.935045957 INFO /robot_move [SM_movement.py:159(SM_movement.SM_states)] [topics: /obj_detector, /robot_status, /rosout, /cmd_vel, /odom] 0.75
1592317790.937735080 INFO /robot_move [movement_node.py:57(movement_node.position_notify)] [topics: /obj_detector, /robot_status, /rosout, /cmd_vel, /odom] 0.0
1592317790.940989971 INFO /robot_move [SM_movement.py:159(SM_movement.SM_states)] [topics: /obj_detector, /robot_status, /rosout, /cmd_vel, /odom] 0.75
1592317790.945815086 INFO /robot_move [movement_node.py:57(movement_node.position_notify)] [topics: /obj_detector, /robot_status, /rosout, /cmd_vel, /odom] 0.0
1592317790.948621988 INFO /robot_move [SM_movement.py:159(SM_movement.SM_states)] [topics: /obj_detector, /robot_status, /rosout, /cmd_vel, /odom] 0.75
1592317790.952581882 INFO /robot_move [movement_node.py:57(movement_node.position_notify)] [topics: /obj_detector, /robot_status, /rosout, /cmd_vel, /odom] 0.0
1592317790.958169937 INFO /robot_move [SM_movement.py:159(SM_movement.SM_states)] [topics: /obj_detector, /robot_status, /rosout, /cmd_vel, /odom] 0.75
1592317790.960864067 INFO /robot_move [movement_node.py:57(movement_node.position_notify)] [topics: /obj_detector, /robot_status, /rosout, /cmd_vel, /odom] 0.0
1592317790.965698003 INFO /robot_move [SM_movement.py:159(SM_movement.SM_states)] [topics: /obj_detector, /robot_status, /rosout, /cmd_vel, /odom] 0.75
1592317790.968498945 INFO /robot_move [movement_node.py:57(movement_node.position_notify)] [topics: /obj_detector, /robot_status, /rosout, /cmd_vel, /odom] 0.0
1592317790.972688913 INFO /robot_move [SM_movement.py:159(SM_movement.SM_states)] [topics: /obj_detector, /robot_status, /rosout, /cmd_vel, /odom] 0.75
1592317790.976242065 INFO /robot_move [movement_node.py:57(movement_node.position_notify)] [topics: /obj_detector, /robot_status, /rosout, /cmd_vel, /odom] 0.0
1592317790.980457067 INFO /robot_move [SM_movement.py:159(SM_movement.SM_states)] [topics: /obj_detector, /robot_status, /rosout, /cmd_vel, /odom] 0.75
1592317790.987214088 INFO /robot_move [movement_node.py:57(movement_node.position_notify)] [topics: /obj_detector, /robot_status, /rosout, /cmd_vel, /odom] 0.0
1592317790.990319013 INFO /robot_move [SM_movement.py:159(SM_movement.SM_states)] [topics: /obj_detector, /robot_status, /rosout, /cmd_vel, /odom] 0.75
1592317790.993107080 INFO /robot_move [movement_node.py:57(movement_node.position_notify)] [topics: /obj_detector, /robot_status, /rosout, /cmd_vel, /odom] 0.0
1592317790.995803117 INFO /robot_move [SM_movement.py:159(SM_movement.SM_states)] [topics: /obj_detector, /robot_status, /rosout, /cmd_vel, /odom] 0.75
1592317790.998997926 INFO /robot_move [movement_node.py:57(movement_node.position_notify)] [topics: /obj_detector, /robot_status, /rosout, /cmd_vel, /odom] 0.0
1592317791.001610994 INFO /robot_move [SM_movement.py:159(SM_movement.SM_states)] [topics: /obj_detector, /robot_status, /rosout, /cmd_vel, /odom] 0.75
1592317791.004242897 INFO /robot_move [movement_node.py:57(movement_node.position_notify)] [topics: /obj_detector, /robot_status, /rosout, /cmd_vel, /odom] 0.0
1592317791.007052898 INFO /robot_move [SM_movement.py:159(SM_movement.SM_states)] [topics: /obj_detector, /robot_status, /rosout, /cmd_vel, /odom] 0.75
1592317791.010478019 INFO /robot_move [movement_node.py:57(movement_node.position_notify)] [topics: /obj_detector, /robot_status, /rosout, /cmd_vel, /odom] 0.0
1592317791.012948036 INFO /robot_move [SM_movement.py:159(SM_movement.SM_states)] [topics: /obj_detector, /robot_status, /rosout, /cmd_vel, /odom] 0.75
1592317791.019598960 INFO /robot_move [movement_node.py:57(movement_node.position_notify)] [topics: /obj_detector, /robot_status, /rosout, /cmd_vel, /odom] 0.0
1592317791.022665977 INFO /robot_move [SM_movement.py:159(SM_movement.SM_states)] [topics: /obj_detector, /robot_status, /rosout, /cmd_vel, /odom] 0.75
1592317791.025840044 INFO /robot_move [movement_node.py:57(movement_node.position_notify)] [topics: /obj_detector, /robot_status, /rosout, /cmd_vel, /odom] 0.0
1592317791.029196977 INFO /robot_move [SM_movement.py:159(SM_movement.SM_states)] [topics: /obj_detector, /robot_status, /rosout, /cmd_vel, /odom] 0.75
1592317791.033802986 INFO /robot_move [movement_node.py:57(movement_node.position_notify)] [topics: /obj_detector, /robot_status, /rosout, /cmd_vel, /odom] 0.0
1592317791.036355018 INFO /robot_move [SM_movement.py:159(SM_movement.SM_states)] [topics: /obj_detector, /robot_status, /rosout, /cmd_vel, /odom] 0.75
1592317791.038887977 INFO /robot_move [movement_node.py:57(movement_node.position_notify)] [topics: /obj_detector, /robot_status, /rosout, /cmd_vel, /odom] 0.0
1592317791.041785001 INFO /robot_move [SM_movement.py:159(SM_movement.SM_states)] [topics: /obj_detector, /robot_status, /rosout, /cmd_vel, /odom] 0.75
1592317791.044477939 INFO /robot_move [movement_node.py:57(movement_node.position_notify)] [topics: /obj_detector, /robot_status, /rosout, /cmd_vel, /odom] 0.0
1592317791.048165082 INFO /robot_move [SM_movement.py:159(SM_movement.SM_states)] [topics: /obj_detector, /robot_status, /rosout, /cmd_vel, /odom] 0.75
1592317791.052697896 INFO /robot_move [movement_node.py:57(movement_node.position_notify)] [topics: /obj_detector, /robot_status, /rosout, /cmd_vel, /odom] 0.0
1592317791.056507110 INFO /robot_move [SM_movement.py:159(SM_movement.SM_states)] [topics: /obj_detector, /robot_status, /rosout, /cmd_vel, /odom] 0.75
1592317791.059566974 INFO /robot_move [movement_node.py:57(movement_node.position_notify)] [topics: /obj_detector, /robot_status, /rosout, /cmd_vel, /odom] 0.0
1592317791.062769889 INFO /robot_move [SM_movement.py:159(SM_movement.SM_states)] [topics: /obj_detector, /robot_status, /rosout, /cmd_vel, /odom] 0.75
1592317791.066750049 INFO /robot_move [movement_node.py:57(movement_node.position_notify)] [topics: /obj_detector, /robot_status, /rosout, /cmd_vel, /odom] 0.0
1592317791.069984912 INFO /robot_move [SM_movement.py:159(SM_movement.SM_states)] [topics: /obj_detector, /robot_status, /rosout, /cmd_vel, /odom] 0.75
1592317791.073360919 INFO /robot_move [movement_node.py:57(movement_node.position_notify)] [topics: /obj_detector, /robot_status, /rosout, /cmd_vel, /odom] 0.0
1592317791.076164960 INFO /robot_move [SM_movement.py:159(SM_movement.SM_states)] [topics: /obj_detector, /robot_status, /rosout, /cmd_vel, /odom] 0.75
1592317791.080393075 INFO /robot_move [movement_node.py:57(movement_node.position_notify)] [topics: /obj_detector, /robot_status, /rosout, /cmd_vel, /odom] 0.0
1592317791.084125041 INFO /robot_move [SM_movement.py:159(SM_movement.SM_states)] [topics: /obj_detector, /robot_status, /rosout, /cmd_vel, /odom] 0.75
1592317791.088282108 INFO /robot_move [movement_node.py:57(movement_node.position_notify)] [topics: /obj_detector, /robot_status, /rosout, /cmd_vel, /odom] 0.0
1592317791.091574907 INFO /robot_move [SM_movement.py:159(SM_movement.SM_states)] [topics: /obj_detector, /robot_status, /rosout, /cmd_vel, /odom] 0.75
1592317791.097572088 INFO /robot_move [movement_node.py:57(movement_node.position_notify)] [topics: /obj_detector, /robot_status, /rosout, /cmd_vel, /odom] 0.0
1592317791.100163936 INFO /robot_move [SM_movement.py:159(SM_movement.SM_states)] [topics: /obj_detector, /robot_status, /rosout, /cmd_vel, /odom] 0.75
1592317791.102596044 INFO /robot_move [movement_node.py:57(movement_node.position_notify)] [topics: /obj_detector, /robot_status, /rosout, /cmd_vel, /odom] 0.0
1592317791.105086088 INFO /robot_move [SM_movement.py:159(SM_movement.SM_states)] [topics: /obj_detector, /robot_status, /rosout, /cmd_vel, /odom] 0.75
1592317791.107752084 INFO /robot_move [movement_node.py:57(movement_node.position_notify)] [topics: /obj_detector, /robot_status, /rosout, /cmd_vel, /odom] 0.0
1592317791.112481117 INFO /robot_move [SM_movement.py:159(SM_movement.SM_states)] [topics: /obj_detector, /robot_status, /rosout, /cmd_vel, /odom] 0.75
1592317791.117587089 INFO /robot_move [movement_node.py:57(movement_node.position_notify)] [topics: /obj_detector, /robot_status, /rosout, /cmd_vel, /odom] 0.0
1592317791.120990991 INFO /robot_move [SM_movement.py:159(SM_movement.SM_states)] [topics: /obj_detector, /robot_status, /rosout, /cmd_vel, /odom] 0.75
1592317791.123897075 INFO /robot_move [movement_node.py:57(movement_node.position_notify)] [topics: /obj_detector, /robot_status, /rosout, /cmd_vel, /odom] 0.0
1592317791.126998901 INFO /robot_move [SM_movement.py:159(SM_movement.SM_states)] [topics: /obj_detector, /robot_status, /rosout, /cmd_vel, /odom] 0.75
1592317791.132832050 INFO /robot_move [movement_node.py:57(movement_node.position_notify)] [topics: /obj_detector, /robot_status, /rosout, /cmd_vel, /odom] 0.0
1592317791.135365009 INFO /robot_move [SM_movement.py:159(SM_movement.SM_states)] [topics: /obj_detector, /robot_status, /rosout, /cmd_vel, /odom] 0.75
1592317791.137872934 INFO /robot_move [movement_node.py:57(movement_node.position_notify)] [topics: /obj_detector, /robot_status, /rosout, /cmd_vel, /odom] 0.0
1592317791.140387058 INFO /robot_move [SM_movement.py:159(SM_movement.SM_states)] [topics: /obj_detector, /robot_status, /rosout, /cmd_vel, /odom] 0.75
1592317791.144256114 INFO /robot_move [movement_node.py:57(movement_node.position_notify)] [topics: /obj_detector, /robot_status, /rosout, /cmd_vel, /odom] 0.0
1592317791.148610115 INFO /robot_move [SM_movement.py:159(SM_movement.SM_states)] [topics: /obj_detector, /robot_status, /rosout, /cmd_vel, /odom] 0.75
1592317791.152800083 INFO /robot_move [movement_node.py:57(movement_node.position_notify)] [topics: /obj_detector, /robot_status, /rosout, /cmd_vel, /odom] 0.0
1592317791.156008958 INFO /robot_move [SM_movement.py:159(SM_movement.SM_states)] [topics: /obj_detector, /robot_status, /rosout, /cmd_vel, /odom] 0.75
1592317791.158936023 INFO /robot_move [movement_node.py:57(movement_node.position_notify)] [topics: /obj_detector, /robot_status, /rosout, /cmd_vel, /odom] 0.0
1592317791.165452957 INFO /robot_move [SM_movement.py:159(SM_movement.SM_states)] [topics: /obj_detector, /robot_status, /rosout, /cmd_vel, /odom] 0.75
1592317791.169373035 INFO /robot_move [movement_node.py:57(movement_node.position_notify)] [topics: /obj_detector, /robot_status, /rosout, /cmd_vel, /odom] 0.0
1592317791.172029972 INFO /robot_move [SM_movement.py:159(SM_movement.SM_states)] [topics: /obj_detector, /robot_status, /rosout, /cmd_vel, /odom] 0.75
1592317791.179059982 INFO /robot_move [movement_node.py:57(movement_node.position_notify)] [topics: /obj_detector, /robot_status, /rosout, /cmd_vel, /odom] 0.0
1592317791.186398029 INFO /robot_move [SM_movement.py:159(SM_movement.SM_states)] [topics: /obj_detector, /robot_status, /rosout, /cmd_vel, /odom] 0.75
1592317791.188860893 INFO /robot_move [movement_node.py:57(movement_node.position_notify)] [topics: /obj_detector, /robot_status, /rosout, /cmd_vel, /odom] 0.0
1592317791.191668033 INFO /robot_move [SM_movement.py:159(SM_movement.SM_states)] [topics: /obj_detector, /robot_status, /rosout, /cmd_vel, /odom] 0.75
1592317791.194308996 INFO /robot_move [movement_node.py:57(movement_node.position_notify)] [topics: /obj_detector, /robot_status, /rosout, /cmd_vel, /odom] 0.0
1592317791.197999954 INFO /robot_move [SM_movement.py:159(SM_movement.SM_states)] [topics: /obj_detector, /robot_status, /rosout, /cmd_vel, /odom] 0.75
1592317791.200573921 INFO /robot_move [movement_node.py:57(movement_node.position_notify)] [topics: /obj_detector, /robot_status, /rosout, /cmd_vel, /odom] 0.0
1592317791.203181982 INFO /robot_move [SM_movement.py:159(SM_movement.SM_states)] [topics: /obj_detector, /robot_status, /rosout, /cmd_vel, /odom] 0.75
1592317791.205718040 INFO /robot_move [movement_node.py:57(movement_node.position_notify)] [topics: /obj_detector, /robot_status, /rosout, /cmd_vel, /odom] 0.0
1592317791.218677997 INFO /robot_move [SM_movement.py:159(SM_movement.SM_states)] [topics: /obj_detector, /robot_status, /rosout, /cmd_vel, /odom] 0.75
1592317791.221182107 INFO /robot_move [movement_node.py:57(movement_node.position_notify)] [topics: /obj_detector, /robot_status, /rosout, /cmd_vel, /odom] 0.0
1592317791.223668098 INFO /robot_move [SM_movement.py:159(SM_movement.SM_states)] [topics: /obj_detector, /robot_status, /rosout, /cmd_vel, /odom] 0.75
1592317791.226365089 INFO /robot_move [movement_node.py:57(movement_node.position_notify)] [topics: /obj_detector, /robot_status, /rosout, /cmd_vel, /odom] 0.0
1592317791.230532884 INFO /robot_move [SM_movement.py:159(SM_movement.SM_states)] [topics: /obj_detector, /robot_status, /rosout, /cmd_vel, /odom] 0.75
1592317791.233048915 INFO /robot_move [movement_node.py:57(movement_node.position_notify)] [topics: /obj_detector, /robot_status, /rosout, /cmd_vel, /odom] 0.0
1592317791.235553026 INFO /robot_move [SM_movement.py:159(SM_movement.SM_states)] [topics: /obj_detector, /robot_status, /rosout, /cmd_vel, /odom] 0.75
1592317791.239126920 INFO /robot_move [movement_node.py:57(movement_node.position_notify)] [topics: /obj_detector, /robot_status, /rosout, /cmd_vel, /odom] 0.0
1592317791.243691921 INFO /robot_move [SM_movement.py:159(SM_movement.SM_states)] [topics: /obj_detector, /robot_status, /rosout, /cmd_vel, /odom] 0.75
1592317791.249123096 INFO /robot_move [movement_node.py:57(movement_node.position_notify)] [topics: /obj_detector, /robot_status, /rosout, /cmd_vel, /odom] 0.0
1592317791.252774000 INFO /robot_move [SM_movement.py:159(SM_movement.SM_states)] [topics: /obj_detector, /robot_status, /rosout, /cmd_vel, /odom] 0.75
1592317791.255296945 INFO /robot_move [movement_node.py:57(movement_node.position_notify)] [topics: /obj_detector, /robot_status, /rosout, /cmd_vel, /odom] 6.25812889846
1592317791.258038043 INFO /robot_move [SM_movement.py:159(SM_movement.SM_states)] [topics: /obj_detector, /robot_status, /rosout, /cmd_vel, /odom] 0.75
1592317791.260515928 INFO /robot_move [movement_node.py:57(movement_node.position_notify)] [topics: /obj_detector, /robot_status, /rosout, /cmd_vel, /odom] 6.23307956034
1592317791.264272928 INFO /robot_move [SM_movement.py:159(SM_movement.SM_states)] [topics: /obj_detector, /robot_status, /rosout, /cmd_vel, /odom] 0.75
1592317791.266736984 INFO /robot_move [movement_node.py:57(movement_node.position_notify)] [topics: /obj_detector, /robot_status, /rosout, /cmd_vel, /odom] 6.20818522224
1592317791.271260023 INFO /robot_move [SM_movement.py:159(SM_movement.SM_states)] [topics: /obj_detector, /robot_status, /rosout, /cmd_vel, /odom] 0.75
1592317791.275669097 INFO /robot_move [movement_node.py:57(movement_node.position_notify)] [topics: /obj_detector, /robot_status, /rosout, /cmd_vel, /odom] 6.18318993995
1592317791.281394004 INFO /robot_move [SM_movement.py:159(SM_movement.SM_states)] [topics: /obj_detector, /robot_status, /rosout, /cmd_vel, /odom] 0.75
1592317791.284517049 INFO /robot_move [movement_node.py:57(movement_node.position_notify)] [topics: /obj_detector, /robot_status, /rosout, /cmd_vel, /odom] 6.1581791083
1592317791.289133071 INFO /robot_move [SM_movement.py:159(SM_movement.SM_states)] [topics: /obj_detector, /robot_status, /rosout, /cmd_vel, /odom] 0.75
1592317791.292294979 INFO /robot_move [movement_node.py:57(movement_node.position_notify)] [topics: /obj_detector, /robot_status, /rosout, /cmd_vel, /odom] 6.13318832615
1592317791.296391010 INFO /robot_move [SM_movement.py:159(SM_movement.SM_states)] [topics: /obj_detector, /robot_status, /rosout, /cmd_vel, /odom] 0.75
1592317791.299036026 INFO /robot_move [movement_node.py:57(movement_node.position_notify)] [topics: /obj_detector, /robot_status, /rosout, /cmd_vel, /odom] 6.10818896094
1592317791.301614046 INFO /robot_move [SM_movement.py:159(SM_movement.SM_states)] [topics: /obj_detector, /robot_status, /rosout, /cmd_vel, /odom] 0.75
1592317791.314575910 INFO /robot_move [movement_node.py:57(movement_node.position_notify)] [topics: /obj_detector, /robot_status, /rosout, /cmd_vel, /odom] 6.08314240376
1592317791.317502975 INFO /robot_move [SM_movement.py:159(SM_movement.SM_states)] [topics: /obj_detector, /robot_status, /rosout, /cmd_vel, /odom] 0.75
1592317791.319931030 INFO /robot_move [movement_node.py:57(movement_node.position_notify)] [topics: /obj_detector, /robot_status, /rosout, /cmd_vel, /odom] 6.05789207319
1592317791.322398900 INFO /robot_move [SM_movement.py:159(SM_movement.SM_states)] [topics: /obj_detector, /robot_status, /rosout, /cmd_vel, /odom] 0.75
1592317791.325073957 INFO /robot_move [movement_node.py:57(movement_node.position_notify)] [topics: /obj_detector, /robot_status, /rosout, /cmd_vel, /odom] 6.03317854205
1592317791.327574968 INFO /robot_move [SM_movement.py:159(SM_movement.SM_states)] [topics: /obj_detector, /robot_status, /rosout, /cmd_vel, /odom] 0.75
1592317791.331053972 INFO /robot_move [movement_node.py:57(movement_node.position_notify)] [topics: /obj_detector, /robot_status, /rosout, /cmd_vel, /odom] 6.00818834106
1592317791.333606958 INFO /robot_move [SM_movement.py:159(SM_movement.SM_states)] [topics: /obj_detector, /robot_status, /rosout, /cmd_vel, /odom] 0.75
1592317791.343101978 INFO /robot_move [movement_node.py:57(movement_node.position_notify)] [topics: /obj_detector, /robot_status, /rosout, /cmd_vel, /odom] 5.98319295446
1592317791.348261117 INFO /robot_move [SM_movement.py:159(SM_movement.SM_states)] [topics: /obj_detector, /robot_status, /rosout, /cmd_vel, /odom] 0.75
1592317791.351106882 INFO /robot_move [movement_node.py:57(movement_node.position_notify)] [topics: /obj_detector, /robot_status, /rosout, /cmd_vel, /odom] 5.95819086233
1592317791.353458881 INFO /robot_move [SM_movement.py:159(SM_movement.SM_states)] [topics: /obj_detector, /robot_status, /rosout, /cmd_vel, /odom] 0.75
1592317791.355885028 INFO /robot_move [movement_node.py:57(movement_node.position_notify)] [topics: /obj_detector, /robot_status, /rosout, /cmd_vel, /odom] 5.93318835298
1592317791.358525991 INFO /robot_move [SM_movement.py:159(SM_movement.SM_states)] [topics: /obj_detector, /robot_status, /rosout, /cmd_vel, /odom] 0.75
1592317791.361018896 INFO /robot_move [movement_node.py:57(movement_node.position_notify)] [topics: /obj_detector, /robot_status, /rosout, /cmd_vel, /odom] 5.9081867973
1592317791.364418983 INFO /robot_move [SM_movement.py:159(SM_movement.SM_states)] [topics: /obj_detector, /robot_status, /rosout, /cmd_vel, /odom] 0.75
1592317791.371779918 INFO /robot_move [movement_node.py:57(movement_node.position_notify)] [topics: /obj_detector, /robot_status, /rosout, /cmd_vel, /odom] 5.8831889371
1592317791.382654905 INFO /robot_move [SM_movement.py:159(SM_movement.SM_states)] [topics: /obj_detector, /robot_status, /rosout, /cmd_vel, /odom] 0.75
1592317791.386511087 INFO /robot_move [movement_node.py:57(movement_node.position_notify)] [topics: /obj_detector, /robot_status, /rosout, /cmd_vel, /odom] 5.85819197098
1592317791.388854980 INFO /robot_move [SM_movement.py:159(SM_movement.SM_states)] [topics: /obj_detector, /robot_status, /rosout, /cmd_vel, /odom] 0.75
1592317791.392807006 INFO /robot_move [movement_node.py:57(movement_node.position_notify)] [topics: /obj_detector, /robot_status, /rosout, /cmd_vel, /odom] 5.83318585554
1592317791.396285057 INFO /robot_move [SM_movement.py:159(SM_movement.SM_states)] [topics: /obj_detector, /robot_status, /rosout, /cmd_vel, /odom] 0.75
1592317791.403142929 INFO /robot_move [movement_node.py:57(movement_node.position_notify)] [topics: /obj_detector, /robot_status, /rosout, /cmd_vel, /odom] 5.80819031993
1592317791.406817913 INFO /robot_move [SM_movement.py:159(SM_movement.SM_states)] [topics: /obj_detector, /robot_status, /rosout, /cmd_vel, /odom] 0.75
1592317791.410325050 INFO /robot_move [movement_node.py:57(movement_node.position_notify)] [topics: /obj_detector, /robot_status, /rosout, /cmd_vel, /odom] 5.78319031397
1592317791.413693904 INFO /robot_move [SM_movement.py:159(SM_movement.SM_states)] [topics: /obj_detector, /robot_status, /rosout, /cmd_vel, /odom] 0.75
1592317791.417071104 INFO /robot_move [movement_node.py:57(movement_node.position_notify)] [topics: /obj_detector, /robot_status, /rosout, /cmd_vel, /odom] 5.75818998018
1592317791.419682025 INFO /robot_move [SM_movement.py:159(SM_movement.SM_states)] [topics: /obj_detector, /robot_status, /rosout, /cmd_vel, /odom] 0.75
1592317791.422230958 INFO /robot_move [movement_node.py:57(movement_node.position_notify)] [topics: /obj_detector, /robot_status, /rosout, /cmd_vel, /odom] 5.73319107691
1592317791.425113916 INFO /robot_move [SM_movement.py:159(SM_movement.SM_states)] [topics: /obj_detector, /robot_status, /rosout, /cmd_vel, /odom] 0.75
1592317791.427916049 INFO /robot_move [movement_node.py:57(movement_node.position_notify)] [topics: /obj_detector, /robot_status, /rosout, /cmd_vel, /odom] 5.7081930081
1592317791.431170940 INFO /robot_move [SM_movement.py:159(SM_movement.SM_states)] [topics: /obj_detector, /robot_status, /rosout, /cmd_vel, /odom] 0.75
1592317791.434292078 INFO /robot_move [movement_node.py:57(movement_node.position_notify)] [topics: /obj_detector, /robot_status, /rosout, /cmd_vel, /odom] 5.68318528334
1592317791.438071966 INFO /robot_move [SM_movement.py:159(SM_movement.SM_states)] [topics: /obj_detector, /robot_status, /rosout, /cmd_vel, /odom] 0.75
1592317791.441073894 INFO /robot_move [movement_node.py:57(movement_node.position_notify)] [topics: /obj_detector, /robot_status, /rosout, /cmd_vel, /odom] 5.65816688934
1592317791.444207906 INFO /robot_move [SM_movement.py:159(SM_movement.SM_states)] [topics: /obj_detector, /robot_status, /rosout, /cmd_vel, /odom] 0.75
1592317791.447278976 INFO /robot_move [movement_node.py:57(movement_node.position_notify)] [topics: /obj_detector, /robot_status, /rosout, /cmd_vel, /odom] 5.63315791288
1592317791.450153112 INFO /robot_move [SM_movement.py:159(SM_movement.SM_states)] [topics: /obj_detector, /robot_status, /rosout, /cmd_vel, /odom] 0.75
1592317791.452733039 INFO /robot_move [movement_node.py:57(movement_node.position_notify)] [topics: /obj_detector, /robot_status, /rosout, /cmd_vel, /odom] 5.60819042126
1592317791.455178976 INFO /robot_move [SM_movement.py:159(SM_movement.SM_states)] [topics: /obj_detector, /robot_status, /rosout, /cmd_vel, /odom] 0.75
1592317791.457906961 INFO /robot_move [movement_node.py:57(movement_node.position_notify)] [topics: /obj_detector, /robot_status, /rosout, /cmd_vel, /odom] 5.58322096268
1592317791.460498094 INFO /robot_move [SM_movement.py:159(SM_movement.SM_states)] [topics: /obj_detector, /robot_status, /rosout, /cmd_vel, /odom] 0.75
1592317791.470933914 INFO /robot_move [movement_node.py:57(movement_node.position_notify)] [topics: /obj_detector, /robot_status, /rosout, /cmd_vel, /odom] 5.55814952055
1592317791.474699020 INFO /robot_move [SM_movement.py:159(SM_movement.SM_states)] [topics: /obj_detector, /robot_status, /rosout, /cmd_vel, /odom] 0.75
1592317791.477305889 INFO /robot_move [movement_node.py:57(movement_node.position_notify)] [topics: /obj_detector, /robot_status, /rosout, /cmd_vel, /odom] 5.53316623369
1592317791.481641054 INFO /robot_move [SM_movement.py:159(SM_movement.SM_states)] [topics: /obj_detector, /robot_status, /rosout, /cmd_vel, /odom] 0.75
1592317791.484530925 INFO /robot_move [movement_node.py:57(movement_node.position_notify)] [topics: /obj_detector, /robot_status, /rosout, /cmd_vel, /odom] 5.50818336407
1592317791.486980915 INFO /robot_move [SM_movement.py:159(SM_movement.SM_states)] [topics: /obj_detector, /robot_status, /rosout, /cmd_vel, /odom] 0.75
1592317791.489438056 INFO /robot_move [movement_node.py:57(movement_node.position_notify)] [topics: /obj_detector, /robot_status, /rosout, /cmd_vel, /odom] 5.4831935207
1592317791.492243051 INFO /robot_move [SM_movement.py:159(SM_movement.SM_states)] [topics: /obj_detector, /robot_status, /rosout, /cmd_vel, /odom] 0.75
1592317791.499279975 INFO /robot_move [movement_node.py:57(movement_node.position_notify)] [topics: /obj_detector, /robot_status, /rosout, /cmd_vel, /odom] 5.45819086233
1592317791.502538919 INFO /robot_move [SM_movement.py:159(SM_movement.SM_states)] [topics: /obj_detector, /robot_status, /rosout, /cmd_vel, /odom] 0.75
1592317791.506069898 INFO /robot_move [movement_node.py:57(movement_node.position_notify)] [topics: /obj_detector, /robot_status, /rosout, /cmd_vel, /odom] 5.43319136301
1592317791.508555889 INFO /robot_move [SM_movement.py:159(SM_movement.SM_states)] [topics: /obj_detector, /robot_status, /rosout, /cmd_vel, /odom] 0.75
1592317791.511452913 INFO /robot_move [movement_node.py:57(movement_node.position_notify)] [topics: /obj_detector, /robot_status, /rosout, /cmd_vel, /odom] 5.4081906716
1592317791.515285015 INFO /robot_move [SM_movement.py:159(SM_movement.SM_states)] [topics: /obj_detector, /robot_status, /rosout, /cmd_vel, /odom] 0.75
1592317791.518100023 INFO /robot_move [movement_node.py:57(movement_node.position_notify)] [topics: /obj_detector, /robot_status, /rosout, /cmd_vel, /odom] 5.38318598667
1592317791.520540952 INFO /robot_move [SM_movement.py:159(SM_movement.SM_states)] [topics: /obj_detector, /robot_status, /rosout, /cmd_vel, /odom] 0.75
1592317791.522928953 INFO /robot_move [movement_node.py:57(movement_node.position_notify)] [topics: /obj_detector, /robot_status, /rosout, /cmd_vel, /odom] 5.35818422238
1592317791.525609970 INFO /robot_move [SM_movement.py:159(SM_movement.SM_states)] [topics: /obj_detector, /robot_status, /rosout, /cmd_vel, /odom] 0.75
1592317791.529851913 INFO /robot_move [movement_node.py:57(movement_node.position_notify)] [topics: /obj_detector, /robot_status, /rosout, /cmd_vel, /odom] 5.3331905047
1592317791.534019947 INFO /robot_move [SM_movement.py:159(SM_movement.SM_states)] [topics: /obj_detector, /robot_status, /rosout, /cmd_vel, /odom] 0.75
1592317791.540019035 INFO /robot_move [movement_node.py:57(movement_node.position_notify)] [topics: /obj_detector, /robot_status, /rosout, /cmd_vel, /odom] 5.30819034973
1592317791.542445898 INFO /robot_move [SM_movement.py:159(SM_movement.SM_states)] [topics: /obj_detector, /robot_status, /rosout, /cmd_vel, /odom] 0.75
1592317791.572738885 INFO /robot_move [movement_node.py:57(movement_node.position_notify)] [topics: /obj_detector, /robot_status, /rosout, /cmd_vel, /odom] 5.28308695952
1592317791.575181961 INFO /robot_move [SM_movement.py:159(SM_movement.SM_states)] [topics: /obj_detector, /robot_status, /rosout, /cmd_vel, /odom] 0.75
1592317791.585881948 INFO /robot_move [movement_node.py:57(movement_node.position_notify)] [topics: /obj_detector, /robot_status, /rosout, /cmd_vel, /odom] 5.2581837813
1592317791.588696956 INFO /robot_move [SM_movement.py:159(SM_movement.SM_states)] [topics: /obj_detector, /robot_status, /rosout, /cmd_vel, /odom] 0.75
1592317791.632028102 INFO /robot_move [movement_node.py:57(movement_node.position_notify)] [topics: /obj_detector, /robot_status, /rosout, /cmd_vel, /odom] 5.23309547106
1592317791.635171890 INFO /robot_move [SM_movement.py:159(SM_movement.SM_states)] [topics: /obj_detector, /robot_status, /rosout, /cmd_vel, /odom] 0.75
1592317791.673007011 INFO /robot_move [movement_node.py:57(movement_node.position_notify)] [topics: /obj_detector, /robot_status, /rosout, /cmd_vel, /odom] 5.20808309713
1592317791.675962924 INFO /robot_move [SM_movement.py:159(SM_movement.SM_states)] [topics: /obj_detector, /robot_status, /rosout, /cmd_vel, /odom] 0.75
1592317791.717305898 INFO /robot_move [movement_node.py:57(movement_node.position_notify)] [topics: /obj_detector, /robot_status, /rosout, /cmd_vel, /odom] 5.18309253851
1592317791.721034049 INFO /robot_move [SM_movement.py:159(SM_movement.SM_states)] [topics: /obj_detector, /robot_status, /rosout, /cmd_vel, /odom] 0.75
1592317791.761147975 INFO /robot_move [movement_node.py:57(movement_node.position_notify)] [topics: /obj_detector, /robot_status, /rosout, /cmd_vel, /odom] 5.15818542639
1592317791.764182090 INFO /robot_move [SM_movement.py:159(SM_movement.SM_states)] [topics: /obj_detector, /robot_status, /rosout, /cmd_vel, /odom] 0.75
1592317791.766891956 INFO /robot_move [movement_node.py:57(movement_node.position_notify)] [topics: /obj_detector, /robot_status, /rosout, /cmd_vel, /odom] 5.13309127489
1592317791.769357919 INFO /robot_move [SM_movement.py:159(SM_movement.SM_states)] [topics: /obj_detector, /robot_status, /rosout, /cmd_vel, /odom] 0.75
1592317791.805329084 INFO /robot_move [movement_node.py:57(movement_node.position_notify)] [topics: /obj_detector, /robot_status, /rosout, /cmd_vel, /odom] 5.1081896464
1592317791.808715105 INFO /robot_move [SM_movement.py:159(SM_movement.SM_states)] [topics: /obj_detector, /robot_status, /rosout, /cmd_vel, /odom] 0.75
1592317791.825747966 INFO /robot_move [movement_node.py:57(movement_node.position_notify)] [topics: /obj_detector, /robot_status, /rosout, /cmd_vel, /odom] 5.08307654062
1592317791.828556060 INFO /robot_move [SM_movement.py:159(SM_movement.SM_states)] [topics: /obj_detector, /robot_status, /rosout, /cmd_vel, /odom] 0.75
1592317791.861177921 INFO /robot_move [movement_node.py:57(movement_node.position_notify)] [topics: /obj_detector, /robot_status, /rosout, /cmd_vel, /odom] 5.0581809918
1592317791.864456892 INFO /robot_move [SM_movement.py:159(SM_movement.SM_states)] [topics: /obj_detector, /robot_status, /rosout, /cmd_vel, /odom] 0.75
1592317791.905510902 INFO /robot_move [movement_node.py:57(movement_node.position_notify)] [topics: /obj_detector, /robot_status, /rosout, /cmd_vel, /odom] 5.03318828741
1592317791.909149885 INFO /robot_move [SM_movement.py:159(SM_movement.SM_states)] [topics: /obj_detector, /robot_status, /rosout, /cmd_vel, /odom] 0.75
1592317791.950040102 INFO /robot_move [movement_node.py:57(movement_node.position_notify)] [topics: /obj_detector, /robot_status, /rosout, /cmd_vel, /odom] 5.00818819204
1592317791.953377962 INFO /robot_move [SM_movement.py:159(SM_movement.SM_states)] [topics: /obj_detector, /robot_status, /rosout, /cmd_vel, /odom] 0.75
1592317791.992947101 INFO /robot_move [movement_node.py:57(movement_node.position_notify)] [topics: /obj_detector, /robot_status, /rosout, /cmd_vel, /odom] 4.98319071928
1592317791.997486114 INFO /robot_move [SM_movement.py:159(SM_movement.SM_states)] [topics: /obj_detector, /robot_status, /rosout, /cmd_vel, /odom] 0.75
1592317792.000536918 INFO /robot_move [movement_node.py:57(movement_node.position_notify)] [topics: /obj_detector, /robot_status, /rosout, /cmd_vel, /odom] 4.95818299452
1592317792.003377914 INFO /robot_move [SM_movement.py:159(SM_movement.SM_states)] [topics: /obj_detector, /robot_status, /rosout, /cmd_vel, /odom] 0.75
1592317792.037492036 INFO /robot_move [movement_node.py:57(movement_node.position_notify)] [topics: /obj_detector, /robot_status, /rosout, /cmd_vel, /odom] 4.93318301836
1592317792.041354894 INFO /robot_move [SM_movement.py:159(SM_movement.SM_states)] [topics: /obj_detector, /robot_status, /rosout, /cmd_vel, /odom] 0.75
1592317792.053031921 INFO /robot_move [movement_node.py:57(movement_node.position_notify)] [topics: /obj_detector, /robot_status, /rosout, /cmd_vel, /odom] 4.9081791083
1592317792.055802106 INFO /robot_move [SM_movement.py:159(SM_movement.SM_states)] [topics: /obj_detector, /robot_status, /rosout, /cmd_vel, /odom] 0.75
1592317792.093656063 INFO /robot_move [movement_node.py:57(movement_node.position_notify)] [topics: /obj_detector, /robot_status, /rosout, /cmd_vel, /odom] 4.88318938414
1592317792.098128080 INFO /robot_move [SM_movement.py:159(SM_movement.SM_states)] [topics: /obj_detector, /robot_status, /rosout, /cmd_vel, /odom] 0.75
1592317792.138050079 INFO /robot_move [movement_node.py:57(movement_node.position_notify)] [topics: /obj_detector, /robot_status, /rosout, /cmd_vel, /odom] 4.85809559027
1592317792.142930984 INFO /robot_move [SM_movement.py:159(SM_movement.SM_states)] [topics: /obj_detector, /robot_status, /rosout, /cmd_vel, /odom] 0.75
1592317792.181142091 INFO /robot_move [movement_node.py:57(movement_node.position_notify)] [topics: /obj_detector, /robot_status, /rosout, /cmd_vel, /odom] 4.83308166662
1592317792.183826923 INFO /robot_move [SM_movement.py:159(SM_movement.SM_states)] [topics: /obj_detector, /robot_status, /rosout, /cmd_vel, /odom] 0.75
1592317792.225454092 INFO /robot_move [movement_node.py:57(movement_node.position_notify)] [topics: /obj_detector, /robot_status, /rosout, /cmd_vel, /odom] 4.80819088617
1592317792.228638887 INFO /robot_move [SM_movement.py:159(SM_movement.SM_states)] [topics: /obj_detector, /robot_status, /rosout, /cmd_vel, /odom] 0.75
1592317792.231611967 INFO /robot_move [movement_node.py:57(movement_node.position_notify)] [topics: /obj_detector, /robot_status, /rosout, /cmd_vel, /odom] 4.78309089342
1592317792.269306898 INFO /robot_move [movement_node.py:57(movement_node.position_notify)] [topics: /obj_detector, /robot_status, /rosout, /cmd_vel, /odom] 4.75809818903
1592317792.285044908 INFO /robot_move [movement_node.py:57(movement_node.position_notify)] [topics: /obj_detector, /robot_status, /rosout, /cmd_vel, /odom] 4.75643629233
1592317792.328829050 INFO /robot_move [movement_node.py:57(movement_node.position_notify)] [topics: /obj_detector, /robot_status, /rosout, /cmd_vel, /odom] 4.75477022329
1592317792.372931003 INFO /robot_move [movement_node.py:57(movement_node.position_notify)] [topics: /obj_detector, /robot_status, /rosout, /cmd_vel, /odom] 4.75310355822
1592317792.417522907 INFO /robot_move [movement_node.py:57(movement_node.position_notify)] [topics: /obj_detector, /robot_status, /rosout, /cmd_vel, /odom] 4.75143736998
1592317792.461441993 INFO /robot_move [movement_node.py:57(movement_node.position_notify)] [topics: /obj_detector, /robot_status, /rosout, /cmd_vel, /odom] 4.74975318113
1592317792.466557025 INFO /robot_move [movement_node.py:57(movement_node.position_notify)] [topics: /obj_detector, /robot_status, /rosout, /cmd_vel, /odom] 4.74809629122
1592317792.504797935 INFO /robot_move [movement_node.py:57(movement_node.position_notify)] [topics: /obj_detector, /robot_status, /rosout, /cmd_vel, /odom] 4.74643725554
1592317792.519977092 INFO /robot_move [movement_node.py:57(movement_node.position_notify)] [topics: /obj_detector, /robot_status, /rosout, /cmd_vel, /odom] 4.74476284186
1592317792.561948060 INFO /robot_move [movement_node.py:57(movement_node.position_notify)] [topics: /obj_detector, /robot_status, /rosout, /cmd_vel, /odom] 4.74309593836
1592317792.605304956 INFO /robot_move [movement_node.py:57(movement_node.position_notify)] [topics: /obj_detector, /robot_status, /rosout, /cmd_vel, /odom] 4.74143749872
1592317792.654345989 INFO /robot_move [movement_node.py:57(movement_node.position_notify)] [topics: /obj_detector, /robot_status, /rosout, /cmd_vel, /odom] 4.73977047602
1592317792.658338069 INFO /robot_move [movement_node.py:57(movement_node.position_notify)] [topics: /obj_detector, /robot_status, /rosout, /cmd_vel, /odom] 4.73810249964
1592317792.698266983 INFO /robot_move [movement_node.py:57(movement_node.position_notify)] [topics: /obj_detector, /robot_status, /rosout, /cmd_vel, /odom] 4.73643726507
1592317792.721287012 INFO /robot_move [movement_node.py:57(movement_node.position_notify)] [topics: /obj_detector, /robot_status, /rosout, /cmd_vel, /odom] 4.73477024237
1592317792.765722036 INFO /robot_move [movement_node.py:57(movement_node.position_notify)] [topics: /obj_detector, /robot_status, /rosout, /cmd_vel, /odom] 4.73310357729
1592317792.809976100 INFO /robot_move [movement_node.py:57(movement_node.position_notify)] [topics: /obj_detector, /robot_status, /rosout, /cmd_vel, /odom] 4.73143703142
1592317792.852474927 INFO /robot_move [movement_node.py:57(movement_node.position_notify)] [topics: /obj_detector, /robot_status, /rosout, /cmd_vel, /odom] 4.72977084318
1592317792.854867935 INFO /robot_move [movement_node.py:57(movement_node.position_notify)] [topics: /obj_detector, /robot_status, /rosout, /cmd_vel, /odom] 4.72810417811
1592317792.901377916 INFO /robot_move [movement_node.py:57(movement_node.position_notify)] [topics: /obj_detector, /robot_status, /rosout, /cmd_vel, /odom] 4.72643727461
1592317792.918997049 INFO /robot_move [movement_node.py:57(movement_node.position_notify)] [topics: /obj_detector, /robot_status, /rosout, /cmd_vel, /odom] 4.72476417223
1592317792.961612939 INFO /robot_move [movement_node.py:57(movement_node.position_notify)] [topics: /obj_detector, /robot_status, /rosout, /cmd_vel, /odom] 4.72309762636
1592317793.007513999 INFO /robot_move [movement_node.py:57(movement_node.position_notify)] [topics: /obj_detector, /robot_status, /rosout, /cmd_vel, /odom] 4.72143704096
1592317793.049036979 INFO /robot_move [movement_node.py:57(movement_node.position_notify)] [topics: /obj_detector, /robot_status, /rosout, /cmd_vel, /odom] 4.71976346174
1592317793.093696117 INFO /robot_move [movement_node.py:57(movement_node.position_notify)] [topics: /obj_detector, /robot_status, /rosout, /cmd_vel, /odom] 4.71810406843
1592317793.098407983 INFO /robot_move [movement_node.py:57(movement_node.position_notify)] [topics: /obj_detector, /robot_status, /rosout, /cmd_vel, /odom] 4.71643120447
1592317793.141338109 INFO /robot_move [movement_node.py:57(movement_node.position_notify)] [topics: /obj_detector, /robot_status, /rosout, /cmd_vel, /odom] 4.71477073828
1592317793.152751922 INFO /robot_move [movement_node.py:57(movement_node.position_notify)] [topics: /obj_detector, /robot_status, /rosout, /cmd_vel, /odom] 4.71309429804
1592317793.193974018 INFO /robot_move [movement_node.py:57(movement_node.position_notify)] [topics: /obj_detector, /robot_status, /rosout, /cmd_vel, /odom] 4.71309429804
1592317793.236700057 INFO /robot_move [movement_node.py:57(movement_node.position_notify)] [topics: /obj_detector, /robot_status, /rosout, /cmd_vel, /odom] 4.71309429804
1592317793.281836032 INFO /robot_move [movement_node.py:57(movement_node.position_notify)] [topics: /obj_detector, /robot_status, /rosout, /cmd_vel, /odom] 4.71309429804
1592317793.325623035 INFO /robot_move [movement_node.py:57(movement_node.position_notify)] [topics: /obj_detector, /robot_status, /rosout, /cmd_vel, /odom] 4.71309429804
1592317793.330550909 INFO /robot_move [movement_node.py:57(movement_node.position_notify)] [topics: /obj_detector, /robot_status, /rosout, /cmd_vel, /odom] 4.71309429804
1592317793.372034072 INFO /robot_move [movement_node.py:57(movement_node.position_notify)] [topics: /obj_detector, /robot_status, /rosout, /cmd_vel, /odom] 4.71309429804
1592317793.385220050 INFO /robot_move [movement_node.py:57(movement_node.position_notify)] [topics: /obj_detector, /robot_status, /rosout, /cmd_vel, /odom] 4.71309429804
1592317793.429470062 INFO /robot_move [movement_node.py:57(movement_node.position_notify)] [topics: /obj_detector, /robot_status, /rosout, /cmd_vel, /odom] 4.71309429804
1592317793.473364114 INFO /robot_move [movement_node.py:57(movement_node.position_notify)] [topics: /obj_detector, /robot_status, /rosout, /cmd_vel, /odom] 4.71309429804
1592317793.518250942 INFO /robot_move [movement_node.py:57(movement_node.position_notify)] [topics: /obj_detector, /robot_status, /rosout, /cmd_vel, /odom] 4.71309429804
1592317793.561399936 INFO /robot_move [movement_node.py:57(movement_node.position_notify)] [topics: /obj_detector, /robot_status, /rosout, /cmd_vel, /odom] 4.71309429804
1592317793.565249919 INFO /robot_move [movement_node.py:57(movement_node.position_notify)] [topics: /obj_detector, /robot_status, /rosout, /cmd_vel, /odom] 4.71309429804
1592317793.604804992 INFO /robot_move [movement_node.py:57(movement_node.position_notify)] [topics: /obj_detector, /robot_status, /rosout, /cmd_vel, /odom] 4.71309429804
1592317793.619204044 INFO /robot_move [movement_node.py:57(movement_node.position_notify)] [topics: /obj_detector, /robot_status, /rosout, /cmd_vel, /odom] 4.71309429804
1592317793.661377906 INFO /robot_move [movement_node.py:57(movement_node.position_notify)] [topics: /obj_detector, /robot_status, /rosout, /cmd_vel, /odom] 4.71309429804
1592317793.712080955 INFO /robot_move [movement_node.py:57(movement_node.position_notify)] [topics: /obj_detector, /robot_status, /rosout, /cmd_vel, /odom] 4.71309429804
1592317793.748950958 INFO /robot_move [movement_node.py:57(movement_node.position_notify)] [topics: /obj_detector, /robot_status, /rosout, /cmd_vel, /odom] 4.71309429804
1592317793.792603969 INFO /robot_move [movement_node.py:57(movement_node.position_notify)] [topics: /obj_detector, /robot_status, /rosout, /cmd_vel, /odom] 4.71309429804
1592317793.795183897 INFO /robot_move [movement_node.py:57(movement_node.position_notify)] [topics: /obj_detector, /robot_status, /rosout, /cmd_vel, /odom] 4.71309429804
1592317793.840771913 INFO /robot_move [movement_node.py:57(movement_node.position_notify)] [topics: /obj_detector, /robot_status, /rosout, /cmd_vel, /odom] 4.71309429804
1592317793.852037906 INFO /robot_move [movement_node.py:57(movement_node.position_notify)] [topics: /obj_detector, /robot_status, /rosout, /cmd_vel, /odom] 4.71309429804
1592317793.892657041 INFO /robot_move [movement_node.py:57(movement_node.position_notify)] [topics: /obj_detector, /robot_status, /rosout, /cmd_vel, /odom] 4.71309429804
1592317793.938029050 INFO /robot_move [movement_node.py:57(movement_node.position_notify)] [topics: /obj_detector, /robot_status, /rosout, /cmd_vel, /odom] 4.71309429804
1592317793.981184959 INFO /robot_move [movement_node.py:57(movement_node.position_notify)] [topics: /obj_detector, /robot_status, /rosout, /cmd_vel, /odom] 4.71309429804
1592317794.029328107 INFO /robot_move [movement_node.py:57(movement_node.position_notify)] [topics: /obj_detector, /robot_status, /rosout, /cmd_vel, /odom] 4.71309429804
1592317794.033368110 INFO /robot_move [movement_node.py:57(movement_node.position_notify)] [topics: /obj_detector, /robot_status, /rosout, /cmd_vel, /odom] 4.71309429804
1592317794.072669029 INFO /robot_move [movement_node.py:57(movement_node.position_notify)] [topics: /obj_detector, /robot_status, /rosout, /cmd_vel, /odom] 4.71309429804
1592317794.085577964 INFO /robot_move [movement_node.py:57(movement_node.position_notify)] [topics: /obj_detector, /robot_status, /rosout, /cmd_vel, /odom] 4.71309429804
1592317794.129236936 INFO /robot_move [movement_node.py:57(movement_node.position_notify)] [topics: /obj_detector, /robot_status, /rosout, /cmd_vel, /odom] 4.71309429804
1592317794.177155971 INFO /robot_move [movement_node.py:57(movement_node.position_notify)] [topics: /obj_detector, /robot_status, /rosout, /cmd_vel, /odom] 4.71309429804
1592317794.221442937 INFO /robot_move [movement_node.py:57(movement_node.position_notify)] [topics: /obj_detector, /robot_status, /rosout, /cmd_vel, /odom] 4.71309429804
1592317794.225728034 INFO /robot_move [movement_node.py:57(movement_node.position_notify)] [topics: /obj_detector, /robot_status, /rosout, /cmd_vel, /odom] 4.71309429804
1592317794.265073060 INFO /robot_move [movement_node.py:57(movement_node.position_notify)] [topics: /obj_detector, /robot_status, /rosout, /cmd_vel, /odom] 4.71309429804
1592317794.286571025 INFO /robot_move [movement_node.py:57(movement_node.position_notify)] [topics: /obj_detector, /robot_status, /rosout, /cmd_vel, /odom] 4.71309429804
1592317794.332740068 INFO /robot_move [movement_node.py:57(movement_node.position_notify)] [topics: /obj_detector, /robot_status, /rosout, /cmd_vel, /odom] 4.71309429804
1592317794.377000093 INFO /robot_move [movement_node.py:57(movement_node.position_notify)] [topics: /obj_detector, /robot_status, /rosout, /cmd_vel, /odom] 4.71309429804
1592317794.420766115 INFO /robot_move [movement_node.py:57(movement_node.position_notify)] [topics: /obj_detector, /robot_status, /rosout, /cmd_vel, /odom] 4.71309429804
1592317794.423469066 INFO /robot_move [movement_node.py:57(movement_node.position_notify)] [topics: /obj_detector, /robot_status, /rosout, /cmd_vel, /odom] 4.71309429804
1592317794.465413093 INFO /robot_move [movement_node.py:57(movement_node.position_notify)] [topics: /obj_detector, /robot_status, /rosout, /cmd_vel, /odom] 4.71309429804
1592317794.485291004 INFO /robot_move [movement_node.py:57(movement_node.position_notify)] [topics: /obj_detector, /robot_status, /rosout, /cmd_vel, /odom] 4.71309429804
1592317794.530437946 INFO /robot_move [movement_node.py:57(movement_node.position_notify)] [topics: /obj_detector, /robot_status, /rosout, /cmd_vel, /odom] 4.71309429804
1592317794.574033975 INFO /robot_move [movement_node.py:57(movement_node.position_notify)] [topics: /obj_detector, /robot_status, /rosout, /cmd_vel, /odom] 4.71309429804
1592317794.617156982 INFO /robot_move [movement_node.py:57(movement_node.position_notify)] [topics: /obj_detector, /robot_status, /rosout, /cmd_vel, /odom] 4.71309429804
1592317794.661442041 INFO /robot_move [movement_node.py:57(movement_node.position_notify)] [topics: /obj_detector, /robot_status, /rosout, /cmd_vel, /odom] 4.71309429804
1592317794.665338993 INFO /robot_move [movement_node.py:57(movement_node.position_notify)] [topics: /obj_detector, /robot_status, /rosout, /cmd_vel, /odom] 4.71309429804
1592317794.705705881 INFO /robot_move [movement_node.py:57(movement_node.position_notify)] [topics: /obj_detector, /robot_status, /rosout, /cmd_vel, /odom] 4.71309429804
1592317794.718987941 INFO /robot_move [movement_node.py:57(movement_node.position_notify)] [topics: /obj_detector, /robot_status, /rosout, /cmd_vel, /odom] 4.71309429804
1592317794.762361049 INFO /robot_move [movement_node.py:57(movement_node.position_notify)] [topics: /obj_detector, /robot_status, /rosout, /cmd_vel, /odom] 4.71309429804
1592317794.804631948 INFO /robot_move [movement_node.py:57(movement_node.position_notify)] [topics: /obj_detector, /robot_status, /rosout, /cmd_vel, /odom] 4.71309429804
1592317794.849550962 INFO /robot_move [movement_node.py:57(movement_node.position_notify)] [topics: /obj_detector, /robot_status, /rosout, /cmd_vel, /odom] 4.71309429804
1592317794.893784046 INFO /robot_move [movement_node.py:57(movement_node.position_notify)] [topics: /obj_detector, /robot_status, /rosout, /cmd_vel, /odom] 4.71309429804
1592317794.897140979 INFO /robot_move [movement_node.py:57(movement_node.position_notify)] [topics: /obj_detector, /robot_status, /rosout, /cmd_vel, /odom] 4.71309429804
1592317794.941203117 INFO /robot_move [movement_node.py:57(movement_node.position_notify)] [topics: /obj_detector, /robot_status, /rosout, /cmd_vel, /odom] 4.71309429804
1592317794.953608036 INFO /robot_move [movement_node.py:57(movement_node.position_notify)] [topics: /obj_detector, /robot_status, /rosout, /cmd_vel, /odom] 4.71309429804
1592317794.992806911 INFO /robot_move [movement_node.py:57(movement_node.position_notify)] [topics: /obj_detector, /robot_status, /rosout, /cmd_vel, /odom] 4.71309429804
