[rospy.client][INFO] 2020-06-16 16:29:44,167: init_node, name[/show_img], pid[10433]
[xmlrpc][INFO] 2020-06-16 16:29:44,174: XML-RPC server binding to 0.0.0.0:0
[xmlrpc][INFO] 2020-06-16 16:29:44,175: Started XML-RPC server [http://jose-Lenovo-V110-15AST:42713/]
[rospy.impl.masterslave][INFO] 2020-06-16 16:29:44,175: _ready: http://jose-Lenovo-V110-15AST:42713/
[rospy.init][INFO] 2020-06-16 16:29:44,176: ROS Slave URI: [http://jose-Lenovo-V110-15AST:42713/]
[xmlrpc][INFO] 2020-06-16 16:29:44,182: xml rpc node: starting XML-RPC server
[rospy.registration][INFO] 2020-06-16 16:29:44,184: Registering with master node http://localhost:11311
[rospy.init][INFO] 2020-06-16 16:29:44,276: registered with master
[rospy.rosout][INFO] 2020-06-16 16:29:44,276: initializing /rosout core topic
[rospy.rosout][INFO] 2020-06-16 16:29:44,288: connected to core topic /rosout
[rospy.simtime][INFO] 2020-06-16 16:29:44,290: /use_sim_time is not set, will not subscribe to simulated time [/clock] topic
[rospy.internal][INFO] 2020-06-16 16:29:44,366: topic[/ready_img] adding connection to [http://jose-Lenovo-V110-15AST:33867/], count 0
[rospy.internal][INFO] 2020-06-16 16:29:44,513: topic[/rosout] adding connection to [/rosout], count 0
[rospy.internal][INFO] 2020-06-16 16:29:45,015: topic[/img_rviz] adding connection to [/rviz], count 0
[rospy.internal][ERROR] 2020-06-16 16:29:55,056: Unable to initiate TCP/IP socket to jose-Lenovo-V110-15AST:45173 (http://jose-Lenovo-V110-15AST:33867/): Traceback (most recent call last):
  File "/opt/ros/melodic/lib/python2.7/dist-packages/rospy/impl/tcpros_base.py", line 562, in connect
    self.read_header()
  File "/opt/ros/melodic/lib/python2.7/dist-packages/rospy/impl/tcpros_base.py", line 657, in read_header
    self._validate_header(read_ros_handshake_header(sock, self.read_buff, self.protocol.buff_size))
  File "/opt/ros/melodic/lib/python2.7/dist-packages/rospy/impl/tcpros_base.py", line 600, in _validate_header
    raise TransportInitError("remote error reported: %s"%header['error'])
TransportInitError: remote error reported: node shutting down

[rospy.core][INFO] 2020-06-16 16:29:55,071: signal_shutdown [signal-2]
[rospy.internal][INFO] 2020-06-16 16:29:55,077: topic[/rosout] removing connection to /rosout
[rospy.internal][INFO] 2020-06-16 16:29:55,079: topic[/img_rviz] removing connection to /rviz
[rospy.internal][INFO] 2020-06-16 16:29:55,079: topic[/ready_img] removing connection to http://jose-Lenovo-V110-15AST:33867/
[rospy.impl.masterslave][INFO] 2020-06-16 16:29:55,079: signal-2
[rospy.core][INFO] 2020-06-16 16:29:55,180: signal_shutdown [atexit]
