[rospy.client][INFO] 2020-06-16 16:21:10,734: init_node, name[/obj_node], pid[9767]
[xmlrpc][INFO] 2020-06-16 16:21:10,738: XML-RPC server binding to 0.0.0.0:0
[rospy.init][INFO] 2020-06-16 16:21:10,744: ROS Slave URI: [http://jose-Lenovo-V110-15AST:35997/]
[xmlrpc][INFO] 2020-06-16 16:21:10,744: Started XML-RPC server [http://jose-Lenovo-V110-15AST:35997/]
[rospy.impl.masterslave][INFO] 2020-06-16 16:21:10,744: _ready: http://jose-Lenovo-V110-15AST:35997/
[xmlrpc][INFO] 2020-06-16 16:21:10,754: xml rpc node: starting XML-RPC server
[rospy.registration][INFO] 2020-06-16 16:21:10,755: Registering with master node http://localhost:11311
[rospy.init][INFO] 2020-06-16 16:21:10,844: registered with master
[rospy.rosout][INFO] 2020-06-16 16:21:10,845: initializing /rosout core topic
[rospy.rosout][INFO] 2020-06-16 16:21:10,860: connected to core topic /rosout
[rospy.simtime][INFO] 2020-06-16 16:21:10,864: /use_sim_time is not set, will not subscribe to simulated time [/clock] topic
[rospy.internal][INFO] 2020-06-16 16:21:11,066: topic[/rosout] adding connection to [/rosout], count 0
[rospy.internal][INFO] 2020-06-16 16:21:11,381: topic[/ready_img] adding connection to [/show_img], count 0
[rospy.internal][INFO] 2020-06-16 16:21:11,998: topic[/obj_detector] adding connection to [/robot_move], count 0
[rospy.internal][INFO] 2020-06-16 16:21:12,000: topic[/robot_status] adding connection to [http://jose-Lenovo-V110-15AST:43543/], count 0
[rospy.core][INFO] 2020-06-16 16:21:36,327: signal_shutdown [signal-2]
[rospy.internal][WARNING] 2020-06-16 16:21:36,335: Unknown error initiating TCP/IP socket to jose-Lenovo-V110-15AST:34363 (http://jose-Lenovo-V110-15AST:43543/): Traceback (most recent call last):
  File "/opt/ros/melodic/lib/python2.7/dist-packages/rospy/impl/tcpros_base.py", line 562, in connect
    self.read_header()
  File "/opt/ros/melodic/lib/python2.7/dist-packages/rospy/impl/tcpros_base.py", line 657, in read_header
    self._validate_header(read_ros_handshake_header(sock, self.read_buff, self.protocol.buff_size))
  File "/opt/ros/melodic/lib/python2.7/dist-packages/rosgraph/network.py", line 357, in read_ros_handshake_header
    d = sock.recv(buff_size)
error: [Errno 104] Connection reset by peer

[rospy.internal][INFO] 2020-06-16 16:21:36,336: topic[/robot_status] removing connection to http://jose-Lenovo-V110-15AST:43543/
[rospy.internal][INFO] 2020-06-16 16:21:36,339: topic[/obj_detector] removing connection to /robot_move
[rospy.internal][INFO] 2020-06-16 16:21:36,340: topic[/rosout] removing connection to /rosout
[rospy.internal][INFO] 2020-06-16 16:21:36,341: topic[/ready_img] removing connection to /show_img
[rospy.impl.masterslave][INFO] 2020-06-16 16:21:36,343: signal-2
[rospy.core][INFO] 2020-06-16 16:21:36,488: signal_shutdown [atexit]
