[rospy.client][INFO] 2020-06-16 16:21:11,808: init_node, name[/robot_move], pid[9768]
[xmlrpc][INFO] 2020-06-16 16:21:11,809: XML-RPC server binding to 0.0.0.0:0
[rospy.init][INFO] 2020-06-16 16:21:11,810: ROS Slave URI: [http://jose-Lenovo-V110-15AST:43543/]
[xmlrpc][INFO] 2020-06-16 16:21:11,810: Started XML-RPC server [http://jose-Lenovo-V110-15AST:43543/]
[rospy.impl.masterslave][INFO] 2020-06-16 16:21:11,811: _ready: http://jose-Lenovo-V110-15AST:43543/
[xmlrpc][INFO] 2020-06-16 16:21:11,811: xml rpc node: starting XML-RPC server
[rospy.registration][INFO] 2020-06-16 16:21:11,812: Registering with master node http://localhost:11311
[rospy.init][INFO] 2020-06-16 16:21:11,911: registered with master
[rospy.rosout][INFO] 2020-06-16 16:21:11,911: initializing /rosout core topic
[rospy.rosout][INFO] 2020-06-16 16:21:11,916: connected to core topic /rosout
[rospy.simtime][INFO] 2020-06-16 16:21:11,918: /use_sim_time is not set, will not subscribe to simulated time [/clock] topic
[rospy.internal][INFO] 2020-06-16 16:21:11,981: topic[/odom] adding connection to [http://jose-Lenovo-V110-15AST:39847/], count 0
[rospy.internal][INFO] 2020-06-16 16:21:11,984: topic[/obj_detector] adding connection to [http://jose-Lenovo-V110-15AST:35997/], count 0
[rospy.internal][INFO] 2020-06-16 16:21:12,006: topic[/robot_status] adding connection to [/obj_node], count 0
[rosout][INFO] 2020-06-16 16:21:12,014: 0.0
[rosout][INFO] 2020-06-16 16:21:12,047: 0.0
[rospy.internal][INFO] 2020-06-16 16:21:12,059: topic[/rosout] adding connection to [/rosout], count 0
[rosout][INFO] 2020-06-16 16:21:12,080: 0.0
[rospy.internal][INFO] 2020-06-16 16:21:12,184: topic[/cmd_vel] adding connection to [/turtlebot3_fake_node], count 0
[rosout][INFO] 2020-06-16 16:21:17,093: 0.0
[rosout][INFO] 2020-06-16 16:21:17,095: 0.75
[rosout][INFO] 2020-06-16 16:21:17,097: 0.0
[rosout][INFO] 2020-06-16 16:21:17,100: 0.75
[rosout][INFO] 2020-06-16 16:21:17,102: 0.0
[rosout][INFO] 2020-06-16 16:21:17,105: 0.75
[rosout][INFO] 2020-06-16 16:21:17,108: 0.0
[rosout][INFO] 2020-06-16 16:21:17,111: 0.75
[rosout][INFO] 2020-06-16 16:21:17,114: 0.0
[rosout][INFO] 2020-06-16 16:21:17,117: 0.75
[rosout][INFO] 2020-06-16 16:21:17,120: 0.0
[rosout][INFO] 2020-06-16 16:21:17,124: 0.75
[rosout][INFO] 2020-06-16 16:21:17,127: 0.0
[rosout][INFO] 2020-06-16 16:21:17,130: 0.75
[rosout][INFO] 2020-06-16 16:21:17,132: 0.0
[rosout][INFO] 2020-06-16 16:21:17,134: 0.75
[rosout][INFO] 2020-06-16 16:21:17,137: 0.0
[rosout][INFO] 2020-06-16 16:21:17,140: 0.75
[rosout][INFO] 2020-06-16 16:21:17,143: 0.0
[rosout][INFO] 2020-06-16 16:21:17,145: 0.75
[rosout][INFO] 2020-06-16 16:21:17,155: 0.0
[rosout][INFO] 2020-06-16 16:21:17,160: 0.75
[rosout][INFO] 2020-06-16 16:21:17,162: 0.0
[rosout][INFO] 2020-06-16 16:21:17,164: 0.75
[rosout][INFO] 2020-06-16 16:21:17,167: 0.0
[rosout][INFO] 2020-06-16 16:21:17,172: 0.75
[rosout][INFO] 2020-06-16 16:21:17,174: 0.0
[rosout][INFO] 2020-06-16 16:21:17,177: 0.75
[rosout][INFO] 2020-06-16 16:21:17,181: 0.0
[rosout][INFO] 2020-06-16 16:21:17,186: 0.75
[rosout][INFO] 2020-06-16 16:21:17,190: 0.0
[rosout][INFO] 2020-06-16 16:21:17,192: 0.75
[rosout][INFO] 2020-06-16 16:21:17,195: 0.0
[rosout][INFO] 2020-06-16 16:21:17,197: 0.75
[rosout][INFO] 2020-06-16 16:21:17,200: 0.0
[rosout][INFO] 2020-06-16 16:21:17,202: 0.75
[rosout][INFO] 2020-06-16 16:21:17,206: 0.0
[rosout][INFO] 2020-06-16 16:21:17,209: 0.75
[rosout][INFO] 2020-06-16 16:21:17,219: 0.0
[rosout][INFO] 2020-06-16 16:21:17,223: 0.75
[rosout][INFO] 2020-06-16 16:21:17,225: 0.0
[rosout][INFO] 2020-06-16 16:21:17,227: 0.75
[rosout][INFO] 2020-06-16 16:21:17,229: 0.0
[rosout][INFO] 2020-06-16 16:21:17,232: 0.75
[rosout][INFO] 2020-06-16 16:21:17,235: 0.0
[rosout][INFO] 2020-06-16 16:21:17,237: 0.75
[rosout][INFO] 2020-06-16 16:21:17,239: 0.0
[rosout][INFO] 2020-06-16 16:21:17,242: 0.75
[rosout][INFO] 2020-06-16 16:21:17,255: 0.0
[rosout][INFO] 2020-06-16 16:21:17,257: 0.75
[rosout][INFO] 2020-06-16 16:21:17,259: 0.0
[rosout][INFO] 2020-06-16 16:21:17,262: 0.75
[rosout][INFO] 2020-06-16 16:21:17,264: 0.0
[rosout][INFO] 2020-06-16 16:21:17,267: 0.75
[rosout][INFO] 2020-06-16 16:21:17,270: 0.0
[rosout][INFO] 2020-06-16 16:21:17,274: 0.75
[rosout][INFO] 2020-06-16 16:21:17,284: 0.0
[rosout][INFO] 2020-06-16 16:21:17,289: 0.75
[rosout][INFO] 2020-06-16 16:21:17,292: 0.0
[rosout][INFO] 2020-06-16 16:21:17,294: 0.75
[rosout][INFO] 2020-06-16 16:21:17,297: 0.0
[rosout][INFO] 2020-06-16 16:21:17,300: 0.75
[rosout][INFO] 2020-06-16 16:21:17,302: 0.0
[rosout][INFO] 2020-06-16 16:21:17,304: 0.75
[rosout][INFO] 2020-06-16 16:21:17,307: 0.0
[rosout][INFO] 2020-06-16 16:21:17,317: 0.75
[rosout][INFO] 2020-06-16 16:21:17,323: 0.0
[rosout][INFO] 2020-06-16 16:21:17,325: 0.75
[rosout][INFO] 2020-06-16 16:21:17,327: 0.0
[rosout][INFO] 2020-06-16 16:21:17,330: 0.75
[rosout][INFO] 2020-06-16 16:21:17,333: 0.0
[rosout][INFO] 2020-06-16 16:21:17,335: 0.75
[rosout][INFO] 2020-06-16 16:21:17,339: 0.0
[rosout][INFO] 2020-06-16 16:21:17,345: 0.75
[rosout][INFO] 2020-06-16 16:21:17,352: 0.0
[rosout][INFO] 2020-06-16 16:21:17,357: 0.75
[rosout][INFO] 2020-06-16 16:21:17,360: 0.0
[rosout][INFO] 2020-06-16 16:21:17,362: 0.75
[rosout][INFO] 2020-06-16 16:21:17,365: 0.0
[rosout][INFO] 2020-06-16 16:21:17,382: 0.75
[rosout][INFO] 2020-06-16 16:21:17,388: 0.0
[rosout][INFO] 2020-06-16 16:21:17,392: 0.75
[rosout][INFO] 2020-06-16 16:21:17,395: 0.0
[rosout][INFO] 2020-06-16 16:21:17,397: 0.75
[rosout][INFO] 2020-06-16 16:21:17,402: 0.0
[rosout][INFO] 2020-06-16 16:21:17,408: 0.75
[rosout][INFO] 2020-06-16 16:21:17,412: 0.0
[rosout][INFO] 2020-06-16 16:21:17,415: 0.75
[rosout][INFO] 2020-06-16 16:21:17,418: 0.0
[rosout][INFO] 2020-06-16 16:21:17,422: 0.75
[rosout][INFO] 2020-06-16 16:21:17,425: 0.0
[rosout][INFO] 2020-06-16 16:21:17,428: 0.75
[rosout][INFO] 2020-06-16 16:21:17,430: 0.0
[rosout][INFO] 2020-06-16 16:21:17,434: 0.75
[rosout][INFO] 2020-06-16 16:21:17,437: 0.0
[rosout][INFO] 2020-06-16 16:21:17,441: 0.75
[rosout][INFO] 2020-06-16 16:21:17,445: 0.0
[rosout][INFO] 2020-06-16 16:21:17,449: 0.75
[rosout][INFO] 2020-06-16 16:21:17,454: 0.0
[rosout][INFO] 2020-06-16 16:21:17,456: 0.75
[rosout][INFO] 2020-06-16 16:21:17,459: 0.0
[rosout][INFO] 2020-06-16 16:21:17,461: 0.75
[rosout][INFO] 2020-06-16 16:21:17,465: 0.0
[rosout][INFO] 2020-06-16 16:21:17,470: 0.75
[rosout][INFO] 2020-06-16 16:21:17,473: 0.0
[rosout][INFO] 2020-06-16 16:21:17,476: 0.75
[rosout][INFO] 2020-06-16 16:21:17,483: 0.0
[rosout][INFO] 2020-06-16 16:21:17,486: 0.75
[rosout][INFO] 2020-06-16 16:21:17,489: 0.0
[rosout][INFO] 2020-06-16 16:21:17,495: 0.75
[rosout][INFO] 2020-06-16 16:21:17,498: 0.0
[rosout][INFO] 2020-06-16 16:21:17,502: 0.75
[rosout][INFO] 2020-06-16 16:21:17,505: 0.0
[rosout][INFO] 2020-06-16 16:21:17,514: 0.75
[rosout][INFO] 2020-06-16 16:21:17,517: 0.0
[rosout][INFO] 2020-06-16 16:21:17,523: 0.75
[rosout][INFO] 2020-06-16 16:21:17,525: 0.0
[rosout][INFO] 2020-06-16 16:21:17,528: 0.75
[rosout][INFO] 2020-06-16 16:21:17,531: 0.0
[rosout][INFO] 2020-06-16 16:21:17,536: 0.75
[rosout][INFO] 2020-06-16 16:21:17,542: 0.0
[rosout][INFO] 2020-06-16 16:21:17,545: 0.75
[rosout][INFO] 2020-06-16 16:21:17,549: 0.0
[rosout][INFO] 2020-06-16 16:21:17,552: 0.75
[rosout][INFO] 2020-06-16 16:21:17,556: 0.0
[rosout][INFO] 2020-06-16 16:21:17,559: 0.75
[rosout][INFO] 2020-06-16 16:21:17,562: 0.0
[rosout][INFO] 2020-06-16 16:21:17,564: 0.75
[rosout][INFO] 2020-06-16 16:21:17,572: 0.0
[rosout][INFO] 2020-06-16 16:21:17,575: 0.75
[rosout][INFO] 2020-06-16 16:21:17,578: 0.0
[rosout][INFO] 2020-06-16 16:21:17,582: 0.75
[rosout][INFO] 2020-06-16 16:21:17,586: 0.0
[rosout][INFO] 2020-06-16 16:21:17,592: 0.75
[rosout][INFO] 2020-06-16 16:21:17,595: 0.0
[rosout][INFO] 2020-06-16 16:21:17,599: 0.75
[rosout][INFO] 2020-06-16 16:21:17,606: 0.0
[rosout][INFO] 2020-06-16 16:21:17,609: 0.75
[rosout][INFO] 2020-06-16 16:21:17,614: 0.0
[rosout][INFO] 2020-06-16 16:21:17,618: 0.75
[rosout][INFO] 2020-06-16 16:21:17,622: 0.0
[rosout][INFO] 2020-06-16 16:21:17,625: 0.75
[rosout][INFO] 2020-06-16 16:21:17,628: 0.0
[rosout][INFO] 2020-06-16 16:21:17,633: 0.75
[rosout][INFO] 2020-06-16 16:21:17,639: 0.0
[rosout][INFO] 2020-06-16 16:21:17,642: 0.75
[rosout][INFO] 2020-06-16 16:21:17,645: 0.0
[rosout][INFO] 2020-06-16 16:21:17,649: 0.75
[rosout][INFO] 2020-06-16 16:21:17,652: 0.0
[rosout][INFO] 2020-06-16 16:21:17,656: 0.75
[rosout][INFO] 2020-06-16 16:21:17,659: 0.0
[rosout][INFO] 2020-06-16 16:21:17,662: 0.75
[rosout][INFO] 2020-06-16 16:21:17,666: 0.0
[rosout][INFO] 2020-06-16 16:21:17,669: 0.75
[rosout][INFO] 2020-06-16 16:21:17,674: 0.0
[rosout][INFO] 2020-06-16 16:21:17,677: 0.75
[rosout][INFO] 2020-06-16 16:21:17,683: 0.0
[rosout][INFO] 2020-06-16 16:21:17,685: 0.75
[rosout][INFO] 2020-06-16 16:21:17,690: 0.0
[rosout][INFO] 2020-06-16 16:21:17,693: 0.75
[rosout][INFO] 2020-06-16 16:21:17,697: 0.0
[rosout][INFO] 2020-06-16 16:21:17,702: 0.75
[rosout][INFO] 2020-06-16 16:21:17,709: 0.0
[rosout][INFO] 2020-06-16 16:21:17,714: 0.75
[rosout][INFO] 2020-06-16 16:21:17,716: 0.0
[rosout][INFO] 2020-06-16 16:21:17,719: 0.75
[rosout][INFO] 2020-06-16 16:21:17,723: 0.0
[rosout][INFO] 2020-06-16 16:21:17,728: 0.75
[rosout][INFO] 2020-06-16 16:21:17,732: 0.0
[rosout][INFO] 2020-06-16 16:21:17,736: 0.75
[rosout][INFO] 2020-06-16 16:21:17,739: 0.0
[rosout][INFO] 2020-06-16 16:21:17,742: 0.75
[rosout][INFO] 2020-06-16 16:21:17,746: 0.0
[rosout][INFO] 2020-06-16 16:21:17,750: 0.75
[rosout][INFO] 2020-06-16 16:21:17,753: 0.0
[rosout][INFO] 2020-06-16 16:21:17,758: 0.75
[rosout][INFO] 2020-06-16 16:21:17,763: 0.0
[rosout][INFO] 2020-06-16 16:21:17,767: 0.75
[rosout][INFO] 2020-06-16 16:21:17,770: 0.0
[rosout][INFO] 2020-06-16 16:21:17,773: 0.75
[rosout][INFO] 2020-06-16 16:21:17,785: 0.0
[rosout][INFO] 2020-06-16 16:21:17,789: 0.75
[rosout][INFO] 2020-06-16 16:21:17,793: 0.0
[rosout][INFO] 2020-06-16 16:21:17,798: 0.75
[rosout][INFO] 2020-06-16 16:21:17,801: 0.0
[rosout][INFO] 2020-06-16 16:21:17,808: 0.75
[rosout][INFO] 2020-06-16 16:21:17,811: 0.0
[rosout][INFO] 2020-06-16 16:21:17,815: 0.75
[rosout][INFO] 2020-06-16 16:21:17,818: 0.0
[rosout][INFO] 2020-06-16 16:21:17,823: 0.75
[rosout][INFO] 2020-06-16 16:21:17,827: 0.0
[rosout][INFO] 2020-06-16 16:21:17,831: 0.75
[rosout][INFO] 2020-06-16 16:21:17,834: 0.0
[rosout][INFO] 2020-06-16 16:21:17,841: 0.75
[rosout][INFO] 2020-06-16 16:21:17,844: 0.0
[rosout][INFO] 2020-06-16 16:21:17,847: 0.75
[rosout][INFO] 2020-06-16 16:21:17,852: 0.0
[rosout][INFO] 2020-06-16 16:21:17,856: 0.75
[rosout][INFO] 2020-06-16 16:21:17,860: 0.0
[rosout][INFO] 2020-06-16 16:21:17,867: 0.75
[rosout][INFO] 2020-06-16 16:21:17,871: 0.0
[rosout][INFO] 2020-06-16 16:21:17,875: 0.75
[rosout][INFO] 2020-06-16 16:21:17,878: 0.0
[rosout][INFO] 2020-06-16 16:21:17,881: 0.75
[rosout][INFO] 2020-06-16 16:21:17,891: 0.0
[rosout][INFO] 2020-06-16 16:21:17,895: 0.75
[rosout][INFO] 2020-06-16 16:21:17,898: 0.0
[rosout][INFO] 2020-06-16 16:21:17,901: 0.75
[rosout][INFO] 2020-06-16 16:21:17,906: 0.0
[rosout][INFO] 2020-06-16 16:21:17,908: 0.75
[rosout][INFO] 2020-06-16 16:21:17,913: 0.0
[rosout][INFO] 2020-06-16 16:21:17,917: 0.75
[rosout][INFO] 2020-06-16 16:21:17,924: 0.0
[rosout][INFO] 2020-06-16 16:21:17,930: 0.75
[rosout][INFO] 2020-06-16 16:21:17,934: 0.0
[rosout][INFO] 2020-06-16 16:21:17,937: 0.75
[rosout][INFO] 2020-06-16 16:21:17,941: 0.0
[rosout][INFO] 2020-06-16 16:21:17,943: 0.75
[rosout][INFO] 2020-06-16 16:21:17,947: 0.0
[rosout][INFO] 2020-06-16 16:21:17,952: 0.75
[rosout][INFO] 2020-06-16 16:21:17,957: 0.0
[rosout][INFO] 2020-06-16 16:21:17,960: 0.75
[rosout][INFO] 2020-06-16 16:21:17,963: 0.0
[rosout][INFO] 2020-06-16 16:21:17,965: 0.75
[rosout][INFO] 2020-06-16 16:21:17,978: 0.0
[rosout][INFO] 2020-06-16 16:21:17,982: 0.75
[rosout][INFO] 2020-06-16 16:21:17,988: 0.0
[rosout][INFO] 2020-06-16 16:21:17,994: 0.75
[rosout][INFO] 2020-06-16 16:21:17,998: 0.0
[rosout][INFO] 2020-06-16 16:21:18,001: 0.75
[rosout][INFO] 2020-06-16 16:21:18,004: 0.0
[rosout][INFO] 2020-06-16 16:21:18,007: 0.75
[rosout][INFO] 2020-06-16 16:21:18,010: 0.0
[rosout][INFO] 2020-06-16 16:21:18,017: 0.75
[rosout][INFO] 2020-06-16 16:21:18,021: 0.0
[rosout][INFO] 2020-06-16 16:21:18,027: 0.75
[rosout][INFO] 2020-06-16 16:21:18,031: 0.0
[rosout][INFO] 2020-06-16 16:21:18,035: 0.75
[rosout][INFO] 2020-06-16 16:21:18,038: 0.0
[rosout][INFO] 2020-06-16 16:21:18,048: 0.75
[rosout][INFO] 2020-06-16 16:21:18,056: 0.0
[rosout][INFO] 2020-06-16 16:21:18,061: 0.75
[rosout][INFO] 2020-06-16 16:21:18,064: 0.0
[rosout][INFO] 2020-06-16 16:21:18,070: 0.75
[rosout][INFO] 2020-06-16 16:21:18,073: 0.0
[rosout][INFO] 2020-06-16 16:21:18,090: 0.75
[rosout][INFO] 2020-06-16 16:21:18,095: 0.0
[rosout][INFO] 2020-06-16 16:21:18,097: 0.75
[rosout][INFO] 2020-06-16 16:21:18,100: 0.0
[rosout][INFO] 2020-06-16 16:21:18,103: 0.75
[rosout][INFO] 2020-06-16 16:21:18,118: 0.0
[rosout][INFO] 2020-06-16 16:21:18,121: 0.75
[rosout][INFO] 2020-06-16 16:21:18,124: 0.0
[rosout][INFO] 2020-06-16 16:21:18,127: 0.75
[rosout][INFO] 2020-06-16 16:21:18,130: 0.0
[rosout][INFO] 2020-06-16 16:21:18,133: 0.75
[rosout][INFO] 2020-06-16 16:21:18,136: 0.0
[rosout][INFO] 2020-06-16 16:21:18,151: 0.75
[rosout][INFO] 2020-06-16 16:21:18,155: 0.0
[rosout][INFO] 2020-06-16 16:21:18,157: 0.75
[rosout][INFO] 2020-06-16 16:21:18,161: 0.0
[rosout][INFO] 2020-06-16 16:21:18,165: 0.75
[rosout][INFO] 2020-06-16 16:21:18,169: 0.0
[rosout][INFO] 2020-06-16 16:21:18,176: 0.75
[rosout][INFO] 2020-06-16 16:21:18,181: 0.0
[rosout][INFO] 2020-06-16 16:21:18,185: 0.75
[rosout][INFO] 2020-06-16 16:21:18,192: 0.0
[rosout][INFO] 2020-06-16 16:21:18,195: 0.75
[rosout][INFO] 2020-06-16 16:21:18,197: 0.0
[rosout][INFO] 2020-06-16 16:21:18,200: 0.75
[rosout][INFO] 2020-06-16 16:21:18,205: 0.0
[rosout][INFO] 2020-06-16 16:21:18,212: 0.75
[rosout][INFO] 2020-06-16 16:21:18,217: 0.0
[rosout][INFO] 2020-06-16 16:21:18,220: 0.75
[rosout][INFO] 2020-06-16 16:21:18,222: 0.0
[rosout][INFO] 2020-06-16 16:21:18,225: 0.75
[rosout][INFO] 2020-06-16 16:21:18,227: 0.0
[rosout][INFO] 2020-06-16 16:21:18,230: 0.75
[rosout][INFO] 2020-06-16 16:21:18,232: 0.0
[rosout][INFO] 2020-06-16 16:21:18,239: 0.75
[rosout][INFO] 2020-06-16 16:21:18,245: 0.0
[rosout][INFO] 2020-06-16 16:21:18,249: 0.75
[rosout][INFO] 2020-06-16 16:21:18,254: 0.0
[rosout][INFO] 2020-06-16 16:21:18,257: 0.75
[rosout][INFO] 2020-06-16 16:21:18,260: 0.0
[rosout][INFO] 2020-06-16 16:21:18,263: 0.75
[rosout][INFO] 2020-06-16 16:21:18,265: 0.0
[rosout][INFO] 2020-06-16 16:21:18,270: 0.75
[rosout][INFO] 2020-06-16 16:21:18,274: 0.0
[rosout][INFO] 2020-06-16 16:21:18,278: 0.75
[rosout][INFO] 2020-06-16 16:21:18,281: 0.0
[rosout][INFO] 2020-06-16 16:21:18,284: 0.75
[rosout][INFO] 2020-06-16 16:21:18,287: 0.0
[rosout][INFO] 2020-06-16 16:21:18,293: 0.75
[rosout][INFO] 2020-06-16 16:21:18,297: 0.0
[rosout][INFO] 2020-06-16 16:21:18,301: 0.75
[rosout][INFO] 2020-06-16 16:21:18,304: 0.0
[rosout][INFO] 2020-06-16 16:21:18,307: 0.75
[rosout][INFO] 2020-06-16 16:21:18,311: 0.0
[rosout][INFO] 2020-06-16 16:21:18,315: 0.75
[rosout][INFO] 2020-06-16 16:21:18,318: 0.0
[rosout][INFO] 2020-06-16 16:21:18,321: 0.75
[rosout][INFO] 2020-06-16 16:21:18,324: 0.0249895174056
[rosout][INFO] 2020-06-16 16:21:18,327: 0.75
[rosout][INFO] 2020-06-16 16:21:18,330: 0.0500278547406
[rosout][INFO] 2020-06-16 16:21:18,333: 0.75
[rosout][INFO] 2020-06-16 16:21:18,338: 0.0750327184796
[rosout][INFO] 2020-06-16 16:21:18,347: 0.75
[rosout][INFO] 2020-06-16 16:21:18,351: 0.100163929164
[rosout][INFO] 2020-06-16 16:21:18,355: 0.75
[rosout][INFO] 2020-06-16 16:21:18,358: 0.125018984079
[rosout][INFO] 2020-06-16 16:21:18,361: 0.75
[rosout][INFO] 2020-06-16 16:21:18,368: 0.149997979403
[rosout][INFO] 2020-06-16 16:21:18,377: 0.75
[rosout][INFO] 2020-06-16 16:21:18,380: 0.174988329411
[rosout][INFO] 2020-06-16 16:21:18,383: 0.75
[rosout][INFO] 2020-06-16 16:21:18,386: 0.199998065829
[rosout][INFO] 2020-06-16 16:21:18,389: 0.75
[rosout][INFO] 2020-06-16 16:21:18,392: 0.224997699261
[rosout][INFO] 2020-06-16 16:21:18,394: 0.75
[rosout][INFO] 2020-06-16 16:21:18,401: 0.249992027879
[rosout][INFO] 2020-06-16 16:21:18,406: 0.75
[rosout][INFO] 2020-06-16 16:21:18,410: 0.274994850159
[rosout][INFO] 2020-06-16 16:21:18,413: 0.75
[rosout][INFO] 2020-06-16 16:21:18,416: 0.30000180006
[rosout][INFO] 2020-06-16 16:21:18,419: 0.75
[rosout][INFO] 2020-06-16 16:21:18,423: 0.325002789497
[rosout][INFO] 2020-06-16 16:21:18,426: 0.75
[rosout][INFO] 2020-06-16 16:21:18,429: 0.349999159575
[rosout][INFO] 2020-06-16 16:21:18,434: 0.75
[rosout][INFO] 2020-06-16 16:21:18,437: 0.375022470951
[rosout][INFO] 2020-06-16 16:21:18,441: 0.75
[rosout][INFO] 2020-06-16 16:21:18,445: 0.399997115135
[rosout][INFO] 2020-06-16 16:21:18,449: 0.75
[rosout][INFO] 2020-06-16 16:21:18,452: 0.425161480904
[rosout][INFO] 2020-06-16 16:21:18,455: 0.75
[rosout][INFO] 2020-06-16 16:21:18,458: 0.450026959181
[rosout][INFO] 2020-06-16 16:21:18,471: 0.75
[rosout][INFO] 2020-06-16 16:21:18,475: 0.47499281168
[rosout][INFO] 2020-06-16 16:21:18,477: 0.75
[rosout][INFO] 2020-06-16 16:21:18,482: 0.500003159046
[rosout][INFO] 2020-06-16 16:21:18,485: 0.75
[rosout][INFO] 2020-06-16 16:21:18,490: 0.524996995926
[rosout][INFO] 2020-06-16 16:21:18,495: 0.75
[rosout][INFO] 2020-06-16 16:21:18,500: 0.550008177757
[rosout][INFO] 2020-06-16 16:21:18,510: 0.75
[rosout][INFO] 2020-06-16 16:21:18,514: 0.575001060963
[rosout][INFO] 2020-06-16 16:21:18,519: 0.75
[rosout][INFO] 2020-06-16 16:21:18,522: 0.600026488304
[rosout][INFO] 2020-06-16 16:21:18,526: 0.75
[rosout][INFO] 2020-06-16 16:21:18,530: 0.624998629093
[rosout][INFO] 2020-06-16 16:21:18,533: 0.75
[rosout][INFO] 2020-06-16 16:21:18,538: 0.650012671947
[rosout][INFO] 2020-06-16 16:21:18,542: 0.75
[rosout][INFO] 2020-06-16 16:21:18,545: 0.675048530102
[rosout][INFO] 2020-06-16 16:21:18,548: 0.75
[rosout][INFO] 2020-06-16 16:21:18,552: 0.699995338917
[rosout][INFO] 2020-06-16 16:21:18,563: 0.75
[rosout][INFO] 2020-06-16 16:21:18,566: 0.725002944469
[rosout][INFO] 2020-06-16 16:21:18,569: 0.750001847744
[rosout][INFO] 2020-06-16 16:21:18,573: 0.775006473064
[rosout][INFO] 2020-06-16 16:21:18,576: 0.800001204014
[rosout][INFO] 2020-06-16 16:21:18,581: 0.824999332428
[rosout][INFO] 2020-06-16 16:21:18,584: 0.84999704361
[rosout][INFO] 2020-06-16 16:21:18,597: 0.874995529652
[rosout][INFO] 2020-06-16 16:21:18,601: 0.8999979496
[rosout][INFO] 2020-06-16 16:21:18,603: 0.925015389919
[rosout][INFO] 2020-06-16 16:21:18,607: 0.950015306473
[rosout][INFO] 2020-06-16 16:21:18,611: 0.975002348423
[rosout][INFO] 2020-06-16 16:21:18,615: 1.00002336502
[rosout][INFO] 2020-06-16 16:21:18,618: 1.02499377728
[rosout][INFO] 2020-06-16 16:21:18,624: 1.04999387264
[rosout][INFO] 2020-06-16 16:21:18,627: 1.07499992847
[rosout][INFO] 2020-06-16 16:21:18,633: 1.09999358654
[rosout][INFO] 2020-06-16 16:21:18,636: 1.10166084766
[rosout][INFO] 2020-06-16 16:21:18,659: 1.10333621502
[rosout][INFO] 2020-06-16 16:21:18,681: 1.10500097275
[rosout][INFO] 2020-06-16 16:21:18,723: 1.10666167736
[rosout][INFO] 2020-06-16 16:21:18,767: 1.10832738876
[rosout][INFO] 2020-06-16 16:21:18,815: 1.10999417305
[rosout][INFO] 2020-06-16 16:21:18,820: 1.1116604805
[rosout][INFO] 2020-06-16 16:21:18,858: 1.11334228516
[rosout][INFO] 2020-06-16 16:21:18,880: 1.11499369144
[rosout][INFO] 2020-06-16 16:21:18,922: 1.1166613102
[rosout][INFO] 2020-06-16 16:21:18,967: 1.11832940578
[rosout][INFO] 2020-06-16 16:21:19,011: 1.11999666691
[rosout][INFO] 2020-06-16 16:21:19,055: 1.1216609478
[rosout][INFO] 2020-06-16 16:21:19,060: 1.12333357334
[rosout][INFO] 2020-06-16 16:21:19,099: 1.12499964237
[rosout][INFO] 2020-06-16 16:21:19,113: 1.12666618824
[rosout][INFO] 2020-06-16 16:21:19,155: 1.12833762169
[rosout][INFO] 2020-06-16 16:21:19,199: 1.13000035286
[rosout][INFO] 2020-06-16 16:21:19,243: 1.13166689873
[rosout][INFO] 2020-06-16 16:21:19,287: 1.13332700729
[rosout][INFO] 2020-06-16 16:21:19,292: 1.13500022888
[rosout][INFO] 2020-06-16 16:21:19,330: 1.13666677475
[rosout][INFO] 2020-06-16 16:21:19,347: 1.13832712173
[rosout][INFO] 2020-06-16 16:21:19,390: 1.14000153542
[rosout][INFO] 2020-06-16 16:21:19,434: 1.14166009426
[rosout][INFO] 2020-06-16 16:21:19,478: 1.14332711697
[rosout][INFO] 2020-06-16 16:21:19,523: 1.14499378204
[rosout][INFO] 2020-06-16 16:21:19,526: 1.14666056633
[rosout][INFO] 2020-06-16 16:21:19,567: 1.14832723141
[rosout][INFO] 2020-06-16 16:21:19,580: 1.14999496937
[rosout][INFO] 2020-06-16 16:21:19,623: 1.15166032314
[rosout][INFO] 2020-06-16 16:21:19,667: 1.15332913399
[rosout][INFO] 2020-06-16 16:21:19,711: 1.15499520302
[rosout][INFO] 2020-06-16 16:21:19,755: 1.15666055679
[rosout][INFO] 2020-06-16 16:21:19,758: 1.15832781792
[rosout][INFO] 2020-06-16 16:21:19,799: 1.15999495983
[rosout][INFO] 2020-06-16 16:21:19,813: 1.16166174412
[rosout][INFO] 2020-06-16 16:21:19,854: 1.16332685947
[rosout][INFO] 2020-06-16 16:21:19,899: 1.16499388218
[rosout][INFO] 2020-06-16 16:21:19,943: 1.16666591167
[rosout][INFO] 2020-06-16 16:21:19,986: 1.16833841801
[rosout][INFO] 2020-06-16 16:21:19,990: 1.1700001955
[rosout][INFO] 2020-06-16 16:21:20,031: 1.17166054249
[rosout][INFO] 2020-06-16 16:21:20,047: 1.17333471775
[rosout][INFO] 2020-06-16 16:21:20,091: 1.17499399185
[rosout][INFO] 2020-06-16 16:21:20,135: 1.1766667366
[rosout][INFO] 2020-06-16 16:21:20,179: 1.17833292484
[rosout][INFO] 2020-06-16 16:21:20,223: 1.17999362946
[rosout][INFO] 2020-06-16 16:21:20,227: 1.1816598177
[rosout][INFO] 2020-06-16 16:21:20,266: 1.18333411217
[rosout][INFO] 2020-06-16 16:21:20,280: 1.18499946594
[rosout][INFO] 2020-06-16 16:21:20,323: 1.18666005135
[rosout][INFO] 2020-06-16 16:21:20,366: 1.18832659721
[rosout][INFO] 2020-06-16 16:21:20,413: 1.18999314308
[rosout][INFO] 2020-06-16 16:21:20,455: 1.19179189205
[rosout][INFO] 2020-06-16 16:21:20,458: 1.19332659245
[rosout][INFO] 2020-06-16 16:21:20,499: 1.19499325752
[rosout][INFO] 2020-06-16 16:21:20,514: 1.19666028023
[rosout][INFO] 2020-06-16 16:21:20,555: 1.19832706451
[rosout][INFO] 2020-06-16 16:21:20,603: 1.19999611378
[rosout][INFO] 2020-06-16 16:21:20,651: 1.20166003704
[rosout][INFO] 2020-06-16 16:21:20,655: 1.20333325863
[rosout][INFO] 2020-06-16 16:21:20,695: 1.20499968529
[rosout][INFO] 2020-06-16 16:21:20,714: 1.20666635036
[rosout][INFO] 2020-06-16 16:21:20,755: 1.20833790302
[rosout][INFO] 2020-06-16 16:21:20,799: 1.20999991894
[rosout][INFO] 2020-06-16 16:21:20,843: 1.21166658401
[rosout][INFO] 2020-06-16 16:21:20,891: 1.21332633495
[rosout][INFO] 2020-06-16 16:21:20,894: 1.21500337124
[rosout][INFO] 2020-06-16 16:21:20,935: 1.21666014194
[rosout][INFO] 2020-06-16 16:21:20,947: 1.21833443642
[rosout][INFO] 2020-06-16 16:21:20,990: 1.22000014782
[rosout][INFO] 2020-06-16 16:21:21,035: 1.22167015076
[rosout][INFO] 2020-06-16 16:21:21,079: 1.22333467007
[rosout][INFO] 2020-06-16 16:21:21,123: 1.22499501705
[rosout][INFO] 2020-06-16 16:21:21,126: 1.22666680813
[rosout][INFO] 2020-06-16 16:21:21,171: 1.22832655907
[rosout][INFO] 2020-06-16 16:21:21,181: 1.2299939394
[rosout][INFO] 2020-06-16 16:21:21,223: 1.23166012764
[rosout][INFO] 2020-06-16 16:21:21,271: 1.23332691193
[rosout][INFO] 2020-06-16 16:21:21,315: 1.23499727249
[rosout][INFO] 2020-06-16 16:21:21,319: 1.23665988445
[rosout][INFO] 2020-06-16 16:21:21,359: 1.23832643032
[rosout][INFO] 2020-06-16 16:21:21,381: 1.24001920223
[rosout][INFO] 2020-06-16 16:21:21,423: 1.24165964127
[rosout][INFO] 2020-06-16 16:21:21,467: 1.24332714081
[rosout][INFO] 2020-06-16 16:21:21,511: 1.24499332905
[rosout][INFO] 2020-06-16 16:21:21,559: 1.24665999413
[rosout][INFO] 2020-06-16 16:21:21,562: 1.24832642078
[rosout][INFO] 2020-06-16 16:21:21,603: 1.2500013113
[rosout][INFO] 2020-06-16 16:21:21,614: 1.25166046619
[rosout][INFO] 2020-06-16 16:21:21,655: 1.25332701206
[rosout][INFO] 2020-06-16 16:21:21,699: 1.25499975681
[rosout][INFO] 2020-06-16 16:21:21,743: 1.25666344166
[rosout][INFO] 2020-06-16 16:21:21,787: 1.25832653046
[rosout][INFO] 2020-06-16 16:21:21,791: 1.25999343395
[rosout][INFO] 2020-06-16 16:21:21,835: 1.26166713238
[rosout][INFO] 2020-06-16 16:21:21,847: 1.26333904266
[rosout][INFO] 2020-06-16 16:21:21,891: 1.26499319077
[rosout][INFO] 2020-06-16 16:21:21,935: 1.26666069031
[rosout][INFO] 2020-06-16 16:21:21,979: 1.26832675934
[rosout][INFO] 2020-06-16 16:21:22,023: 1.27004683018
[rosout][INFO] 2020-06-16 16:21:22,025: 1.27166032791
[rosout][INFO] 2020-06-16 16:21:22,067: 1.27332723141
[rosout][INFO] 2020-06-16 16:21:22,081: 1.27499377728
[rosout][INFO] 2020-06-16 16:21:22,123: 1.27666044235
[rosout][INFO] 2020-06-16 16:21:22,167: 1.27832686901
[rosout][INFO] 2020-06-16 16:21:22,211: 1.27999472618
[rosout][INFO] 2020-06-16 16:21:22,255: 1.28166031837
[rosout][INFO] 2020-06-16 16:21:22,258: 1.2833340168
[rosout][INFO] 2020-06-16 16:21:22,299: 1.2849984169
[rosout][INFO] 2020-06-16 16:21:22,314: 1.28666675091
[rosout][INFO] 2020-06-16 16:21:22,355: 1.28833389282
[rosout][INFO] 2020-06-16 16:21:22,399: 1.28999376297
[rosout][INFO] 2020-06-16 16:21:22,443: 1.29166686535
[rosout][INFO] 2020-06-16 16:21:22,487: 1.29333913326
[rosout][INFO] 2020-06-16 16:21:22,492: 1.29499959946
[rosout][INFO] 2020-06-16 16:21:22,531: 1.29666638374
[rosout][INFO] 2020-06-16 16:21:22,547: 1.29833483696
[rosout][INFO] 2020-06-16 16:21:22,591: 1.29999983311
[rosout][INFO] 2020-06-16 16:21:22,635: 1.3016667366
[rosout][INFO] 2020-06-16 16:21:22,679: 1.30333435535
[rosout][INFO] 2020-06-16 16:21:22,723: 1.30499458313
[rosout][INFO] 2020-06-16 16:21:22,726: 1.30666697025
[rosout][INFO] 2020-06-16 16:21:22,767: 1.30832910538
[rosout][INFO] 2020-06-16 16:21:22,781: 1.30999457836
[rosout][INFO] 2020-06-16 16:21:22,823: 1.31166052818
[rosout][INFO] 2020-06-16 16:21:22,867: 1.31332683563
[rosout][INFO] 2020-06-16 16:21:22,911: 1.31499350071
[rosout][INFO] 2020-06-16 16:21:22,955: 1.31667554379
[rosout][INFO] 2020-06-16 16:21:22,958: 1.31832683086
[rosout][INFO] 2020-06-16 16:21:22,999: 1.31999325752
[rosout][INFO] 2020-06-16 16:21:23,013: 1.32165968418
[rosout][INFO] 2020-06-16 16:21:23,055: 1.32333385944
[rosout][INFO] 2020-06-16 16:21:23,099: 1.32499980927
[rosout][INFO] 2020-06-16 16:21:23,143: 1.32666683197
[rosout][INFO] 2020-06-16 16:21:23,187: 1.32833397388
[rosout][INFO] 2020-06-16 16:21:23,191: 1.32999992371
[rosout][INFO] 2020-06-16 16:21:23,235: 1.33167040348
[rosout][INFO] 2020-06-16 16:21:23,247: 1.33333742619
[rosout][INFO] 2020-06-16 16:21:23,291: 1.33500003815
[rosout][INFO] 2020-06-16 16:21:23,335: 1.33666694164
[rosout][INFO] 2020-06-16 16:21:23,378: 1.33832669258
[rosout][INFO] 2020-06-16 16:21:23,423: 1.33999323845
[rosout][INFO] 2020-06-16 16:21:23,427: 1.34166705608
[rosout][INFO] 2020-06-16 16:21:23,467: 1.34332883358
[rosout][INFO] 2020-06-16 16:21:23,481: 1.34500348568
[rosout][INFO] 2020-06-16 16:21:23,522: 1.34666705132
[rosout][INFO] 2020-06-16 16:21:23,567: 1.34832692146
[rosout][INFO] 2020-06-16 16:21:23,611: 1.34999573231
[rosout][INFO] 2020-06-16 16:21:23,655: 1.35166120529
[rosout][INFO] 2020-06-16 16:21:23,657: 1.35332715511
[rosout][INFO] 2020-06-16 16:21:23,699: 1.3549939394
[rosout][INFO] 2020-06-16 16:21:23,713: 1.35666072369
[rosout][INFO] 2020-06-16 16:21:23,755: 1.35832691193
[rosout][INFO] 2020-06-16 16:21:23,799: 1.35999310017
[rosout][INFO] 2020-06-16 16:21:23,843: 1.36166572571
[rosout][INFO] 2020-06-16 16:21:23,887: 1.36332666874
[rosout][INFO] 2020-06-16 16:21:23,890: 1.36499369144
[rosout][INFO] 2020-06-16 16:21:23,931: 1.36666703224
[rosout][INFO] 2020-06-16 16:21:23,947: 1.36833405495
[rosout][INFO] 2020-06-16 16:21:23,991: 1.37000000477
[rosout][INFO] 2020-06-16 16:21:24,035: 1.37166678905
[rosout][INFO] 2020-06-16 16:21:24,079: 1.37333762646
[rosout][INFO] 2020-06-16 16:21:24,123: 1.37499451637
[rosout][INFO] 2020-06-16 16:21:24,127: 1.37666809559
[rosout][INFO] 2020-06-16 16:21:24,167: 1.37832665443
[rosout][INFO] 2020-06-16 16:21:24,180: 1.37999987602
[rosout][INFO] 2020-06-16 16:21:24,223: 1.38166725636
[rosout][INFO] 2020-06-16 16:21:24,267: 1.38333511353
[rosout][INFO] 2020-06-16 16:21:24,311: 1.38500034809
[rosout][INFO] 2020-06-16 16:21:24,355: 1.38666057587
[rosout][INFO] 2020-06-16 16:21:24,357: 1.38832688332
[rosout][INFO] 2020-06-16 16:21:24,399: 1.38999342918
[rosout][INFO] 2020-06-16 16:21:24,414: 1.39166009426
[rosout][INFO] 2020-06-16 16:21:24,455: 1.39332675934
[rosout][INFO] 2020-06-16 16:21:24,499: 1.39499378204
[rosout][INFO] 2020-06-16 16:21:24,543: 1.39666044712
[rosout][INFO] 2020-06-16 16:21:24,587: 1.39832746983
[rosout][INFO] 2020-06-16 16:21:24,590: 1.39999461174
[rosout][INFO] 2020-06-16 16:21:24,631: 1.40166568756
[rosout][INFO] 2020-06-16 16:21:24,647: 1.40333378315
[rosout][INFO] 2020-06-16 16:21:24,691: 1.40499973297
[rosout][INFO] 2020-06-16 16:21:24,735: 1.40666639805
[rosout][INFO] 2020-06-16 16:21:24,779: 1.40833342075
[rosout][INFO] 2020-06-16 16:21:24,823: 1.40999412537
[rosout][INFO] 2020-06-16 16:21:24,826: 1.4116666317
[rosout][INFO] 2020-06-16 16:21:24,867: 1.41333401203
[rosout][INFO] 2020-06-16 16:21:24,880: 1.41499996185
[rosout][INFO] 2020-06-16 16:21:24,923: 1.4166662693
[rosout][INFO] 2020-06-16 16:21:24,967: 1.41833436489
[rosout][INFO] 2020-06-16 16:21:25,011: 1.41999983788
[rosout][INFO] 2020-06-16 16:21:25,055: 1.42166018486
[rosout][INFO] 2020-06-16 16:21:25,059: 1.42333638668
[rosout][INFO] 2020-06-16 16:21:25,099: 1.42499375343
[rosout][INFO] 2020-06-16 16:21:25,114: 1.42666637897
[rosout][INFO] 2020-06-16 16:21:25,155: 1.42832708359
[rosout][INFO] 2020-06-16 16:21:25,199: 1.42999315262
[rosout][INFO] 2020-06-16 16:21:25,243: 1.43166017532
[rosout][INFO] 2020-06-16 16:21:25,287: 1.43332910538
[rosout][INFO] 2020-06-16 16:21:25,290: 1.43499362469
[rosout][INFO] 2020-06-16 16:21:25,331: 1.43666064739
[rosout][INFO] 2020-06-16 16:21:25,347: 1.43832671642
[rosout][INFO] 2020-06-16 16:21:25,391: 1.4399933815
[rosout][INFO] 2020-06-16 16:21:25,435: 1.44166564941
[rosout][INFO] 2020-06-16 16:21:25,479: 1.4433273077
[rosout][INFO] 2020-06-16 16:21:25,523: 1.44499337673
[rosout][INFO] 2020-06-16 16:21:25,526: 1.44665968418
[rosout][INFO] 2020-06-16 16:21:25,567: 1.44833505154
[rosout][INFO] 2020-06-16 16:21:25,580: 1.44999969006
[rosout][INFO] 2020-06-16 16:21:25,623: 1.45166122913
[rosout][INFO] 2020-06-16 16:21:25,666: 1.45333397388
[rosout][INFO] 2020-06-16 16:21:25,715: 1.45499968529
[rosout][INFO] 2020-06-16 16:21:25,719: 1.45666742325
[rosout][INFO] 2020-06-16 16:21:25,759: 1.45833444595
[rosout][INFO] 2020-06-16 16:21:25,780: 1.45999979973
[rosout][INFO] 2020-06-16 16:21:25,823: 1.46166801453
[rosout][INFO] 2020-06-16 16:21:25,867: 1.46332716942
[rosout][INFO] 2020-06-16 16:21:25,911: 1.46500015259
[rosout][INFO] 2020-06-16 16:21:25,955: 1.46666038036
[rosout][INFO] 2020-06-16 16:21:25,959: 1.46832668781
[rosout][INFO] 2020-06-16 16:21:25,999: 1.46999406815
[rosout][INFO] 2020-06-16 16:21:26,013: 1.47165966034
[rosout][INFO] 2020-06-16 16:21:26,054: 1.47332644463
[rosout][INFO] 2020-06-16 16:21:26,099: 1.47499382496
[rosout][INFO] 2020-06-16 16:21:26,143: 1.47666013241
[rosout][INFO] 2020-06-16 16:21:26,187: 1.47833502293
[rosout][INFO] 2020-06-16 16:21:26,190: 1.47999358177
[rosout][INFO] 2020-06-16 16:21:26,231: 1.48166573048
[rosout][INFO] 2020-06-16 16:21:26,247: 1.48333311081
[rosout][INFO] 2020-06-16 16:21:26,291: 1.48500299454
[rosout][INFO] 2020-06-16 16:21:26,335: 1.48666656017
[rosout][INFO] 2020-06-16 16:21:26,378: 1.48832654953
[rosout][INFO] 2020-06-16 16:21:26,423: 1.4899930954
[rosout][INFO] 2020-06-16 16:21:26,426: 1.49166786671
[rosout][INFO] 2020-06-16 16:21:26,467: 1.49333846569
[rosout][INFO] 2020-06-16 16:21:26,480: 1.49500107765
[rosout][INFO] 2020-06-16 16:21:26,523: 1.49666655064
[rosout][INFO] 2020-06-16 16:21:26,567: 1.49832713604
[rosout][INFO] 2020-06-16 16:21:26,611: 1.49999964237
[rosout][INFO] 2020-06-16 16:21:26,655: 1.50166010857
[rosout][INFO] 2020-06-16 16:21:26,658: 1.50333726406
[rosout][INFO] 2020-06-16 16:21:26,699: 1.5049932003
[rosout][INFO] 2020-06-16 16:21:26,714: 1.50666546822
[rosout][INFO] 2020-06-16 16:21:26,754: 1.50832688808
[rosout][INFO] 2020-06-16 16:21:26,803: 1.50999319553
[rosout][INFO] 2020-06-16 16:21:26,847: 1.51166033745
[rosout][INFO] 2020-06-16 16:21:26,891: 1.51333606243
[rosout][INFO] 2020-06-16 16:21:26,894: 1.51499330997
[rosout][INFO] 2020-06-16 16:21:26,935: 1.51665985584
[rosout][INFO] 2020-06-16 16:21:26,947: 1.51832449436
[rosout][INFO] 2020-06-16 16:21:26,995: 1.51999413967
[rosout][INFO] 2020-06-16 16:21:27,039: 1.52165925503
[rosout][INFO] 2020-06-16 16:21:27,083: 1.52332651615
[rosout][INFO] 2020-06-16 16:21:27,085: 1.52499830723
[rosout][INFO] 2020-06-16 16:21:27,127: 1.52665948868
[rosout][INFO] 2020-06-16 16:21:27,147: 1.52833378315
[rosout][INFO] 2020-06-16 16:21:27,191: 1.52999305725
[rosout][INFO] 2020-06-16 16:21:27,235: 1.53166627884
[rosout][INFO] 2020-06-16 16:21:27,279: 1.53333556652
[rosout][INFO] 2020-06-16 16:21:27,323: 1.53499436378
[rosout][INFO] 2020-06-16 16:21:27,329: 1.53666639328
[rosout][INFO] 2020-06-16 16:21:27,366: 1.53833413124
[rosout][INFO] 2020-06-16 16:21:27,381: 1.54001712799
[rosout][INFO] 2020-06-16 16:21:27,423: 1.54166972637
[rosout][INFO] 2020-06-16 16:21:27,467: 1.54333746433
[rosout][INFO] 2020-06-16 16:21:27,511: 1.54499316216
[rosout][INFO] 2020-06-16 16:21:27,555: 1.54665982723
[rosout][INFO] 2020-06-16 16:21:27,558: 1.54832804203
[rosout][INFO] 2020-06-16 16:21:27,599: 1.54999423027
[rosout][INFO] 2020-06-16 16:21:27,613: 1.55165994167
[rosout][INFO] 2020-06-16 16:21:27,655: 1.55332684517
[rosout][INFO] 2020-06-16 16:21:27,699: 1.55499327183
[rosout][INFO] 2020-06-16 16:21:27,743: 1.55665946007
[rosout][INFO] 2020-06-16 16:21:27,787: 1.55832624435
[rosout][INFO] 2020-06-16 16:21:27,790: 1.55999279022
[rosout][INFO] 2020-06-16 16:21:27,830: 1.5616594553
[rosout][INFO] 2020-06-16 16:21:27,847: 1.56332755089
[rosout][INFO] 2020-06-16 16:21:27,891: 1.56499540806
[rosout][INFO] 2020-06-16 16:21:27,934: 1.56666064262
[rosout][INFO] 2020-06-16 16:21:27,979: 1.56832635403
[rosout][INFO] 2020-06-16 16:21:28,023: 1.56999385357
[rosout][INFO] 2020-06-16 16:21:28,026: 1.57165980339
[rosout][INFO] 2020-06-16 16:21:28,067: 1.57333254814
[rosout][INFO] 2020-06-16 16:21:28,080: 1.57499349117
[rosout][INFO] 2020-06-16 16:21:28,122: 1.5766595602
[rosout][INFO] 2020-06-16 16:21:28,166: 1.57832634449
[rosout][INFO] 2020-06-16 16:21:28,210: 1.57999277115
[rosout][INFO] 2020-06-16 16:21:28,255: 1.58166468143
[rosout][INFO] 2020-06-16 16:21:28,259: 1.58332622051
[rosout][INFO] 2020-06-16 16:21:28,299: 1.58499276638
[rosout][INFO] 2020-06-16 16:21:28,313: 1.58666014671
[rosout][INFO] 2020-06-16 16:21:28,359: 1.58832907677
[rosout][INFO] 2020-06-16 16:21:28,402: 1.58999288082
[rosout][INFO] 2020-06-16 16:21:28,447: 1.59166049957
[rosout][INFO] 2020-06-16 16:21:28,491: 1.59333240986
[rosout][INFO] 2020-06-16 16:21:28,494: 1.59499275684
[rosout][INFO] 2020-06-16 16:21:28,534: 1.59666001797
[rosout][INFO] 2020-06-16 16:21:28,548: 1.59832715988
[rosout][INFO] 2020-06-16 16:21:28,590: 1.60000824928
[rosout][INFO] 2020-06-16 16:21:28,639: 1.60165989399
[rosout][INFO] 2020-06-16 16:21:28,683: 1.60332894325
[rosout][INFO] 2020-06-16 16:21:28,685: 1.60499310493
[rosout][INFO] 2020-06-16 16:21:28,727: 1.60666704178
[rosout][INFO] 2020-06-16 16:21:28,747: 1.60832607746
[rosout][INFO] 2020-06-16 16:21:28,791: 1.60999929905
[rosout][INFO] 2020-06-16 16:21:28,835: 1.61166155338
[rosout][INFO] 2020-06-16 16:21:28,883: 1.61332607269
[rosout][INFO] 2020-06-16 16:21:28,887: 1.61499929428
[rosout][INFO] 2020-06-16 16:21:28,927: 1.61666953564
[rosout][INFO] 2020-06-16 16:21:28,947: 1.61833584309
[rosout][INFO] 2020-06-16 16:21:28,990: 1.61999940872
[rosout][INFO] 2020-06-16 16:21:29,035: 1.62166774273
[rosout][INFO] 2020-06-16 16:21:29,079: 1.62333369255
[rosout][INFO] 2020-06-16 16:21:29,123: 1.62499535084
[rosout][INFO] 2020-06-16 16:21:29,127: 1.62666594982
[rosout][INFO] 2020-06-16 16:21:29,167: 1.62832653522
[rosout][INFO] 2020-06-16 16:21:29,180: 1.62999272346
[rosout][INFO] 2020-06-16 16:21:29,222: 1.6316614151
[rosout][INFO] 2020-06-16 16:21:29,267: 1.63332664967
[rosout][INFO] 2020-06-16 16:21:29,311: 1.63499343395
[rosout][INFO] 2020-06-16 16:21:29,354: 1.63666141033
[rosout][INFO] 2020-06-16 16:21:29,357: 1.63832652569
[rosout][INFO] 2020-06-16 16:21:29,399: 1.6399923563
[rosout][INFO] 2020-06-16 16:21:29,413: 1.64165937901
[rosout][INFO] 2020-06-16 16:21:29,454: 1.6433262825
[rosout][INFO] 2020-06-16 16:21:29,499: 1.64499258995
[rosout][INFO] 2020-06-16 16:21:29,543: 1.64666557312
[rosout][INFO] 2020-06-16 16:21:29,587: 1.64833378792
[rosout][INFO] 2020-06-16 16:21:29,591: 1.64999294281
[rosout][INFO] 2020-06-16 16:21:29,631: 1.65165925026
[rosout][INFO] 2020-06-16 16:21:29,647: 1.65332603455
[rosout][INFO] 2020-06-16 16:21:29,691: 1.6549949646
[rosout][INFO] 2020-06-16 16:21:29,734: 1.65666615963
[rosout][INFO] 2020-06-16 16:21:29,778: 1.65832591057
[rosout][INFO] 2020-06-16 16:21:29,823: 1.65999281406
[rosout][INFO] 2020-06-16 16:21:29,827: 1.66165912151
[rosout][INFO] 2020-06-16 16:21:29,867: 1.66333389282
[rosout][INFO] 2020-06-16 16:21:29,880: 1.66499865055
[rosout][INFO] 2020-06-16 16:21:29,923: 1.66666007042
[rosout][INFO] 2020-06-16 16:21:29,967: 1.66832625866
[rosout][INFO] 2020-06-16 16:21:30,011: 1.66999292374
[rosout][INFO] 2020-06-16 16:21:30,055: 1.6716606617
[rosout][INFO] 2020-06-16 16:21:30,058: 1.67332756519
[rosout][INFO] 2020-06-16 16:21:30,099: 1.67499303818
[rosout][INFO] 2020-06-16 16:21:30,115: 1.67665958405
[rosout][INFO] 2020-06-16 16:21:30,155: 1.67832708359
[rosout][INFO] 2020-06-16 16:21:30,199: 1.67999339104
[rosout][INFO] 2020-06-16 16:21:30,243: 1.6816599369
[rosout][INFO] 2020-06-16 16:21:30,291: 1.68332636356
[rosout][INFO] 2020-06-16 16:21:30,294: 1.68499314785
[rosout][INFO] 2020-06-16 16:21:30,335: 1.6866594553
[rosout][INFO] 2020-06-16 16:21:30,347: 1.68832612038
[rosout][INFO] 2020-06-16 16:21:30,391: 1.6899933815
[rosout][INFO] 2020-06-16 16:21:30,434: 1.69165968895
[rosout][INFO] 2020-06-16 16:21:30,479: 1.69332635403
[rosout][INFO] 2020-06-16 16:21:30,523: 1.69499409199
[rosout][INFO] 2020-06-16 16:21:30,528: 1.69666624069
[rosout][INFO] 2020-06-16 16:21:30,566: 1.69833707809
[rosout][INFO] 2020-06-16 16:21:30,580: 1.69999945164
[rosout][INFO] 2020-06-16 16:21:30,623: 1.70165979862
[rosout][INFO] 2020-06-16 16:21:30,667: 1.70333611965
[rosout][INFO] 2020-06-16 16:21:30,711: 1.70499956608
[rosout][INFO] 2020-06-16 16:21:30,755: 1.70666229725
[rosout][INFO] 2020-06-16 16:21:30,758: 1.70832633972
[rosout][INFO] 2020-06-16 16:21:30,799: 1.70999312401
[rosout][INFO] 2020-06-16 16:21:30,813: 1.71165978909
[rosout][INFO] 2020-06-16 16:21:30,854: 1.71332681179
[rosout][INFO] 2020-06-16 16:21:30,899: 1.71499311924
[rosout][INFO] 2020-06-16 16:21:30,943: 1.71665990353
[rosout][INFO] 2020-06-16 16:21:30,986: 1.71832633018
[rosout][INFO] 2020-06-16 16:21:30,991: 1.71999239922
[rosout][INFO] 2020-06-16 16:21:31,030: 1.7216591835
[rosout][INFO] 2020-06-16 16:21:31,047: 1.72332620621
[rosout][INFO] 2020-06-16 16:21:31,090: 1.72499263287
[rosout][INFO] 2020-06-16 16:21:31,135: 1.72665953636
[rosout][INFO] 2020-06-16 16:21:31,179: 1.72833371162
[rosout][INFO] 2020-06-16 16:21:31,223: 1.72999298573
[rosout][INFO] 2020-06-16 16:21:31,226: 1.73166680336
[rosout][INFO] 2020-06-16 16:21:31,267: 1.73332846165
[rosout][INFO] 2020-06-16 16:21:31,280: 1.73499274254
[rosout][INFO] 2020-06-16 16:21:31,323: 1.73665928841
[rosout][INFO] 2020-06-16 16:21:31,366: 1.73833572865
[rosout][INFO] 2020-06-16 16:21:31,410: 1.73999273777
[rosout][INFO] 2020-06-16 16:21:31,455: 1.74165952206
[rosout][INFO] 2020-06-16 16:21:31,458: 1.7433334589
[rosout][INFO] 2020-06-16 16:21:31,499: 1.744992733
[rosout][INFO] 2020-06-16 16:21:31,514: 1.74665999413
[rosout][INFO] 2020-06-16 16:21:31,555: 1.74832582474
[rosout][INFO] 2020-06-16 16:21:31,599: 1.74999475479
[rosout][INFO] 2020-06-16 16:21:31,643: 1.75165939331
[rosout][INFO] 2020-06-16 16:21:31,687: 1.75332605839
[rosout][INFO] 2020-06-16 16:21:31,691: 1.75499260426
[rosout][INFO] 2020-06-16 16:21:31,731: 1.75665843487
[rosout][INFO] 2020-06-16 16:21:31,747: 1.75832664967
[rosout][INFO] 2020-06-16 16:21:31,791: 1.7599927187
[rosout][INFO] 2020-06-16 16:21:31,835: 1.76165938377
[rosout][INFO] 2020-06-16 16:21:31,879: 1.76333284378
[rosout][INFO] 2020-06-16 16:21:31,923: 1.76499259472
[rosout][INFO] 2020-06-16 16:21:31,926: 1.76666069031
[rosout][INFO] 2020-06-16 16:21:31,967: 1.76833355427
[rosout][INFO] 2020-06-16 16:21:31,980: 1.76999950409
[rosout][INFO] 2020-06-16 16:21:32,023: 1.77166485786
[rosout][INFO] 2020-06-16 16:21:32,067: 1.77333724499
[rosout][INFO] 2020-06-16 16:21:32,115: 1.77499949932
[rosout][INFO] 2020-06-16 16:21:32,119: 1.77666592598
[rosout][INFO] 2020-06-16 16:21:32,159: 1.77832639217
[rosout][INFO] 2020-06-16 16:21:32,180: 1.77999854088
[rosout][INFO] 2020-06-16 16:21:32,223: 1.78166568279
[rosout][INFO] 2020-06-16 16:21:32,267: 1.78333365917
[rosout][INFO] 2020-06-16 16:21:32,310: 1.78499317169
[rosout][INFO] 2020-06-16 16:21:32,354: 1.78666353226
[rosout][INFO] 2020-06-16 16:21:32,357: 1.78832685947
[rosout][INFO] 2020-06-16 16:21:32,399: 1.7899928093
[rosout][INFO] 2020-06-16 16:21:32,413: 1.79165899754
[rosout][INFO] 2020-06-16 16:21:32,455: 1.79332578182
[rosout][INFO] 2020-06-16 16:21:32,499: 1.79499220848
[rosout][INFO] 2020-06-16 16:21:32,542: 1.79665887356
[rosout][INFO] 2020-06-16 16:21:32,587: 1.79832756519
[rosout][INFO] 2020-06-16 16:21:32,590: 1.79999315739
[rosout][INFO] 2020-06-16 16:21:32,631: 1.80165934563
[rosout][INFO] 2020-06-16 16:21:32,647: 1.8033260107
[rosout][INFO] 2020-06-16 16:21:32,690: 1.80499255657
[rosout][INFO] 2020-06-16 16:21:32,735: 1.80666160583
[rosout][INFO] 2020-06-16 16:21:32,779: 1.8083370924
[rosout][INFO] 2020-06-16 16:21:32,827: 1.81002855301
[rosout][INFO] 2020-06-16 16:21:32,830: 1.81166827679
[rosout][INFO] 2020-06-16 16:21:32,875: 1.81332623959
[rosout][INFO] 2020-06-16 16:21:32,880: 1.81499886513
[rosout][INFO] 2020-06-16 16:21:32,923: 1.81666088104
[rosout][INFO] 2020-06-16 16:21:32,966: 1.8183311224
[rosout][INFO] 2020-06-16 16:21:33,011: 1.81999254227
[rosout][INFO] 2020-06-16 16:21:33,055: 1.82167172432
[rosout][INFO] 2020-06-16 16:21:33,057: 1.82333648205
[rosout][INFO] 2020-06-16 16:21:33,099: 1.82499277592
[rosout][INFO] 2020-06-16 16:21:33,113: 1.82665884495
[rosout][INFO] 2020-06-16 16:21:33,154: 1.82832753658
[rosout][INFO] 2020-06-16 16:21:33,199: 1.82999312878
[rosout][INFO] 2020-06-16 16:21:33,243: 1.83165943623
[rosout][INFO] 2020-06-16 16:21:33,287: 1.83332681656
[rosout][INFO] 2020-06-16 16:21:33,290: 1.8349930048
[rosout][INFO] 2020-06-16 16:21:33,330: 1.83666026592
[rosout][INFO] 2020-06-16 16:21:33,347: 1.83832657337
[rosout][INFO] 2020-06-16 16:21:33,390: 1.83999323845
[rosout][INFO] 2020-06-16 16:21:33,434: 1.84165930748
[rosout][INFO] 2020-06-16 16:21:33,478: 1.84332609177
[rosout][INFO] 2020-06-16 16:21:33,522: 1.84500920773
[rosout][INFO] 2020-06-16 16:21:33,526: 1.84665942192
[rosout][INFO] 2020-06-16 16:21:33,567: 1.84832596779
[rosout][INFO] 2020-06-16 16:21:33,580: 1.8500007391
[rosout][INFO] 2020-06-16 16:21:33,623: 1.85166609287
[rosout][INFO] 2020-06-16 16:21:33,666: 1.85333681107
[rosout][INFO] 2020-06-16 16:21:33,711: 1.85500049591
[rosout][INFO] 2020-06-16 16:21:33,755: 1.85665953159
[rosout][INFO] 2020-06-16 16:21:33,760: 1.85833764076
[rosout][INFO] 2020-06-16 16:21:33,799: 1.85999941826
[rosout][INFO] 2020-06-16 16:21:33,814: 1.86165940762
[rosout][INFO] 2020-06-16 16:21:33,855: 1.86333358288
[rosout][INFO] 2020-06-16 16:21:33,903: 1.86499249935
[rosout][INFO] 2020-06-16 16:21:33,951: 1.86665928364
[rosout][INFO] 2020-06-16 16:21:33,955: 1.86832618713
[rosout][INFO] 2020-06-16 16:21:33,999: 1.86999297142
[rosout][INFO] 2020-06-16 16:21:34,014: 1.87166070938
[rosout][INFO] 2020-06-16 16:21:34,055: 1.87332773209
[rosout][INFO] 2020-06-16 16:21:34,099: 1.87499284744
[rosout][INFO] 2020-06-16 16:21:34,143: 1.8766592741
[rosout][INFO] 2020-06-16 16:21:34,187: 1.87832605839
[rosout][INFO] 2020-06-16 16:21:34,190: 1.8799932003
[rosout][INFO] 2020-06-16 16:21:34,231: 1.88165926933
[rosout][INFO] 2020-06-16 16:21:34,247: 1.88333332539
[rosout][INFO] 2020-06-16 16:21:34,291: 1.88499927521
[rosout][INFO] 2020-06-16 16:21:34,335: 1.8866597414
[rosout][INFO] 2020-06-16 16:21:34,378: 1.88833379745
[rosout][INFO] 2020-06-16 16:21:34,423: 1.88999307156
[rosout][INFO] 2020-06-16 16:21:34,425: 1.8916592598
[rosout][INFO] 2020-06-16 16:21:34,467: 1.89332723618
[rosout][INFO] 2020-06-16 16:21:34,480: 1.894993186
[rosout][INFO] 2020-06-16 16:21:34,523: 1.89666450024
[rosout][INFO] 2020-06-16 16:21:34,567: 1.89833700657
[rosout][INFO] 2020-06-16 16:21:34,610: 1.89999592304
[rosout][INFO] 2020-06-16 16:21:34,655: 1.90166854858
[rosout][INFO] 2020-06-16 16:21:34,658: 1.90333771706
[rosout][INFO] 2020-06-16 16:21:34,699: 1.90499925613
[rosout][INFO] 2020-06-16 16:21:34,714: 1.90666735172
[rosout][INFO] 2020-06-16 16:21:34,754: 1.90832555294
[rosout][INFO] 2020-06-16 16:21:34,799: 1.90999317169
[rosout][INFO] 2020-06-16 16:21:34,842: 1.91165935993
[rosout][INFO] 2020-06-16 16:21:34,887: 1.91333127022
[rosout][INFO] 2020-06-16 16:21:34,890: 1.9149929285
[rosout][INFO] 2020-06-16 16:21:34,931: 1.91665923595
[rosout][INFO] 2020-06-16 16:21:34,947: 1.91832602024
[rosout][INFO] 2020-06-16 16:21:34,991: 1.91999220848
[rosout][INFO] 2020-06-16 16:21:35,039: 1.92165982723
[rosout][INFO] 2020-06-16 16:21:35,083: 1.92332613468
[rosout][INFO] 2020-06-16 16:21:35,086: 1.92499923706
[rosout][INFO] 2020-06-16 16:21:35,127: 1.92665922642
[rosout][INFO] 2020-06-16 16:21:35,147: 1.9283336401
[rosout][INFO] 2020-06-16 16:21:35,195: 1.92999899387
[rosout][INFO] 2020-06-16 16:21:35,239: 1.931661129
[rosout][INFO] 2020-06-16 16:21:35,283: 1.93333363533
[rosout][INFO] 2020-06-16 16:21:35,286: 1.93499898911
[rosout][INFO] 2020-06-16 16:21:35,327: 1.93666565418
[rosout][INFO] 2020-06-16 16:21:35,347: 1.93833315372
[rosout][INFO] 2020-06-16 16:21:35,391: 1.93999254704
[rosout][INFO] 2020-06-16 16:21:35,435: 1.94166564941
[rosout][INFO] 2020-06-16 16:21:35,479: 1.94333481789
[rosout][INFO] 2020-06-16 16:21:35,523: 1.94499361515
[rosout][INFO] 2020-06-16 16:21:35,527: 1.94666564465
[rosout][INFO] 2020-06-16 16:21:35,567: 1.94833338261
[rosout][INFO] 2020-06-16 16:21:35,581: 1.94999456406
[rosout][INFO] 2020-06-16 16:21:35,622: 1.95166134834
[rosout][INFO] 2020-06-16 16:21:35,667: 1.95332658291
[rosout][INFO] 2020-06-16 16:21:35,711: 1.95499265194
[rosout][INFO] 2020-06-16 16:21:35,755: 1.95665919781
[rosout][INFO] 2020-06-16 16:21:35,758: 1.95832645893
[rosout][INFO] 2020-06-16 16:21:35,799: 1.95999252796
[rosout][INFO] 2020-06-16 16:21:35,813: 1.96165955067
[rosout][INFO] 2020-06-16 16:21:35,854: 1.96333229542
[rosout][INFO] 2020-06-16 16:21:35,899: 1.9649990797
[rosout][INFO] 2020-06-16 16:21:35,943: 1.96666145325
[rosout][INFO] 2020-06-16 16:21:35,987: 1.96833539009
[rosout][INFO] 2020-06-16 16:21:35,990: 1.96999943256
[rosout][INFO] 2020-06-16 16:21:36,031: 1.97166609764
[rosout][INFO] 2020-06-16 16:21:36,047: 1.97333705425
[rosout][INFO] 2020-06-16 16:21:36,091: 1.97499895096
[rosout][INFO] 2020-06-16 16:21:36,135: 1.97666585445
[rosout][INFO] 2020-06-16 16:21:36,179: 1.97833442688
[rosout][INFO] 2020-06-16 16:21:36,223: 1.97999370098
[rosout][INFO] 2020-06-16 16:21:36,226: 1.98166584969
[rosout][INFO] 2020-06-16 16:21:36,267: 1.98332738876
[rosout][INFO] 2020-06-16 16:21:36,280: 1.98499238491
[rospy.core][INFO] 2020-06-16 16:21:36,318: signal_shutdown [signal-2]
[rospy.internal][INFO] 2020-06-16 16:21:36,328: topic[/robot_status] removing connection to /obj_node
[rospy.internal][INFO] 2020-06-16 16:21:36,329: topic[/rosout] removing connection to /rosout
[rospy.internal][INFO] 2020-06-16 16:21:36,330: topic[/cmd_vel] removing connection to /turtlebot3_fake_node
[rospy.internal][INFO] 2020-06-16 16:21:36,330: topic[/obj_detector] removing connection to http://jose-Lenovo-V110-15AST:35997/
[rospy.internal][INFO] 2020-06-16 16:21:36,331: topic[/odom] removing connection to http://jose-Lenovo-V110-15AST:39847/
[rospy.impl.masterslave][INFO] 2020-06-16 16:21:36,334: signal-2
[rosout][INFO] 2020-06-16 16:21:36,323: 1.98665952682
[rospy.core][INFO] 2020-06-16 16:21:36,474: signal_shutdown [atexit]
