[INFO] [1592317272.014322]: 0.0
[INFO] [1592317272.047360]: 0.0
[INFO] [1592317272.080617]: 0.0
[INFO] [1592317277.093379]: 0.0
[INFO] [1592317277.095831]: 0.75
[INFO] [1592317277.098066]: 0.0
[INFO] [1592317277.100643]: 0.75
[INFO] [1592317277.102807]: 0.0
[INFO] [1592317277.105719]: 0.75
[INFO] [1592317277.109161]: 0.0
[INFO] [1592317277.111896]: 0.75
[INFO] [1592317277.114715]: 0.0
[INFO] [1592317277.117972]: 0.75
[INFO] [1592317277.121166]: 0.0
[INFO] [1592317277.125125]: 0.75
[INFO] [1592317277.128051]: 0.0
[INFO] [1592317277.130136]: 0.75
[INFO] [1592317277.132268]: 0.0
[INFO] [1592317277.134744]: 0.75
[INFO] [1592317277.137602]: 0.0
[INFO] [1592317277.140927]: 0.75
[INFO] [1592317277.143406]: 0.0
[INFO] [1592317277.145834]: 0.75
[INFO] [1592317277.155315]: 0.0
[INFO] [1592317277.160405]: 0.75
[INFO] [1592317277.162533]: 0.0
[INFO] [1592317277.164565]: 0.75
[INFO] [1592317277.167160]: 0.0
[INFO] [1592317277.172487]: 0.75
[INFO] [1592317277.174916]: 0.0
[INFO] [1592317277.177188]: 0.75
[INFO] [1592317277.181468]: 0.0
[INFO] [1592317277.186297]: 0.75
[INFO] [1592317277.190639]: 0.0
[INFO] [1592317277.193043]: 0.75
[INFO] [1592317277.195373]: 0.0
[INFO] [1592317277.197698]: 0.75
[INFO] [1592317277.200320]: 0.0
[INFO] [1592317277.202695]: 0.75
[INFO] [1592317277.206737]: 0.0
[INFO] [1592317277.209197]: 0.75
[INFO] [1592317277.220132]: 0.0
[INFO] [1592317277.223675]: 0.75
[INFO] [1592317277.225801]: 0.0
[INFO] [1592317277.227909]: 0.75
[INFO] [1592317277.230086]: 0.0
[INFO] [1592317277.232498]: 0.75
[INFO] [1592317277.235191]: 0.0
[INFO] [1592317277.237612]: 0.75
[INFO] [1592317277.239969]: 0.0
[INFO] [1592317277.242231]: 0.75
[INFO] [1592317277.255582]: 0.0
[INFO] [1592317277.257614]: 0.75
[INFO] [1592317277.259766]: 0.0
[INFO] [1592317277.262266]: 0.75
[INFO] [1592317277.264727]: 0.0
[INFO] [1592317277.267349]: 0.75
[INFO] [1592317277.271006]: 0.0
[INFO] [1592317277.274166]: 0.75
[INFO] [1592317277.285360]: 0.0
[INFO] [1592317277.289619]: 0.75
[INFO] [1592317277.292347]: 0.0
[INFO] [1592317277.294828]: 0.75
[INFO] [1592317277.297462]: 0.0
[INFO] [1592317277.300245]: 0.75
[INFO] [1592317277.302683]: 0.0
[INFO] [1592317277.305029]: 0.75
[INFO] [1592317277.307511]: 0.0
[INFO] [1592317277.318069]: 0.75
[INFO] [1592317277.323199]: 0.0
[INFO] [1592317277.325555]: 0.75
[INFO] [1592317277.327995]: 0.0
[INFO] [1592317277.330266]: 0.75
[INFO] [1592317277.333240]: 0.0
[INFO] [1592317277.335552]: 0.75
[INFO] [1592317277.339239]: 0.0
[INFO] [1592317277.346080]: 0.75
[INFO] [1592317277.352412]: 0.0
[INFO] [1592317277.357793]: 0.75
[INFO] [1592317277.360244]: 0.0
[INFO] [1592317277.362893]: 0.75
[INFO] [1592317277.365401]: 0.0
[INFO] [1592317277.382732]: 0.75
[INFO] [1592317277.388623]: 0.0
[INFO] [1592317277.392517]: 0.75
[INFO] [1592317277.395540]: 0.0
[INFO] [1592317277.398036]: 0.75
[INFO] [1592317277.402269]: 0.0
[INFO] [1592317277.409922]: 0.75
[INFO] [1592317277.412546]: 0.0
[INFO] [1592317277.415825]: 0.75
[INFO] [1592317277.419082]: 0.0
[INFO] [1592317277.422962]: 0.75
[INFO] [1592317277.425946]: 0.0
[INFO] [1592317277.428336]: 0.75
[INFO] [1592317277.430856]: 0.0
[INFO] [1592317277.434311]: 0.75
[INFO] [1592317277.437201]: 0.0
[INFO] [1592317277.441651]: 0.75
[INFO] [1592317277.445639]: 0.0
[INFO] [1592317277.449309]: 0.75
[INFO] [1592317277.454292]: 0.0
[INFO] [1592317277.456730]: 0.75
[INFO] [1592317277.459246]: 0.0
[INFO] [1592317277.462042]: 0.75
[INFO] [1592317277.465626]: 0.0
[INFO] [1592317277.471013]: 0.75
[INFO] [1592317277.473800]: 0.0
[INFO] [1592317277.476398]: 0.75
[INFO] [1592317277.483608]: 0.0
[INFO] [1592317277.486800]: 0.75
[INFO] [1592317277.490977]: 0.0
[INFO] [1592317277.496175]: 0.75
[INFO] [1592317277.498933]: 0.0
[INFO] [1592317277.502570]: 0.75
[INFO] [1592317277.505242]: 0.0
[INFO] [1592317277.514501]: 0.75
[INFO] [1592317277.517815]: 0.0
[INFO] [1592317277.523521]: 0.75
[INFO] [1592317277.526093]: 0.0
[INFO] [1592317277.528510]: 0.75
[INFO] [1592317277.531627]: 0.0
[INFO] [1592317277.536983]: 0.75
[INFO] [1592317277.542797]: 0.0
[INFO] [1592317277.545359]: 0.75
[INFO] [1592317277.549938]: 0.0
[INFO] [1592317277.552467]: 0.75
[INFO] [1592317277.557010]: 0.0
[INFO] [1592317277.559461]: 0.75
[INFO] [1592317277.562435]: 0.0
[INFO] [1592317277.565161]: 0.75
[INFO] [1592317277.572618]: 0.0
[INFO] [1592317277.575817]: 0.75
[INFO] [1592317277.578906]: 0.0
[INFO] [1592317277.582358]: 0.75
[INFO] [1592317277.587066]: 0.0
[INFO] [1592317277.592742]: 0.75
[INFO] [1592317277.595853]: 0.0
[INFO] [1592317277.600052]: 0.75
[INFO] [1592317277.606441]: 0.0
[INFO] [1592317277.609662]: 0.75
[INFO] [1592317277.614944]: 0.0
[INFO] [1592317277.618661]: 0.75
[INFO] [1592317277.623322]: 0.0
[INFO] [1592317277.625930]: 0.75
[INFO] [1592317277.628810]: 0.0
[INFO] [1592317277.634116]: 0.75
[INFO] [1592317277.639629]: 0.0
[INFO] [1592317277.642594]: 0.75
[INFO] [1592317277.645444]: 0.0
[INFO] [1592317277.650033]: 0.75
[INFO] [1592317277.652563]: 0.0
[INFO] [1592317277.656381]: 0.75
[INFO] [1592317277.659204]: 0.0
[INFO] [1592317277.662656]: 0.75
[INFO] [1592317277.667062]: 0.0
[INFO] [1592317277.670124]: 0.75
[INFO] [1592317277.674317]: 0.0
[INFO] [1592317277.677504]: 0.75
[INFO] [1592317277.683578]: 0.0
[INFO] [1592317277.686034]: 0.75
[INFO] [1592317277.690630]: 0.0
[INFO] [1592317277.694120]: 0.75
[INFO] [1592317277.697459]: 0.0
[INFO] [1592317277.702807]: 0.75
[INFO] [1592317277.709714]: 0.0
[INFO] [1592317277.714199]: 0.75
[INFO] [1592317277.716868]: 0.0
[INFO] [1592317277.719286]: 0.75
[INFO] [1592317277.723989]: 0.0
[INFO] [1592317277.728200]: 0.75
[INFO] [1592317277.732434]: 0.0
[INFO] [1592317277.736274]: 0.75
[INFO] [1592317277.739956]: 0.0
[INFO] [1592317277.743594]: 0.75
[INFO] [1592317277.746322]: 0.0
[INFO] [1592317277.751401]: 0.75
[INFO] [1592317277.754123]: 0.0
[INFO] [1592317277.759413]: 0.75
[INFO] [1592317277.763693]: 0.0
[INFO] [1592317277.767460]: 0.75
[INFO] [1592317277.770966]: 0.0
[INFO] [1592317277.774191]: 0.75
[INFO] [1592317277.786223]: 0.0
[INFO] [1592317277.790049]: 0.75
[INFO] [1592317277.793999]: 0.0
[INFO] [1592317277.798401]: 0.75
[INFO] [1592317277.802011]: 0.0
[INFO] [1592317277.808926]: 0.75
[INFO] [1592317277.812036]: 0.0
[INFO] [1592317277.815530]: 0.75
[INFO] [1592317277.818503]: 0.0
[INFO] [1592317277.823841]: 0.75
[INFO] [1592317277.828098]: 0.0
[INFO] [1592317277.831506]: 0.75
[INFO] [1592317277.835338]: 0.0
[INFO] [1592317277.841206]: 0.75
[INFO] [1592317277.844498]: 0.0
[INFO] [1592317277.847824]: 0.75
[INFO] [1592317277.852572]: 0.0
[INFO] [1592317277.857170]: 0.75
[INFO] [1592317277.861153]: 0.0
[INFO] [1592317277.868041]: 0.75
[INFO] [1592317277.871423]: 0.0
[INFO] [1592317277.876041]: 0.75
[INFO] [1592317277.878721]: 0.0
[INFO] [1592317277.881448]: 0.75
[INFO] [1592317277.891680]: 0.0
[INFO] [1592317277.895779]: 0.75
[INFO] [1592317277.899054]: 0.0
[INFO] [1592317277.901858]: 0.75
[INFO] [1592317277.906574]: 0.0
[INFO] [1592317277.909118]: 0.75
[INFO] [1592317277.913975]: 0.0
[INFO] [1592317277.917849]: 0.75
[INFO] [1592317277.924702]: 0.0
[INFO] [1592317277.930808]: 0.75
[INFO] [1592317277.934711]: 0.0
[INFO] [1592317277.937491]: 0.75
[INFO] [1592317277.941287]: 0.0
[INFO] [1592317277.943753]: 0.75
[INFO] [1592317277.947270]: 0.0
[INFO] [1592317277.953144]: 0.75
[INFO] [1592317277.958090]: 0.0
[INFO] [1592317277.960944]: 0.75
[INFO] [1592317277.963448]: 0.0
[INFO] [1592317277.965882]: 0.75
[INFO] [1592317277.978207]: 0.0
[INFO] [1592317277.983106]: 0.75
[INFO] [1592317277.989127]: 0.0
[INFO] [1592317277.994529]: 0.75
[INFO] [1592317277.998488]: 0.0
[INFO] [1592317278.001596]: 0.75
[INFO] [1592317278.004812]: 0.0
[INFO] [1592317278.008024]: 0.75
[INFO] [1592317278.010908]: 0.0
[INFO] [1592317278.017694]: 0.75
[INFO] [1592317278.021891]: 0.0
[INFO] [1592317278.027678]: 0.75
[INFO] [1592317278.031587]: 0.0
[INFO] [1592317278.035697]: 0.75
[INFO] [1592317278.038737]: 0.0
[INFO] [1592317278.049230]: 0.75
[INFO] [1592317278.056765]: 0.0
[INFO] [1592317278.061603]: 0.75
[INFO] [1592317278.064753]: 0.0
[INFO] [1592317278.070511]: 0.75
[INFO] [1592317278.073575]: 0.0
[INFO] [1592317278.090219]: 0.75
[INFO] [1592317278.095170]: 0.0
[INFO] [1592317278.097846]: 0.75
[INFO] [1592317278.100787]: 0.0
[INFO] [1592317278.103395]: 0.75
[INFO] [1592317278.118518]: 0.0
[INFO] [1592317278.121982]: 0.75
[INFO] [1592317278.124769]: 0.0
[INFO] [1592317278.127820]: 0.75
[INFO] [1592317278.130757]: 0.0
[INFO] [1592317278.133740]: 0.75
[INFO] [1592317278.136629]: 0.0
[INFO] [1592317278.152203]: 0.75
[INFO] [1592317278.155332]: 0.0
[INFO] [1592317278.158051]: 0.75
[INFO] [1592317278.161279]: 0.0
[INFO] [1592317278.166191]: 0.75
[INFO] [1592317278.171765]: 0.0
[INFO] [1592317278.177200]: 0.75
[INFO] [1592317278.181607]: 0.0
[INFO] [1592317278.185262]: 0.75
[INFO] [1592317278.192401]: 0.0
[INFO] [1592317278.195317]: 0.75
[INFO] [1592317278.197927]: 0.0
[INFO] [1592317278.200711]: 0.75
[INFO] [1592317278.205872]: 0.0
[INFO] [1592317278.212933]: 0.75
[INFO] [1592317278.217987]: 0.0
[INFO] [1592317278.220594]: 0.75
[INFO] [1592317278.222988]: 0.0
[INFO] [1592317278.225564]: 0.75
[INFO] [1592317278.227942]: 0.0
[INFO] [1592317278.230317]: 0.75
[INFO] [1592317278.233067]: 0.0
[INFO] [1592317278.239272]: 0.75
[INFO] [1592317278.245683]: 0.0
[INFO] [1592317278.249241]: 0.75
[INFO] [1592317278.254686]: 0.0
[INFO] [1592317278.257502]: 0.75
[INFO] [1592317278.260333]: 0.0
[INFO] [1592317278.263431]: 0.75
[INFO] [1592317278.266045]: 0.0
[INFO] [1592317278.270675]: 0.75
[INFO] [1592317278.275174]: 0.0
[INFO] [1592317278.278494]: 0.75
[INFO] [1592317278.282034]: 0.0
[INFO] [1592317278.285186]: 0.75
[INFO] [1592317278.287931]: 0.0
[INFO] [1592317278.293375]: 0.75
[INFO] [1592317278.298030]: 0.0
[INFO] [1592317278.301724]: 0.75
[INFO] [1592317278.304709]: 0.0
[INFO] [1592317278.307920]: 0.75
[INFO] [1592317278.311698]: 0.0
[INFO] [1592317278.316100]: 0.75
[INFO] [1592317278.319089]: 0.0
[INFO] [1592317278.321771]: 0.75
[INFO] [1592317278.324643]: 0.0249895174056
[INFO] [1592317278.327688]: 0.75
[INFO] [1592317278.330608]: 0.0500278547406
[INFO] [1592317278.333323]: 0.75
[INFO] [1592317278.338672]: 0.0750327184796
[INFO] [1592317278.347778]: 0.75
[INFO] [1592317278.351312]: 0.100163929164
[INFO] [1592317278.355644]: 0.75
[INFO] [1592317278.358555]: 0.125018984079
[INFO] [1592317278.361634]: 0.75
[INFO] [1592317278.368544]: 0.149997979403
[INFO] [1592317278.377215]: 0.75
[INFO] [1592317278.381059]: 0.174988329411
[INFO] [1592317278.383924]: 0.75
[INFO] [1592317278.386642]: 0.199998065829
[INFO] [1592317278.389514]: 0.75
[INFO] [1592317278.392583]: 0.224997699261
[INFO] [1592317278.394933]: 0.75
[INFO] [1592317278.401862]: 0.249992027879
[INFO] [1592317278.406900]: 0.75
[INFO] [1592317278.410791]: 0.274994850159
[INFO] [1592317278.413197]: 0.75
[INFO] [1592317278.416989]: 0.30000180006
[INFO] [1592317278.419464]: 0.75
[INFO] [1592317278.423620]: 0.325002789497
[INFO] [1592317278.426216]: 0.75
[INFO] [1592317278.430096]: 0.349999159575
[INFO] [1592317278.434595]: 0.75
[INFO] [1592317278.437489]: 0.375022470951
[INFO] [1592317278.441417]: 0.75
[INFO] [1592317278.445933]: 0.399997115135
[INFO] [1592317278.449398]: 0.75
[INFO] [1592317278.452316]: 0.425161480904
[INFO] [1592317278.455859]: 0.75
[INFO] [1592317278.458994]: 0.450026959181
[INFO] [1592317278.471611]: 0.75
[INFO] [1592317278.475310]: 0.47499281168
[INFO] [1592317278.478088]: 0.75
[INFO] [1592317278.482453]: 0.500003159046
[INFO] [1592317278.485360]: 0.75
[INFO] [1592317278.490317]: 0.524996995926
[INFO] [1592317278.495327]: 0.75
[INFO] [1592317278.500221]: 0.550008177757
[INFO] [1592317278.510311]: 0.75
[INFO] [1592317278.516371]: 0.575001060963
[INFO] [1592317278.519669]: 0.75
[INFO] [1592317278.522640]: 0.600026488304
[INFO] [1592317278.526618]: 0.75
[INFO] [1592317278.530874]: 0.624998629093
[INFO] [1592317278.533851]: 0.75
[INFO] [1592317278.539073]: 0.650012671947
[INFO] [1592317278.542244]: 0.75
[INFO] [1592317278.545504]: 0.675048530102
[INFO] [1592317278.549129]: 0.75
[INFO] [1592317278.552371]: 0.699995338917
[INFO] [1592317278.563394]: 0.75
[INFO] [1592317278.566245]: 0.725002944469
[INFO] [1592317278.569368]: 0.750001847744
[INFO] [1592317278.573717]: 0.775006473064
[INFO] [1592317278.577034]: 0.800001204014
[INFO] [1592317278.581636]: 0.824999332428
[INFO] [1592317278.584557]: 0.84999704361
[INFO] [1592317278.597850]: 0.874995529652
[INFO] [1592317278.601155]: 0.8999979496
[INFO] [1592317278.604503]: 0.925015389919
[INFO] [1592317278.607569]: 0.950015306473
[INFO] [1592317278.611268]: 0.975002348423
[INFO] [1592317278.615593]: 1.00002336502
[INFO] [1592317278.618525]: 1.02499377728
[INFO] [1592317278.624448]: 1.04999387264
[INFO] [1592317278.628050]: 1.07499992847
[INFO] [1592317278.633638]: 1.09999358654
[INFO] [1592317278.636368]: 1.10166084766
[INFO] [1592317278.659340]: 1.10333621502
[INFO] [1592317278.681298]: 1.10500097275
[INFO] [1592317278.723742]: 1.10666167736
[INFO] [1592317278.767414]: 1.10832738876
[INFO] [1592317278.815269]: 1.10999417305
[INFO] [1592317278.820623]: 1.1116604805
[INFO] [1592317278.859116]: 1.11334228516
[INFO] [1592317278.880632]: 1.11499369144
[INFO] [1592317278.923140]: 1.1166613102
[INFO] [1592317278.967145]: 1.11832940578
[INFO] [1592317279.011749]: 1.11999666691
[INFO] [1592317279.055293]: 1.1216609478
[INFO] [1592317279.060952]: 1.12333357334
[INFO] [1592317279.099353]: 1.12499964237
[INFO] [1592317279.114025]: 1.12666618824
[INFO] [1592317279.155496]: 1.12833762169
[INFO] [1592317279.199546]: 1.13000035286
[INFO] [1592317279.243427]: 1.13166689873
[INFO] [1592317279.287469]: 1.13332700729
[INFO] [1592317279.292712]: 1.13500022888
[INFO] [1592317279.331118]: 1.13666677475
[INFO] [1592317279.348057]: 1.13832712173
[INFO] [1592317279.391111]: 1.14000153542
[INFO] [1592317279.435030]: 1.14166009426
[INFO] [1592317279.479075]: 1.14332711697
[INFO] [1592317279.523649]: 1.14499378204
[INFO] [1592317279.527099]: 1.14666056633
[INFO] [1592317279.567288]: 1.14832723141
[INFO] [1592317279.580664]: 1.14999496937
[INFO] [1592317279.623456]: 1.15166032314
[INFO] [1592317279.667231]: 1.15332913399
[INFO] [1592317279.711454]: 1.15499520302
[INFO] [1592317279.755451]: 1.15666055679
[INFO] [1592317279.758435]: 1.15832781792
[INFO] [1592317279.799573]: 1.15999495983
[INFO] [1592317279.813950]: 1.16166174412
[INFO] [1592317279.855186]: 1.16332685947
[INFO] [1592317279.899571]: 1.16499388218
[INFO] [1592317279.943140]: 1.16666591167
[INFO] [1592317279.987097]: 1.16833841801
[INFO] [1592317279.990281]: 1.1700001955
[INFO] [1592317280.031434]: 1.17166054249
[INFO] [1592317280.047502]: 1.17333471775
[INFO] [1592317280.091185]: 1.17499399185
[INFO] [1592317280.135422]: 1.1766667366
[INFO] [1592317280.179372]: 1.17833292484
[INFO] [1592317280.223236]: 1.17999362946
[INFO] [1592317280.227588]: 1.1816598177
[INFO] [1592317280.267138]: 1.18333411217
[INFO] [1592317280.280623]: 1.18499946594
[INFO] [1592317280.323323]: 1.18666005135
[INFO] [1592317280.367009]: 1.18832659721
[INFO] [1592317280.413386]: 1.18999314308
[INFO] [1592317280.455525]: 1.19179189205
[INFO] [1592317280.458705]: 1.19332659245
[INFO] [1592317280.499701]: 1.19499325752
[INFO] [1592317280.514453]: 1.19666028023
[INFO] [1592317280.555489]: 1.19832706451
[INFO] [1592317280.603344]: 1.19999611378
[INFO] [1592317280.651383]: 1.20166003704
[INFO] [1592317280.655373]: 1.20333325863
[INFO] [1592317280.695428]: 1.20499968529
[INFO] [1592317280.714312]: 1.20666635036
[INFO] [1592317280.755535]: 1.20833790302
[INFO] [1592317280.799638]: 1.20999991894
[INFO] [1592317280.843375]: 1.21166658401
[INFO] [1592317280.891329]: 1.21332633495
[INFO] [1592317280.894916]: 1.21500337124
[INFO] [1592317280.935168]: 1.21666014194
[INFO] [1592317280.947665]: 1.21833443642
[INFO] [1592317280.991130]: 1.22000014782
[INFO] [1592317281.035309]: 1.22167015076
[INFO] [1592317281.079271]: 1.22333467007
[INFO] [1592317281.123251]: 1.22499501705
[INFO] [1592317281.126471]: 1.22666680813
[INFO] [1592317281.171584]: 1.22832655907
[INFO] [1592317281.181409]: 1.2299939394
[INFO] [1592317281.223144]: 1.23166012764
[INFO] [1592317281.271351]: 1.23332691193
[INFO] [1592317281.315279]: 1.23499727249
[INFO] [1592317281.319230]: 1.23665988445
[INFO] [1592317281.359369]: 1.23832643032
[INFO] [1592317281.381266]: 1.24001920223
[INFO] [1592317281.423368]: 1.24165964127
[INFO] [1592317281.467372]: 1.24332714081
[INFO] [1592317281.511143]: 1.24499332905
[INFO] [1592317281.559417]: 1.24665999413
[INFO] [1592317281.562811]: 1.24832642078
[INFO] [1592317281.603188]: 1.2500013113
[INFO] [1592317281.614194]: 1.25166046619
[INFO] [1592317281.655598]: 1.25332701206
[INFO] [1592317281.699255]: 1.25499975681
[INFO] [1592317281.743433]: 1.25666344166
[INFO] [1592317281.787440]: 1.25832653046
[INFO] [1592317281.792146]: 1.25999343395
[INFO] [1592317281.835172]: 1.26166713238
[INFO] [1592317281.847738]: 1.26333904266
[INFO] [1592317281.891268]: 1.26499319077
[INFO] [1592317281.935387]: 1.26666069031
[INFO] [1592317281.979210]: 1.26832675934
[INFO] [1592317282.023179]: 1.27004683018
[INFO] [1592317282.025884]: 1.27166032791
[INFO] [1592317282.067288]: 1.27332723141
[INFO] [1592317282.081150]: 1.27499377728
[INFO] [1592317282.123371]: 1.27666044235
[INFO] [1592317282.167302]: 1.27832686901
[INFO] [1592317282.211240]: 1.27999472618
[INFO] [1592317282.255369]: 1.28166031837
[INFO] [1592317282.258694]: 1.2833340168
[INFO] [1592317282.299403]: 1.2849984169
[INFO] [1592317282.314514]: 1.28666675091
[INFO] [1592317282.355758]: 1.28833389282
[INFO] [1592317282.399468]: 1.28999376297
[INFO] [1592317282.443255]: 1.29166686535
[INFO] [1592317282.487433]: 1.29333913326
[INFO] [1592317282.492251]: 1.29499959946
[INFO] [1592317282.531218]: 1.29666638374
[INFO] [1592317282.547827]: 1.29833483696
[INFO] [1592317282.591240]: 1.29999983311
[INFO] [1592317282.635542]: 1.3016667366
[INFO] [1592317282.679423]: 1.30333435535
[INFO] [1592317282.723258]: 1.30499458313
[INFO] [1592317282.726686]: 1.30666697025
[INFO] [1592317282.767252]: 1.30832910538
[INFO] [1592317282.781482]: 1.30999457836
[INFO] [1592317282.823158]: 1.31166052818
[INFO] [1592317282.867410]: 1.31332683563
[INFO] [1592317282.911573]: 1.31499350071
[INFO] [1592317282.955446]: 1.31667554379
[INFO] [1592317282.958418]: 1.31832683086
[INFO] [1592317282.999884]: 1.31999325752
[INFO] [1592317283.013823]: 1.32165968418
[INFO] [1592317283.055465]: 1.32333385944
[INFO] [1592317283.099557]: 1.32499980927
[INFO] [1592317283.143186]: 1.32666683197
[INFO] [1592317283.187358]: 1.32833397388
[INFO] [1592317283.191209]: 1.32999992371
[INFO] [1592317283.235163]: 1.33167040348
[INFO] [1592317283.247682]: 1.33333742619
[INFO] [1592317283.291399]: 1.33500003815
[INFO] [1592317283.335273]: 1.33666694164
[INFO] [1592317283.379093]: 1.33832669258
[INFO] [1592317283.423476]: 1.33999323845
[INFO] [1592317283.427514]: 1.34166705608
[INFO] [1592317283.467347]: 1.34332883358
[INFO] [1592317283.481250]: 1.34500348568
[INFO] [1592317283.523140]: 1.34666705132
[INFO] [1592317283.567225]: 1.34832692146
[INFO] [1592317283.611558]: 1.34999573231
[INFO] [1592317283.655325]: 1.35166120529
[INFO] [1592317283.658071]: 1.35332715511
[INFO] [1592317283.699676]: 1.3549939394
[INFO] [1592317283.713960]: 1.35666072369
[INFO] [1592317283.755521]: 1.35832691193
[INFO] [1592317283.799577]: 1.35999310017
[INFO] [1592317283.844143]: 1.36166572571
[INFO] [1592317283.887360]: 1.36332666874
[INFO] [1592317283.890821]: 1.36499369144
[INFO] [1592317283.931475]: 1.36666703224
[INFO] [1592317283.947477]: 1.36833405495
[INFO] [1592317283.991427]: 1.37000000477
[INFO] [1592317284.035205]: 1.37166678905
[INFO] [1592317284.079303]: 1.37333762646
[INFO] [1592317284.123494]: 1.37499451637
[INFO] [1592317284.128176]: 1.37666809559
[INFO] [1592317284.167193]: 1.37832665443
[INFO] [1592317284.181158]: 1.37999987602
[INFO] [1592317284.223597]: 1.38166725636
[INFO] [1592317284.267351]: 1.38333511353
[INFO] [1592317284.311357]: 1.38500034809
[INFO] [1592317284.355314]: 1.38666057587
[INFO] [1592317284.358053]: 1.38832688332
[INFO] [1592317284.399406]: 1.38999342918
[INFO] [1592317284.414427]: 1.39166009426
[INFO] [1592317284.455477]: 1.39332675934
[INFO] [1592317284.499478]: 1.39499378204
[INFO] [1592317284.543493]: 1.39666044712
[INFO] [1592317284.587252]: 1.39832746983
[INFO] [1592317284.590774]: 1.39999461174
[INFO] [1592317284.631462]: 1.40166568756
[INFO] [1592317284.647536]: 1.40333378315
[INFO] [1592317284.691288]: 1.40499973297
[INFO] [1592317284.735441]: 1.40666639805
[INFO] [1592317284.779362]: 1.40833342075
[INFO] [1592317284.823229]: 1.40999412537
[INFO] [1592317284.826656]: 1.4116666317
[INFO] [1592317284.867304]: 1.41333401203
[INFO] [1592317284.881135]: 1.41499996185
[INFO] [1592317284.923557]: 1.4166662693
[INFO] [1592317284.967270]: 1.41833436489
[INFO] [1592317285.011390]: 1.41999983788
[INFO] [1592317285.055243]: 1.42166018486
[INFO] [1592317285.059176]: 1.42333638668
[INFO] [1592317285.099495]: 1.42499375343
[INFO] [1592317285.114515]: 1.42666637897
[INFO] [1592317285.155438]: 1.42832708359
[INFO] [1592317285.199486]: 1.42999315262
[INFO] [1592317285.243370]: 1.43166017532
[INFO] [1592317285.287468]: 1.43332910538
[INFO] [1592317285.290167]: 1.43499362469
[INFO] [1592317285.331416]: 1.43666064739
[INFO] [1592317285.347323]: 1.43832671642
[INFO] [1592317285.391268]: 1.4399933815
[INFO] [1592317285.435366]: 1.44166564941
[INFO] [1592317285.479172]: 1.4433273077
[INFO] [1592317285.523288]: 1.44499337673
[INFO] [1592317285.526513]: 1.44665968418
[INFO] [1592317285.567712]: 1.44833505154
[INFO] [1592317285.580856]: 1.44999969006
[INFO] [1592317285.623158]: 1.45166122913
[INFO] [1592317285.667139]: 1.45333397388
[INFO] [1592317285.715541]: 1.45499968529
[INFO] [1592317285.719413]: 1.45666742325
[INFO] [1592317285.759409]: 1.45833444595
[INFO] [1592317285.781062]: 1.45999979973
[INFO] [1592317285.823315]: 1.46166801453
[INFO] [1592317285.867323]: 1.46332716942
[INFO] [1592317285.911412]: 1.46500015259
[INFO] [1592317285.955376]: 1.46666038036
[INFO] [1592317285.959899]: 1.46832668781
[INFO] [1592317285.999587]: 1.46999406815
[INFO] [1592317286.014056]: 1.47165966034
[INFO] [1592317286.055098]: 1.47332644463
[INFO] [1592317286.099625]: 1.47499382496
[INFO] [1592317286.143405]: 1.47666013241
[INFO] [1592317286.187233]: 1.47833502293
[INFO] [1592317286.190907]: 1.47999358177
[INFO] [1592317286.231442]: 1.48166573048
[INFO] [1592317286.247379]: 1.48333311081
[INFO] [1592317286.291458]: 1.48500299454
[INFO] [1592317286.335617]: 1.48666656017
[INFO] [1592317286.379006]: 1.48832654953
[INFO] [1592317286.423167]: 1.4899930954
[INFO] [1592317286.426450]: 1.49166786671
[INFO] [1592317286.467205]: 1.49333846569
[INFO] [1592317286.481071]: 1.49500107765
[INFO] [1592317286.523451]: 1.49666655064
[INFO] [1592317286.567133]: 1.49832713604
[INFO] [1592317286.611341]: 1.49999964237
[INFO] [1592317286.655614]: 1.50166010857
[INFO] [1592317286.659049]: 1.50333726406
[INFO] [1592317286.699200]: 1.5049932003
[INFO] [1592317286.714357]: 1.50666546822
[INFO] [1592317286.755144]: 1.50832688808
[INFO] [1592317286.803413]: 1.50999319553
[INFO] [1592317286.847212]: 1.51166033745
[INFO] [1592317286.891466]: 1.51333606243
[INFO] [1592317286.894795]: 1.51499330997
[INFO] [1592317286.935449]: 1.51665985584
[INFO] [1592317286.947130]: 1.51832449436
[INFO] [1592317286.995253]: 1.51999413967
[INFO] [1592317287.039691]: 1.52165925503
[INFO] [1592317287.083263]: 1.52332651615
[INFO] [1592317287.085919]: 1.52499830723
[INFO] [1592317287.127227]: 1.52665948868
[INFO] [1592317287.147740]: 1.52833378315
[INFO] [1592317287.191257]: 1.52999305725
[INFO] [1592317287.235208]: 1.53166627884
[INFO] [1592317287.279341]: 1.53333556652
[INFO] [1592317287.323458]: 1.53499436378
[INFO] [1592317287.329796]: 1.53666639328
[INFO] [1592317287.367079]: 1.53833413124
[INFO] [1592317287.381538]: 1.54001712799
[INFO] [1592317287.423396]: 1.54166972637
[INFO] [1592317287.467229]: 1.54333746433
[INFO] [1592317287.511341]: 1.54499316216
[INFO] [1592317287.555244]: 1.54665982723
[INFO] [1592317287.558557]: 1.54832804203
[INFO] [1592317287.599603]: 1.54999423027
[INFO] [1592317287.613959]: 1.55165994167
[INFO] [1592317287.655304]: 1.55332684517
[INFO] [1592317287.699596]: 1.55499327183
[INFO] [1592317287.743260]: 1.55665946007
[INFO] [1592317287.787158]: 1.55832624435
[INFO] [1592317287.791116]: 1.55999279022
[INFO] [1592317287.831123]: 1.5616594553
[INFO] [1592317287.847354]: 1.56332755089
[INFO] [1592317287.891419]: 1.56499540806
[INFO] [1592317287.935077]: 1.56666064262
[INFO] [1592317287.979349]: 1.56832635403
[INFO] [1592317288.023424]: 1.56999385357
[INFO] [1592317288.026507]: 1.57165980339
[INFO] [1592317288.067465]: 1.57333254814
[INFO] [1592317288.080823]: 1.57499349117
[INFO] [1592317288.123063]: 1.5766595602
[INFO] [1592317288.167048]: 1.57832634449
[INFO] [1592317288.211032]: 1.57999277115
[INFO] [1592317288.255581]: 1.58166468143
[INFO] [1592317288.259450]: 1.58332622051
[INFO] [1592317288.299180]: 1.58499276638
[INFO] [1592317288.314051]: 1.58666014671
[INFO] [1592317288.359468]: 1.58832907677
[INFO] [1592317288.403111]: 1.58999288082
[INFO] [1592317288.447501]: 1.59166049957
[INFO] [1592317288.491281]: 1.59333240986
[INFO] [1592317288.494322]: 1.59499275684
[INFO] [1592317288.535085]: 1.59666001797
[INFO] [1592317288.548331]: 1.59832715988
[INFO] [1592317288.591070]: 1.60000824928
[INFO] [1592317288.639524]: 1.60165989399
[INFO] [1592317288.683153]: 1.60332894325
[INFO] [1592317288.686062]: 1.60499310493
[INFO] [1592317288.727190]: 1.60666704178
[INFO] [1592317288.747183]: 1.60832607746
[INFO] [1592317288.791460]: 1.60999929905
[INFO] [1592317288.835503]: 1.61166155338
[INFO] [1592317288.883388]: 1.61332607269
[INFO] [1592317288.887817]: 1.61499929428
[INFO] [1592317288.927613]: 1.61666953564
[INFO] [1592317288.947869]: 1.61833584309
[INFO] [1592317288.991146]: 1.61999940872
[INFO] [1592317289.035319]: 1.62166774273
[INFO] [1592317289.079399]: 1.62333369255
[INFO] [1592317289.123222]: 1.62499535084
[INFO] [1592317289.128119]: 1.62666594982
[INFO] [1592317289.167313]: 1.62832653522
[INFO] [1592317289.180673]: 1.62999272346
[INFO] [1592317289.223075]: 1.6316614151
[INFO] [1592317289.267462]: 1.63332664967
[INFO] [1592317289.311380]: 1.63499343395
[INFO] [1592317289.355100]: 1.63666141033
[INFO] [1592317289.358070]: 1.63832652569
[INFO] [1592317289.399175]: 1.6399923563
[INFO] [1592317289.414106]: 1.64165937901
[INFO] [1592317289.455034]: 1.6433262825
[INFO] [1592317289.499539]: 1.64499258995
[INFO] [1592317289.543145]: 1.64666557312
[INFO] [1592317289.587392]: 1.64833378792
[INFO] [1592317289.591248]: 1.64999294281
[INFO] [1592317289.632040]: 1.65165925026
[INFO] [1592317289.647456]: 1.65332603455
[INFO] [1592317289.691189]: 1.6549949646
[INFO] [1592317289.735108]: 1.65666615963
[INFO] [1592317289.779088]: 1.65832591057
[INFO] [1592317289.824138]: 1.65999281406
[INFO] [1592317289.827398]: 1.66165912151
[INFO] [1592317289.867428]: 1.66333389282
[INFO] [1592317289.880963]: 1.66499865055
[INFO] [1592317289.923302]: 1.66666007042
[INFO] [1592317289.967344]: 1.66832625866
[INFO] [1592317290.011399]: 1.66999292374
[INFO] [1592317290.055362]: 1.6716606617
[INFO] [1592317290.059111]: 1.67332756519
[INFO] [1592317290.099634]: 1.67499303818
[INFO] [1592317290.115255]: 1.67665958405
[INFO] [1592317290.155187]: 1.67832708359
[INFO] [1592317290.199279]: 1.67999339104
[INFO] [1592317290.243505]: 1.6816599369
[INFO] [1592317290.291276]: 1.68332636356
[INFO] [1592317290.294548]: 1.68499314785
[INFO] [1592317290.335408]: 1.6866594553
[INFO] [1592317290.347173]: 1.68832612038
[INFO] [1592317290.391150]: 1.6899933815
[INFO] [1592317290.435112]: 1.69165968895
[INFO] [1592317290.479339]: 1.69332635403
[INFO] [1592317290.523435]: 1.69499409199
[INFO] [1592317290.528485]: 1.69666624069
[INFO] [1592317290.567107]: 1.69833707809
[INFO] [1592317290.580990]: 1.69999945164
[INFO] [1592317290.623535]: 1.70165979862
[INFO] [1592317290.667426]: 1.70333611965
[INFO] [1592317290.711415]: 1.70499956608
[INFO] [1592317290.755284]: 1.70666229725
[INFO] [1592317290.758468]: 1.70832633972
[INFO] [1592317290.799528]: 1.70999312401
[INFO] [1592317290.814120]: 1.71165978909
[INFO] [1592317290.855043]: 1.71332681179
[INFO] [1592317290.899279]: 1.71499311924
[INFO] [1592317290.943554]: 1.71665990353
[INFO] [1592317290.987026]: 1.71832633018
[INFO] [1592317290.991149]: 1.71999239922
[INFO] [1592317291.031131]: 1.7216591835
[INFO] [1592317291.047309]: 1.72332620621
[INFO] [1592317291.091115]: 1.72499263287
[INFO] [1592317291.135741]: 1.72665953636
[INFO] [1592317291.179236]: 1.72833371162
[INFO] [1592317291.223218]: 1.72999298573
[INFO] [1592317291.226641]: 1.73166680336
[INFO] [1592317291.267531]: 1.73332846165
[INFO] [1592317291.280634]: 1.73499274254
[INFO] [1592317291.323178]: 1.73665928841
[INFO] [1592317291.367089]: 1.73833572865
[INFO] [1592317291.411088]: 1.73999273777
[INFO] [1592317291.455340]: 1.74165952206
[INFO] [1592317291.458510]: 1.7433334589
[INFO] [1592317291.499520]: 1.744992733
[INFO] [1592317291.514465]: 1.74665999413
[INFO] [1592317291.555482]: 1.74832582474
[INFO] [1592317291.599581]: 1.74999475479
[INFO] [1592317291.643205]: 1.75165939331
[INFO] [1592317291.687260]: 1.75332605839
[INFO] [1592317291.691315]: 1.75499260426
[INFO] [1592317291.731153]: 1.75665843487
[INFO] [1592317291.747353]: 1.75832664967
[INFO] [1592317291.791179]: 1.7599927187
[INFO] [1592317291.835326]: 1.76165938377
[INFO] [1592317291.879180]: 1.76333284378
[INFO] [1592317291.923217]: 1.76499259472
[INFO] [1592317291.926690]: 1.76666069031
[INFO] [1592317291.967409]: 1.76833355427
[INFO] [1592317291.980795]: 1.76999950409
[INFO] [1592317292.023401]: 1.77166485786
[INFO] [1592317292.067204]: 1.77333724499
[INFO] [1592317292.115545]: 1.77499949932
[INFO] [1592317292.119634]: 1.77666592598
[INFO] [1592317292.159265]: 1.77832639217
[INFO] [1592317292.180628]: 1.77999854088
[INFO] [1592317292.223575]: 1.78166568279
[INFO] [1592317292.267151]: 1.78333365917
[INFO] [1592317292.311013]: 1.78499317169
[INFO] [1592317292.355065]: 1.78666353226
[INFO] [1592317292.357762]: 1.78832685947
[INFO] [1592317292.399261]: 1.7899928093
[INFO] [1592317292.414226]: 1.79165899754
[INFO] [1592317292.455146]: 1.79332578182
[INFO] [1592317292.499218]: 1.79499220848
[INFO] [1592317292.543073]: 1.79665887356
[INFO] [1592317292.587442]: 1.79832756519
[INFO] [1592317292.590332]: 1.79999315739
[INFO] [1592317292.631292]: 1.80165934563
[INFO] [1592317292.647384]: 1.8033260107
[INFO] [1592317292.691142]: 1.80499255657
[INFO] [1592317292.735229]: 1.80666160583
[INFO] [1592317292.779193]: 1.8083370924
[INFO] [1592317292.827263]: 1.81002855301
[INFO] [1592317292.830742]: 1.81166827679
[INFO] [1592317292.875328]: 1.81332623959
[INFO] [1592317292.881021]: 1.81499886513
[INFO] [1592317292.923196]: 1.81666088104
[INFO] [1592317292.967053]: 1.8183311224
[INFO] [1592317293.011298]: 1.81999254227
[INFO] [1592317293.055188]: 1.82167172432
[INFO] [1592317293.058098]: 1.82333648205
[INFO] [1592317293.099311]: 1.82499277592
[INFO] [1592317293.114051]: 1.82665884495
[INFO] [1592317293.155078]: 1.82832753658
[INFO] [1592317293.199467]: 1.82999312878
[INFO] [1592317293.243373]: 1.83165943623
[INFO] [1592317293.287198]: 1.83332681656
[INFO] [1592317293.290716]: 1.8349930048
[INFO] [1592317293.331084]: 1.83666026592
[INFO] [1592317293.347158]: 1.83832657337
[INFO] [1592317293.391048]: 1.83999323845
[INFO] [1592317293.435102]: 1.84165930748
[INFO] [1592317293.479106]: 1.84332609177
[INFO] [1592317293.523089]: 1.84500920773
[INFO] [1592317293.526455]: 1.84665942192
[INFO] [1592317293.567436]: 1.84832596779
[INFO] [1592317293.580738]: 1.8500007391
[INFO] [1592317293.623258]: 1.85166609287
[INFO] [1592317293.667102]: 1.85333681107
[INFO] [1592317293.711140]: 1.85500049591
[INFO] [1592317293.755775]: 1.85665953159
[INFO] [1592317293.760396]: 1.85833764076
[INFO] [1592317293.799568]: 1.85999941826
[INFO] [1592317293.814691]: 1.86165940762
[INFO] [1592317293.855156]: 1.86333358288
[INFO] [1592317293.903407]: 1.86499249935
[INFO] [1592317293.951494]: 1.86665928364
[INFO] [1592317293.955301]: 1.86832618713
[INFO] [1592317293.999438]: 1.86999297142
[INFO] [1592317294.015134]: 1.87166070938
[INFO] [1592317294.055173]: 1.87332773209
[INFO] [1592317294.099675]: 1.87499284744
[INFO] [1592317294.143590]: 1.8766592741
[INFO] [1592317294.187471]: 1.87832605839
[INFO] [1592317294.190852]: 1.8799932003
[INFO] [1592317294.231497]: 1.88165926933
[INFO] [1592317294.247592]: 1.88333332539
[INFO] [1592317294.291491]: 1.88499927521
[INFO] [1592317294.335927]: 1.8866597414
[INFO] [1592317294.379082]: 1.88833379745
[INFO] [1592317294.423215]: 1.88999307156
[INFO] [1592317294.426097]: 1.8916592598
[INFO] [1592317294.467692]: 1.89332723618
[INFO] [1592317294.480636]: 1.894993186
[INFO] [1592317294.523764]: 1.89666450024
[INFO] [1592317294.567320]: 1.89833700657
[INFO] [1592317294.611117]: 1.89999592304
[INFO] [1592317294.655575]: 1.90166854858
[INFO] [1592317294.659008]: 1.90333771706
[INFO] [1592317294.699580]: 1.90499925613
[INFO] [1592317294.714662]: 1.90666735172
[INFO] [1592317294.755099]: 1.90832555294
[INFO] [1592317294.799211]: 1.90999317169
[INFO] [1592317294.843127]: 1.91165935993
[INFO] [1592317294.887504]: 1.91333127022
[INFO] [1592317294.890629]: 1.9149929285
[INFO] [1592317294.931465]: 1.91665923595
[INFO] [1592317294.947536]: 1.91832602024
[INFO] [1592317294.991160]: 1.91999220848
[INFO] [1592317295.039681]: 1.92165982723
[INFO] [1592317295.083272]: 1.92332613468
[INFO] [1592317295.086562]: 1.92499923706
[INFO] [1592317295.127603]: 1.92665922642
[INFO] [1592317295.147475]: 1.9283336401
[INFO] [1592317295.195316]: 1.92999899387
[INFO] [1592317295.239174]: 1.931661129
[INFO] [1592317295.283270]: 1.93333363533
[INFO] [1592317295.287050]: 1.93499898911
[INFO] [1592317295.327990]: 1.93666565418
[INFO] [1592317295.347721]: 1.93833315372
[INFO] [1592317295.391470]: 1.93999254704
[INFO] [1592317295.435324]: 1.94166564941
[INFO] [1592317295.479364]: 1.94333481789
[INFO] [1592317295.523277]: 1.94499361515
[INFO] [1592317295.527871]: 1.94666564465
[INFO] [1592317295.567328]: 1.94833338261
[INFO] [1592317295.581338]: 1.94999456406
[INFO] [1592317295.622979]: 1.95166134834
[INFO] [1592317295.667381]: 1.95332658291
[INFO] [1592317295.711508]: 1.95499265194
[INFO] [1592317295.755394]: 1.95665919781
[INFO] [1592317295.758319]: 1.95832645893
[INFO] [1592317295.799572]: 1.95999252796
[INFO] [1592317295.813844]: 1.96165955067
[INFO] [1592317295.855059]: 1.96333229542
[INFO] [1592317295.899481]: 1.9649990797
[INFO] [1592317295.943149]: 1.96666145325
[INFO] [1592317295.987381]: 1.96833539009
[INFO] [1592317295.990983]: 1.96999943256
[INFO] [1592317296.031569]: 1.97166609764
[INFO] [1592317296.047728]: 1.97333705425
[INFO] [1592317296.091375]: 1.97499895096
[INFO] [1592317296.135242]: 1.97666585445
[INFO] [1592317296.179336]: 1.97833442688
[INFO] [1592317296.223528]: 1.97999370098
[INFO] [1592317296.227090]: 1.98166584969
[INFO] [1592317296.267297]: 1.98332738876
[INFO] [1592317296.280549]: 1.98499238491
[INFO] [1592317296.323222]: 1.98665952682
