[rospy.client][INFO] 2020-06-16 16:21:11,145: init_node, name[/show_img], pid[9766]
[xmlrpc][INFO] 2020-06-16 16:21:11,153: XML-RPC server binding to 0.0.0.0:0
[rospy.init][INFO] 2020-06-16 16:21:11,154: ROS Slave URI: [http://jose-Lenovo-V110-15AST:33251/]
[xmlrpc][INFO] 2020-06-16 16:21:11,155: Started XML-RPC server [http://jose-Lenovo-V110-15AST:33251/]
[rospy.impl.masterslave][INFO] 2020-06-16 16:21:11,155: _ready: http://jose-Lenovo-V110-15AST:33251/
[xmlrpc][INFO] 2020-06-16 16:21:11,162: xml rpc node: starting XML-RPC server
[rospy.registration][INFO] 2020-06-16 16:21:11,164: Registering with master node http://localhost:11311
[rospy.init][INFO] 2020-06-16 16:21:11,255: registered with master
[rospy.rosout][INFO] 2020-06-16 16:21:11,255: initializing /rosout core topic
[rospy.rosout][INFO] 2020-06-16 16:21:11,264: connected to core topic /rosout
[rospy.simtime][INFO] 2020-06-16 16:21:11,267: /use_sim_time is not set, will not subscribe to simulated time [/clock] topic
[rospy.internal][INFO] 2020-06-16 16:21:11,345: topic[/ready_img] adding connection to [http://jose-Lenovo-V110-15AST:35997/], count 0
[rospy.internal][INFO] 2020-06-16 16:21:11,561: topic[/rosout] adding connection to [/rosout], count 0
[rospy.internal][INFO] 2020-06-16 16:21:12,563: topic[/img_rviz] adding connection to [/rviz], count 0
[rospy.internal][ERROR] 2020-06-16 16:21:36,342: Unable to initiate TCP/IP socket to jose-Lenovo-V110-15AST:35595 (http://jose-Lenovo-V110-15AST:35997/): Traceback (most recent call last):
  File "/opt/ros/melodic/lib/python2.7/dist-packages/rospy/impl/tcpros_base.py", line 562, in connect
    self.read_header()
  File "/opt/ros/melodic/lib/python2.7/dist-packages/rospy/impl/tcpros_base.py", line 657, in read_header
    self._validate_header(read_ros_handshake_header(sock, self.read_buff, self.protocol.buff_size))
  File "/opt/ros/melodic/lib/python2.7/dist-packages/rospy/impl/tcpros_base.py", line 600, in _validate_header
    raise TransportInitError("remote error reported: %s"%header['error'])
TransportInitError: remote error reported: node shutting down

[rospy.core][INFO] 2020-06-16 16:21:36,350: signal_shutdown [signal-2]
[rospy.internal][INFO] 2020-06-16 16:21:36,356: topic[/rosout] removing connection to /rosout
[rospy.internal][INFO] 2020-06-16 16:21:36,357: topic[/img_rviz] removing connection to /rviz
[rospy.internal][INFO] 2020-06-16 16:21:36,358: topic[/ready_img] removing connection to http://jose-Lenovo-V110-15AST:35997/
[rospy.impl.masterslave][INFO] 2020-06-16 16:21:36,358: signal-2
[rospy.core][INFO] 2020-06-16 16:21:36,976: signal_shutdown [atexit]
